IQ-TREE multicore version 1.6.12 for Mac OS X 64-bit built Aug 15 2019
Developed by Bui Quang Minh, Nguyen Lam Tung, Olga Chernomor,
Heiko Schmidt, Dominik Schrempf, Michael Woodhams.

Host:    sce-bio-c05393 (AVX2, FMA3, 16 GB RAM)
Command: iqtree -s clade2344b_asia_N1_subsampled.fasta -nt AUTO -m HKY+G4 -bb 1000
Seed:    707435 (Using SPRNG - Scalable Parallel Random Number Generator)
Time:    Wed Jan 10 22:57:05 2024
Kernel:  AVX+FMA - auto-detect threads (6 CPU cores detected)

Reading alignment file clade2344b_asia_N1_subsampled.fasta ... Fasta format detected
Alignment most likely contains DNA/RNA sequences
Alignment has 103 sequences with 1410 columns, 159 distinct patterns
175 parsimony-informative, 40 singleton sites, 1195 constant sites
                                                                   Gap/Ambiguity  Composition  p-value
   1  H5N1.EPI_ISL_6959592.Anseriformes.south_korea.22.2021-10-26          0.00%    passed     99.94%
   2  H5N1.EPI_ISL_6829533.Galliformes.japan.22.2021-11-12                 0.00%    passed     99.99%
   3  H5N1.EPI_ISL_11211731.Anseriformes.bangladesh.19.2021-12-22          0.07%    passed     99.63%
   4  H5N1.EPI_ISL_11633613.Anseriformes.china.19.2021-12-20               0.00%    passed     99.97%
   5  H5N1.EPI_ISL_14070455.Carnivora.japan.2.2022-04-01                   0.00%    passed     99.71%
   6  H5N1.EPI_ISL_14615027.Passeriformes.japan.2.2022-03-14               0.00%    passed     99.84%
   7  H5N1.EPI_ISL_11633709.Anseriformes.china.19.2021-12-20               0.00%    passed     99.92%
   8  H5N1.EPI_ISL_12572653.Galliformes.china.110.2021-12-07               0.00%    passed     96.89%
   9  H5N1.EPI_ISL_12572656.Anseriformes.china.22.2022-02-22               0.00%    passed     99.81%
  10  H5N1.EPI_ISL_12572658.Anseriformes.china.110.2022-01-10              0.00%    passed     96.89%
  11  H5N1.EPI_ISL_12572663.Columbiformes.china.110.2021-12-08             0.00%    passed     96.89%
  12  H5N1.EPI_ISL_14886825.Anseriformes.bangladesh.19.2021-12-19          0.00%    passed     99.48%
  13  H5N1.EPI_ISL_15647836.Anseriformes.south_korea.80.2022-10-10         0.00%    passed     99.77%
  14  H5N1.EPI_ISL_15943002.Anseriformes.south_korea.128.2022-11-17        0.00%    passed     99.50%
  15  H5N1.EPI_ISL_15943015.NA.south_korea.128.2022-11-07                  0.00%    passed     99.78%
  16  H5N1.EPI_ISL_14064699.Passeriformes.japan.2.2022-02-07               0.00%    passed     99.60%
  17  H5N1.EPI_ISL_14064890.Passeriformes.japan.2.2022-04-01               0.00%    passed     99.31%
  18  H5N1.EPI_ISL_14065167.Accipitriformes.japan.2.2022-02-10             0.00%    passed     99.60%
  19  H5N1.EPI_ISL_17638141.Galliformes.japan.80.2023-03-27                0.00%    passed     99.45%
  20  H5N1.EPI_ISL_17949987.Anseriformes.japan.80.2022-11-26               0.00%    passed     99.92%
  21  H5N1.EPI_ISL_17950087.Passeriformes.japan.2.2023-03-30               0.00%    passed     99.84%
  22  H5N1.EPI_ISL_16698060.Galliformes.japan.15.2022-11-07                0.00%    passed     99.46%
  23  H5N1.EPI_ISL_16698576.Gruiformes.japan.2.2022-11-20                  0.00%    passed     99.31%
  24  H5N1.EPI_ISL_17075759.NA.china.19.2023-02-10                         0.00%    passed     98.00%
  25  H5N1.EPI_ISL_17316965.Passeriformes.japan.15.2023-03-13              0.00%    passed     99.94%
  26  H5N1.EPI_ISL_17317372.Passeriformes.japan.15.2022-12-18              0.00%    passed     99.86%
  27  H5N1.EPI_ISL_17606819.Anseriformes.south_korea.22.2021-11-10         0.00%    passed     99.82%
  28  H5N1.EPI_ISL_17606820.Anseriformes.south_korea.22.2021-11-11         0.00%    passed     99.20%
  29  H5N1.EPI_ISL_17606823.Galliformes.south_korea.22.2021-11-21          0.00%    passed     99.58%
  30  H5N1.EPI_ISL_17606824.Anseriformes.south_korea.22.2021-11-22         0.00%    passed     99.87%
  31  H5N1.EPI_ISL_17606828.Anseriformes.south_korea.22.2021-12-13         0.00%    passed     99.78%
  32  H5N1.EPI_ISL_17606832.Galliformes.south_korea.22.2021-12-16          0.00%    passed     99.80%
  33  H5N1.EPI_ISL_17606833.Galliformes.south_korea.22.2021-12-17          0.00%    passed     99.87%
  34  H5N1.EPI_ISL_17606834.Galliformes.south_korea.22.2021-12-20          0.00%    passed     99.78%
  35  H5N1.EPI_ISL_17606840.Anseriformes.south_korea.22.2022-01-21         0.00%    passed     99.80%
  36  H5N1.EPI_ISL_17606842.Galliformes.south_korea.22.2022-01-21          0.00%    passed     99.94%
  37  H5N1.EPI_ISL_17606845.Anseriformes.south_korea.22.2022-01-29         0.00%    passed     99.90%
  38  H5N1.EPI_ISL_17606850.Galliformes.south_korea.22.2022-02-04          0.00%    passed     99.81%
  39  H5N1.EPI_ISL_17606854.Galliformes.south_korea.19.2022-02-07          0.00%    passed    100.00%
  40  H5N1.EPI_ISL_17606860.Galliformes.south_korea.22.2022-02-12          0.00%    passed     99.80%
  41  H5N1.EPI_ISL_17606865.Anseriformes.south_korea.22.2021-11-14         0.00%    passed     99.58%
  42  H5N1.EPI_ISL_17766057.Carnivora.japan.15.2023-04-12                  0.00%    passed     99.94%
  43  H5N1.EPI_ISL_china_18.NA.china.80.2023-01-01                         0.00%    passed     99.55%
  44  H5N1.EPI_ISL_china_26.Podicipediformes.china.19.2022-07-15           1.77%    passed     94.76%
  45  H5N1.EPI_ISL_china_28.Podicipediformes.china.19.2022-07-21           1.77%    passed     94.76%
  46  H5N1.EPI_ISL_china_32.Anseriformes.china.19.2022-06-18               1.77%    passed     99.43%
  47  H5N1.EPI_ISL_china_33.Charadriiformes.china.19.2022-07-22            1.77%    passed     94.76%
  48  H5N1.EPI_ISL_china_38.Anseriformes.china.19.2022-06-18               1.77%    passed     99.95%
  49  H5N1.EPI_ISL_china_47.Charadriiformes.china.19.2022-07-22            1.77%    passed     94.76%
  50  H5N1.EPI_ISL_china_20230818.Anseriformes.china.19.2021-11-16         0.00%    passed     99.96%
  51  H5N1.EPI_ISL_china_20230827.Anseriformes.china.19.2021-11-22         0.00%    passed     99.92%
  52  H5N1.EPI_ISL_china_20230838.Anseriformes.china.22.2021-10-16         0.00%    passed     99.82%
  53  H5N1.EPI_ISL_china_20230839.Anseriformes.china.22.2021-10-16         0.00%    passed     99.74%
  54  H5N1.EPI_ISL_china_20230840.Anseriformes.china.19.2021-12-20         0.00%    passed     99.97%
  55  H5N1.EPI_ISL_china_20230846.Anseriformes.china.19.2021-12-02         0.00%    passed     99.97%
  56  H5N1.EPI_ISL_13370625.Anseriformes.united_kingdom.3.2021-12-30       0.00%    passed     99.65%
  57  H5N1.EPI_ISL_13370621.Galliformes.united_kingdom.3.2021-12-27        0.00%    passed     99.65%
  58  H5N1.EPI_ISL_17785730.Anseriformes.austria.3.2021-12-15              0.00%    passed     99.97%
  59  H5N1.EPI_ISL_13370632.Galliformes.united_kingdom.3.2022-01-02        0.00%    passed     99.61%
  60  H5N1.EPI_ISL_13370631.Anseriformes.united_kingdom.3.2022-01-02       0.00%    passed     99.61%
  61  H5N1.EPI_ISL_13370613.Galliformes.united_kingdom.3.2021-12-17        0.00%    passed     99.60%
  62  H1N1.EPI_ISL_16390395.environment.japan.NA.2021-01-25                0.00%    passed     91.54%
  63  H1N1.EPI_ISL_14835461.Anseriformes.south_korea.NA.2021-03-02         0.00%    passed     97.81%
  64  H5N1.EPI_ISL_18373228.Anseriformes.south_korea.NA.2022-01-19         0.00%    passed     99.90%
  65  H5N1.EPI_ISL_18373259.Pelecaniformes.south_korea.NA.2022-03-14       0.00%    passed     99.96%
  66  H5N1.EPI_ISL_17260681.Carnivora.united_states.9.2022-06-15           0.00%    passed     98.69%
  67  H5N1.EPI_ISL_17051393.Pelecaniformes.canada.9.2022-08-12             0.00%    passed     98.69%
  68  H5N1.EPI_ISL_17051368.Accipitriformes.canada.NA.2022-06-17           0.00%    passed     98.69%
  69  H5N1.EPI_ISL_17051351.Anseriformes.canada.NA.2022-05-31              0.00%    passed     98.69%
  70  H5N1.EPI_ISL_17051343.Pelecaniformes.canada.NA.2022-06-02            0.00%    passed     98.69%
  71  H5N1.EPI_ISL_16189912.Strigiformes.canada.9.2022-04-28               0.00%    passed     98.69%
  72  H5N1.EPI_ISL_16183656.Anseriformes.canada.9.2022-04-27               0.00%    passed     98.69%
  73  H5N1.EPI_ISL_16183504.Galliformes.canada.9.2022-05-16                0.00%    passed     98.69%
  74  H5N1.EPI_ISL_16023376.Carnivora.canada.9.2022-05-31                  0.00%    passed     98.69%
  75  H5N1.EPI_ISL_17424648.Anseriformes.united_states.9.2022-10-01        0.00%    passed     98.89%
  76  H5N1.EPI_ISL_17051471.Passeriformes.canada.NA.2022-12-30             0.00%    passed     97.71%
  77  H5N1.EPI_ISL_16244006.Galliformes.united_states.9.2022-05-16         0.00%    passed     98.48%
  78  H5N1.EPI_ISL_16244005.Galliformes.united_states.9.2022-05-17         0.00%    passed     98.76%
  79  H5N1.EPI_ISL_16243926.Anseriformes.united_states.9.2022-05-16        0.00%    passed     98.48%
  80  H5N1.EPI_ISL_17411238.Falconiformes.japan.NA.2022-10-11              0.14%    passed     99.89%
  81  H5N1.EPI_ISL_18102700.Carnivora.south_korea.NA.2023-07-04            0.00%    passed     99.59%
  82  H5N1.EPI_ISL_18241797.Anseriformes.viet_nam.NA.2023-06-05            0.00%    passed     99.84%
  83  H5N1.EPI_ISL_18241796.Galliformes.viet_nam.NA.2023-09-05             0.00%    passed     99.84%
  84  H5N1.EPI_ISL_16831319.Galliformes.japan.NA.2022-03-25                0.00%    passed     99.71%
  85  H5N1.EPI_ISL_16831140.Passeriformes.japan.NA.2022-04-09              0.00%    passed     99.71%
  86  H5N1.EPI_ISL_18066453.Passeriformes.japan.NA.2023-02-17              0.00%    passed     99.94%
  87  H5N1.EPI_ISL_17857959.Carnivora.japan.NA.2023-02-20                  0.00%    passed     99.94%
  88  H5N1.EPI_ISL_16831664.Casuariiformes.japan.NA.2022-05-12             0.00%    passed     99.74%
  89  H5N1.EPI_ISL_8405663.Anseriformes.south_korea.NA.2021-11-15          0.00%    passed     99.93%
  90  H5N1.EPI_ISL_18373219.Anseriformes.south_korea.NA.2021-11-22         0.00%    passed     99.82%
  91  H5N1.EPI_ISL_15063423.Galliformes.japan.NA.2021-11-17                0.00%    passed     99.82%
  92  H5N1.EPI_ISL_13352726.Anseriformes.china.NA.2021-12-17               0.00%    passed     99.99%
  93  H5N1.EPI_ISL_18373238.Anseriformes.south_korea.NA.2022-02-07         0.00%    passed    100.00%
  94  H5N1.EPI_ISL_13352728.Anseriformes.china.NA.2021-12-17               0.00%    passed     99.97%
  95  H5N1.EPI_ISL_13352715.Anseriformes.china.NA.2021-12-17               0.00%    passed     99.95%
  96  H5N1.EPI_ISL_15063429.Galliformes.japan.NA.2021-11-13                0.00%    passed     99.99%
  97  H5N1.EPI_ISL_18373229.Anseriformes.south_korea.NA.2022-01-21         0.00%    passed     99.56%
  98  H5N1.EPI_ISL_17964940.Charadriiformes.united_states.2.2023-04-13     0.00%    passed     99.71%
  99  H5N1.EPI_ISL_17964935.Charadriiformes.united_states.2.2023-04-07     0.00%    passed     99.71%
 100  H5N1.EPI_ISL_17964877.Accipitriformes.united_states.2.2023-02-14     0.00%    passed     99.71%
 101  H5N1.EPI_ISL_15023114.Ciconiiformes.lithuania.NA.2022-04-19          0.07%    passed     99.99%
 102  H5N1.EPI_ISL_18458065.Anseriformes.poland.NA.2021-11-16              0.00%    passed     99.84%
 103  H5N1.EPI_ISL_18132953.Accipitriformes.united_states.NA.2022-04-27    0.00%    passed     99.84%
****  TOTAL                                                                0.11%  0 sequences failed composition chi2 test (p-value<5%; df=3)
NOTE: H5N1.EPI_ISL_17606842.Galliformes.south_korea.22.2022-01-21 is identical to H5N1.EPI_ISL_6959592.Anseriformes.south_korea.22.2021-10-26 but kept for subsequent analysis
NOTE: H5N1.EPI_ISL_15063429.Galliformes.japan.NA.2021-11-13 is identical to H5N1.EPI_ISL_6829533.Galliformes.japan.22.2021-11-12 but kept for subsequent analysis
NOTE: H5N1.EPI_ISL_16831319.Galliformes.japan.NA.2022-03-25 is identical to H5N1.EPI_ISL_14070455.Carnivora.japan.2.2022-04-01 but kept for subsequent analysis
NOTE: H5N1.EPI_ISL_18132953.Accipitriformes.united_states.NA.2022-04-27 is identical to H5N1.EPI_ISL_14615027.Passeriformes.japan.2.2022-03-14 but kept for subsequent analysis
NOTE: H5N1.EPI_ISL_12572658.Anseriformes.china.110.2022-01-10 is identical to H5N1.EPI_ISL_12572653.Galliformes.china.110.2021-12-07 but kept for subsequent analysis
NOTE: H5N1.EPI_ISL_14065167.Accipitriformes.japan.2.2022-02-10 is identical to H5N1.EPI_ISL_14064699.Passeriformes.japan.2.2022-02-07 but kept for subsequent analysis
NOTE: H5N1.EPI_ISL_17766057.Carnivora.japan.15.2023-04-12 is identical to H5N1.EPI_ISL_17316965.Passeriformes.japan.15.2023-03-13 but kept for subsequent analysis
NOTE: H5N1.EPI_ISL_18373219.Anseriformes.south_korea.NA.2021-11-22 is identical to H5N1.EPI_ISL_17606819.Anseriformes.south_korea.22.2021-11-10 but kept for subsequent analysis
NOTE: H5N1.EPI_ISL_17606865.Anseriformes.south_korea.22.2021-11-14 is identical to H5N1.EPI_ISL_17606823.Galliformes.south_korea.22.2021-11-21 but kept for subsequent analysis
NOTE: H5N1.EPI_ISL_17606833.Galliformes.south_korea.22.2021-12-17 is identical to H5N1.EPI_ISL_17606824.Anseriformes.south_korea.22.2021-11-22 but kept for subsequent analysis
NOTE: H5N1.EPI_ISL_17606834.Galliformes.south_korea.22.2021-12-20 is identical to H5N1.EPI_ISL_17606828.Anseriformes.south_korea.22.2021-12-13 but kept for subsequent analysis
NOTE: H5N1.EPI_ISL_17606860.Galliformes.south_korea.22.2022-02-12 is identical to H5N1.EPI_ISL_17606840.Anseriformes.south_korea.22.2022-01-21 but kept for subsequent analysis
NOTE: H5N1.EPI_ISL_18373228.Anseriformes.south_korea.NA.2022-01-19 is identical to H5N1.EPI_ISL_17606845.Anseriformes.south_korea.22.2022-01-29 but kept for subsequent analysis
NOTE: H5N1.EPI_ISL_18373238.Anseriformes.south_korea.NA.2022-02-07 is identical to H5N1.EPI_ISL_17606854.Galliformes.south_korea.19.2022-02-07 but kept for subsequent analysis
NOTE: H5N1.EPI_ISL_china_47.Charadriiformes.china.19.2022-07-22 is identical to H5N1.EPI_ISL_china_26.Podicipediformes.china.19.2022-07-15 but kept for subsequent analysis
NOTE: H5N1.EPI_ISL_china_33.Charadriiformes.china.19.2022-07-22 is identical to H5N1.EPI_ISL_china_28.Podicipediformes.china.19.2022-07-21 but kept for subsequent analysis
NOTE: H5N1.EPI_ISL_13370621.Galliformes.united_kingdom.3.2021-12-27 is identical to H5N1.EPI_ISL_13370625.Anseriformes.united_kingdom.3.2021-12-30 but kept for subsequent analysis
NOTE: H5N1.EPI_ISL_13370631.Anseriformes.united_kingdom.3.2022-01-02 is identical to H5N1.EPI_ISL_13370632.Galliformes.united_kingdom.3.2022-01-02 but kept for subsequent analysis
NOTE: H5N1.EPI_ISL_17051393.Pelecaniformes.canada.9.2022-08-12 is identical to H5N1.EPI_ISL_17260681.Carnivora.united_states.9.2022-06-15 but kept for subsequent analysis
NOTE: H5N1.EPI_ISL_16243926.Anseriformes.united_states.9.2022-05-16 is identical to H5N1.EPI_ISL_16244006.Galliformes.united_states.9.2022-05-16 but kept for subsequent analysis
NOTE: H5N1.EPI_ISL_18241796.Galliformes.viet_nam.NA.2023-09-05 is identical to H5N1.EPI_ISL_18241797.Anseriformes.viet_nam.NA.2023-06-05 but kept for subsequent analysis
NOTE: 15 identical sequences (see below) will be ignored for subsequent analysis
NOTE: H5N1.EPI_ISL_16831140.Passeriformes.japan.NA.2022-04-09 (identical to H5N1.EPI_ISL_14070455.Carnivora.japan.2.2022-04-01) is ignored but added at the end
NOTE: H5N1.EPI_ISL_17964940.Charadriiformes.united_states.2.2023-04-13 (identical to H5N1.EPI_ISL_14070455.Carnivora.japan.2.2022-04-01) is ignored but added at the end
NOTE: H5N1.EPI_ISL_17964935.Charadriiformes.united_states.2.2023-04-07 (identical to H5N1.EPI_ISL_14070455.Carnivora.japan.2.2022-04-01) is ignored but added at the end
NOTE: H5N1.EPI_ISL_17964877.Accipitriformes.united_states.2.2023-02-14 (identical to H5N1.EPI_ISL_14070455.Carnivora.japan.2.2022-04-01) is ignored but added at the end
NOTE: H5N1.EPI_ISL_12572663.Columbiformes.china.110.2021-12-08 (identical to H5N1.EPI_ISL_12572653.Galliformes.china.110.2021-12-07) is ignored but added at the end
NOTE: H5N1.EPI_ISL_18066453.Passeriformes.japan.NA.2023-02-17 (identical to H5N1.EPI_ISL_17316965.Passeriformes.japan.15.2023-03-13) is ignored but added at the end
NOTE: H5N1.EPI_ISL_17857959.Carnivora.japan.NA.2023-02-20 (identical to H5N1.EPI_ISL_17316965.Passeriformes.japan.15.2023-03-13) is ignored but added at the end
NOTE: H5N1.EPI_ISL_15063423.Galliformes.japan.NA.2021-11-17 (identical to H5N1.EPI_ISL_17606819.Anseriformes.south_korea.22.2021-11-10) is ignored but added at the end
NOTE: H5N1.EPI_ISL_17051368.Accipitriformes.canada.NA.2022-06-17 (identical to H5N1.EPI_ISL_17260681.Carnivora.united_states.9.2022-06-15) is ignored but added at the end
NOTE: H5N1.EPI_ISL_17051351.Anseriformes.canada.NA.2022-05-31 (identical to H5N1.EPI_ISL_17260681.Carnivora.united_states.9.2022-06-15) is ignored but added at the end
NOTE: H5N1.EPI_ISL_17051343.Pelecaniformes.canada.NA.2022-06-02 (identical to H5N1.EPI_ISL_17260681.Carnivora.united_states.9.2022-06-15) is ignored but added at the end
NOTE: H5N1.EPI_ISL_16189912.Strigiformes.canada.9.2022-04-28 (identical to H5N1.EPI_ISL_17260681.Carnivora.united_states.9.2022-06-15) is ignored but added at the end
NOTE: H5N1.EPI_ISL_16183656.Anseriformes.canada.9.2022-04-27 (identical to H5N1.EPI_ISL_17260681.Carnivora.united_states.9.2022-06-15) is ignored but added at the end
NOTE: H5N1.EPI_ISL_16183504.Galliformes.canada.9.2022-05-16 (identical to H5N1.EPI_ISL_17260681.Carnivora.united_states.9.2022-06-15) is ignored but added at the end
NOTE: H5N1.EPI_ISL_16023376.Carnivora.canada.9.2022-05-31 (identical to H5N1.EPI_ISL_17260681.Carnivora.united_states.9.2022-06-15) is ignored but added at the end

For your convenience alignment with unique sequences printed to clade2344b_asia_N1_subsampled.fasta.uniqueseq.phy

Create initial parsimony tree by phylogenetic likelihood library (PLL)... 0.003 seconds
Generating 1000 samples for ultrafast bootstrap (seed: 707435)...

NOTE: 2 MB RAM (0 GB) is required!
Measuring multi-threading efficiency up to 6 CPU cores
Increase to 10 rounds for branch lengths
391 trees examined
Threads: 1 / Time: 6.012 sec / Speedup: 1.000 / Efficiency: 100% / LogL: -9789
Threads: 2 / Time: 4.580 sec / Speedup: 1.313 / Efficiency: 66% / LogL: -9789
Threads: 3 / Time: 4.279 sec / Speedup: 1.405 / Efficiency: 47% / LogL: -9789
BEST NUMBER OF THREADS: 2

Estimate model parameters (epsilon = 0.100)
1. Initial log-likelihood: -4017.203
2. Current log-likelihood: -3757.556
3. Current log-likelihood: -3756.879
Optimal log-likelihood: -3756.877
Rate parameters:  A-C: 1.00000  A-G: 13.25151  A-T: 1.00000  C-G: 1.00000  C-T: 13.25151  G-T: 1.00000
Base frequencies:  A: 0.290  C: 0.187  G: 0.257  T: 0.265
Gamma shape alpha: 0.292
Parameters optimization took 3 rounds (0.029 sec)
Computing ML distances based on estimated model parameters... 0.038 sec
Computing BIONJ tree...
0.008 seconds
Log-likelihood of BIONJ tree: -3754.033
--------------------------------------------------------------------
|             INITIALIZING CANDIDATE TREE SET                      |
--------------------------------------------------------------------
Generating 98 parsimony trees... 0.297 second
Computing log-likelihood of 98 initial trees ... 0.458 seconds
Current best score: -3751.216

Do NNI search on 20 best initial trees
Estimate model parameters (epsilon = 0.100)
BETTER TREE FOUND at iteration 1: -3751.191
Iteration 10 / LogL: -3751.279 / Time: 0h:0m:16s
Iteration 20 / LogL: -3751.416 / Time: 0h:0m:16s
Finish initializing candidate tree set (20)
Current best tree score: -3751.191 / CPU time: 1.681
Number of iterations: 20
--------------------------------------------------------------------
|               OPTIMIZING CANDIDATE TREE SET                      |
--------------------------------------------------------------------
BETTER TREE FOUND at iteration 21: -3751.190
BETTER TREE FOUND at iteration 26: -3751.190
Iteration 30 / LogL: -3751.194 / Time: 0h:0m:17s (0h:0m:57s left)
Iteration 40 / LogL: -3751.190 / Time: 0h:0m:18s (0h:0m:40s left)
Iteration 50 / LogL: -3752.220 / Time: 0h:0m:19s (0h:0m:29s left)
Log-likelihood cutoff on original alignment: -3779.292
BETTER TREE FOUND at iteration 54: -3751.190
Iteration 60 / LogL: -3751.190 / Time: 0h:0m:19s (0h:0m:31s left)
Iteration 70 / LogL: -3782.760 / Time: 0h:0m:20s (0h:0m:25s left)
BETTER TREE FOUND at iteration 74: -3751.190
BETTER TREE FOUND at iteration 75: -3751.189
BETTER TREE FOUND at iteration 78: -3751.189
Iteration 80 / LogL: -3755.698 / Time: 0h:0m:21s (0h:0m:26s left)
BETTER TREE FOUND at iteration 81: -3751.189
BETTER TREE FOUND at iteration 82: -3751.188
Iteration 90 / LogL: -3751.190 / Time: 0h:0m:22s (0h:0m:23s left)
Iteration 100 / LogL: -3751.189 / Time: 0h:0m:23s (0h:0m:19s left)
Log-likelihood cutoff on original alignment: -3780.564
NOTE: Bootstrap correlation coefficient of split occurrence frequencies: 0.986
NOTE: UFBoot does not converge, continue at least 100 more iterations
Iteration 110 / LogL: -3764.770 / Time: 0h:0m:24s (0h:0m:19s left)
BETTER TREE FOUND at iteration 113: -3751.186
Iteration 120 / LogL: -3751.189 / Time: 0h:0m:25s (0h:0m:19s left)
Iteration 130 / LogL: -3780.012 / Time: 0h:0m:25s (0h:0m:16s left)
Iteration 140 / LogL: -3751.188 / Time: 0h:0m:26s (0h:0m:14s left)
Iteration 150 / LogL: -3751.187 / Time: 0h:0m:27s (0h:0m:11s left)
Log-likelihood cutoff on original alignment: -3781.087
Iteration 160 / LogL: -3792.519 / Time: 0h:0m:28s (0h:0m:9s left)
BETTER TREE FOUND at iteration 163: -3751.184
Iteration 170 / LogL: -3751.186 / Time: 0h:0m:30s (0h:0m:16s left)
Iteration 180 / LogL: -3751.186 / Time: 0h:0m:31s (0h:0m:14s left)
Iteration 190 / LogL: -3751.188 / Time: 0h:0m:31s (0h:0m:12s left)
BETTER TREE FOUND at iteration 196: -3751.184
Iteration 200 / LogL: -3787.073 / Time: 0h:0m:32s (0h:0m:15s left)
Log-likelihood cutoff on original alignment: -3782.170
NOTE: Bootstrap correlation coefficient of split occurrence frequencies: 0.991
Iteration 210 / LogL: -3751.185 / Time: 0h:0m:34s (0h:0m:14s left)
Iteration 220 / LogL: -3751.189 / Time: 0h:0m:35s (0h:0m:12s left)
Iteration 230 / LogL: -3775.795 / Time: 0h:0m:36s (0h:0m:11s left)
BETTER TREE FOUND at iteration 238: -3751.184
BETTER TREE FOUND at iteration 239: -3751.184
Iteration 240 / LogL: -3751.185 / Time: 0h:0m:37s (0h:0m:15s left)
BETTER TREE FOUND at iteration 242: -3751.183
Iteration 250 / LogL: -3751.190 / Time: 0h:0m:37s (0h:0m:14s left)
Log-likelihood cutoff on original alignment: -3782.170
Iteration 260 / LogL: -3772.962 / Time: 0h:0m:39s (0h:0m:12s left)
Iteration 270 / LogL: -3751.185 / Time: 0h:0m:39s (0h:0m:10s left)
Iteration 280 / LogL: -3775.221 / Time: 0h:0m:40s (0h:0m:9s left)
Iteration 290 / LogL: -3804.561 / Time: 0h:0m:41s (0h:0m:7s left)
Iteration 300 / LogL: -3751.188 / Time: 0h:0m:42s (0h:0m:5s left)
Log-likelihood cutoff on original alignment: -3782.227
NOTE: Bootstrap correlation coefficient of split occurrence frequencies: 0.995
Iteration 310 / LogL: -3751.184 / Time: 0h:0m:43s (0h:0m:12s left)
Iteration 320 / LogL: -3775.792 / Time: 0h:0m:44s (0h:0m:11s left)
Iteration 330 / LogL: -3753.879 / Time: 0h:0m:45s (0h:0m:9s left)
Iteration 340 / LogL: -3751.186 / Time: 0h:0m:46s (0h:0m:8s left)
TREE SEARCH COMPLETED AFTER 343 ITERATIONS / Time: 0h:0m:46s

--------------------------------------------------------------------
|                    FINALIZING TREE SEARCH                        |
--------------------------------------------------------------------
Performs final model parameters optimization
Estimate model parameters (epsilon = 0.010)
1. Initial log-likelihood: -3751.183
Optimal log-likelihood: -3751.183
Rate parameters:  A-C: 1.00000  A-G: 13.21769  A-T: 1.00000  C-G: 1.00000  C-T: 13.21769  G-T: 1.00000
Base frequencies:  A: 0.290  C: 0.187  G: 0.257  T: 0.265
Gamma shape alpha: 0.309
Parameters optimization took 1 rounds (0.004 sec)
BEST SCORE FOUND : -3751.183
Creating bootstrap support values...
Split supports printed to NEXUS file clade2344b_asia_N1_subsampled.fasta.splits.nex
Total tree length: 0.201

Total number of iterations: 343
CPU time used for tree search: 60.248 sec (0h:1m:0s)
Wall-clock time used for tree search: 31.627 sec (0h:0m:31s)
Total CPU time used: 88.895 sec (0h:1m:28s)
Total wall-clock time used: 46.785 sec (0h:0m:46s)

Computing bootstrap consensus tree...
Reading input file clade2344b_asia_N1_subsampled.fasta.splits.nex...
88 taxa and 955 splits.
Consensus tree written to clade2344b_asia_N1_subsampled.fasta.contree
Reading input trees file clade2344b_asia_N1_subsampled.fasta.contree
Log-likelihood of consensus tree: -3751.190

Analysis results written to: 
  IQ-TREE report:                clade2344b_asia_N1_subsampled.fasta.iqtree
  Maximum-likelihood tree:       clade2344b_asia_N1_subsampled.fasta.treefile
  Likelihood distances:          clade2344b_asia_N1_subsampled.fasta.mldist

Ultrafast bootstrap approximation results written to:
  Split support values:          clade2344b_asia_N1_subsampled.fasta.splits.nex
  Consensus tree:                clade2344b_asia_N1_subsampled.fasta.contree
  Screen log file:               clade2344b_asia_N1_subsampled.fasta.log

Date and Time: Wed Jan 10 22:57:52 2024
