IQ-TREE multicore version 1.6.12 for Mac OS X 64-bit built Aug 15 2019
Developed by Bui Quang Minh, Nguyen Lam Tung, Olga Chernomor,
Heiko Schmidt, Dominik Schrempf, Michael Woodhams.

Host:    sce-bio-c05393 (AVX2, FMA3, 16 GB RAM)
Command: iqtree -s clade2344b_asia_N8_subsampled.fasta -nt AUTO -m HKY+G4 -bb 1000
Seed:    953793 (Using SPRNG - Scalable Parallel Random Number Generator)
Time:    Wed Jan 10 22:58:40 2024
Kernel:  AVX+FMA - auto-detect threads (6 CPU cores detected)

Reading alignment file clade2344b_asia_N8_subsampled.fasta ... Fasta format detected
Alignment most likely contains DNA/RNA sequences
Alignment has 134 sequences with 1413 columns, 192 distinct patterns
142 parsimony-informative, 85 singleton sites, 1186 constant sites
                                                               Gap/Ambiguity  Composition  p-value
   1  H5N8.EPI_ISL_708713.Galliformes.japan.10.2020-12-01              0.00%    passed     98.49%
   2  H5N8.EPI_ISL_738059.Galliformes.japan.10.2020-12-18              0.00%    passed     97.00%
   3  H5N8.EPI_ISL_681272.Galliformes.japan.10.2020-11-19              0.00%    passed     96.72%
   4  H5N8.EPI_ISL_732939.Galliformes.japan.16.2020-12-13              0.00%    passed     98.53%
   5  H5N8.EPI_ISL_1041131.Galliformes.japan.1.2021-02-10              0.00%    passed     99.76%
   6  H5N8.EPI_ISL_1041133.Galliformes.japan.1.2021-02-08              0.00%    passed     97.08%
   7  H5N8.EPI_ISL_1041150.Anseriformes.japan.1.2021-01-23             0.00%    passed     98.87%
   8  H5N8.EPI_ISL_1041161.Galliformes.japan.1.2021-02-14              0.00%    passed     99.54%
   9  H5N8.EPI_ISL_1041180.Anseriformes.japan.10.2021-02-13            0.00%    passed     97.89%
  10  H5N8.EPI_ISL_1184518.Accipitriformes.japan.16.2021-02-24         0.00%    passed     97.08%
  11  H5N8.EPI_ISL_5260417.Charadriiformes.china.1.2021-05-16          0.00%    passed     99.00%
  12  H5N8.EPI_ISL_5260465.Pelecaniformes.china.1.2021-01-26           0.00%    passed     97.68%
  13  H5N8.EPI_ISL_5260466.Podicipediformes.china.1.2021-02-22         0.00%    passed     99.00%
  14  H5N8.EPI_ISL_6829497.Gruiformes.japan.1.2021-11-19               0.00%    passed     95.04%
  15  H5N8.EPI_ISL_759850.Galliformes.japan.10.2020-12-23              0.00%    passed     93.93%
  16  H5N8.EPI_ISL_854602.Galliformes.japan.10.2021-01-01              0.00%    passed     97.32%
  17  H5N8.EPI_ISL_854607.Galliformes.japan.16.2021-01-12              0.00%    passed     96.50%
  18  H5N8.EPI_ISL_985183.Galliformes.south_korea.16.2020-12-07        0.00%    passed     97.66%
  19  H5N8.EPI_ISL_985203.Anseriformes.south_korea.16.2020-12-23       0.00%    passed     97.66%
  20  H5N8.EPI_ISL_985208.Anseriformes.south_korea.79.2020-12-27       0.00%    passed     97.02%
  21  H5N8.EPI_ISL_985221.Galliformes.japan.1.2021-02-06               0.00%    passed     98.00%
  22  H5N8.EPI_ISL_985229.Galliformes.japan.1.2021-02-06               0.00%    passed     97.49%
  23  H5N8.EPI_ISL_985233.Anseriformes.japan.10.2021-02-08             0.00%    passed     97.73%
  24  H5N8.EPI_ISL_1009693.Galliformes.south_korea.1.2021-01-08        0.00%    passed     97.49%
  25  H5N8.EPI_ISL_1009695.Anseriformes.south_korea.10.2020-11-03      0.00%    passed     98.40%
  26  H5N8.EPI_ISL_1009701.Anseriformes.south_korea.16.2020-11-26      0.00%    passed     97.66%
  27  H5N8.EPI_ISL_1009704.Anseriformes.south_korea.16.2020-12-01      0.00%    passed     98.12%
  28  H5N8.EPI_ISL_1273438.Galliformes.japan.16.2021-03-13             0.00%    passed     97.35%
  29  H5N8.EPI_ISL_1939617.Strigiformes.china.1.2020-11-11             0.00%    passed     99.12%
  30  H5N8.EPI_ISL_2685846.Anseriformes.china.1.2020-11-09             0.00%    passed     99.00%
  31  H5N8.EPI_ISL_2685900.Anseriformes.china.1.2020-11-16             0.00%    passed     98.43%
  32  H5N8.EPI_ISL_2713314.Charadriiformes.china.1.2020-11-16          0.00%    passed     98.16%
  33  H5N8.EPI_ISL_2820250.Anseriformes.china.10.2020-10-15            0.00%    passed     97.35%
  34  H5N8.EPI_ISL_4061715.Falconiformes.japan.10.2021-01-28           0.00%    passed     99.62%
  35  H5N8.EPI_ISL_4062112.Anseriformes.japan.16.2020-12-22            0.00%    passed     98.53%
  36  H5N8.EPI_ISL_1240997.Accipitriformes.japan.10.2021-03-03         0.00%    passed     95.59%
  37  H5N8.EPI_ISL_2932617.Passeriformes.kazakhstan.1.2020-09-15       0.00%    passed     99.36%
  38  H5N8.EPI_ISL_1273421.Galliformes.japan.10.2020-11-07             0.00%    passed     97.89%
  39  H5N8.EPI_ISL_978906.Galliformes.japan.16.2021-01-22              0.00%    passed     97.66%
  40  H5N8.EPI_ISL_978903.Galliformes.japan.1.2021-01-30               0.00%    passed     96.24%
  41  H5N8.EPI_ISL_978898.Galliformes.japan.10.2021-02-01              0.00%    passed     99.33%
  42  H5N8.EPI_ISL_978895.Galliformes.japan.1.2021-02-05               0.00%    passed     96.51%
  43  H5N8.EPI_ISL_2932682.Columbiformes.kazakhstan.1.2020-09-15       0.00%    passed     99.36%
  44  H5N8.EPI_ISL_1822597.Anseriformes.china.1.2020-11-10             0.00%    passed     98.00%
  45  H5N8.EPI_ISL_14823424.Anseriformes.china.1.2020-10-30            0.00%    passed     98.16%
  46  H5N8.EPI_ISL_14836078.Anseriformes.china.1.2020-11-16            0.00%    passed     98.87%
  47  H5N8.EPI_ISL_13295077.Anseriformes.canada.81.2021-09-16          0.00%    passed     99.98%
  48  H5N8.EPI_ISL_14770164.Gruiformes.china.1.2020-12-31              0.00%    passed     98.60%
  49  H5N8.EPI_ISL_13295139.Anseriformes.canada.81.2021-09-16          0.00%    passed     99.93%
  50  H5N8.EPI_ISL_16405650.environment.japan.10.2020-11-09            0.00%    passed     99.12%
  51  H5N8.EPI_ISL_16405655.environment.japan.10.2020-11-16            0.00%    passed     98.56%
  52  H5N8.EPI_ISL_16405657.environment.japan.10.2020-11-16            0.00%    passed     98.56%
  53  H5N8.EPI_ISL_16405665.environment.japan.10.2020-11-30            0.00%    passed     97.66%
  54  H5N8.EPI_ISL_16405666.environment.japan.10.2020-11-30            0.00%    passed     97.08%
  55  H5N8.EPI_ISL_16405667.environment.japan.10.2020-11-30            0.00%    passed     97.89%
  56  H5N8.EPI_ISL_16405670.environment.japan.10.2020-12-07            0.00%    passed     97.66%
  57  H5N8.EPI_ISL_16405672.environment.japan.10.2020-12-07            0.00%    passed     94.99%
  58  H5N8.EPI_ISL_16405673.environment.japan.10.2020-12-07            0.00%    passed     93.17%
  59  H5N8.EPI_ISL_16405678.environment.japan.10.2020-12-21            0.00%    passed     97.89%
  60  H5N8.EPI_ISL_17760584.Anseriformes.canada.81.2021-11-16          0.00%    passed     99.76%
  61  H5N8.EPI_ISL_17805822.NA.japan.16.2021-02-01                     0.00%    passed     96.50%
  62  H5N8.EPI_ISL_17805877.environment.japan.10.2020-11-30            0.00%    passed     96.50%
  63  H5N8.EPI_ISL_17805886.NA.japan.10.2021-02-05                     0.00%    passed     97.89%
  64  H5N8.EPI_ISL_17805898.environment.japan.10.2020-11-23            0.00%    passed     98.40%
  65  H5N8.EPI_ISL_17805901.NA.japan.10.2020-12-18                     0.00%    passed     96.42%
  66  H5N8.EPI_ISL_16718460.Accipitriformes.japan.16.2021-02-01        0.00%    passed     96.50%
  67  H5N8.EPI_ISL_16718464.Gruiformes.japan.10.2021-02-05             0.00%    passed     97.89%
  68  H5N8.EPI_ISL_16718465.Gruiformes.japan.1.2021-01-16              0.00%    passed     98.87%
  69  H5N8.EPI_ISL_16718466.Anseriformes.japan.10.2020-12-18           0.00%    passed     96.42%
  70  H5N8.EPI_ISL_china_3.Galliformes.china.1.2021-06-26              0.00%    passed     99.43%
  71  H5N8.EPI_ISL_17086333.environment.japan.NA.2020-12-12            0.00%    passed     98.12%
  72  H5N8.EPI_ISL_17086354.Anseriformes.japan.NA.2021-01-29           0.00%    passed     97.66%
  73  H5N8.EPI_ISL_17086339.Galliformes.japan.NA.2021-01-23            0.00%    passed     97.66%
  74  H5N8.EPI_ISL_17086350.Galliformes.japan.NA.2021-02-11            0.00%    passed     99.39%
  75  H5N8.EPI_ISL_17086351.Galliformes.japan.NA.2021-02-11            0.00%    passed     99.76%
  76  H5N8.EPI_ISL_15613489.Anseriformes.japan.NA.2021-01-24           0.00%    passed     98.87%
  77  H5N8.EPI_ISL_4105028.Galliformes.japan.NA.2020-01-01             0.00%    passed     98.12%
  78  H5N8.EPI_ISL_17655579.environment.japan.NA.2021-11-22            0.00%    passed     96.29%
  79  H5N8.EPI_ISL_1114745.Galliformes.russia.1.2020-10-17             0.00%    passed     99.62%
  80  H5N8.EPI_ISL_17086230.environment.japan.NA.2020-12-06            0.00%    passed     98.27%
  81  H5N8.EPI_ISL_17086229.environment.japan.NA.2020-12-02            0.00%    passed     98.48%
  82  H5N8.EPI_ISL_17086353.environment.japan.NA.2021-03-13            0.00%    passed     97.35%
  83  H5N8.EPI_ISL_17086225.environment.japan.NA.2020-11-11            0.00%    passed     97.73%
  84  H5N8.EPI_ISL_710505.Galliformes.united_kingdom.1.2020-12-02      0.00%    passed     99.57%
  85  H5N8.EPI_ISL_654824.Anseriformes.russia.1.2020-09-15             0.00%    passed     99.75%
  86  H5N8.EPI_ISL_654821.Galliformes.russia.1.2020-09-15              0.00%    passed     99.75%
  87  H5N8.EPI_ISL_644151.Anseriformes.russia.1.2020-08-17             0.00%    passed     99.74%
  88  H5N8.EPI_ISL_644139.Anseriformes.russia.1.2020-08-17             0.00%    passed     99.24%
  89  H5N8.EPI_ISL_5102449.Accipitriformes.germany.1.2020-10-29        0.00%    passed     99.57%
  90  H5N8.EPI_ISL_5057844.Anseriformes.germany.1.2020-10-28           0.00%    passed     99.57%
  91  H5N8.EPI_ISL_1114749.Galliformes.russia.1.2020-12-11             0.00%    passed     99.83%
  92  H5N8.EPI_ISL_1114735.Galliformes.russia.1.2020-09-26             0.00%    passed     99.79%
  93  H5N8.EPI_ISL_5142489.Galliformes.germany.1.2021-03-10            0.00%    passed     99.21%
  94  H5N8.EPI_ISL_1114746.Galliformes.russia.1.2020-10-25             0.00%    passed     99.57%
  95  H5N8.EPI_ISL_7596571.Passeriformes.belgium.1.2020-11-13          0.00%    passed     99.82%
  96  H5N8.EPI_ISL_3128535.Strigiformes.NA.NA.2021-03-25               0.00%    passed     99.36%
  97  H5N8.EPI_ISL_3102029.Anseriformes.sweden.1.2021-01-06            0.00%    passed     99.36%
  98  H5N8.EPI_ISL_1305780.Anseriformes.sweden.1.2021-02-19            0.00%    passed     99.36%
  99  H5N8.EPI_ISL_1240717.Accipitriformes.sweden.1.2021-02-21         0.00%    passed     99.36%
 100  H5N8.EPI_ISL_1114757.Galliformes.russia.1.2021-01-29             0.00%    passed     98.87%
 101  H5N8.EPI_ISL_1114756.Galliformes.russia.1.2021-01-29             0.00%    passed     96.96%
 102  H5N8.EPI_ISL_1095365.Anseriformes.sweden.1.2021-02-07            0.00%    passed     99.72%
 103  H5N8.EPI_ISL_826296.Anseriformes.sweden.1.2020-12-15             0.00%    passed     99.83%
 104  H5N8.EPI_ISL_766056.Falconiformes.united_kingdom.1.2020-12-14    0.00%    passed     99.36%
 105  H5N8.EPI_ISL_644148.Galliformes.canada.1.2020-08-06              0.00%    passed     99.63%
 106  H5N8.EPI_ISL_644142.Anseriformes.russia.1.2020-08-17             0.00%    passed     99.74%
 107  H5N8.EPI_ISL_644121.Galliformes.russia.1.2020-08-13              0.00%    passed     98.87%
 108  H5N8.EPI_ISL_5097280.Galliformes.germany.1.2021-01-17            0.00%    passed     99.67%
 109  H5N8.EPI_ISL_5058090.Charadriiformes.germany.1.2020-11-02        0.00%    passed     99.67%
 110  H5N8.EPI_ISL_5057856.Falconiformes.germany.1.2020-10-26          0.00%    passed     99.67%
 111  H5N8.EPI_ISL_1114752.Anseriformes.russia.1.2020-12-31            0.00%    passed     99.95%
 112  H5N8.EPI_ISL_832206.Galliformes.sweden.1.2021-01-13              0.00%    passed     99.83%
 113  H5N8.EPI_ISL_1239110.Accipitriformes.sweden.1.2021-02-22         0.00%    passed     99.91%
 114  H5N8.EPI_ISL_766053.Galliformes.united_kingdom.1.2020-12-04      0.00%    passed     99.67%
 115  H5N8.EPI_ISL_654839.Anseriformes.russia.1.2020-08-27             0.00%    passed     99.72%
 116  H5N8.EPI_ISL_654835.Galliformes.russia.1.2020-08-27              0.00%    passed     99.72%
 117  H5N8.EPI_ISL_654831.Anseriformes.russia.1.2020-09-03             0.00%    passed     98.36%
 118  H5N8.EPI_ISL_644154.Galliformes.russia.1.2020-08-17              0.00%    passed     99.89%
 119  H5N8.EPI_ISL_644130.Anseriformes.russia.1.2020-08-17             0.00%    passed     99.57%
 120  H5N8.EPI_ISL_5062078.Charadriiformes.germany.1.2020-11-06        0.07%    passed     99.78%
 121  H5N8.EPI_ISL_7623303.Passeriformes.belgium.1.2021-03-01          0.00%    passed     99.68%
 122  H5N8.EPI_ISL_7623299.Columbiformes.belgium.1.2021-03-01          0.00%    passed     99.68%
 123  H5N8.EPI_ISL_2254497.Passeriformes.NA.1.2021-03-16               0.00%    passed     99.24%
 124  H5N8.EPI_ISL_1305775.Galliformes.sweden.1.2021-03-14             0.00%    passed     99.24%
 125  H5N8.EPI_ISL_718224.Strigiformes.sweden.NA.2020-11-01            0.00%    passed     99.21%
 126  H5N8.EPI_ISL_644150.Galliformes.russia.1.2020-08-17              0.00%    passed     99.91%
 127  H5N8.EPI_ISL_644127.Anseriformes.russia.1.2020-08-17             0.00%    passed     99.91%
 128  H5N8.EPI_ISL_5142451.Galliformes.germany.1.2021-03-18            0.07%    passed     99.39%
 129  H5N8.EPI_ISL_5099628.Anseriformes.germany.1.2021-02-17           0.07%    passed     99.49%
 130  H5N8.EPI_ISL_5144920.Galliformes.germany.1.2021-02-20            0.00%    passed     97.21%
 131  H5N8.EPI_ISL_710506.Anseriformes.united_kingdom.1.2020-11-03     0.00%    passed     99.67%
 132  H5N8.EPI_ISL_1039232.Galliformes.russia.1.2020-12-12             0.00%    passed     99.93%
 133  H5N8.EPI_ISL_5144529.Anseriformes.germany.1.2021-03-20           0.28%    passed     99.73%
 134  H5N8.EPI_ISL_5144368.Anseriformes.germany.1.2021-03-18           0.07%    passed     99.44%
****  TOTAL                                                            0.00%  0 sequences failed composition chi2 test (p-value<5%; df=3)
NOTE: H5N8.EPI_ISL_17086351.Galliformes.japan.NA.2021-02-11 is identical to H5N8.EPI_ISL_1041131.Galliformes.japan.1.2021-02-10 but kept for subsequent analysis
NOTE: H5N8.EPI_ISL_16405678.environment.japan.10.2020-12-21 is identical to H5N8.EPI_ISL_1041180.Anseriformes.japan.10.2021-02-13 but kept for subsequent analysis
NOTE: H5N8.EPI_ISL_17805822.NA.japan.16.2021-02-01 is identical to H5N8.EPI_ISL_854607.Galliformes.japan.16.2021-01-12 but kept for subsequent analysis
NOTE: H5N8.EPI_ISL_1009701.Anseriformes.south_korea.16.2020-11-26 is identical to H5N8.EPI_ISL_985183.Galliformes.south_korea.16.2020-12-07 but kept for subsequent analysis
NOTE: H5N8.EPI_ISL_17086353.environment.japan.NA.2021-03-13 is identical to H5N8.EPI_ISL_1273438.Galliformes.japan.16.2021-03-13 but kept for subsequent analysis
NOTE: H5N8.EPI_ISL_2932682.Columbiformes.kazakhstan.1.2020-09-15 is identical to H5N8.EPI_ISL_2932617.Passeriformes.kazakhstan.1.2020-09-15 but kept for subsequent analysis
NOTE: H5N8.EPI_ISL_17086354.Anseriformes.japan.NA.2021-01-29 is identical to H5N8.EPI_ISL_978906.Galliformes.japan.16.2021-01-22 but kept for subsequent analysis
NOTE: H5N8.EPI_ISL_16718466.Anseriformes.japan.10.2020-12-18 is identical to H5N8.EPI_ISL_17805901.NA.japan.10.2020-12-18 but kept for subsequent analysis
NOTE: H5N8.EPI_ISL_15613489.Anseriformes.japan.NA.2021-01-24 is identical to H5N8.EPI_ISL_16718465.Gruiformes.japan.1.2021-01-16 but kept for subsequent analysis
NOTE: H5N8.EPI_ISL_4105028.Galliformes.japan.NA.2020-01-01 is identical to H5N8.EPI_ISL_17086333.environment.japan.NA.2020-12-12 but kept for subsequent analysis
NOTE: H5N8.EPI_ISL_5102449.Accipitriformes.germany.1.2020-10-29 is identical to H5N8.EPI_ISL_710505.Galliformes.united_kingdom.1.2020-12-02 but kept for subsequent analysis
NOTE: H5N8.EPI_ISL_654821.Galliformes.russia.1.2020-09-15 is identical to H5N8.EPI_ISL_654824.Anseriformes.russia.1.2020-09-15 but kept for subsequent analysis
NOTE: H5N8.EPI_ISL_1305780.Anseriformes.sweden.1.2021-02-19 is identical to H5N8.EPI_ISL_3128535.Strigiformes.NA.NA.2021-03-25 but kept for subsequent analysis
NOTE: H5N8.EPI_ISL_832206.Galliformes.sweden.1.2021-01-13 is identical to H5N8.EPI_ISL_826296.Anseriformes.sweden.1.2020-12-15 but kept for subsequent analysis
NOTE: H5N8.EPI_ISL_5058090.Charadriiformes.germany.1.2020-11-02 is identical to H5N8.EPI_ISL_5097280.Galliformes.germany.1.2021-01-17 but kept for subsequent analysis
NOTE: H5N8.EPI_ISL_654835.Galliformes.russia.1.2020-08-27 is identical to H5N8.EPI_ISL_654839.Anseriformes.russia.1.2020-08-27 but kept for subsequent analysis
NOTE: H5N8.EPI_ISL_7623299.Columbiformes.belgium.1.2021-03-01 is identical to H5N8.EPI_ISL_7623303.Passeriformes.belgium.1.2021-03-01 but kept for subsequent analysis
NOTE: H5N8.EPI_ISL_1305775.Galliformes.sweden.1.2021-03-14 is identical to H5N8.EPI_ISL_2254497.Passeriformes.NA.1.2021-03-16 but kept for subsequent analysis
NOTE: H5N8.EPI_ISL_644127.Anseriformes.russia.1.2020-08-17 is identical to H5N8.EPI_ISL_644150.Galliformes.russia.1.2020-08-17 but kept for subsequent analysis
NOTE: 8 identical sequences (see below) will be ignored for subsequent analysis
NOTE: H5N8.EPI_ISL_17805886.NA.japan.10.2021-02-05 (identical to H5N8.EPI_ISL_1041180.Anseriformes.japan.10.2021-02-13) is ignored but added at the end
NOTE: H5N8.EPI_ISL_16718464.Gruiformes.japan.10.2021-02-05 (identical to H5N8.EPI_ISL_1041180.Anseriformes.japan.10.2021-02-13) is ignored but added at the end
NOTE: H5N8.EPI_ISL_16718460.Accipitriformes.japan.16.2021-02-01 (identical to H5N8.EPI_ISL_854607.Galliformes.japan.16.2021-01-12) is ignored but added at the end
NOTE: H5N8.EPI_ISL_17086339.Galliformes.japan.NA.2021-01-23 (identical to H5N8.EPI_ISL_978906.Galliformes.japan.16.2021-01-22) is ignored but added at the end
NOTE: H5N8.EPI_ISL_5057844.Anseriformes.germany.1.2020-10-28 (identical to H5N8.EPI_ISL_710505.Galliformes.united_kingdom.1.2020-12-02) is ignored but added at the end
NOTE: H5N8.EPI_ISL_1240717.Accipitriformes.sweden.1.2021-02-21 (identical to H5N8.EPI_ISL_3128535.Strigiformes.NA.NA.2021-03-25) is ignored but added at the end
NOTE: H5N8.EPI_ISL_5057856.Falconiformes.germany.1.2020-10-26 (identical to H5N8.EPI_ISL_5097280.Galliformes.germany.1.2021-01-17) is ignored but added at the end
NOTE: H5N8.EPI_ISL_710506.Anseriformes.united_kingdom.1.2020-11-03 (identical to H5N8.EPI_ISL_5097280.Galliformes.germany.1.2021-01-17) is ignored but added at the end

For your convenience alignment with unique sequences printed to clade2344b_asia_N8_subsampled.fasta.uniqueseq.phy

Create initial parsimony tree by phylogenetic likelihood library (PLL)... 0.005 seconds
Generating 1000 samples for ultrafast bootstrap (seed: 953793)...

NOTE: 3 MB RAM (0 GB) is required!
Measuring multi-threading efficiency up to 6 CPU cores
Increase to 10 rounds for branch lengths
245 trees examined
Threads: 1 / Time: 6.013 sec / Speedup: 1.000 / Efficiency: 100% / LogL: -13258
Threads: 2 / Time: 4.393 sec / Speedup: 1.369 / Efficiency: 68% / LogL: -13258
Threads: 3 / Time: 4.317 sec / Speedup: 1.393 / Efficiency: 46% / LogL: -13258
BEST NUMBER OF THREADS: 2

Estimate model parameters (epsilon = 0.100)
1. Initial log-likelihood: -4326.365
2. Current log-likelihood: -4049.845
3. Current log-likelihood: -4049.739
Optimal log-likelihood: -4049.738
Rate parameters:  A-C: 1.00000  A-G: 9.99561  A-T: 1.00000  C-G: 1.00000  C-T: 9.99561  G-T: 1.00000
Base frequencies:  A: 0.299  C: 0.176  G: 0.266  T: 0.260
Gamma shape alpha: 0.322
Parameters optimization took 3 rounds (0.043 sec)
Computing ML distances based on estimated model parameters... 0.083 sec
Computing BIONJ tree...
0.012 seconds
Log-likelihood of BIONJ tree: -4043.529
--------------------------------------------------------------------
|             INITIALIZING CANDIDATE TREE SET                      |
--------------------------------------------------------------------
Generating 98 parsimony trees... 0.475 second
Computing log-likelihood of 98 initial trees ... 0.756 seconds
Current best score: -4026.869

Do NNI search on 20 best initial trees
Estimate model parameters (epsilon = 0.100)
BETTER TREE FOUND at iteration 1: -4026.831
BETTER TREE FOUND at iteration 2: -4026.831
BETTER TREE FOUND at iteration 6: -4026.831
Iteration 10 / LogL: -4033.822 / Time: 0h:0m:17s
Iteration 20 / LogL: -4035.312 / Time: 0h:0m:18s
Finish initializing candidate tree set (20)
Current best tree score: -4026.831 / CPU time: 3.280
Number of iterations: 20
--------------------------------------------------------------------
|               OPTIMIZING CANDIDATE TREE SET                      |
--------------------------------------------------------------------
Iteration 30 / LogL: -4029.773 / Time: 0h:0m:19s (0h:0m:51s left)
Iteration 40 / LogL: -4026.834 / Time: 0h:0m:20s (0h:0m:35s left)
Iteration 50 / LogL: -4040.027 / Time: 0h:0m:22s (0h:0m:25s left)
Log-likelihood cutoff on original alignment: -4061.785
Iteration 60 / LogL: -4046.886 / Time: 0h:0m:23s (0h:0m:18s left)
BETTER TREE FOUND at iteration 67: -4026.831
BETTER TREE FOUND at iteration 69: -4026.829
Iteration 70 / LogL: -4031.826 / Time: 0h:0m:25s (0h:0m:36s left)
Iteration 80 / LogL: -4026.831 / Time: 0h:0m:26s (0h:0m:29s left)
BETTER TREE FOUND at iteration 83: -4026.828
Iteration 90 / LogL: -4026.831 / Time: 0h:0m:27s (0h:0m:29s left)
BETTER TREE FOUND at iteration 91: -4026.828
Iteration 100 / LogL: -4041.145 / Time: 0h:0m:29s (0h:0m:26s left)
Log-likelihood cutoff on original alignment: -4061.785
NOTE: Bootstrap correlation coefficient of split occurrence frequencies: 0.992
BETTER TREE FOUND at iteration 102: -4026.827
Iteration 110 / LogL: -4034.218 / Time: 0h:0m:30s (0h:0m:26s left)
Iteration 120 / LogL: -4080.883 / Time: 0h:0m:32s (0h:0m:22s left)
BETTER TREE FOUND at iteration 123: -4026.827
BETTER TREE FOUND at iteration 128: -4026.826
Iteration 130 / LogL: -4026.829 / Time: 0h:0m:34s (0h:0m:25s left)
Iteration 140 / LogL: -4032.445 / Time: 0h:0m:35s (0h:0m:22s left)
BETTER TREE FOUND at iteration 145: -4026.825
Iteration 150 / LogL: -4031.410 / Time: 0h:0m:36s (0h:0m:23s left)
Log-likelihood cutoff on original alignment: -4061.785
BETTER TREE FOUND at iteration 156: -4026.824
Iteration 160 / LogL: -4026.828 / Time: 0h:0m:38s (0h:0m:23s left)
BETTER TREE FOUND at iteration 166: -4026.823
Iteration 170 / LogL: -4031.553 / Time: 0h:0m:40s (0h:0m:23s left)
Iteration 180 / LogL: -4034.882 / Time: 0h:0m:42s (0h:0m:20s left)
Iteration 190 / LogL: -4041.158 / Time: 0h:0m:43s (0h:0m:17s left)
BETTER TREE FOUND at iteration 196: -4026.821
Iteration 200 / LogL: -4026.824 / Time: 0h:0m:45s (0h:0m:21s left)
Log-likelihood cutoff on original alignment: -4061.785
NOTE: Bootstrap correlation coefficient of split occurrence frequencies: 0.983
NOTE: UFBoot does not converge, continue at least 100 more iterations
Iteration 210 / LogL: -4080.884 / Time: 0h:0m:47s (0h:0m:20s left)
BETTER TREE FOUND at iteration 211: -4026.819
Iteration 220 / LogL: -4032.577 / Time: 0h:0m:49s (0h:0m:20s left)
Iteration 230 / LogL: -4026.822 / Time: 0h:0m:51s (0h:0m:18s left)
Iteration 240 / LogL: -4034.845 / Time: 0h:0m:52s (0h:0m:15s left)
Iteration 250 / LogL: -4031.942 / Time: 0h:0m:54s (0h:0m:13s left)
Log-likelihood cutoff on original alignment: -4061.785
Iteration 260 / LogL: -4045.075 / Time: 0h:0m:56s (0h:0m:11s left)
Iteration 270 / LogL: -4029.607 / Time: 0h:0m:59s (0h:0m:9s left)
Iteration 280 / LogL: -4030.684 / Time: 0h:1m:1s (0h:0m:6s left)
Iteration 290 / LogL: -4026.823 / Time: 0h:1m:3s (0h:0m:4s left)
Iteration 300 / LogL: -4026.823 / Time: 0h:1m:5s (0h:0m:2s left)
Log-likelihood cutoff on original alignment: -4062.055
NOTE: Bootstrap correlation coefficient of split occurrence frequencies: 0.975
NOTE: UFBoot does not converge, continue at least 100 more iterations
Iteration 310 / LogL: -4052.101 / Time: 0h:1m:7s (0h:0m:19s left)
BETTER TREE FOUND at iteration 312: -4026.819
BETTER TREE FOUND at iteration 318: -4026.818
Iteration 320 / LogL: -4026.824 / Time: 0h:1m:9s (0h:0m:21s left)
Iteration 330 / LogL: -4225.406 / Time: 0h:1m:12s (0h:0m:19s left)
Iteration 340 / LogL: -4026.820 / Time: 0h:1m:14s (0h:0m:17s left)
BETTER TREE FOUND at iteration 348: -4026.818
Iteration 350 / LogL: -4039.013 / Time: 0h:1m:16s (0h:0m:21s left)
Log-likelihood cutoff on original alignment: -4062.055
Iteration 360 / LogL: -4039.015 / Time: 0h:1m:18s (0h:0m:19s left)
Iteration 370 / LogL: -4026.820 / Time: 0h:1m:21s (0h:0m:17s left)
BETTER TREE FOUND at iteration 376: -4026.816
Iteration 380 / LogL: -4235.318 / Time: 0h:1m:23s (0h:0m:21s left)
BETTER TREE FOUND at iteration 384: -4026.814
Iteration 390 / LogL: -4227.335 / Time: 0h:1m:25s (0h:0m:20s left)
Iteration 400 / LogL: -4026.816 / Time: 0h:1m:27s (0h:0m:18s left)
Log-likelihood cutoff on original alignment: -4061.785
NOTE: Bootstrap correlation coefficient of split occurrence frequencies: 0.984
NOTE: UFBoot does not converge, continue at least 100 more iterations
Iteration 410 / LogL: -4078.602 / Time: 0h:1m:30s (0h:0m:19s left)
Iteration 420 / LogL: -4026.822 / Time: 0h:1m:32s (0h:0m:17s left)
Iteration 430 / LogL: -4035.434 / Time: 0h:1m:34s (0h:0m:15s left)
Iteration 440 / LogL: -4026.821 / Time: 0h:1m:36s (0h:0m:13s left)
Iteration 450 / LogL: -4026.819 / Time: 0h:1m:39s (0h:0m:11s left)
Log-likelihood cutoff on original alignment: -4061.785
Iteration 460 / LogL: -4026.817 / Time: 0h:1m:42s (0h:0m:8s left)
Iteration 470 / LogL: -4035.421 / Time: 0h:1m:44s (0h:0m:6s left)
Iteration 480 / LogL: -4026.820 / Time: 0h:1m:46s (0h:0m:4s left)
Iteration 490 / LogL: -4034.835 / Time: 0h:1m:49s (0h:0m:2s left)
Iteration 500 / LogL: -4071.366 / Time: 0h:1m:52s (0h:0m:0s left)
Log-likelihood cutoff on original alignment: -4061.785
NOTE: Bootstrap correlation coefficient of split occurrence frequencies: 0.987
NOTE: UFBoot does not converge, continue at least 100 more iterations
BETTER TREE FOUND at iteration 508: -4026.814
Iteration 510 / LogL: -4040.334 / Time: 0h:1m:54s (0h:0m:22s left)
Iteration 520 / LogL: -4026.821 / Time: 0h:1m:57s (0h:0m:19s left)
Iteration 530 / LogL: -4034.996 / Time: 0h:2m:0s (0h:0m:17s left)
Iteration 540 / LogL: -4031.782 / Time: 0h:2m:3s (0h:0m:15s left)
Iteration 550 / LogL: -4029.596 / Time: 0h:2m:5s (0h:0m:13s left)
Log-likelihood cutoff on original alignment: -4061.785
Iteration 560 / LogL: -4034.213 / Time: 0h:2m:8s (0h:0m:11s left)
Iteration 570 / LogL: -4026.819 / Time: 0h:2m:11s (0h:0m:8s left)
Iteration 580 / LogL: -4032.815 / Time: 0h:2m:14s (0h:0m:6s left)
Iteration 590 / LogL: -4027.205 / Time: 0h:2m:17s (0h:0m:4s left)
Iteration 600 / LogL: -4026.815 / Time: 0h:2m:20s (0h:0m:1s left)
Log-likelihood cutoff on original alignment: -4061.785
NOTE: Bootstrap correlation coefficient of split occurrence frequencies: 0.978
NOTE: UFBoot does not converge, continue at least 100 more iterations
Iteration 610 / LogL: -4026.815 / Time: 0h:2m:23s (0h:0m:21s left)
Iteration 620 / LogL: -4033.371 / Time: 0h:2m:26s (0h:0m:18s left)
BETTER TREE FOUND at iteration 622: -4026.813
BETTER TREE FOUND at iteration 629: -4026.812
Iteration 630 / LogL: -4034.205 / Time: 0h:2m:29s (0h:0m:23s left)
Iteration 640 / LogL: -4026.816 / Time: 0h:2m:32s (0h:0m:21s left)
Iteration 650 / LogL: -4039.364 / Time: 0h:2m:35s (0h:0m:18s left)
Log-likelihood cutoff on original alignment: -4061.785
Iteration 660 / LogL: -4026.815 / Time: 0h:2m:38s (0h:0m:16s left)
Iteration 670 / LogL: -4039.661 / Time: 0h:2m:42s (0h:0m:14s left)
Iteration 680 / LogL: -4035.820 / Time: 0h:2m:45s (0h:0m:11s left)
Iteration 690 / LogL: -4058.181 / Time: 0h:2m:48s (0h:0m:9s left)
Iteration 700 / LogL: -4035.431 / Time: 0h:2m:51s (0h:0m:7s left)
Log-likelihood cutoff on original alignment: -4062.257
NOTE: Bootstrap correlation coefficient of split occurrence frequencies: 0.967
NOTE: UFBoot does not converge, continue at least 100 more iterations
Iteration 710 / LogL: -4032.521 / Time: 0h:2m:55s (0h:0m:22s left)
BETTER TREE FOUND at iteration 717: -4026.812
Iteration 720 / LogL: -4026.817 / Time: 0h:2m:58s (0h:0m:24s left)
Iteration 730 / LogL: -4030.499 / Time: 0h:3m:1s (0h:0m:21s left)
Iteration 740 / LogL: -4026.813 / Time: 0h:3m:5s (0h:0m:19s left)
Iteration 750 / LogL: -4026.816 / Time: 0h:3m:8s (0h:0m:16s left)
Log-likelihood cutoff on original alignment: -4062.257
Iteration 760 / LogL: -4026.820 / Time: 0h:3m:12s (0h:0m:14s left)
Iteration 770 / LogL: -4031.395 / Time: 0h:3m:16s (0h:0m:11s left)
Iteration 780 / LogL: -4027.202 / Time: 0h:3m:20s (0h:0m:9s left)
Iteration 790 / LogL: -4043.450 / Time: 0h:3m:23s (0h:0m:6s left)
Iteration 800 / LogL: -4027.205 / Time: 0h:3m:26s (0h:0m:4s left)
Log-likelihood cutoff on original alignment: -4062.542
NOTE: Bootstrap correlation coefficient of split occurrence frequencies: 0.969
NOTE: UFBoot does not converge, continue at least 100 more iterations
Iteration 810 / LogL: -4080.872 / Time: 0h:3m:30s (0h:0m:23s left)
Iteration 820 / LogL: -4031.235 / Time: 0h:3m:34s (0h:0m:20s left)
Iteration 830 / LogL: -4026.817 / Time: 0h:3m:38s (0h:0m:18s left)
Iteration 840 / LogL: -4029.594 / Time: 0h:3m:41s (0h:0m:15s left)
Iteration 850 / LogL: -4026.816 / Time: 0h:3m:45s (0h:0m:13s left)
Log-likelihood cutoff on original alignment: -4062.542
Iteration 860 / LogL: -4058.121 / Time: 0h:3m:49s (0h:0m:10s left)
Iteration 870 / LogL: -4233.868 / Time: 0h:3m:53s (0h:0m:8s left)
Iteration 880 / LogL: -4026.817 / Time: 0h:3m:57s (0h:0m:5s left)
Iteration 890 / LogL: -4037.671 / Time: 0h:4m:1s (0h:0m:2s left)
Iteration 900 / LogL: -4227.334 / Time: 0h:4m:4s (0h:0m:0s left)
Log-likelihood cutoff on original alignment: -4063.191
NOTE: Bootstrap correlation coefficient of split occurrence frequencies: 0.971
NOTE: UFBoot does not converge, continue at least 100 more iterations
Iteration 910 / LogL: -4244.845 / Time: 0h:4m:9s (0h:0m:24s left)
Iteration 920 / LogL: -4027.206 / Time: 0h:4m:13s (0h:0m:22s left)
Iteration 930 / LogL: -4036.012 / Time: 0h:4m:17s (0h:0m:19s left)
Iteration 940 / LogL: -4026.814 / Time: 0h:4m:21s (0h:0m:16s left)
Iteration 950 / LogL: -4026.819 / Time: 0h:4m:26s (0h:0m:14s left)
Log-likelihood cutoff on original alignment: -4063.713
Iteration 960 / LogL: -4026.814 / Time: 0h:4m:30s (0h:0m:11s left)
Iteration 970 / LogL: -4026.817 / Time: 0h:4m:35s (0h:0m:8s left)
Iteration 980 / LogL: -4026.814 / Time: 0h:4m:39s (0h:0m:5s left)
Iteration 990 / LogL: -4089.480 / Time: 0h:4m:43s (0h:0m:2s left)
Iteration 1000 / LogL: -4026.815 / Time: 0h:4m:47s (0h:0m:0s left)
Log-likelihood cutoff on original alignment: -4064.463
NOTE: Bootstrap correlation coefficient of split occurrence frequencies: 0.975
NOTE: UFBoot does not converge, continue at least 100 more iterations
WARNING: bootstrap analysis did not converge. You should rerun with higher number of iterations (-nm option)
TREE SEARCH COMPLETED AFTER 1001 ITERATIONS / Time: 0h:4m:48s

--------------------------------------------------------------------
|                    FINALIZING TREE SEARCH                        |
--------------------------------------------------------------------
Performs final model parameters optimization
Estimate model parameters (epsilon = 0.010)
1. Initial log-likelihood: -4026.812
Optimal log-likelihood: -4026.812
Rate parameters:  A-C: 1.00000  A-G: 10.20504  A-T: 1.00000  C-G: 1.00000  C-T: 10.20504  G-T: 1.00000
Base frequencies:  A: 0.299  C: 0.176  G: 0.266  T: 0.260
Gamma shape alpha: 0.338
Parameters optimization took 1 rounds (0.010 sec)
BEST SCORE FOUND : -4026.812
Creating bootstrap support values...
Split supports printed to NEXUS file clade2344b_asia_N8_subsampled.fasta.splits.nex
Total tree length: 0.211

Total number of iterations: 1001
CPU time used for tree search: 511.888 sec (0h:8m:31s)
Wall-clock time used for tree search: 273.883 sec (0h:4m:33s)
Total CPU time used: 541.285 sec (0h:9m:1s)
Total wall-clock time used: 289.371 sec (0h:4m:49s)

Computing bootstrap consensus tree...
Reading input file clade2344b_asia_N8_subsampled.fasta.splits.nex...
126 taxa and 4796 splits.
Consensus tree written to clade2344b_asia_N8_subsampled.fasta.contree
Reading input trees file clade2344b_asia_N8_subsampled.fasta.contree
Log-likelihood of consensus tree: -4026.831

Analysis results written to: 
  IQ-TREE report:                clade2344b_asia_N8_subsampled.fasta.iqtree
  Maximum-likelihood tree:       clade2344b_asia_N8_subsampled.fasta.treefile
  Likelihood distances:          clade2344b_asia_N8_subsampled.fasta.mldist

Ultrafast bootstrap approximation results written to:
  Split support values:          clade2344b_asia_N8_subsampled.fasta.splits.nex
  Consensus tree:                clade2344b_asia_N8_subsampled.fasta.contree
  Screen log file:               clade2344b_asia_N8_subsampled.fasta.log

Date and Time: Wed Jan 10 23:03:31 2024
