IQ-TREE multicore version 1.6.12 for Mac OS X 64-bit built Aug 15 2019
Developed by Bui Quang Minh, Nguyen Lam Tung, Olga Chernomor,
Heiko Schmidt, Dominik Schrempf, Michael Woodhams.

Host:    sce-bio-c05393 (AVX2, FMA3, 16 GB RAM)
Command: iqtree -s clade2344b_asia_N2_subsampled.fasta -nt AUTO -m HKY+G4 -bb 1000
Seed:    672955 (Using SPRNG - Scalable Parallel Random Number Generator)
Time:    Wed Jan 10 22:57:52 2024
Kernel:  AVX+FMA - auto-detect threads (6 CPU cores detected)

Reading alignment file clade2344b_asia_N2_subsampled.fasta ... Fasta format detected
Alignment most likely contains DNA/RNA sequences
Alignment has 7 sequences with 1389 columns, 57 distinct patterns
51 parsimony-informative, 67 singleton sites, 1271 constant sites
                                                           Gap/Ambiguity  Composition  p-value
   1  H5N2.EPI_ISL_1760455.Anseriformes.china.286.2020-11-10       0.00%    passed     99.58%
   2  H5N2.EPI_ISL_china_8.Anseriformes.china.101.2021-12-29       0.07%    passed     99.09%
   3  H5N2.EPI_ISL_3204257.Anseriformes.china.NA.2018-12-20        0.00%    passed     97.45%
   4  H6N2.EPI_ISL_462613.Anseriformes.china.NA.2019-11-19         0.00%    passed     96.07%
   5  H9N2.EPI_ISL_9593365.Anseriformes.iran.NA.2019-10-01         0.00%    passed     99.54%
   6  H4N2.EPI_ISL_18287397.Anseriformes.thailand.NA.2018-11-01    0.00%    passed     98.73%
   7  NA.EPI_ISL_209117.Anseriformes.mongolia.NA.2015-08-30        0.00%    passed     99.25%
****  TOTAL                                                        0.01%  0 sequences failed composition chi2 test (p-value<5%; df=3)

Create initial parsimony tree by phylogenetic likelihood library (PLL)... 0.000 seconds
Generating 1000 samples for ultrafast bootstrap (seed: 672955)...

NOTE: 0 MB RAM (0 GB) is required!
Measuring multi-threading efficiency up to 6 CPU cores
Increase to 10 rounds for branch lengths
16714 trees examined
Threads: 1 / Time: 6.000 sec / Speedup: 1.000 / Efficiency: 100% / LogL: -3082
Threads: 2 / Time: 5.692 sec / Speedup: 1.054 / Efficiency: 53% / LogL: -3082
Threads: 3 / Time: 5.911 sec / Speedup: 1.015 / Efficiency: 34% / LogL: -3082
BEST NUMBER OF THREADS: 2

Estimate model parameters (epsilon = 0.100)
1. Initial log-likelihood: -2765.158
2. Current log-likelihood: -2658.684
3. Current log-likelihood: -2658.363
Optimal log-likelihood: -2658.356
Rate parameters:  A-C: 1.00000  A-G: 77.90450  A-T: 1.00000  C-G: 1.00000  C-T: 77.90450  G-T: 1.00000
Base frequencies:  A: 0.311  C: 0.186  G: 0.239  T: 0.264
Gamma shape alpha: 0.162
Parameters optimization took 3 rounds (0.001 sec)
Computing ML distances based on estimated model parameters... 0.001 sec
Computing BIONJ tree...
0.008 seconds
Log-likelihood of BIONJ tree: -2658.356
--------------------------------------------------------------------
|             INITIALIZING CANDIDATE TREE SET                      |
--------------------------------------------------------------------
Generating 99 parsimony trees... 0.012 second
Computing log-likelihood of 46 initial trees ... 0.009 seconds
Current best score: -2658.356

Do NNI search on 20 best initial trees
Estimate model parameters (epsilon = 0.100)
BETTER TREE FOUND at iteration 1: -2658.349
Iteration 10 / LogL: -2667.380 / Time: 0h:0m:17s
UPDATE BEST LOG-LIKELIHOOD: -2658.349
Iteration 20 / LogL: -2658.350 / Time: 0h:0m:17s
Finish initializing candidate tree set (2)
Current best tree score: -2658.349 / CPU time: 0.051
Number of iterations: 20
--------------------------------------------------------------------
|               OPTIMIZING CANDIDATE TREE SET                      |
--------------------------------------------------------------------
UPDATE BEST LOG-LIKELIHOOD: -2658.349
UPDATE BEST LOG-LIKELIHOOD: -2658.349
Iteration 30 / LogL: -2658.349 / Time: 0h:0m:17s (0h:0m:43s left)
Iteration 40 / LogL: -2658.349 / Time: 0h:0m:17s (0h:0m:27s left)
UPDATE BEST LOG-LIKELIHOOD: -2658.349
UPDATE BEST LOG-LIKELIHOOD: -2658.349
Iteration 50 / LogL: -2658.349 / Time: 0h:0m:17s (0h:0m:18s left)
Log-likelihood cutoff on original alignment: -2674.963
UPDATE BEST LOG-LIKELIHOOD: -2658.349
UPDATE BEST LOG-LIKELIHOOD: -2658.349
Iteration 60 / LogL: -2658.349 / Time: 0h:0m:17s (0h:0m:12s left)
UPDATE BEST LOG-LIKELIHOOD: -2658.349
UPDATE BEST LOG-LIKELIHOOD: -2658.349
UPDATE BEST LOG-LIKELIHOOD: -2658.349
Iteration 70 / LogL: -2658.349 / Time: 0h:0m:17s (0h:0m:8s left)
UPDATE BEST LOG-LIKELIHOOD: -2658.349
Iteration 80 / LogL: -2658.349 / Time: 0h:0m:17s (0h:0m:4s left)
UPDATE BEST LOG-LIKELIHOOD: -2658.349
Iteration 90 / LogL: -2658.349 / Time: 0h:0m:17s (0h:0m:2s left)
UPDATE BEST LOG-LIKELIHOOD: -2658.349
Iteration 100 / LogL: -2658.349 / Time: 0h:0m:17s (0h:0m:0s left)
Log-likelihood cutoff on original alignment: -2675.253
NOTE: Bootstrap correlation coefficient of split occurrence frequencies: 0.999
TREE SEARCH COMPLETED AFTER 102 ITERATIONS / Time: 0h:0m:17s

--------------------------------------------------------------------
|                    FINALIZING TREE SEARCH                        |
--------------------------------------------------------------------
Performs final model parameters optimization
Estimate model parameters (epsilon = 0.010)
1. Initial log-likelihood: -2658.349
Optimal log-likelihood: -2658.342
Rate parameters:  A-C: 1.00000  A-G: 77.74042  A-T: 1.00000  C-G: 1.00000  C-T: 77.74042  G-T: 1.00000
Base frequencies:  A: 0.311  C: 0.186  G: 0.239  T: 0.264
Gamma shape alpha: 0.162
Parameters optimization took 1 rounds (0.000 sec)
BEST SCORE FOUND : -2658.342
Creating bootstrap support values...
Split supports printed to NEXUS file clade2344b_asia_N2_subsampled.fasta.splits.nex
Total tree length: 0.104

Total number of iterations: 102
CPU time used for tree search: 0.861 sec (0h:0m:0s)
Wall-clock time used for tree search: 0.358 sec (0h:0m:0s)
Total CPU time used: 36.495 sec (0h:0m:36s)
Total wall-clock time used: 18.003 sec (0h:0m:18s)

Computing bootstrap consensus tree...
Reading input file clade2344b_asia_N2_subsampled.fasta.splits.nex...
7 taxa and 21 splits.
Consensus tree written to clade2344b_asia_N2_subsampled.fasta.contree
Reading input trees file clade2344b_asia_N2_subsampled.fasta.contree
Log-likelihood of consensus tree: -2658.343

Analysis results written to: 
  IQ-TREE report:                clade2344b_asia_N2_subsampled.fasta.iqtree
  Maximum-likelihood tree:       clade2344b_asia_N2_subsampled.fasta.treefile
  Likelihood distances:          clade2344b_asia_N2_subsampled.fasta.mldist

Ultrafast bootstrap approximation results written to:
  Split support values:          clade2344b_asia_N2_subsampled.fasta.splits.nex
  Consensus tree:                clade2344b_asia_N2_subsampled.fasta.contree
  Screen log file:               clade2344b_asia_N2_subsampled.fasta.log

Date and Time: Wed Jan 10 22:58:10 2024
