IQ-TREE multicore version 1.6.12 for Mac OS X 64-bit built Aug 15 2019
Developed by Bui Quang Minh, Nguyen Lam Tung, Olga Chernomor,
Heiko Schmidt, Dominik Schrempf, Michael Woodhams.

Host:    sce-bio-c05393 (AVX2, FMA3, 16 GB RAM)
Command: iqtree -s clade2344b_asia_PB2_subsampled.fasta -nt AUTO -m HKY+G4 -bb 1000
Seed:    989895 (Using SPRNG - Scalable Parallel Random Number Generator)
Time:    Wed Jan 10 23:17:47 2024
Kernel:  AVX+FMA - auto-detect threads (6 CPU cores detected)

Reading alignment file clade2344b_asia_PB2_subsampled.fasta ... Fasta format detected
Alignment most likely contains DNA/RNA sequences
Alignment has 219 sequences with 2280 columns, 872 distinct patterns
818 parsimony-informative, 107 singleton sites, 1355 constant sites
                                                                 Gap/Ambiguity  Composition  p-value
   1  H5N8.EPI_ISL_681274.Galliformes.japan.10.2020-11-19                0.00%    passed     94.06%
   2  H5N8.EPI_ISL_732930.Galliformes.japan.16.2020-12-13                0.00%    passed     94.46%
   3  H5N8.EPI_ISL_732933.Galliformes.japan.16.2020-12-15                0.00%    passed     95.45%
   4  H5N8.EPI_ISL_732938.Galliformes.japan.16.2020-12-13                0.00%    passed     92.42%
   5  H5N8.EPI_ISL_732939.Galliformes.japan.16.2020-12-13                0.00%    passed     93.95%
   6  H5N8.EPI_ISL_732943.Galliformes.japan.16.2020-12-12                0.00%    passed     93.32%
   7  H5N8.EPI_ISL_732946.Galliformes.japan.16.2020-12-12                0.00%    passed     91.95%
   8  H5N8.EPI_ISL_1041131.Galliformes.japan.1.2021-02-10                0.00%    passed     95.51%
   9  H5N8.EPI_ISL_1041137.Anseriformes.japan.1.2021-01-23               0.04%    passed     96.17%
  10  H5N8.EPI_ISL_1041172.Accipitriformes.japan.16.2021-02-10           0.00%    passed     99.47%
  11  H5N8.EPI_ISL_1041176.Strigiformes.japan.10.2021-02-16              0.00%    passed     92.84%
  12  H5N8.EPI_ISL_1041177.Falconiformes.japan.10.2021-02-15             0.00%    passed     95.66%
  13  H5N8.EPI_ISL_1184517.Accipitriformes.japan.16.2021-02-24           0.00%    passed     94.36%
  14  H5N8.EPI_ISL_5260461.Anseriformes.china.1.2021-02-22               0.00%    passed     93.95%
  15  H5N1.EPI_ISL_6829533.Galliformes.japan.22.2021-11-12               0.00%    passed     94.68%
  16  H5N8.EPI_ISL_6829536.Galliformes.japan.1.2021-11-14                0.00%    passed     88.93%
  17  H5N1.EPI_ISL_6959593.Galliformes.south_korea.22.2021-11-08         0.00%    passed     97.08%
  18  H5N6.EPI_ISL_7983813.NA.china.73.2021-12-22                        0.00%    passed     51.97%
  19  H5N8.EPI_ISL_759853.Galliformes.japan.10.2020-12-23                0.00%    passed     97.52%
  20  H5N8.EPI_ISL_854595.Galliformes.japan.10.2021-01-10                0.00%    passed     98.08%
  21  H5N8.EPI_ISL_854607.Galliformes.japan.16.2021-01-12                0.00%    passed     91.46%
  22  H5N8.EPI_ISL_854610.Galliformes.japan.16.2020-12-29                0.00%    passed     92.42%
  23  H5N8.EPI_ISL_985200.Anseriformes.south_korea.79.2020-12-22         0.00%    passed     99.78%
  24  H5N8.EPI_ISL_985209.Galliformes.south_korea.79.2020-12-28          0.00%    passed     99.72%
  25  H5N8.EPI_ISL_985233.Anseriformes.japan.10.2021-02-08               0.00%    passed     95.66%
  26  H5N8.EPI_ISL_1009697.NA.south_korea.16.2020-11-23                  0.00%    passed     93.03%
  27  H5N8.EPI_ISL_1009701.Anseriformes.south_korea.16.2020-11-26        0.00%    passed     93.95%
  28  H5N8.EPI_ISL_1063533.Anseriformes.japan.16.2020-12-22              0.04%    passed     97.21%
  29  H5N8.EPI_ISL_1273414.Galliformes.japan.10.2021-02-01               0.00%    passed     94.36%
  30  H5N8.EPI_ISL_1273415.Galliformes.japan.10.2021-02-01               0.00%    passed     94.22%
  31  H5N8.EPI_ISL_1273439.Galliformes.japan.16.2021-03-13               0.00%    passed     94.46%
  32  H5N2.EPI_ISL_1760455.Anseriformes.china.286.2020-11-10             0.00%    passed     83.23%
  33  H5N8.EPI_ISL_1939617.Strigiformes.china.1.2020-11-11               0.00%    passed     96.11%
  34  H5N8.EPI_ISL_2820262.Anseriformes.china.10.2020-10-16              0.00%    passed     94.39%
  35  H5N8.EPI_ISL_4061713.Anseriformes.japan.10.2021-02-08              0.00%    passed     97.54%
  36  H5N8.EPI_ISL_5863491.Anseriformes.united_states.1.2020-10-06       0.00%    passed     95.35%
  37  H5N3.EPI_ISL_5863749.Anseriformes.united_states.289.2020-10-20     0.00%    passed     95.35%
  38  H5N6.EPI_ISL_6772736.Galliformes.china.127.2021-08                 0.00%    passed     73.78%
  39  H5N8.EPI_ISL_1273441.Accipitriformes.japan.10.2021-03-03           0.00%    passed     95.66%
  40  H5N8.EPI_ISL_2932600.Anseriformes.kazakhstan.1.2020-09-01          0.00%    passed     95.05%
  41  H5N8.EPI_ISL_978915.Anseriformes.japan.1.2021-02-01                0.00%    passed     92.14%
  42  H5N8.EPI_ISL_2932617.Passeriformes.kazakhstan.1.2020-09-15         0.04%    passed     94.98%
  43  H5N8.EPI_ISL_978909.Galliformes.japan.16.2021-01-22                0.00%    passed     95.23%
  44  H5N8.EPI_ISL_978903.Galliformes.japan.1.2021-01-30                 0.00%    passed     93.95%
  45  H5N8.EPI_ISL_978895.Galliformes.japan.1.2021-02-05                 0.00%    passed     94.92%
  46  H5N8.EPI_ISL_7458702.Anseriformes.china.1.2021-03                  0.00%    passed     94.19%
  47  H5N8.EPI_ISL_2932682.Columbiformes.kazakhstan.1.2020-09-15         0.00%    passed     95.70%
  48  H5N8.EPI_ISL_2932616.Galliformes.kazakhstan.1.2020-09-19           0.00%    passed     96.66%
  49  H5N1.EPI_ISL_11633613.Anseriformes.china.19.2021-12-20             0.00%    passed     99.60%
  50  H5N8.EPI_ISL_14823549.Anseriformes.china.1.2020-11-05              0.00%    passed     96.66%
  51  H5N8.EPI_ISL_14823811.Anseriformes.china.1.2020-11-08              0.00%    passed     93.73%
  52  H5N8.EPI_ISL_14835976.Anseriformes.china.1.2020-11-13              0.00%    passed     98.04%
  53  H5N8.EPI_ISL_14836077.Anseriformes.china.1.2020-11-14              0.00%    passed     97.57%
  54  H5N8.EPI_ISL_14836079.Anseriformes.china.1.2020-11-16              0.00%    passed     93.34%
  55  H5N6.EPI_ISL_8517996.environment.china.73.2021-12-23               0.00%    passed     51.97%
  56  H5N6.EPI_ISL_8517998.environment.china.73.2021-12-23               0.00%    passed     49.33%
  57  H5N6.EPI_ISL_8518000.environment.china.73.2021-12-23               0.00%    passed     46.19%
  58  H5N1.EPI_ISL_12174842.Carnivora.japan.2.2022-03-31                 0.00%    passed     94.71%
  59  H5N1.EPI_ISL_12572653.Galliformes.china.110.2021-12-07             0.00%    passed     95.97%
  60  H5N1.EPI_ISL_12572656.Anseriformes.china.22.2022-02-22             0.00%    passed     97.84%
  61  H5N1.EPI_ISL_12572658.Anseriformes.china.110.2022-01-10            0.00%    passed     97.09%
  62  H5N1.EPI_ISL_12572660.Anseriformes.china.110.2021-12-08            0.00%    passed     94.96%
  63  H5N1.EPI_ISL_12572663.Columbiformes.china.110.2021-12-08           0.00%    passed     94.96%
  64  H5N1.EPI_ISL_14886675.Anseriformes.bangladesh.19.2021-12-19        0.00%    passed     79.63%
  65  H5N8.EPI_ISL_15435500.Anseriformes.china.1.2021-01-21              0.00%    passed     98.64%
  66  H5N1.EPI_ISL_15943015.NA.south_korea.128.2022-11-07                0.00%    passed     97.98%
  67  H5N6.EPI_ISL_8518268.Galliformes.china.73.2021-12-23               0.00%    passed     51.97%
  68  H5N8.EPI_ISL_13295077.Anseriformes.canada.81.2021-09-16            0.13%    passed     87.22%
  69  H5N1.EPI_ISL_14064698.Passeriformes.japan.2.2022-02-03             0.00%    passed     94.71%
  70  H5N8.EPI_ISL_14822549.Anseriformes.china.1.2021-05-18              0.04%    passed     92.64%
  71  H5N1.EPI_ISL_15944665.Anseriformes.south_korea.128.2022-11-17      0.00%    passed     96.64%
  72  H5N1.EPI_ISL_15944667.Anseriformes.south_korea.128.2022-11-21      0.39%    passed     98.94%
  73  H5N8.EPI_ISL_14770164.Gruiformes.china.1.2020-12-31                0.00%    passed     94.92%
  74  H5N1.EPI_ISL_15072540.Passeriformes.japan.2.2022-05-18             0.00%    passed     95.21%
  75  H5N1.EPI_ISL_15072539.Casuariiformes.japan.2.2022-04-16            0.00%    passed     95.21%
  76  H5N8.EPI_ISL_16405651.environment.japan.10.2020-11-09              0.00%    passed     94.39%
  77  H5N8.EPI_ISL_16405654.environment.japan.10.2020-11-09              0.00%    passed     95.53%
  78  H5N8.EPI_ISL_16405662.environment.japan.10.2020-11-30              0.00%    passed     95.66%
  79  H5N8.EPI_ISL_16405675.environment.japan.10.2020-12-21              0.00%    passed     92.68%
  80  H5N8.EPI_ISL_16405676.environment.japan.10.2020-12-21              0.00%    passed     98.71%
  81  H5N8.EPI_ISL_16405677.environment.japan.10.2020-12-21              0.00%    passed     95.44%
  82  H5N8.EPI_ISL_16405678.environment.japan.10.2020-12-21              0.00%    passed     94.46%
  83  H5N1.EPI_ISL_17638143.Galliformes.japan.80.2023-04-02              0.00%    passed     92.29%
  84  H5N8.EPI_ISL_17760581.Anseriformes.canada.81.2021-09-16            0.00%    passed     98.00%
  85  H5N8.EPI_ISL_17760582.Anseriformes.canada.81.2021-10-15            0.00%    passed     97.06%
  86  H5N8.EPI_ISL_17805822.NA.japan.16.2021-02-01                       0.00%    passed     91.46%
  87  H5N8.EPI_ISL_17805826.environment.japan.10.2020-11-30              0.00%    passed     94.36%
  88  H5N8.EPI_ISL_17805837.environment.japan.10.2020-11-16              0.00%    passed     96.65%
  89  H5N8.EPI_ISL_17805860.environment.japan.10.2020-11-16              0.00%    passed     95.66%
  90  H5N8.EPI_ISL_17805882.NA.japan.10.2021-02-03                       0.00%    passed     93.09%
  91  H5N8.EPI_ISL_17805901.NA.japan.10.2020-12-18                       0.00%    passed     89.69%
  92  H5N1.EPI_ISL_16698060.Galliformes.japan.15.2022-11-07              0.00%    passed     99.60%
  93  H5N1.EPI_ISL_16698576.Gruiformes.japan.2.2022-11-20                0.00%    passed     95.21%
  94  H5N1.EPI_ISL_16698579.Charadriiformes.japan.2.2022-11-06           0.00%    passed     93.13%
  95  H5N8.EPI_ISL_16718460.Accipitriformes.japan.16.2021-02-01          0.00%    passed     91.46%
  96  H5N8.EPI_ISL_16718463.Gruiformes.japan.10.2021-02-05               0.00%    passed     93.09%
  97  H5N8.EPI_ISL_16718465.Gruiformes.japan.1.2021-01-16                0.09%    passed     94.56%
  98  H5N8.EPI_ISL_16718466.Anseriformes.japan.10.2020-12-18             0.00%    passed     89.69%
  99  H5N1.EPI_ISL_16955829.Accipitriformes.japan.2.2022-11-23           0.00%    passed     96.49%
 100  H5N1.EPI_ISL_17075747.NA.china.19.2023-02-10                       0.09%    passed     94.78%
 101  H5N1.EPI_ISL_17267420.Galliformes.japan.2.2022-11-06               0.00%    passed     95.21%
 102  H5N1.EPI_ISL_17316075.Passeriformes.japan.15.2023-02-04            0.00%    passed     98.66%
 103  H5N1.EPI_ISL_17316489.Passeriformes.japan.15.2023-03-13            0.00%    passed     99.18%
 104  H5N1.EPI_ISL_17317372.Passeriformes.japan.15.2022-12-18            0.00%    passed     98.90%
 105  H5N1.EPI_ISL_17606825.Galliformes.south_korea.22.2021-12-04        0.00%    passed     96.09%
 106  H5N1.EPI_ISL_17606829.Anseriformes.south_korea.22.2021-12-13       0.00%    passed     97.08%
 107  H5N1.EPI_ISL_17606842.Galliformes.south_korea.22.2022-01-21        0.00%    passed     96.49%
 108  H5N1.EPI_ISL_17606846.Galliformes.south_korea.22.2022-01-30        0.00%    passed     97.08%
 109  H5N1.EPI_ISL_17766057.Carnivora.japan.15.2023-04-12                0.00%    passed     98.84%
 110  H5N6.EPI_ISL_china_1.Galliformes.china.314.2022-02-28              0.04%    passed     36.23%
 111  H5N8.EPI_ISL_china_2.Galliformes.china.1.2021-05-31                6.36%    passed     86.01%
 112  H5N2.EPI_ISL_china_12.Anseriformes.china.101.2022-01-26            0.00%    passed     94.63%
 113  H5N1.EPI_ISL_china_18.NA.china.80.2023-01-01                       0.00%    passed     92.09%
 114  H5N1.EPI_ISL_china_26.Podicipediformes.china.19.2022-07-15         0.00%    passed     94.23%
 115  H5N1.EPI_ISL_china_33.Charadriiformes.china.19.2022-07-22          0.00%    passed     98.32%
 116  H5N1.EPI_ISL_china_40.Podicipediformes.china.19.2022-07-21         0.00%    passed     98.32%
 117  H5N1.EPI_ISL_china_2023082.Anseriformes.china.19.2021-11-04        0.00%    passed     98.06%
 118  H5N1.EPI_ISL_china_2023083.Anseriformes.china.19.2021-11-04        0.00%    passed     97.55%
 119  H5N1.EPI_ISL_china_20230827.Anseriformes.china.19.2021-11-22       0.00%    passed     99.55%
 120  H5N1.EPI_ISL_china_20230832.Anseriformes.china.2.2021-10-20        0.00%    passed     94.71%
 121  H5N1.EPI_ISL_china_20230833.Anseriformes.china.22.2021-10-15       0.00%    passed     97.08%
 122  H5N1.EPI_ISL_china_20230839.Anseriformes.china.22.2021-10-16       0.00%    passed     96.02%
 123  H5N1.EPI_ISL_china_20230842.Anseriformes.china.19.2021-11-25       0.00%    passed     98.47%
 124  H5N1.EPI_ISL_china_20230852.Anseriformes.china.19.2021-12-02       0.00%    passed     98.32%
 125  H5N1.EPI_ISL_china_20230854.Suliformes.china.19.2021-12-01         0.00%    passed     97.48%
 126  H3N2.EPI_ISL_15723495.environment.china.NA.2018-08-21              0.00%    passed     71.15%
 127  H5N8.EPI_ISL_644155.Galliformes.russia.1.2020-08-17                0.00%    passed     97.96%
 128  H5N8.EPI_ISL_15613488.Anseriformes.japan.NA.2021-01-24             0.00%    passed     94.92%
 129  H5N8.EPI_ISL_644154.Galliformes.russia.1.2020-08-17                0.00%    passed     97.57%
 130  H5N8.EPI_ISL_644127.Anseriformes.russia.1.2020-08-17               0.00%    passed     97.09%
 131  H5N8.EPI_ISL_17086355.environment.japan.NA.2021-02-14              0.00%    passed     93.48%
 132  H5N3.EPI_ISL_7987343.Anseriformes.italy.169.2021-10-29             0.00%    passed     98.08%
 133  H5N1.EPI_ISL_15063431.Galliformes.japan.NA.2022-01-04              0.00%    passed     96.02%
 134  H5N1.EPI_ISL_15063423.Galliformes.japan.NA.2021-11-17              0.00%    passed     95.85%
 135  H5N1.EPI_ISL_17371283.Anseriformes.indonesia.NA.2022-04-04         0.00%    passed     91.20%
 136  H5N1.EPI_ISL_15063429.Galliformes.japan.NA.2021-11-13              0.00%    passed     93.79%
 137  H5N1.EPI_ISL_11922818.Anseriformes.romania.143.2022-02-09          0.00%    passed     98.38%
 138  H5N1.EPI_ISL_7987338.Galliformes.italy.142.2021-10-11              0.00%    passed     97.35%
 139  H5N8.EPI_ISL_17086350.Galliformes.japan.NA.2021-02-11              0.00%    passed     95.51%
 140  H5N1.EPI_ISL_18373246.Pelecaniformes.south_korea.NA.2022-02-15     0.00%    passed     96.49%
 141  H3N8.EPI_ISL_243486.Charadriiformes.netherlands.NA.2010-10-09      0.00%    passed     93.48%
 142  H5N1.EPI_ISL_15878544.Galliformes.spain.3.2022-09-09               0.00%    passed     88.97%
 143  H5N1.EPI_ISL_16881186.Anseriformes.netherlands.308.2023-01-18      0.04%    passed     91.45%
 144  H5N1.EPI_ISL_15878545.Galliformes.spain.3.2022-09-19               0.00%    passed     84.63%
 145  H5N1.EPI_ISL_15542438.NA.spain.3.2022-09-23                        0.00%    passed     84.63%
 146  H6N2.EPI_ISL_9572756.Anseriformes.viet_nam.NA.2020-01-20           0.00%    passed     99.88%
 147  H5N1.EPI_ISL_16243915.Anseriformes.united_states.9.2022-05-16      0.00%    passed     68.14%
 148  H5N1.EPI_ISL_18133037.Passeriformes.united_states.NA.2022-04-07    0.00%    passed     67.95%
 149  H5N1.EPI_ISL_17260680.Carnivora.united_states.9.2022-06-06         0.00%    passed     64.48%
 150  H5N1.EPI_ISL_17051393.Pelecaniformes.canada.9.2022-08-12           0.00%    passed     68.19%
 151  H5N1.EPI_ISL_17051343.Pelecaniformes.canada.NA.2022-06-02          0.00%    passed     68.19%
 152  H5N1.EPI_ISL_16244005.Galliformes.united_states.9.2022-05-17       0.00%    passed     68.19%
 153  H5N1.EPI_ISL_16240224.Galliformes.united_states.9.2022-05-09       0.00%    passed     69.37%
 154  H5N1.EPI_ISL_16189912.Strigiformes.canada.9.2022-04-28             0.00%    passed     70.38%
 155  H5N1.EPI_ISL_18133093.Passeriformes.united_states.NA.2022-04-25    0.00%    passed     68.14%
 156  H5N1.EPI_ISL_18133033.Passeriformes.united_states.NA.2022-04-21    0.00%    passed     67.62%
 157  H5N1.EPI_ISL_13352716.Anseriformes.china.NA.2021-12-17             0.00%    passed     97.48%
 158  H5N8.EPI_ISL_17086336.Galliformes.japan.NA.2021-01-02              0.00%    passed     94.36%
 159  H5N8.EPI_ISL_4030493.environment.japan.NA.2020-12-09               0.00%    passed     96.66%
 160  H5N1.EPI_ISL_18284461.Galliformes.japan.NA.2022-10-28              0.00%    passed     99.60%
 161  H3N8.EPI_ISL_239583.Anseriformes.japan.NA.2016-10-05               0.00%    passed     98.41%
 162  H7N7.EPI_ISL_240610.Anseriformes.japan.NA.2016-12-14               0.00%    passed     99.63%
 163  H9N2.EPI_ISL_1760456.Anseriformes.china.NA.2020-11-10              0.00%    passed     83.82%
 164  H7N7.EPI_ISL_12627551.NA.china.NA.2020-03-15                       0.00%    passed     94.77%
 165  H5N1.EPI_ISL_18066453.Passeriformes.japan.NA.2023-02-17            0.00%    passed     98.84%
 166  H5N1.EPI_ISL_18066451.Anseriformes.japan.NA.2023-02-09             0.00%    passed     98.84%
 167  H5N1.EPI_ISL_17857959.Carnivora.japan.NA.2023-02-20                0.00%    passed     98.90%
 168  H5N1.EPI_ISL_18007230.Passeriformes.japan.NA.2023-04-18            0.00%    passed     99.18%
 169  H6N1.EPI_ISL_11112543.Anseriformes.south_korea.NA.2017-03-14       0.00%    passed     98.84%
 170  H5N2.EPI_ISL_3229401.Anseriformes.china.NA.2018-12-20              0.00%    passed     96.13%
 171  H5N8.EPI_ISL_17086225.environment.japan.NA.2020-11-11              0.00%    passed     94.06%
 172  H5N8.EPI_ISL_1399235.Galliformes.czech_republic.1.2021-03-06       0.00%    passed     97.09%
 173  H5N6.EPI_ISL_18231265.Anseriformes.laos.NA.2022-01-18              0.00%    passed     88.23%
 174  H5N6.EPI_ISL_18231307.Galliformes.laos.NA.2022-07-13               0.00%    passed     91.45%
 175  H5N6.EPI_ISL_18231288.environment.laos.NA.2022-07-26               0.00%    passed     93.98%
 176  H5N6.EPI_ISL_18231286.Galliformes.laos.NA.2022-07-13               0.00%    passed     93.98%
 177  H7N9.EPI_ISL_1495970.Galliformes.china.NA.2021-02-10               0.00%    passed     95.73%
 178  H7N9.EPI_ISL_1374067.Galliformes.china.NA.2019-04-01               0.00%    passed     90.71%
 179  H7N9.EPI_ISL_379667.Galliformes.china.NA.2017-05-01                0.00%    passed     97.50%
 180  H5N8.EPI_ISL_15063430.Galliformes.japan.NA.2021-11-15              0.00%    passed     88.93%
 181  H5N8.EPI_ISL_14822426.Anseriformes.china.NA.2021-03-11             0.00%    passed     96.11%
 182  H7N4.EPI_ISL_445051.Charadriiformes.china.NA.2019-04-26            0.00%    passed     99.89%
 183  H5N1.EPI_ISL_18241796.Galliformes.viet_nam.NA.2023-09-05           0.00%    passed     90.65%
 184  H5N1.EPI_ISL_18102700.Carnivora.south_korea.NA.2023-07-04          0.00%    passed     86.73%
 185  H6N5.EPI_ISL_130355.NA.south_korea.NA.2009-11-01                   0.00%    passed     95.35%
 186  H7N7.EPI_ISL_146398.Anseriformes.china.NA.2010-01-01               0.00%    passed     96.94%
 187  H5N8.EPI_ISL_17086221.Accipitriformes.japan.NA.2020-12-20          0.00%    passed     96.65%
 188  H5N8.EPI_ISL_17086340.Galliformes.japan.NA.2021-02-02              0.00%    passed     94.22%
 189  H3N6.EPI_ISL_16390404.environment.japan.NA.2020-12-14              0.00%    passed     94.22%
 190  H4N6.EPI_ISL_13418524.environment.japan.NA.2019-12-23              0.00%    passed     94.46%
 191  H5N8.EPI_ISL_525455.Anseriformes.poland.10.2020-02-24              0.00%    passed     96.97%
 192  H5N8.EPI_ISL_525440.Galliformes.poland.10.2020-01-02               0.00%    passed     96.97%
 193  H5N8.EPI_ISL_17086337.environment.japan.NA.2021-01-13              0.00%    passed     93.03%
 194  H5N8.EPI_ISL_15613491.Anseriformes.japan.NA.2021-01-24             0.00%    passed     90.34%
 195  H5N8.EPI_ISL_17086354.Anseriformes.japan.NA.2021-01-29             0.00%    passed     95.23%
 196  H5N8.EPI_ISL_17086333.environment.japan.NA.2020-12-12              0.00%    passed     91.95%
 197  H5N8.EPI_ISL_17086230.environment.japan.NA.2020-12-06              0.00%    passed     93.29%
 198  H5N8.EPI_ISL_17086353.environment.japan.NA.2021-03-13              0.00%    passed     94.46%
 199  H5N8.EPI_ISL_17086303.environment.japan.NA.2020-12-10              0.00%    passed     93.95%
 200  H5N8.EPI_ISL_17086227.environment.japan.NA.2020-11-25              0.00%    passed     93.95%
 201  H5N8.EPI_ISL_17086349.Galliformes.japan.NA.2021-02-08              0.00%    passed     94.11%
 202  H5N8.EPI_ISL_14819899.Anseriformes.china.NA.2021-03-09             0.00%    passed     95.70%
 203  H5N8.EPI_ISL_8215659.Anseriformes.china.NA.2021-05-15              0.00%    passed     92.71%
 204  H5N8.EPI_ISL_15433349.Anseriformes.china.NA.2021-01-21             0.00%    passed     98.64%
 205  H5N8.EPI_ISL_8215654.Anseriformes.china.NA.2021-05-15              0.00%    passed     94.19%
 206  H5N8.EPI_ISL_8215687.Charadriiformes.china.NA.2021-05-17           0.00%    passed     92.34%
 207  H5N8.EPI_ISL_1039240.Galliformes.russia.1.2020-12-12               0.00%    passed     95.06%
 208  H5N8.EPI_ISL_1038924.NA.russia.1.2020-12-12                        0.00%    passed     95.06%
 209  H5N8.EPI_ISL_1080480.Anseriformes.czech_republic.1.2021-02-14      0.04%    passed     97.19%
 210  H5N8.EPI_ISL_8215658.Anseriformes.china.NA.2021-05-15              0.00%    passed     93.10%
 211  H5N1.EPI_ISL_18373256.Anseriformes.south_korea.NA.2022-03-11       0.00%    passed     95.85%
 212  H5N1.EPI_ISL_18373247.Gruiformes.south_korea.NA.2022-02-25         0.00%    passed     95.99%
 213  H5N1.EPI_ISL_18373261.Anseriformes.south_korea.NA.2022-03-24       0.00%    passed     97.21%
 214  H10N9.EPI_ISL_13985211.Pelecaniformes.china.NA.2020-09-27          0.00%    passed     99.79%
 215  H10N9.EPI_ISL_13985212.Charadriiformes.china.NA.2020-09-27         0.00%    passed     99.79%
 216  H10N9.EPI_ISL_13985217.Charadriiformes.china.NA.2020-09-27         0.00%    passed     99.96%
 217  H7N4.EPI_ISL_445002.Charadriiformes.china.NA.2019-04-26            0.00%    passed     99.71%
 218  H7N4.EPI_ISL_445090.Charadriiformes.china.NA.2019-04-26            0.00%    passed     99.71%
 219  H7N4.EPI_ISL_445092.Charadriiformes.china.NA.2019-04-26            0.00%    passed     99.89%
****  TOTAL                                                              0.03%  0 sequences failed composition chi2 test (p-value<5%; df=3)
NOTE: H5N8.EPI_ISL_17086333.environment.japan.NA.2020-12-12 is identical to H5N8.EPI_ISL_732946.Galliformes.japan.16.2020-12-12 but kept for subsequent analysis
NOTE: H5N8.EPI_ISL_17086350.Galliformes.japan.NA.2021-02-11 is identical to H5N8.EPI_ISL_1041131.Galliformes.japan.1.2021-02-10 but kept for subsequent analysis
NOTE: H5N8.EPI_ISL_15063430.Galliformes.japan.NA.2021-11-15 is identical to H5N8.EPI_ISL_6829536.Galliformes.japan.1.2021-11-14 but kept for subsequent analysis
NOTE: H5N6.EPI_ISL_8517996.environment.china.73.2021-12-23 is identical to H5N6.EPI_ISL_7983813.NA.china.73.2021-12-22 but kept for subsequent analysis
NOTE: H5N8.EPI_ISL_17805822.NA.japan.16.2021-02-01 is identical to H5N8.EPI_ISL_854607.Galliformes.japan.16.2021-01-12 but kept for subsequent analysis
NOTE: H5N8.EPI_ISL_17086340.Galliformes.japan.NA.2021-02-02 is identical to H5N8.EPI_ISL_1273415.Galliformes.japan.10.2021-02-01 but kept for subsequent analysis
NOTE: H5N8.EPI_ISL_17086353.environment.japan.NA.2021-03-13 is identical to H5N8.EPI_ISL_1273439.Galliformes.japan.16.2021-03-13 but kept for subsequent analysis
NOTE: H5N8.EPI_ISL_14822426.Anseriformes.china.NA.2021-03-11 is identical to H5N8.EPI_ISL_1939617.Strigiformes.china.1.2020-11-11 but kept for subsequent analysis
NOTE: H5N3.EPI_ISL_5863749.Anseriformes.united_states.289.2020-10-20 is identical to H5N8.EPI_ISL_5863491.Anseriformes.united_states.1.2020-10-06 but kept for subsequent analysis
NOTE: H5N8.EPI_ISL_17086354.Anseriformes.japan.NA.2021-01-29 is identical to H5N8.EPI_ISL_978909.Galliformes.japan.16.2021-01-22 but kept for subsequent analysis
NOTE: H5N8.EPI_ISL_14823549.Anseriformes.china.1.2020-11-05 is identical to H5N8.EPI_ISL_2932616.Galliformes.kazakhstan.1.2020-09-19 but kept for subsequent analysis
NOTE: H5N1.EPI_ISL_14064698.Passeriformes.japan.2.2022-02-03 is identical to H5N1.EPI_ISL_12174842.Carnivora.japan.2.2022-03-31 but kept for subsequent analysis
NOTE: H5N1.EPI_ISL_12572663.Columbiformes.china.110.2021-12-08 is identical to H5N1.EPI_ISL_12572660.Anseriformes.china.110.2021-12-08 but kept for subsequent analysis
NOTE: H5N8.EPI_ISL_15433349.Anseriformes.china.NA.2021-01-21 is identical to H5N8.EPI_ISL_15435500.Anseriformes.china.1.2021-01-21 but kept for subsequent analysis
NOTE: H5N8.EPI_ISL_15613488.Anseriformes.japan.NA.2021-01-24 is identical to H5N8.EPI_ISL_14770164.Gruiformes.china.1.2020-12-31 but kept for subsequent analysis
NOTE: H4N6.EPI_ISL_13418524.environment.japan.NA.2019-12-23 is identical to H5N8.EPI_ISL_16405678.environment.japan.10.2020-12-21 but kept for subsequent analysis
NOTE: H5N8.EPI_ISL_16718463.Gruiformes.japan.10.2021-02-05 is identical to H5N8.EPI_ISL_17805882.NA.japan.10.2021-02-03 but kept for subsequent analysis
NOTE: H5N8.EPI_ISL_16718466.Anseriformes.japan.10.2020-12-18 is identical to H5N8.EPI_ISL_17805901.NA.japan.10.2020-12-18 but kept for subsequent analysis
NOTE: H5N1.EPI_ISL_18284461.Galliformes.japan.NA.2022-10-28 is identical to H5N1.EPI_ISL_16698060.Galliformes.japan.15.2022-11-07 but kept for subsequent analysis
NOTE: H5N1.EPI_ISL_18007230.Passeriformes.japan.NA.2023-04-18 is identical to H5N1.EPI_ISL_17316489.Passeriformes.japan.15.2023-03-13 but kept for subsequent analysis
NOTE: H5N1.EPI_ISL_17857959.Carnivora.japan.NA.2023-02-20 is identical to H5N1.EPI_ISL_17317372.Passeriformes.japan.15.2022-12-18 but kept for subsequent analysis
NOTE: H5N1.EPI_ISL_18066453.Passeriformes.japan.NA.2023-02-17 is identical to H5N1.EPI_ISL_17766057.Carnivora.japan.15.2023-04-12 but kept for subsequent analysis
NOTE: H5N1.EPI_ISL_china_40.Podicipediformes.china.19.2022-07-21 is identical to H5N1.EPI_ISL_china_33.Charadriiformes.china.19.2022-07-22 but kept for subsequent analysis
NOTE: H5N1.EPI_ISL_18373256.Anseriformes.south_korea.NA.2022-03-11 is identical to H5N1.EPI_ISL_15063423.Galliformes.japan.NA.2021-11-17 but kept for subsequent analysis
NOTE: H5N1.EPI_ISL_15542438.NA.spain.3.2022-09-23 is identical to H5N1.EPI_ISL_15878545.Galliformes.spain.3.2022-09-19 but kept for subsequent analysis
NOTE: H5N1.EPI_ISL_17051343.Pelecaniformes.canada.NA.2022-06-02 is identical to H5N1.EPI_ISL_17051393.Pelecaniformes.canada.9.2022-08-12 but kept for subsequent analysis
NOTE: H5N6.EPI_ISL_18231286.Galliformes.laos.NA.2022-07-13 is identical to H5N6.EPI_ISL_18231288.environment.laos.NA.2022-07-26 but kept for subsequent analysis
NOTE: H7N4.EPI_ISL_445092.Charadriiformes.china.NA.2019-04-26 is identical to H7N4.EPI_ISL_445051.Charadriiformes.china.NA.2019-04-26 but kept for subsequent analysis
NOTE: H5N8.EPI_ISL_525440.Galliformes.poland.10.2020-01-02 is identical to H5N8.EPI_ISL_525455.Anseriformes.poland.10.2020-02-24 but kept for subsequent analysis
NOTE: H5N8.EPI_ISL_1038924.NA.russia.1.2020-12-12 is identical to H5N8.EPI_ISL_1039240.Galliformes.russia.1.2020-12-12 but kept for subsequent analysis
NOTE: H10N9.EPI_ISL_13985212.Charadriiformes.china.NA.2020-09-27 is identical to H10N9.EPI_ISL_13985211.Pelecaniformes.china.NA.2020-09-27 but kept for subsequent analysis
NOTE: H7N4.EPI_ISL_445090.Charadriiformes.china.NA.2019-04-26 is identical to H7N4.EPI_ISL_445002.Charadriiformes.china.NA.2019-04-26 but kept for subsequent analysis
NOTE: 3 identical sequences (see below) will be ignored for subsequent analysis
NOTE: H5N6.EPI_ISL_8518268.Galliformes.china.73.2021-12-23 (identical to H5N6.EPI_ISL_7983813.NA.china.73.2021-12-22) is ignored but added at the end
NOTE: H5N8.EPI_ISL_16718460.Accipitriformes.japan.16.2021-02-01 (identical to H5N8.EPI_ISL_854607.Galliformes.japan.16.2021-01-12) is ignored but added at the end
NOTE: H5N1.EPI_ISL_18066451.Anseriformes.japan.NA.2023-02-09 (identical to H5N1.EPI_ISL_17766057.Carnivora.japan.15.2023-04-12) is ignored but added at the end

For your convenience alignment with unique sequences printed to clade2344b_asia_PB2_subsampled.fasta.uniqueseq.phy

Create initial parsimony tree by phylogenetic likelihood library (PLL)... 0.025 seconds
Generating 1000 samples for ultrafast bootstrap (seed: 989895)...

NOTE: 27 MB RAM (0 GB) is required!
Measuring multi-threading efficiency up to 6 CPU cores
Increase to 10 rounds for branch lengths
26 trees examined
Threads: 1 / Time: 6.037 sec / Speedup: 1.000 / Efficiency: 100% / LogL: -93016
Threads: 2 / Time: 3.470 sec / Speedup: 1.740 / Efficiency: 87% / LogL: -93016
Threads: 3 / Time: 2.737 sec / Speedup: 2.206 / Efficiency: 74% / LogL: -93016
Threads: 4 / Time: 2.700 sec / Speedup: 2.235 / Efficiency: 56% / LogL: -93016
Threads: 5 / Time: 2.606 sec / Speedup: 2.317 / Efficiency: 46% / LogL: -93016
BEST NUMBER OF THREADS: 3

Estimate model parameters (epsilon = 0.100)
1. Initial log-likelihood: -19374.334
2. Current log-likelihood: -17326.277
3. Current log-likelihood: -17305.618
4. Current log-likelihood: -17305.506
Optimal log-likelihood: -17305.504
Rate parameters:  A-C: 1.00000  A-G: 13.29865  A-T: 1.00000  C-G: 1.00000  C-T: 13.29865  G-T: 1.00000
Base frequencies:  A: 0.332  C: 0.186  G: 0.261  T: 0.221
Gamma shape alpha: 0.257
Parameters optimization took 4 rounds (0.302 sec)
Computing ML distances based on estimated model parameters... 0.506 sec
Computing BIONJ tree...
0.026 seconds
Log-likelihood of BIONJ tree: -17374.524
--------------------------------------------------------------------
|             INITIALIZING CANDIDATE TREE SET                      |
--------------------------------------------------------------------
Generating 98 parsimony trees... 2.421 second
Computing log-likelihood of 98 initial trees ... 2.697 seconds
Current best score: -17302.748

Do NNI search on 20 best initial trees
Estimate model parameters (epsilon = 0.100)
BETTER TREE FOUND at iteration 1: -17302.011
BETTER TREE FOUND at iteration 4: -17302.010
BETTER TREE FOUND at iteration 6: -17302.010
BETTER TREE FOUND at iteration 8: -17302.009
Iteration 10 / LogL: -17302.009 / Time: 0h:0m:27s
BETTER TREE FOUND at iteration 20: -17302.007
Iteration 20 / LogL: -17302.007 / Time: 0h:0m:31s
Finish initializing candidate tree set (20)
Current best tree score: -17302.007 / CPU time: 13.359
Number of iterations: 20
--------------------------------------------------------------------
|               OPTIMIZING CANDIDATE TREE SET                      |
--------------------------------------------------------------------
BETTER TREE FOUND at iteration 23: -17302.001
Iteration 30 / LogL: -17312.333 / Time: 0h:0m:36s (0h:1m:55s left)
BETTER TREE FOUND at iteration 31: -17301.999
BETTER TREE FOUND at iteration 38: -17301.990
Iteration 40 / LogL: -17393.736 / Time: 0h:0m:40s (0h:1m:41s left)
BETTER TREE FOUND at iteration 41: -17301.987
BETTER TREE FOUND at iteration 44: -17301.982
Iteration 50 / LogL: -17357.255 / Time: 0h:0m:45s (0h:1m:27s left)
Log-likelihood cutoff on original alignment: -17329.394
Iteration 60 / LogL: -17312.658 / Time: 0h:0m:49s (0h:1m:11s left)
Estimate model parameters (epsilon = 0.100)
BETTER TREE FOUND at iteration 65: -17301.969
Iteration 70 / LogL: -17312.323 / Time: 0h:0m:55s (0h:1m:16s left)
Iteration 80 / LogL: -17301.977 / Time: 0h:1m:0s (0h:1m:4s left)
BETTER TREE FOUND at iteration 90: -17301.969
Iteration 90 / LogL: -17301.969 / Time: 0h:1m:4s (0h:1m:12s left)
Iteration 100 / LogL: -17304.859 / Time: 0h:1m:9s (0h:1m:2s left)
Log-likelihood cutoff on original alignment: -17329.323
NOTE: Bootstrap correlation coefficient of split occurrence frequencies: 0.994
BETTER TREE FOUND at iteration 102: -17301.959
Estimate model parameters (epsilon = 0.100)
BETTER TREE FOUND at iteration 104: -17301.835
BETTER TREE FOUND at iteration 107: -17301.826
Iteration 110 / LogL: -17306.613 / Time: 0h:1m:14s (0h:1m:6s left)
BETTER TREE FOUND at iteration 114: -17301.826
BETTER TREE FOUND at iteration 120: -17301.826
Iteration 120 / LogL: -17301.826 / Time: 0h:1m:19s (0h:1m:6s left)
BETTER TREE FOUND at iteration 126: -17301.824
Iteration 130 / LogL: -17311.245 / Time: 0h:1m:24s (0h:1m:2s left)
BETTER TREE FOUND at iteration 133: -17301.822
BETTER TREE FOUND at iteration 136: -17301.821
Iteration 140 / LogL: -17305.088 / Time: 0h:1m:28s (0h:1m:1s left)
BETTER TREE FOUND at iteration 147: -17301.819
BETTER TREE FOUND at iteration 150: -17301.818
Iteration 150 / LogL: -17301.818 / Time: 0h:1m:33s (0h:1m:2s left)
Log-likelihood cutoff on original alignment: -17329.437
BETTER TREE FOUND at iteration 159: -17301.813
Iteration 160 / LogL: -17342.982 / Time: 0h:1m:38s (0h:1m:1s left)
Iteration 170 / LogL: -17301.959 / Time: 0h:1m:43s (0h:0m:54s left)
Iteration 180 / LogL: -17311.240 / Time: 0h:1m:48s (0h:0m:47s left)
Iteration 190 / LogL: -17345.688 / Time: 0h:1m:52s (0h:0m:41s left)
Iteration 200 / LogL: -17301.819 / Time: 0h:1m:58s (0h:0m:34s left)
Log-likelihood cutoff on original alignment: -17331.259
NOTE: Bootstrap correlation coefficient of split occurrence frequencies: 0.986
NOTE: UFBoot does not converge, continue at least 100 more iterations
Iteration 210 / LogL: -17303.582 / Time: 0h:2m:3s (0h:0m:53s left)
Iteration 220 / LogL: -17303.795 / Time: 0h:2m:8s (0h:0m:46s left)
Iteration 230 / LogL: -17301.820 / Time: 0h:2m:13s (0h:0m:40s left)
BETTER TREE FOUND at iteration 233: -17301.812
Iteration 240 / LogL: -17301.813 / Time: 0h:2m:18s (0h:0m:53s left)
Iteration 250 / LogL: -17313.536 / Time: 0h:2m:24s (0h:0m:47s left)
Log-likelihood cutoff on original alignment: -17331.259
Iteration 260 / LogL: -17408.639 / Time: 0h:2m:29s (0h:0m:42s left)
Iteration 270 / LogL: -17312.491 / Time: 0h:2m:34s (0h:0m:36s left)
Iteration 280 / LogL: -17301.955 / Time: 0h:2m:39s (0h:0m:30s left)
Iteration 290 / LogL: -17419.058 / Time: 0h:2m:45s (0h:0m:24s left)
BETTER TREE FOUND at iteration 293: -17301.812
Iteration 300 / LogL: -17301.817 / Time: 0h:2m:50s (0h:0m:52s left)
Log-likelihood cutoff on original alignment: -17332.237
NOTE: Bootstrap correlation coefficient of split occurrence frequencies: 0.993
BETTER TREE FOUND at iteration 309: -17301.807
Iteration 310 / LogL: -17303.580 / Time: 0h:2m:56s (0h:0m:56s left)
Iteration 320 / LogL: -17301.813 / Time: 0h:3m:1s (0h:0m:50s left)
Iteration 330 / LogL: -17301.812 / Time: 0h:3m:7s (0h:0m:44s left)
Iteration 340 / LogL: -17301.953 / Time: 0h:3m:12s (0h:0m:39s left)
Iteration 350 / LogL: -17314.687 / Time: 0h:3m:17s (0h:0m:33s left)
Log-likelihood cutoff on original alignment: -17333.407
Iteration 360 / LogL: -17422.498 / Time: 0h:3m:22s (0h:0m:27s left)
BETTER TREE FOUND at iteration 366: -17301.806
BETTER TREE FOUND at iteration 369: -17301.805
Iteration 370 / LogL: -17301.946 / Time: 0h:3m:27s (0h:0m:55s left)
Iteration 380 / LogL: -17372.871 / Time: 0h:3m:32s (0h:0m:49s left)
BETTER TREE FOUND at iteration 386: -17301.801
Iteration 390 / LogL: -17301.808 / Time: 0h:3m:37s (0h:0m:53s left)
Iteration 400 / LogL: -17321.595 / Time: 0h:3m:42s (0h:0m:48s left)
Log-likelihood cutoff on original alignment: -17332.961
NOTE: Bootstrap correlation coefficient of split occurrence frequencies: 0.993
Iteration 410 / LogL: -17301.811 / Time: 0h:3m:48s (0h:0m:50s left)
Iteration 420 / LogL: -17304.694 / Time: 0h:3m:53s (0h:0m:44s left)
Iteration 430 / LogL: -17301.808 / Time: 0h:3m:58s (0h:0m:38s left)
Iteration 440 / LogL: -17304.926 / Time: 0h:4m:3s (0h:0m:33s left)
Iteration 450 / LogL: -17314.042 / Time: 0h:4m:8s (0h:0m:27s left)
Log-likelihood cutoff on original alignment: -17333.203
Iteration 460 / LogL: -17315.161 / Time: 0h:4m:14s (0h:0m:22s left)
Iteration 470 / LogL: -17301.803 / Time: 0h:4m:19s (0h:0m:16s left)
Iteration 480 / LogL: -17301.941 / Time: 0h:4m:26s (0h:0m:11s left)
TREE SEARCH COMPLETED AFTER 487 ITERATIONS / Time: 0h:4m:29s

--------------------------------------------------------------------
|                    FINALIZING TREE SEARCH                        |
--------------------------------------------------------------------
Performs final model parameters optimization
Estimate model parameters (epsilon = 0.010)
1. Initial log-likelihood: -17301.801
Optimal log-likelihood: -17301.800
Rate parameters:  A-C: 1.00000  A-G: 13.31613  A-T: 1.00000  C-G: 1.00000  C-T: 13.31613  G-T: 1.00000
Base frequencies:  A: 0.332  C: 0.186  G: 0.261  T: 0.221
Gamma shape alpha: 0.258
Parameters optimization took 1 rounds (0.035 sec)
BEST SCORE FOUND : -17301.800
Creating bootstrap support values...
Split supports printed to NEXUS file clade2344b_asia_PB2_subsampled.fasta.splits.nex
Total tree length: 1.482

Total number of iterations: 487
CPU time used for tree search: 730.997 sec (0h:12m:10s)
Wall-clock time used for tree search: 251.749 sec (0h:4m:11s)
Total CPU time used: 778.705 sec (0h:12m:58s)
Total wall-clock time used: 270.528 sec (0h:4m:30s)

Computing bootstrap consensus tree...
Reading input file clade2344b_asia_PB2_subsampled.fasta.splits.nex...
216 taxa and 2147 splits.
Consensus tree written to clade2344b_asia_PB2_subsampled.fasta.contree
Reading input trees file clade2344b_asia_PB2_subsampled.fasta.contree
Log-likelihood of consensus tree: -17302.153

Analysis results written to: 
  IQ-TREE report:                clade2344b_asia_PB2_subsampled.fasta.iqtree
  Maximum-likelihood tree:       clade2344b_asia_PB2_subsampled.fasta.treefile
  Likelihood distances:          clade2344b_asia_PB2_subsampled.fasta.mldist

Ultrafast bootstrap approximation results written to:
  Split support values:          clade2344b_asia_PB2_subsampled.fasta.splits.nex
  Consensus tree:                clade2344b_asia_PB2_subsampled.fasta.contree
  Screen log file:               clade2344b_asia_PB2_subsampled.fasta.log

Date and Time: Wed Jan 10 23:22:18 2024
