IQ-TREE multicore version 1.6.12 for Mac OS X 64-bit built Aug 15 2019
Developed by Bui Quang Minh, Nguyen Lam Tung, Olga Chernomor,
Heiko Schmidt, Dominik Schrempf, Michael Woodhams.

Host:    sce-bio-c05393 (AVX2, FMA3, 16 GB RAM)
Command: iqtree -s clade2344b_asia_NS_subsampled.fasta -nt AUTO -m HKY+G4 -bb 1000
Seed:    654042 (Using SPRNG - Scalable Parallel Random Number Generator)
Time:    Wed Jan 10 23:07:14 2024
Kernel:  AVX+FMA - auto-detect threads (6 CPU cores detected)

Reading alignment file clade2344b_asia_NS_subsampled.fasta ... Fasta format detected
Alignment most likely contains DNA/RNA sequences
Alignment has 282 sequences with 838 columns, 350 distinct patterns
386 parsimony-informative, 24 singleton sites, 427 constant sites
                                                                   Gap/Ambiguity  Composition  p-value
   1  H5N8.EPI_ISL_615072.Anseriformes.kazakhstan.1.2020-09-25             0.00%    passed     96.65%
   2  H5N8.EPI_ISL_739687.Galliformes.kazakhstan.1.2020-09-18              0.36%    passed     95.45%
   3  H5N8.EPI_ISL_681281.Anseriformes.japan.10.2020-11-16                 0.00%    passed     85.52%
   4  H5N8.EPI_ISL_681290.Galliformes.japan.10.2020-11-07                  0.00%    passed     85.52%
   5  H5N8.EPI_ISL_681293.Galliformes.japan.10.2020-11-10                  0.00%    passed     81.10%
   6  H5N8.EPI_ISL_681295.Galliformes.japan.10.2020-11-12                  0.00%    passed     78.37%
   7  H5N8.EPI_ISL_710449.Galliformes.japan.16.2020-12-02                  0.00%    passed     89.53%
   8  H5N8.EPI_ISL_732935.Galliformes.japan.16.2020-12-13                  0.00%    passed     85.52%
   9  H5N8.EPI_ISL_1041127.Galliformes.japan.1.2021-02-10                  0.00%    passed     95.35%
  10  H5N8.EPI_ISL_1041151.Anseriformes.japan.1.2021-01-23                 0.00%    passed     95.35%
  11  H5N8.EPI_ISL_1041172.Accipitriformes.japan.16.2021-02-10             0.00%    passed     85.52%
  12  H5N8.EPI_ISL_1041176.Strigiformes.japan.10.2021-02-16                0.00%    passed     85.84%
  13  H5N8.EPI_ISL_1041177.Falconiformes.japan.10.2021-02-15               0.00%    passed     89.53%
  14  H5N8.EPI_ISL_1184508.Galliformes.japan.16.2021-02-24                 0.12%    passed     93.01%
  15  H5N8.EPI_ISL_1184518.Accipitriformes.japan.16.2021-02-24             0.00%    passed     87.71%
  16  H5N8.EPI_ISL_5260416.Charadriiformes.china.1.2021-02-22              0.00%    passed     94.49%
  17  H5N8.EPI_ISL_5260457.Anseriformes.china.16.2021-01-23                0.00%    passed     85.52%
  18  H5N8.EPI_ISL_5260466.Podicipediformes.china.1.2021-02-22             0.00%    passed     92.91%
  19  H5N1.EPI_ISL_6829533.Galliformes.japan.22.2021-11-12                 0.00%    passed     94.94%
  20  H5N1.EPI_ISL_6959593.Galliformes.south_korea.22.2021-11-08           0.00%    passed     94.25%
  21  H5N6.EPI_ISL_7983813.NA.china.73.2021-12-22                          1.79%    passed     85.49%
  22  H5N6.EPI_ISL_16208999.NA.china.126.2021-09-19                        0.00%    passed     90.75%
  23  H5N8.EPI_ISL_759854.Galliformes.japan.16.2020-12-22                  0.00%    passed     83.63%
  24  H5N8.EPI_ISL_854597.Galliformes.japan.10.2021-01-10                  0.00%    passed     83.04%
  25  H5N8.EPI_ISL_854602.Galliformes.japan.10.2021-01-01                  0.00%    passed     84.72%
  26  H5N8.EPI_ISL_854608.Galliformes.japan.16.2021-01-12                  0.00%    passed     83.63%
  27  H5N8.EPI_ISL_985190.Anseriformes.south_korea.10.2020-12-11           0.00%    passed     84.78%
  28  H5N8.EPI_ISL_985198.Galliformes.south_korea.79.2020-12-21            0.00%    passed     72.99%
  29  H5N8.EPI_ISL_985201.Anseriformes.south_korea.16.2020-12-22           0.00%    passed     88.83%
  30  H5N8.EPI_ISL_985204.Anseriformes.south_korea.10.2020-12-23           0.00%    passed     89.53%
  31  H5N8.EPI_ISL_985224.Galliformes.japan.1.2021-02-07                   0.00%    passed     93.48%
  32  H5N8.EPI_ISL_985231.Galliformes.japan.1.2021-02-06                   0.00%    passed     92.77%
  33  H5N8.EPI_ISL_985233.Anseriformes.japan.10.2021-02-08                 0.00%    passed     85.52%
  34  H5N8.EPI_ISL_1009688.Galliformes.south_korea.1.2021-01-01            0.00%    passed     92.91%
  35  H5N8.EPI_ISL_1009701.Anseriformes.south_korea.16.2020-11-26          0.00%    passed     84.78%
  36  H5N8.EPI_ISL_1009706.NA.south_korea.79.2020-12-02                    0.00%    passed     72.52%
  37  H5N8.EPI_ISL_1273414.Galliformes.japan.10.2021-02-01                 0.12%    passed     83.34%
  38  H5N8.EPI_ISL_1273439.Galliformes.japan.16.2021-03-13                 0.00%    passed     87.55%
  39  H5N2.EPI_ISL_1760455.Anseriformes.china.286.2020-11-10               0.00%    passed     81.19%
  40  H5N8.EPI_ISL_1939617.Strigiformes.china.1.2020-11-11                 0.00%    passed     96.71%
  41  H5N8.EPI_ISL_2713314.Charadriiformes.china.1.2020-11-16              0.00%    passed     95.88%
  42  H5N8.EPI_ISL_2820501.Anseriformes.china.10.2020-10-16                0.00%    passed     81.19%
  43  H5N6.EPI_ISL_3090099.NA.china.61.2021-07-03                          0.00%    passed     96.38%
  44  H5N6.EPI_ISL_3770740.NA.china.73.2021-07-14                          1.79%    passed     90.26%
  45  H5N8.EPI_ISL_4061714.Accipitriformes.japan.10.2021-02-03             0.00%    passed     89.75%
  46  H5N8.EPI_ISL_5863557.Anseriformes.united_states.1.2020-10-23         0.00%    passed     98.27%
  47  H5N3.EPI_ISL_5863749.Anseriformes.united_states.289.2020-10-20       0.00%    passed     98.27%
  48  H5N6.EPI_ISL_6757631.Anseriformes.china.61.2021-04                   0.00%    passed     96.38%
  49  H5N6.EPI_ISL_6760682.Galliformes.china.61.2021-07                    0.00%    passed     97.54%
  50  H5N6.EPI_ISL_6760687.Anseriformes.china.126.2021-08                  0.00%    passed     88.43%
  51  H5N6.EPI_ISL_6772736.Galliformes.china.127.2021-08                   1.79%    passed     99.09%
  52  H5N8.EPI_ISL_1273441.Accipitriformes.japan.10.2021-03-03             0.00%    passed     92.20%
  53  H5N8.EPI_ISL_2932619.Anseriformes.kazakhstan.1.2020-09-23            0.00%    passed     99.24%
  54  H5N8.EPI_ISL_2932617.Passeriformes.kazakhstan.1.2020-09-15           0.00%    passed     96.46%
  55  H5N8.EPI_ISL_2932682.Columbiformes.kazakhstan.1.2020-09-15           0.00%    passed     96.46%
  56  H5N8.EPI_ISL_1822592.Anseriformes.china.1.2020-11-10                 0.00%    passed     96.71%
  57  H5N1.EPI_ISL_11633616.Anseriformes.china.19.2021-12-20               0.00%    passed     78.74%
  58  H5N1.EPI_ISL_14615027.Passeriformes.japan.2.2022-03-14               0.00%    passed     92.30%
  59  H5N8.EPI_ISL_14835968.Anseriformes.china.1.2020-11-12                0.00%    passed     99.07%
  60  H5N8.EPI_ISL_14835976.Anseriformes.china.1.2020-11-13                0.00%    passed     96.71%
  61  H5N8.EPI_ISL_14836083.Anseriformes.china.1.2020-11-16                0.12%    passed     97.70%
  62  H5N8.EPI_ISL_14836374.Anseriformes.china.1.2020-11-18                0.24%    passed     97.21%
  63  H5N6.EPI_ISL_8517997.environment.china.73.2021-12-23                 1.79%    passed     95.88%
  64  H5N6.EPI_ISL_8518000.environment.china.73.2021-12-23                 1.79%    passed     88.11%
  65  H5N1.EPI_ISL_12174842.Carnivora.japan.2.2022-03-31                   0.00%    passed     92.30%
  66  H5N1.EPI_ISL_12572653.Galliformes.china.110.2021-12-07               0.00%    passed     94.49%
  67  H5N1.EPI_ISL_12572661.Anseriformes.china.22.2022-02-22               0.00%    passed     92.96%
  68  H5N1.EPI_ISL_12572663.Columbiformes.china.110.2021-12-08             0.00%    passed     94.49%
  69  H5N1.EPI_ISL_15943002.Anseriformes.south_korea.128.2022-11-17        0.00%    passed     94.05%
  70  H5N1.EPI_ISL_15943015.NA.south_korea.128.2022-11-07                  0.00%    passed     94.05%
  71  H5N6.EPI_ISL_8518268.Galliformes.china.73.2021-12-23                 1.79%    passed     85.49%
  72  H5N8.EPI_ISL_14822356.Anseriformes.china.1.2021-03-11                0.00%    passed     97.94%
  73  H5N8.EPI_ISL_14822549.Anseriformes.china.1.2021-05-18                0.00%    passed     97.26%
  74  H5N1.EPI_ISL_15944663.Anseriformes.south_korea.128.2022-11-17        0.00%    passed     94.96%
  75  H5N8.EPI_ISL_14770163.Gruiformes.china.1.2020-12-31                  0.00%    passed     91.26%
  76  H5N8.EPI_ISL_16215736.Galliformes.china.1.2020-12                    0.72%    passed     99.17%
  77  H5N8.EPI_ISL_13295139.Anseriformes.canada.81.2021-09-16              0.00%    passed     95.23%
  78  H5N8.EPI_ISL_16405652.environment.japan.10.2020-11-09                0.00%    passed     83.04%
  79  H5N8.EPI_ISL_16405668.environment.japan.10.2020-11-30                0.00%    passed     85.23%
  80  H5N8.EPI_ISL_16405675.environment.japan.10.2020-12-21                0.00%    passed     83.19%
  81  H5N8.EPI_ISL_16405677.environment.japan.10.2020-12-21                0.00%    passed     85.23%
  82  H5N1.EPI_ISL_17638141.Galliformes.japan.80.2023-03-27                0.00%    passed     96.80%
  83  H5N8.EPI_ISL_17760584.Anseriformes.canada.81.2021-11-16              0.00%    passed     95.72%
  84  H5N8.EPI_ISL_17805816.environment.japan.10.2020-12-07                0.00%    passed     81.19%
  85  H5N8.EPI_ISL_17805820.NA.japan.10.2021-02-05                         0.00%    passed     84.78%
  86  H5N8.EPI_ISL_17805822.NA.japan.16.2021-02-01                         0.00%    passed     83.63%
  87  H5N8.EPI_ISL_17805828.environment.japan.10.2020-12-07                0.00%    passed     83.32%
  88  H5N8.EPI_ISL_17805839.environment.japan.10.2020-11-16                0.00%    passed     87.41%
  89  H5N8.EPI_ISL_17805841.environment.japan.10.2020-11-30                0.00%    passed     85.84%
  90  H5N8.EPI_ISL_17805874.environment.japan.10.2020-12-07                0.00%    passed     85.52%
  91  H5N8.EPI_ISL_17805886.NA.japan.10.2021-02-05                         0.00%    passed     82.63%
  92  H5N8.EPI_ISL_17805901.NA.japan.10.2020-12-18                         0.00%    passed     85.52%
  93  H5N1.EPI_ISL_17950253.Passeriformes.japan.2.2023-03-30               0.00%    passed     90.21%
  94  H5N1.EPI_ISL_16698060.Galliformes.japan.15.2022-11-07                0.00%    passed     90.21%
  95  H5N1.EPI_ISL_16698576.Gruiformes.japan.2.2022-11-20                  0.00%    passed     93.41%
  96  H5N8.EPI_ISL_16718460.Accipitriformes.japan.16.2021-02-01            0.00%    passed     83.63%
  97  H5N8.EPI_ISL_16718462.Gruiformes.japan.10.2021-02-05                 0.00%    passed     82.63%
  98  H5N8.EPI_ISL_16718464.Gruiformes.japan.10.2021-02-05                 0.00%    passed     84.78%
  99  H5N1.EPI_ISL_16955798.Charadriiformes.japan.2.2022-11-16             0.00%    passed     92.30%
 100  H5N1.EPI_ISL_17075759.NA.china.19.2023-02-10                         0.36%    passed     88.40%
 101  H5N1.EPI_ISL_17267420.Galliformes.japan.2.2022-11-06                 0.00%    passed     93.41%
 102  H5N1.EPI_ISL_17267427.Passeriformes.japan.15.2022-12-12              0.00%    passed     90.21%
 103  H5N1.EPI_ISL_17316075.Passeriformes.japan.15.2023-02-04              0.00%    passed     89.97%
 104  H5N1.EPI_ISL_17606817.Anseriformes.south_korea.22.2022-01-13         0.00%    passed     95.17%
 105  H5N1.EPI_ISL_17606819.Anseriformes.south_korea.22.2021-11-10         0.00%    passed     94.25%
 106  H5N1.EPI_ISL_17606820.Anseriformes.south_korea.22.2021-11-11         0.00%    passed     95.83%
 107  H5N1.EPI_ISL_17606823.Galliformes.south_korea.22.2021-11-21          0.00%    passed     97.10%
 108  H5N1.EPI_ISL_17606824.Anseriformes.south_korea.22.2021-11-22         0.00%    passed     93.67%
 109  H5N1.EPI_ISL_17606825.Galliformes.south_korea.22.2021-12-04          0.00%    passed     91.60%
 110  H5N1.EPI_ISL_17606826.Galliformes.south_korea.22.2021-12-05          0.00%    passed     92.78%
 111  H5N1.EPI_ISL_17606833.Galliformes.south_korea.22.2021-12-17          0.00%    passed     93.67%
 112  H5N1.EPI_ISL_17606841.Galliformes.south_korea.22.2022-01-21          0.00%    passed     95.17%
 113  H5N1.EPI_ISL_17606844.Anseriformes.south_korea.22.2022-01-25         0.00%    passed     97.48%
 114  H5N1.EPI_ISL_17606850.Galliformes.south_korea.22.2022-02-04          0.00%    passed     97.48%
 115  H5N1.EPI_ISL_17606852.Anseriformes.south_korea.22.2022-02-07         0.00%    passed     93.54%
 116  H5N1.EPI_ISL_17606855.Anseriformes.south_korea.22.2022-02-08         0.00%    passed     93.67%
 117  H5N1.EPI_ISL_17606857.Galliformes.south_korea.22.2022-02-09          0.00%    passed     93.67%
 118  H5N1.EPI_ISL_17606860.Galliformes.south_korea.22.2022-02-12          0.00%    passed     93.54%
 119  H5N1.EPI_ISL_17606861.Anseriformes.south_korea.19.2022-02-18         0.00%    passed     89.97%
 120  H5N1.EPI_ISL_17606865.Anseriformes.south_korea.22.2021-11-14         0.00%    passed     97.10%
 121  H5N1.EPI_ISL_17766057.Carnivora.japan.15.2023-04-12                  0.00%    passed     89.97%
 122  H5N8.EPI_ISL_china_4.Galliformes.china.1.2021-06-26                  0.12%    passed     95.61%
 123  H5N2.EPI_ISL_china_12.Anseriformes.china.101.2022-01-26              0.00%    passed     98.66%
 124  H5N1.EPI_ISL_china_19.NA.china.80.2023-01-02                         0.00%    passed     98.04%
 125  H5N1.EPI_ISL_china_26.Podicipediformes.china.19.2022-07-15           0.00%    passed     92.21%
 126  H5N1.EPI_ISL_china_28.Podicipediformes.china.19.2022-07-21           0.00%    passed     92.30%
 127  H5N1.EPI_ISL_china_37.Anseriformes.china.19.2022-06-18               0.00%    passed     92.01%
 128  H5N1.EPI_ISL_china_39.Anseriformes.china.19.2022-06-18               0.00%    passed     93.41%
 129  H5N1.EPI_ISL_china_44.Charadriiformes.china.19.2022-07-22            0.00%    passed     92.30%
 130  H5N1.EPI_ISL_china_47.Charadriiformes.china.19.2022-07-22            0.00%    passed     92.21%
 131  H5N1.EPI_ISL_china_2023083.Anseriformes.china.19.2021-11-04          0.00%    passed     90.21%
 132  H5N1.EPI_ISL_china_20230817.Anseriformes.china.19.2021-11-16         0.00%    passed     84.29%
 133  H5N1.EPI_ISL_china_20230823.Anseriformes.china.19.2021-11-16         0.00%    passed     81.26%
 134  H5N1.EPI_ISL_china_20230832.Anseriformes.china.2.2021-10-20          0.00%    passed     92.21%
 135  H5N1.EPI_ISL_china_20230834.Anseriformes.china.22.2021-10-10         0.00%    passed     94.94%
 136  H5N1.EPI_ISL_china_20230841.Anseriformes.china.19.2021-12-20         0.00%    passed     90.21%
 137  H5N1.EPI_ISL_china_20230842.Anseriformes.china.19.2021-11-25         0.00%    passed     89.73%
 138  H5N1.EPI_ISL_china_20230845.Anseriformes.china.19.2021-12-01         0.00%    passed     92.30%
 139  H5N1.EPI_ISL_china_20230847.Anseriformes.china.22.2021-12-02         0.00%    passed     92.78%
 140  H5N1.EPI_ISL_china_20230854.Suliformes.china.19.2021-12-01           0.00%    passed     90.21%
 141  H5N6.EPI_ISL_18000337.NA.china.NA.2022-02-27                         1.79%    passed     95.88%
 142  H5N6.EPI_ISL_9572745.Anseriformes.viet_nam.59.2020-09-29             1.79%    passed     90.56%
 143  H5N6.EPI_ISL_16209049.Anseriformes.canada.59.2020-09-12              1.79%    passed     92.84%
 144  H5N6.EPI_ISL_18119972.Anseriformes.viet_nam.NA.2021-01-29            1.79%    passed     90.56%
 145  H5N6.EPI_ISL_17809482.Anseriformes.viet_nam.59.2021-01-29            1.79%    passed     90.56%
 146  NA.EPI_ISL_707482.Anseriformes.china.NA.2018-04-26                   1.79%    passed     99.44%
 147  NA.EPI_ISL_698066.Galliformes.china.NA.2018-12-24                    1.79%    passed     94.69%
 148  H5N6.EPI_ISL_340797.environment.china.NA.2018-01-22                  1.79%    passed     99.09%
 149  H5N6.EPI_ISL_707465.Anseriformes.china.NA.2018-08-26                 1.79%    passed     98.44%
 150  H3N2.EPI_ISL_9572786.Anseriformes.viet_nam.NA.2020-04-03             0.00%    passed     87.61%
 151  H9N2.EPI_ISL_14223937.Galliformes.china.NA.2021-11-12                0.00%    passed     94.49%
 152  H5N1.EPI_ISL_18373250.Anseriformes.south_korea.NA.2022-03-04         0.00%    passed     94.94%
 153  H5N1.EPI_ISL_18373217.Anseriformes.south_korea.NA.2021-11-15         0.00%    passed     93.67%
 154  H5N1.EPI_ISL_7050532.Passeriformes.sweden.5.2021-11-08               0.00%    passed     92.21%
 155  H5N1.EPI_ISL_18284470.Galliformes.japan.NA.2022-11-20                0.00%    passed     86.31%
 156  H5N1.EPI_ISL_17051482.Anseriformes.canada.2.2023-01-16               0.00%    passed     92.30%
 157  H5N1.EPI_ISL_14493135.Ciconiiformes.netherlands.2.2022-06-03         0.00%    passed     92.30%
 158  H5N1.EPI_ISL_13370511.Galliformes.united_kingdom.2.2021-12-02        0.00%    passed     92.30%
 159  H5N1.EPI_ISL_13370507.Galliformes.united_kingdom.3.2021-12-02        0.00%    passed     92.30%
 160  H5N1.EPI_ISL_13369400.Charadriiformes.united_kingdom.3.2021-11-02    0.00%    passed     92.30%
 161  H5N1.EPI_ISL_13369398.Accipitriformes.united_kingdom.3.2021-11-02    0.00%    passed     92.30%
 162  H10N7.EPI_ISL_13984068.Anseriformes.china.NA.2017-03-07              0.00%    passed     99.83%
 163  H4N2.EPI_ISL_17811777.Anseriformes.china.NA.2019-11-09               0.00%    passed     99.53%
 164  H3N8.EPI_ISL_13566017.environment.china.NA.2018-11-14                0.00%    passed     99.53%
 165  H1N1.EPI_ISL_398140.NA.china.NA.2019-01-17                           0.00%    passed     99.53%
 166  H4N2.EPI_ISL_17811775.Anseriformes.china.NA.2019-11-09               0.00%    passed     99.42%
 167  H10N6.EPI_ISL_13984564.Anseriformes.china.NA.2019-03-19              0.00%    passed     99.76%
 168  H10N7.EPI_ISL_13985200.Charadriiformes.china.NA.2019-04-26           0.00%    passed     99.76%
 169  H5N1.EPI_ISL_18132829.Galliformes.united_states.NA.2022-04-19        0.00%    passed     74.78%
 170  H5N1.EPI_ISL_18132572.Anseriformes.united_states.NA.2022-04-27       0.00%    passed     74.78%
 171  H5N1.EPI_ISL_17051368.Accipitriformes.canada.NA.2022-06-17           0.00%    passed     74.78%
 172  H5N1.EPI_ISL_17051343.Pelecaniformes.canada.NA.2022-06-02            0.00%    passed     74.78%
 173  H5N1.EPI_ISL_17051341.Pelecaniformes.canada.9.2022-06-02             0.00%    passed     74.78%
 174  H5N1.EPI_ISL_16297335.Galliformes.united_states.9.2022-10-18         0.00%    passed     83.55%
 175  H5N1.EPI_ISL_16297334.Anseriformes.united_states.9.2022-10-18        0.00%    passed     83.55%
 176  H5N1.EPI_ISL_16244002.Galliformes.united_states.9.2022-05-17         0.00%    passed     78.20%
 177  H5N1.EPI_ISL_16243915.Anseriformes.united_states.9.2022-05-16        0.00%    passed     74.78%
 178  H5N1.EPI_ISL_16189977.Strigiformes.canada.9.2022-04-28               0.00%    passed     74.78%
 179  H5N1.EPI_ISL_16183504.Galliformes.canada.9.2022-05-16                0.00%    passed     74.78%
 180  H5N1.EPI_ISL_16023372.Carnivora.canada.9.2022-06-28                  0.00%    passed     74.78%
 181  H5N1.EPI_ISL_18133236.Cathartiformes.united_states.NA.2022-04-26     0.00%    passed     73.32%
 182  H5N1.EPI_ISL_18284477.Galliformes.japan.NA.2023-03-14                0.00%    passed     93.41%
 183  H5N1.EPI_ISL_17999470.Falconiformes.japan.NA.2022-10-16              0.00%    passed     93.41%
 184  H5N2.EPI_ISL_15579542.Anseriformes.netherlands.210.2022-10-01        0.00%    passed     92.30%
 185  H5N3.EPI_ISL_14161097.Anseriformes.south_korea.295.2022-03-15        0.00%    passed     90.34%
 186  H5N8.EPI_ISL_14835604.Anseriformes.south_korea.140.2021-02-17        0.00%    passed     92.64%
 187  H3N8.EPI_ISL_6784911.NA.south_korea.NA.2020-10-05                    0.00%    passed     92.64%
 188  H3N8.EPI_ISL_6784880.Anseriformes.south_korea.NA.2020-10-05          0.00%    passed     92.64%
 189  H5N6.EPI_ISL_16209054.Anseriformes.canada.62.2020-08-21              0.00%    passed     91.87%
 190  H3N2.EPI_ISL_15723894.environment.china.NA.2018-12-26                0.00%    passed     95.75%
 191  H3N2.EPI_ISL_15723916.environment.china.NA.2019-11-13                0.00%    passed     96.38%
 192  H3N2.EPI_ISL_13732936.Anseriformes.china.NA.2020-06-04               0.00%    passed     99.13%
 193  H5N1.EPI_ISL_18284461.Galliformes.japan.NA.2022-10-28                0.00%    passed     90.21%
 194  H5N1.EPI_ISL_18066453.Passeriformes.japan.NA.2023-02-17              0.00%    passed     89.97%
 195  H5N1.EPI_ISL_18066451.Anseriformes.japan.NA.2023-02-09               0.00%    passed     89.97%
 196  H5N1.EPI_ISL_17857959.Carnivora.japan.NA.2023-02-20                  0.00%    passed     89.97%
 197  H5N1.EPI_ISL_18373218.Anseriformes.south_korea.NA.2021-11-16         0.00%    passed     95.83%
 198  H5N1.EPI_ISL_18373247.Gruiformes.south_korea.NA.2022-02-25           0.00%    passed     89.81%
 199  H5N1.EPI_ISL_18373235.Anseriformes.south_korea.NA.2022-01-28         0.00%    passed     89.81%
 200  H5N1.EPI_ISL_11725994.Accipitriformes.germany.2.2021-11-09           0.00%    passed     92.30%
 201  H5N8.EPI_ISL_644126.Galliformes.russia.1.2020-08-17                  0.00%    passed     96.71%
 202  H5N8.EPI_ISL_5102449.Accipitriformes.germany.1.2020-10-29            0.00%    passed     96.46%
 203  H5N6.EPI_ISL_4031416.Anseriformes.china.NA.2019-02-01                1.79%    passed     98.44%
 204  H5N6.EPI_ISL_340807.environment.china.NA.2018-03-06                  1.79%    passed     98.44%
 205  H5N6.EPI_ISL_18058056.Anseriformes.china.NA.2021-05-01               0.00%    passed     94.78%
 206  H5N6.EPI_ISL_18231307.Galliformes.laos.NA.2022-07-13                 0.00%    passed     90.75%
 207  H5N6.EPI_ISL_18231288.environment.laos.NA.2022-07-26                 0.00%    passed     90.75%
 208  H5N6.EPI_ISL_18231284.Anseriformes.laos.NA.2022-07-13                0.12%    passed     91.64%
 209  H7N9.EPI_ISL_1374063.Galliformes.china.NA.2018-11-01                 0.00%    passed     67.09%
 210  H7N9.EPI_ISL_274206.Galliformes.china.NA.2017-04-24                  0.00%    passed     52.67%
 211  H7N9.EPI_ISL_269514.environment.china.NA.2017-04-26                  0.00%    passed     52.67%
 212  H7N9.EPI_ISL_379673.Galliformes.china.NA.2017-06-13                  0.00%    passed     57.58%
 213  H7N9.EPI_ISL_268526.NA.china.NA.2017-03-04                           0.00%    passed     57.58%
 214  H3N2.EPI_ISL_16390400.environment.japan.NA.2020-12-07                0.00%    passed     71.53%
 215  H4N6.EPI_ISL_338328.Anseriformes.russia.NA.2018-08-26                0.00%    passed     68.45%
 216  H6N2.EPI_ISL_252818.Anseriformes.china.NA.2015-11-21                 0.00%    passed     75.67%
 217  H5N1.EPI_ISL_18241795.Anseriformes.viet_nam.NA.2023-06-05            0.00%    passed     98.04%
 218  H5N1.EPI_ISL_18102701.Carnivora.south_korea.NA.2023-07-04            0.00%    passed     98.04%
 219  H6N6.EPI_ISL_17104327.environment.china.NA.2018-12-11                0.00%    passed     97.70%
 220  H5N1.EPI_ISL_18066455.Accipitriformes.japan.NA.2023-01-07            0.00%    passed     98.04%
 221  H5N1.EPI_ISL_18007231.Passeriformes.japan.NA.2023-03-15              0.00%    passed     96.80%
 222  H6N6.EPI_ISL_9572776.Anseriformes.viet_nam.NA.2020-07-03             0.00%    passed     99.67%
 223  H5N1.EPI_ISL_18284468.Galliformes.japan.NA.2022-12-05                0.00%    passed     98.04%
 224  H5N1.EPI_ISL_18373255.Anseriformes.south_korea.NA.2022-03-11         0.00%    passed     90.76%
 225  H5N1.EPI_ISL_18373253.Anseriformes.south_korea.NA.2022-03-07         0.00%    passed     88.71%
 226  H5N1.EPI_ISL_13352724.Anseriformes.china.NA.2021-12-17               0.00%    passed     90.21%
 227  H5N1.EPI_ISL_18373252.environment.south_korea.NA.2022-03-03          0.00%    passed     89.97%
 228  H5N1.EPI_ISL_18373240.Anseriformes.south_korea.NA.2022-02-10         0.00%    passed     89.97%
 229  H5N1.EPI_ISL_18445705.Anseriformes.france.NA.2022-01-24              0.00%    passed     92.30%
 230  H5N1.EPI_ISL_18042992.Falconiformes.japan.NA.2022-10-11              0.00%    passed     86.31%
 231  H5N1.EPI_ISL_17964937.Suliformes.united_states.2.2023-04-07          0.00%    passed     88.70%
 232  H5N1.EPI_ISL_17964931.Charadriiformes.united_states.2.2023-03-30     0.00%    passed     88.70%
 233  H5N1.EPI_ISL_17964883.Passeriformes.united_states.NA.2023-02-21      0.00%    passed     88.70%
 234  H5N1.EPI_ISL_17964877.Accipitriformes.united_states.2.2023-02-14     0.00%    passed     88.70%
 235  H5N1.EPI_ISL_17785733.Anseriformes.austria.2.2022-03-11              0.00%    passed     91.74%
 236  H4N2.EPI_ISL_700932.NA.china.NA.2019-10-31                           0.00%    passed     99.53%
 237  H10N7.EPI_ISL_13985205.Charadriiformes.china.NA.2019-04-26           0.00%    passed     99.76%
 238  H7N3.EPI_ISL_387965.Anseriformes.egypt.NA.2016-03-17                 0.00%    passed     99.84%
 239  H5N8.EPI_ISL_1139015.NA.netherlands.1.2020-10-26                     0.00%    passed     96.71%
 240  H5N8.EPI_ISL_7597827.Podicipediformes.belgium.1.2020-11-24           0.00%    passed     96.71%
 241  H5N8.EPI_ISL_5057876.Anseriformes.germany.NA.2020-11-01              0.00%    passed     96.71%
 242  H5N8.EPI_ISL_984690.Falconiformes.denmark.1.2020-11-06               0.00%    passed     95.88%
 243  H5N8.EPI_ISL_1139166.Anseriformes.netherlands.1.2020-11-24           0.00%    passed     96.71%
 244  H5N8.EPI_ISL_1139050.Charadriiformes.netherlands.1.2020-11-01        0.00%    passed     96.71%
 245  H5N8.EPI_ISL_1139023.Strigiformes.netherlands.1.2020-11-02           0.00%    passed     96.71%
 246  H5N8.EPI_ISL_1114757.Galliformes.russia.1.2021-01-29                 0.00%    passed     96.71%
 247  H5N2.EPI_ISL_1005680.Anseriformes.russia.284.2020-08-29              0.00%    passed     95.24%
 248  H5N8.EPI_ISL_813979.Falconiformes.ireland.1.2020-11-01               0.00%    passed     95.88%
 249  H5N8.EPI_ISL_775266.Charadriiformes.netherlands.1.2020-12-17         0.00%    passed     96.71%
 250  H5N8.EPI_ISL_668456.Falconiformes.sweden.1.2020-11-10                0.00%    passed     94.21%
 251  H5N8.EPI_ISL_654839.Anseriformes.russia.1.2020-08-27                 0.00%    passed     98.06%
 252  H5N8.EPI_ISL_644160.Galliformes.canada.1.2020-08-06                  0.00%    passed     98.06%
 253  H5N8.EPI_ISL_17212363.Galliformes.united_kingdom.NA.2020-11-01       0.12%    passed     96.05%
 254  H5N8.EPI_ISL_2081528.Carnivora.united_kingdom.1.2020-12-08           0.00%    passed     96.71%
 255  H5N8.EPI_ISL_14822757.Charadriiformes.china.NA.2021-05-24            0.00%    passed     94.93%
 256  H5N8.EPI_ISL_8215657.Anseriformes.china.NA.2021-05-15                0.00%    passed     97.26%
 257  H5N8.EPI_ISL_8215684.Charadriiformes.china.NA.2021-05-17             0.00%    passed     97.66%
 258  H5N8.EPI_ISL_7590312.Anseriformes.belgium.1.2021-01-11               0.00%    passed     96.46%
 259  H5N8.EPI_ISL_5123847.Galliformes.germany.NA.2021-03-11               0.00%    passed     93.56%
 260  H5N8.EPI_ISL_5099367.Galliformes.germany.1.2021-02-07                0.00%    passed     94.49%
 261  H5N8.EPI_ISL_5098130.Galliformes.germany.1.2021-01-15                0.00%    passed     93.56%
 262  H5N8.EPI_ISL_5062851.Charadriiformes.germany.1.2020-11-02            0.00%    passed     96.46%
 263  H5N8.EPI_ISL_5062078.Charadriiformes.germany.1.2020-11-06            0.00%    passed     96.65%
 264  H5N8.EPI_ISL_5058262.Anseriformes.germany.NA.2020-11-02              0.00%    passed     96.46%
 265  H5N8.EPI_ISL_2081527.Carnivora.united_kingdom.1.2020-12-08           0.00%    passed     96.71%
 266  H5N8.EPI_ISL_2234813.Ciconiiformes.spain.1.2021-01-07                0.00%    passed     93.56%
 267  H5N8.EPI_ISL_2172529.Anseriformes.netherlands.1.2021-01-30           0.00%    passed     96.46%
 268  H5N8.EPI_ISL_1719913.Galliformes.bulgaria.1.2021-02-01               0.00%    passed     93.56%
 269  H5N8.EPI_ISL_1719909.Anseriformes.lithuania.1.2021-02-26             0.00%    passed     93.56%
 270  H5N8.EPI_ISL_1386249.Accipitriformes.sweden.1.2021-03-16             0.00%    passed     93.56%
 271  H5N2.EPI_ISL_9012576.Anseriformes.netherlands.301.2021-12-23         0.00%    passed     90.43%
 272  H9N9.EPI_ISL_4073200.Anseriformes.bangladesh.NA.2020-02-22           0.00%    passed     91.50%
 273  H10N7.EPI_ISL_4071623.environment.bangladesh.NA.2020-01-27           0.00%    passed     91.50%
 274  H5N1.EPI_ISL_18373239.Anseriformes.south_korea.NA.2022-02-04         0.00%    passed     96.36%
 275  H5N1.EPI_ISL_18066450.Passeriformes.japan.NA.2023-01-06              0.00%    passed     86.39%
 276  H5N1.EPI_ISL_16838579.Pelecaniformes.russia.2.2021-07-16             0.00%    passed     92.30%
 277  H5N1.EPI_ISL_13246267.Galliformes.iceland.2.2022-04-14               0.00%    passed     91.74%
 278  H5N1.EPI_ISL_12514573.Passeriformes.netherlands.3.2022-04-13         0.00%    passed     92.30%
 279  H5N1.EPI_ISL_11406402.Anseriformes.united_kingdom.2.2022-01-23       0.00%    passed     91.74%
 280  H5N1.EPI_ISL_11112346.Anseriformes.netherlands.3.2022-02-23          0.00%    passed     92.30%
 281  H5N1.EPI_ISL_10220432.Carnivora.netherlands.3.2022-02-13             0.00%    passed     90.29%
 282  H5N1.EPI_ISL_9616265.Carnivora.netherlands.3.2022-01-27              0.00%    passed     92.30%
****  TOTAL                                                                0.12%  0 sequences failed composition chi2 test (p-value<5%; df=3)
NOTE: H5N8.EPI_ISL_681290.Galliformes.japan.10.2020-11-07 is identical to H5N8.EPI_ISL_681281.Anseriformes.japan.10.2020-11-16 but kept for subsequent analysis
NOTE: H5N8.EPI_ISL_1041151.Anseriformes.japan.1.2021-01-23 is identical to H5N8.EPI_ISL_1041127.Galliformes.japan.1.2021-02-10 but kept for subsequent analysis
NOTE: H5N8.EPI_ISL_985204.Anseriformes.south_korea.10.2020-12-23 is identical to H5N8.EPI_ISL_1041177.Falconiformes.japan.10.2021-02-15 but kept for subsequent analysis
NOTE: H9N2.EPI_ISL_14223937.Galliformes.china.NA.2021-11-12 is identical to H5N8.EPI_ISL_5260416.Charadriiformes.china.1.2021-02-22 but kept for subsequent analysis
NOTE: H5N8.EPI_ISL_1009688.Galliformes.south_korea.1.2021-01-01 is identical to H5N8.EPI_ISL_5260466.Podicipediformes.china.1.2021-02-22 but kept for subsequent analysis
NOTE: H5N1.EPI_ISL_18373250.Anseriformes.south_korea.NA.2022-03-04 is identical to H5N1.EPI_ISL_6829533.Galliformes.japan.22.2021-11-12 but kept for subsequent analysis
NOTE: H5N1.EPI_ISL_17606819.Anseriformes.south_korea.22.2021-11-10 is identical to H5N1.EPI_ISL_6959593.Galliformes.south_korea.22.2021-11-08 but kept for subsequent analysis
NOTE: H5N6.EPI_ISL_8518268.Galliformes.china.73.2021-12-23 is identical to H5N6.EPI_ISL_7983813.NA.china.73.2021-12-22 but kept for subsequent analysis
NOTE: H5N8.EPI_ISL_17805822.NA.japan.16.2021-02-01 is identical to H5N8.EPI_ISL_854608.Galliformes.japan.16.2021-01-12 but kept for subsequent analysis
NOTE: H5N8.EPI_ISL_2820501.Anseriformes.china.10.2020-10-16 is identical to H5N2.EPI_ISL_1760455.Anseriformes.china.286.2020-11-10 but kept for subsequent analysis
NOTE: H5N8.EPI_ISL_1822592.Anseriformes.china.1.2020-11-10 is identical to H5N8.EPI_ISL_1939617.Strigiformes.china.1.2020-11-11 but kept for subsequent analysis
NOTE: H5N6.EPI_ISL_6757631.Anseriformes.china.61.2021-04 is identical to H5N6.EPI_ISL_3090099.NA.china.61.2021-07-03 but kept for subsequent analysis
NOTE: H5N3.EPI_ISL_5863749.Anseriformes.united_states.289.2020-10-20 is identical to H5N8.EPI_ISL_5863557.Anseriformes.united_states.1.2020-10-23 but kept for subsequent analysis
NOTE: H5N8.EPI_ISL_2932682.Columbiformes.kazakhstan.1.2020-09-15 is identical to H5N8.EPI_ISL_2932617.Passeriformes.kazakhstan.1.2020-09-15 but kept for subsequent analysis
NOTE: H5N1.EPI_ISL_12174842.Carnivora.japan.2.2022-03-31 is identical to H5N1.EPI_ISL_14615027.Passeriformes.japan.2.2022-03-14 but kept for subsequent analysis
NOTE: H5N8.EPI_ISL_1139015.NA.netherlands.1.2020-10-26 is identical to H5N8.EPI_ISL_14835976.Anseriformes.china.1.2020-11-13 but kept for subsequent analysis
NOTE: H5N6.EPI_ISL_18000337.NA.china.NA.2022-02-27 is identical to H5N6.EPI_ISL_8517997.environment.china.73.2021-12-23 but kept for subsequent analysis
NOTE: H5N1.EPI_ISL_12572663.Columbiformes.china.110.2021-12-08 is identical to H5N1.EPI_ISL_12572653.Galliformes.china.110.2021-12-07 but kept for subsequent analysis
NOTE: H5N1.EPI_ISL_15943015.NA.south_korea.128.2022-11-07 is identical to H5N1.EPI_ISL_15943002.Anseriformes.south_korea.128.2022-11-17 but kept for subsequent analysis
NOTE: H5N8.EPI_ISL_8215657.Anseriformes.china.NA.2021-05-15 is identical to H5N8.EPI_ISL_14822549.Anseriformes.china.1.2021-05-18 but kept for subsequent analysis
NOTE: H5N1.EPI_ISL_18007231.Passeriformes.japan.NA.2023-03-15 is identical to H5N1.EPI_ISL_17638141.Galliformes.japan.80.2023-03-27 but kept for subsequent analysis
NOTE: H5N8.EPI_ISL_16718464.Gruiformes.japan.10.2021-02-05 is identical to H5N8.EPI_ISL_17805820.NA.japan.10.2021-02-05 but kept for subsequent analysis
NOTE: H5N8.EPI_ISL_16718462.Gruiformes.japan.10.2021-02-05 is identical to H5N8.EPI_ISL_17805886.NA.japan.10.2021-02-05 but kept for subsequent analysis
NOTE: H5N1.EPI_ISL_18284461.Galliformes.japan.NA.2022-10-28 is identical to H5N1.EPI_ISL_16698060.Galliformes.japan.15.2022-11-07 but kept for subsequent analysis
NOTE: H5N1.EPI_ISL_17267420.Galliformes.japan.2.2022-11-06 is identical to H5N1.EPI_ISL_16698576.Gruiformes.japan.2.2022-11-20 but kept for subsequent analysis
NOTE: H5N1.EPI_ISL_17766057.Carnivora.japan.15.2023-04-12 is identical to H5N1.EPI_ISL_17316075.Passeriformes.japan.15.2023-02-04 but kept for subsequent analysis
NOTE: H5N1.EPI_ISL_17606841.Galliformes.south_korea.22.2022-01-21 is identical to H5N1.EPI_ISL_17606817.Anseriformes.south_korea.22.2022-01-13 but kept for subsequent analysis
NOTE: H5N1.EPI_ISL_18373218.Anseriformes.south_korea.NA.2021-11-16 is identical to H5N1.EPI_ISL_17606820.Anseriformes.south_korea.22.2021-11-11 but kept for subsequent analysis
NOTE: H5N1.EPI_ISL_17606865.Anseriformes.south_korea.22.2021-11-14 is identical to H5N1.EPI_ISL_17606823.Galliformes.south_korea.22.2021-11-21 but kept for subsequent analysis
NOTE: H5N1.EPI_ISL_17606833.Galliformes.south_korea.22.2021-12-17 is identical to H5N1.EPI_ISL_17606824.Anseriformes.south_korea.22.2021-11-22 but kept for subsequent analysis
NOTE: H5N1.EPI_ISL_china_20230847.Anseriformes.china.22.2021-12-02 is identical to H5N1.EPI_ISL_17606826.Galliformes.south_korea.22.2021-12-05 but kept for subsequent analysis
NOTE: H5N1.EPI_ISL_17606850.Galliformes.south_korea.22.2022-02-04 is identical to H5N1.EPI_ISL_17606844.Anseriformes.south_korea.22.2022-01-25 but kept for subsequent analysis
NOTE: H5N1.EPI_ISL_17606860.Galliformes.south_korea.22.2022-02-12 is identical to H5N1.EPI_ISL_17606852.Anseriformes.south_korea.22.2022-02-07 but kept for subsequent analysis
NOTE: H5N1.EPI_ISL_17606857.Galliformes.south_korea.22.2022-02-09 is identical to H5N1.EPI_ISL_17606855.Anseriformes.south_korea.22.2022-02-08 but kept for subsequent analysis
NOTE: H5N1.EPI_ISL_18373252.environment.south_korea.NA.2022-03-03 is identical to H5N1.EPI_ISL_17606861.Anseriformes.south_korea.19.2022-02-18 but kept for subsequent analysis
NOTE: H5N1.EPI_ISL_18102701.Carnivora.south_korea.NA.2023-07-04 is identical to H5N1.EPI_ISL_china_19.NA.china.80.2023-01-02 but kept for subsequent analysis
NOTE: H5N1.EPI_ISL_china_47.Charadriiformes.china.19.2022-07-22 is identical to H5N1.EPI_ISL_china_26.Podicipediformes.china.19.2022-07-15 but kept for subsequent analysis
NOTE: H5N1.EPI_ISL_china_44.Charadriiformes.china.19.2022-07-22 is identical to H5N1.EPI_ISL_china_28.Podicipediformes.china.19.2022-07-21 but kept for subsequent analysis
NOTE: H5N1.EPI_ISL_china_20230854.Suliformes.china.19.2021-12-01 is identical to H5N1.EPI_ISL_china_2023083.Anseriformes.china.19.2021-11-04 but kept for subsequent analysis
NOTE: H5N6.EPI_ISL_17809482.Anseriformes.viet_nam.59.2021-01-29 is identical to H5N6.EPI_ISL_18119972.Anseriformes.viet_nam.NA.2021-01-29 but kept for subsequent analysis
NOTE: H5N1.EPI_ISL_18042992.Falconiformes.japan.NA.2022-10-11 is identical to H5N1.EPI_ISL_18284470.Galliformes.japan.NA.2022-11-20 but kept for subsequent analysis
NOTE: H3N8.EPI_ISL_13566017.environment.china.NA.2018-11-14 is identical to H4N2.EPI_ISL_17811777.Anseriformes.china.NA.2019-11-09 but kept for subsequent analysis
NOTE: H10N7.EPI_ISL_13985200.Charadriiformes.china.NA.2019-04-26 is identical to H10N6.EPI_ISL_13984564.Anseriformes.china.NA.2019-03-19 but kept for subsequent analysis
NOTE: H5N1.EPI_ISL_18132572.Anseriformes.united_states.NA.2022-04-27 is identical to H5N1.EPI_ISL_18132829.Galliformes.united_states.NA.2022-04-19 but kept for subsequent analysis
NOTE: H5N1.EPI_ISL_16297334.Anseriformes.united_states.9.2022-10-18 is identical to H5N1.EPI_ISL_16297335.Galliformes.united_states.9.2022-10-18 but kept for subsequent analysis
NOTE: H3N8.EPI_ISL_6784880.Anseriformes.south_korea.NA.2020-10-05 is identical to H3N8.EPI_ISL_6784911.NA.south_korea.NA.2020-10-05 but kept for subsequent analysis
NOTE: H5N1.EPI_ISL_18373235.Anseriformes.south_korea.NA.2022-01-28 is identical to H5N1.EPI_ISL_18373247.Gruiformes.south_korea.NA.2022-02-25 but kept for subsequent analysis
NOTE: H5N8.EPI_ISL_5062851.Charadriiformes.germany.1.2020-11-02 is identical to H5N8.EPI_ISL_5102449.Accipitriformes.germany.1.2020-10-29 but kept for subsequent analysis
NOTE: H5N6.EPI_ISL_340807.environment.china.NA.2018-03-06 is identical to H5N6.EPI_ISL_4031416.Anseriformes.china.NA.2019-02-01 but kept for subsequent analysis
NOTE: H5N6.EPI_ISL_18231288.environment.laos.NA.2022-07-26 is identical to H5N6.EPI_ISL_18231307.Galliformes.laos.NA.2022-07-13 but kept for subsequent analysis
NOTE: H7N9.EPI_ISL_269514.environment.china.NA.2017-04-26 is identical to H7N9.EPI_ISL_274206.Galliformes.china.NA.2017-04-24 but kept for subsequent analysis
NOTE: H7N9.EPI_ISL_268526.NA.china.NA.2017-03-04 is identical to H7N9.EPI_ISL_379673.Galliformes.china.NA.2017-06-13 but kept for subsequent analysis
NOTE: H5N1.EPI_ISL_17964931.Charadriiformes.united_states.2.2023-03-30 is identical to H5N1.EPI_ISL_17964937.Suliformes.united_states.2.2023-04-07 but kept for subsequent analysis
NOTE: H5N8.EPI_ISL_5057876.Anseriformes.germany.NA.2020-11-01 is identical to H5N8.EPI_ISL_7597827.Podicipediformes.belgium.1.2020-11-24 but kept for subsequent analysis
NOTE: H5N8.EPI_ISL_644160.Galliformes.canada.1.2020-08-06 is identical to H5N8.EPI_ISL_654839.Anseriformes.russia.1.2020-08-27 but kept for subsequent analysis
NOTE: H5N8.EPI_ISL_1386249.Accipitriformes.sweden.1.2021-03-16 is identical to H5N8.EPI_ISL_5123847.Galliformes.germany.NA.2021-03-11 but kept for subsequent analysis
NOTE: H5N8.EPI_ISL_1719913.Galliformes.bulgaria.1.2021-02-01 is identical to H5N8.EPI_ISL_2234813.Ciconiiformes.spain.1.2021-01-07 but kept for subsequent analysis
NOTE: H10N7.EPI_ISL_4071623.environment.bangladesh.NA.2020-01-27 is identical to H9N9.EPI_ISL_4073200.Anseriformes.bangladesh.NA.2020-02-22 but kept for subsequent analysis
NOTE: H5N1.EPI_ISL_11406402.Anseriformes.united_kingdom.2.2022-01-23 is identical to H5N1.EPI_ISL_13246267.Galliformes.iceland.2.2022-04-14 but kept for subsequent analysis
NOTE: 49 identical sequences (see below) will be ignored for subsequent analysis
NOTE: H5N8.EPI_ISL_732935.Galliformes.japan.16.2020-12-13 (identical to H5N8.EPI_ISL_681281.Anseriformes.japan.10.2020-11-16) is ignored but added at the end
NOTE: H5N8.EPI_ISL_1041172.Accipitriformes.japan.16.2021-02-10 (identical to H5N8.EPI_ISL_681281.Anseriformes.japan.10.2020-11-16) is ignored but added at the end
NOTE: H5N8.EPI_ISL_5260457.Anseriformes.china.16.2021-01-23 (identical to H5N8.EPI_ISL_681281.Anseriformes.japan.10.2020-11-16) is ignored but added at the end
NOTE: H5N8.EPI_ISL_17805874.environment.japan.10.2020-12-07 (identical to H5N8.EPI_ISL_681281.Anseriformes.japan.10.2020-11-16) is ignored but added at the end
NOTE: H5N8.EPI_ISL_17805901.NA.japan.10.2020-12-18 (identical to H5N8.EPI_ISL_681281.Anseriformes.japan.10.2020-11-16) is ignored but added at the end
NOTE: H5N8.EPI_ISL_16718460.Accipitriformes.japan.16.2021-02-01 (identical to H5N8.EPI_ISL_854608.Galliformes.japan.16.2021-01-12) is ignored but added at the end
NOTE: H5N1.EPI_ISL_17051482.Anseriformes.canada.2.2023-01-16 (identical to H5N1.EPI_ISL_14615027.Passeriformes.japan.2.2022-03-14) is ignored but added at the end
NOTE: H5N1.EPI_ISL_14493135.Ciconiiformes.netherlands.2.2022-06-03 (identical to H5N1.EPI_ISL_14615027.Passeriformes.japan.2.2022-03-14) is ignored but added at the end
NOTE: H5N1.EPI_ISL_13370511.Galliformes.united_kingdom.2.2021-12-02 (identical to H5N1.EPI_ISL_14615027.Passeriformes.japan.2.2022-03-14) is ignored but added at the end
NOTE: H5N1.EPI_ISL_13370507.Galliformes.united_kingdom.3.2021-12-02 (identical to H5N1.EPI_ISL_14615027.Passeriformes.japan.2.2022-03-14) is ignored but added at the end
NOTE: H5N1.EPI_ISL_13369400.Charadriiformes.united_kingdom.3.2021-11-02 (identical to H5N1.EPI_ISL_14615027.Passeriformes.japan.2.2022-03-14) is ignored but added at the end
NOTE: H5N1.EPI_ISL_13369398.Accipitriformes.united_kingdom.3.2021-11-02 (identical to H5N1.EPI_ISL_14615027.Passeriformes.japan.2.2022-03-14) is ignored but added at the end
NOTE: H5N2.EPI_ISL_15579542.Anseriformes.netherlands.210.2022-10-01 (identical to H5N1.EPI_ISL_14615027.Passeriformes.japan.2.2022-03-14) is ignored but added at the end
NOTE: H5N1.EPI_ISL_11725994.Accipitriformes.germany.2.2021-11-09 (identical to H5N1.EPI_ISL_14615027.Passeriformes.japan.2.2022-03-14) is ignored but added at the end
NOTE: H5N1.EPI_ISL_18445705.Anseriformes.france.NA.2022-01-24 (identical to H5N1.EPI_ISL_14615027.Passeriformes.japan.2.2022-03-14) is ignored but added at the end
NOTE: H5N1.EPI_ISL_16838579.Pelecaniformes.russia.2.2021-07-16 (identical to H5N1.EPI_ISL_14615027.Passeriformes.japan.2.2022-03-14) is ignored but added at the end
NOTE: H5N1.EPI_ISL_12514573.Passeriformes.netherlands.3.2022-04-13 (identical to H5N1.EPI_ISL_14615027.Passeriformes.japan.2.2022-03-14) is ignored but added at the end
NOTE: H5N1.EPI_ISL_11112346.Anseriformes.netherlands.3.2022-02-23 (identical to H5N1.EPI_ISL_14615027.Passeriformes.japan.2.2022-03-14) is ignored but added at the end
NOTE: H5N1.EPI_ISL_9616265.Carnivora.netherlands.3.2022-01-27 (identical to H5N1.EPI_ISL_14615027.Passeriformes.japan.2.2022-03-14) is ignored but added at the end
NOTE: H5N1.EPI_ISL_18284477.Galliformes.japan.NA.2023-03-14 (identical to H5N1.EPI_ISL_16698576.Gruiformes.japan.2.2022-11-20) is ignored but added at the end
NOTE: H5N1.EPI_ISL_17999470.Falconiformes.japan.NA.2022-10-16 (identical to H5N1.EPI_ISL_16698576.Gruiformes.japan.2.2022-11-20) is ignored but added at the end
NOTE: H5N1.EPI_ISL_18066453.Passeriformes.japan.NA.2023-02-17 (identical to H5N1.EPI_ISL_17316075.Passeriformes.japan.15.2023-02-04) is ignored but added at the end
NOTE: H5N1.EPI_ISL_18066451.Anseriformes.japan.NA.2023-02-09 (identical to H5N1.EPI_ISL_17316075.Passeriformes.japan.15.2023-02-04) is ignored but added at the end
NOTE: H5N1.EPI_ISL_17857959.Carnivora.japan.NA.2023-02-20 (identical to H5N1.EPI_ISL_17316075.Passeriformes.japan.15.2023-02-04) is ignored but added at the end
NOTE: H5N1.EPI_ISL_18373217.Anseriformes.south_korea.NA.2021-11-15 (identical to H5N1.EPI_ISL_17606824.Anseriformes.south_korea.22.2021-11-22) is ignored but added at the end
NOTE: H5N1.EPI_ISL_18373240.Anseriformes.south_korea.NA.2022-02-10 (identical to H5N1.EPI_ISL_17606861.Anseriformes.south_korea.19.2022-02-18) is ignored but added at the end
NOTE: H5N1.EPI_ISL_18066455.Accipitriformes.japan.NA.2023-01-07 (identical to H5N1.EPI_ISL_china_19.NA.china.80.2023-01-02) is ignored but added at the end
NOTE: H5N1.EPI_ISL_18284468.Galliformes.japan.NA.2022-12-05 (identical to H5N1.EPI_ISL_china_19.NA.china.80.2023-01-02) is ignored but added at the end
NOTE: H5N1.EPI_ISL_13352724.Anseriformes.china.NA.2021-12-17 (identical to H5N1.EPI_ISL_china_2023083.Anseriformes.china.19.2021-11-04) is ignored but added at the end
NOTE: H1N1.EPI_ISL_398140.NA.china.NA.2019-01-17 (identical to H4N2.EPI_ISL_17811777.Anseriformes.china.NA.2019-11-09) is ignored but added at the end
NOTE: H10N7.EPI_ISL_13985205.Charadriiformes.china.NA.2019-04-26 (identical to H10N6.EPI_ISL_13984564.Anseriformes.china.NA.2019-03-19) is ignored but added at the end
NOTE: H5N1.EPI_ISL_17051368.Accipitriformes.canada.NA.2022-06-17 (identical to H5N1.EPI_ISL_18132829.Galliformes.united_states.NA.2022-04-19) is ignored but added at the end
NOTE: H5N1.EPI_ISL_17051343.Pelecaniformes.canada.NA.2022-06-02 (identical to H5N1.EPI_ISL_18132829.Galliformes.united_states.NA.2022-04-19) is ignored but added at the end
NOTE: H5N1.EPI_ISL_17051341.Pelecaniformes.canada.9.2022-06-02 (identical to H5N1.EPI_ISL_18132829.Galliformes.united_states.NA.2022-04-19) is ignored but added at the end
NOTE: H5N1.EPI_ISL_16243915.Anseriformes.united_states.9.2022-05-16 (identical to H5N1.EPI_ISL_18132829.Galliformes.united_states.NA.2022-04-19) is ignored but added at the end
NOTE: H5N1.EPI_ISL_16189977.Strigiformes.canada.9.2022-04-28 (identical to H5N1.EPI_ISL_18132829.Galliformes.united_states.NA.2022-04-19) is ignored but added at the end
NOTE: H5N1.EPI_ISL_16183504.Galliformes.canada.9.2022-05-16 (identical to H5N1.EPI_ISL_18132829.Galliformes.united_states.NA.2022-04-19) is ignored but added at the end
NOTE: H5N1.EPI_ISL_16023372.Carnivora.canada.9.2022-06-28 (identical to H5N1.EPI_ISL_18132829.Galliformes.united_states.NA.2022-04-19) is ignored but added at the end
NOTE: H5N8.EPI_ISL_5058262.Anseriformes.germany.NA.2020-11-02 (identical to H5N8.EPI_ISL_5102449.Accipitriformes.germany.1.2020-10-29) is ignored but added at the end
NOTE: H5N8.EPI_ISL_2172529.Anseriformes.netherlands.1.2021-01-30 (identical to H5N8.EPI_ISL_5102449.Accipitriformes.germany.1.2020-10-29) is ignored but added at the end
NOTE: H5N1.EPI_ISL_17964883.Passeriformes.united_states.NA.2023-02-21 (identical to H5N1.EPI_ISL_17964937.Suliformes.united_states.2.2023-04-07) is ignored but added at the end
NOTE: H5N1.EPI_ISL_17964877.Accipitriformes.united_states.2.2023-02-14 (identical to H5N1.EPI_ISL_17964937.Suliformes.united_states.2.2023-04-07) is ignored but added at the end
NOTE: H5N8.EPI_ISL_1139166.Anseriformes.netherlands.1.2020-11-24 (identical to H5N8.EPI_ISL_7597827.Podicipediformes.belgium.1.2020-11-24) is ignored but added at the end
NOTE: H5N8.EPI_ISL_1139050.Charadriiformes.netherlands.1.2020-11-01 (identical to H5N8.EPI_ISL_7597827.Podicipediformes.belgium.1.2020-11-24) is ignored but added at the end
NOTE: H5N8.EPI_ISL_1139023.Strigiformes.netherlands.1.2020-11-02 (identical to H5N8.EPI_ISL_7597827.Podicipediformes.belgium.1.2020-11-24) is ignored but added at the end
NOTE: H5N8.EPI_ISL_775266.Charadriiformes.netherlands.1.2020-12-17 (identical to H5N8.EPI_ISL_7597827.Podicipediformes.belgium.1.2020-11-24) is ignored but added at the end
NOTE: H5N8.EPI_ISL_2081528.Carnivora.united_kingdom.1.2020-12-08 (identical to H5N8.EPI_ISL_7597827.Podicipediformes.belgium.1.2020-11-24) is ignored but added at the end
NOTE: H5N8.EPI_ISL_2081527.Carnivora.united_kingdom.1.2020-12-08 (identical to H5N8.EPI_ISL_7597827.Podicipediformes.belgium.1.2020-11-24) is ignored but added at the end
NOTE: H5N8.EPI_ISL_1719909.Anseriformes.lithuania.1.2021-02-26 (identical to H5N8.EPI_ISL_2234813.Ciconiiformes.spain.1.2021-01-07) is ignored but added at the end

For your convenience alignment with unique sequences printed to clade2344b_asia_NS_subsampled.fasta.uniqueseq.phy

Create initial parsimony tree by phylogenetic likelihood library (PLL)... 0.018 seconds
Generating 1000 samples for ultrafast bootstrap (seed: 654042)...

NOTE: 12 MB RAM (0 GB) is required!
Measuring multi-threading efficiency up to 6 CPU cores
Increase to 10 rounds for branch lengths
52 trees examined
Threads: 1 / Time: 6.068 sec / Speedup: 1.000 / Efficiency: 100% / LogL: -39341
Threads: 2 / Time: 4.114 sec / Speedup: 1.475 / Efficiency: 74% / LogL: -39341
Threads: 3 / Time: 3.522 sec / Speedup: 1.723 / Efficiency: 57% / LogL: -39341
Threads: 4 / Time: 3.417 sec / Speedup: 1.776 / Efficiency: 44% / LogL: -39341
BEST NUMBER OF THREADS: 3

Estimate model parameters (epsilon = 0.100)
1. Initial log-likelihood: -6720.661
2. Current log-likelihood: -6269.984
3. Current log-likelihood: -6143.420
4. Current log-likelihood: -6132.425
5. Current log-likelihood: -6131.770
Optimal log-likelihood: -6131.716
Rate parameters:  A-C: 1.00000  A-G: 6.79293  A-T: 1.00000  C-G: 1.00000  C-T: 6.79293  G-T: 1.00000
Base frequencies:  A: 0.315  C: 0.199  G: 0.243  T: 0.243
Gamma shape alpha: 0.412
Parameters optimization took 5 rounds (0.177 sec)
Computing ML distances based on estimated model parameters... 0.316 sec
Computing BIONJ tree...
0.031 seconds
Log-likelihood of BIONJ tree: -6178.549
--------------------------------------------------------------------
|             INITIALIZING CANDIDATE TREE SET                      |
--------------------------------------------------------------------
Generating 98 parsimony trees... 1.682 second
Computing log-likelihood of 98 initial trees ... 1.880 seconds
Current best score: -6125.681

Do NNI search on 20 best initial trees
Estimate model parameters (epsilon = 0.100)
BETTER TREE FOUND at iteration 1: -6114.609
Iteration 10 / LogL: -6122.811 / Time: 0h:0m:27s
Estimate model parameters (epsilon = 0.100)
BETTER TREE FOUND at iteration 12: -6113.981
Iteration 20 / LogL: -6114.219 / Time: 0h:0m:35s
Finish initializing candidate tree set (20)
Current best tree score: -6113.981 / CPU time: 17.587
Number of iterations: 20
--------------------------------------------------------------------
|               OPTIMIZING CANDIDATE TREE SET                      |
--------------------------------------------------------------------
Iteration 30 / LogL: -6114.236 / Time: 0h:0m:41s (0h:1m:57s left)
Iteration 40 / LogL: -6118.549 / Time: 0h:0m:47s (0h:1m:28s left)
Iteration 50 / LogL: -6116.048 / Time: 0h:0m:53s (0h:1m:7s left)
Log-likelihood cutoff on original alignment: -6152.700
Estimate model parameters (epsilon = 0.100)
BETTER TREE FOUND at iteration 51: -6113.930
Estimate model parameters (epsilon = 0.100)
BETTER TREE FOUND at iteration 53: -6113.667
Iteration 60 / LogL: -6117.404 / Time: 0h:1m:0s (0h:1m:35s left)
Estimate model parameters (epsilon = 0.100)
BETTER TREE FOUND at iteration 70: -6113.468
Iteration 70 / LogL: -6113.468 / Time: 0h:1m:7s (0h:1m:37s left)
Iteration 80 / LogL: -6113.926 / Time: 0h:1m:13s (0h:1m:23s left)
Estimate model parameters (epsilon = 0.100)
BETTER TREE FOUND at iteration 83: -6113.408
Iteration 90 / LogL: -6115.473 / Time: 0h:1m:19s (0h:1m:22s left)
Iteration 100 / LogL: -6113.473 / Time: 0h:1m:24s (0h:1m:11s left)
Log-likelihood cutoff on original alignment: -6152.700
NOTE: Bootstrap correlation coefficient of split occurrence frequencies: 0.990
Iteration 110 / LogL: -6120.039 / Time: 0h:1m:31s (0h:1m:15s left)
Iteration 120 / LogL: -6113.418 / Time: 0h:1m:37s (0h:1m:5s left)
Iteration 130 / LogL: -6115.082 / Time: 0h:1m:44s (0h:0m:56s left)
Iteration 140 / LogL: -6115.092 / Time: 0h:1m:50s (0h:0m:47s left)
Estimate model parameters (epsilon = 0.100)
BETTER TREE FOUND at iteration 143: -6112.976
BETTER TREE FOUND at iteration 145: -6112.973
Iteration 150 / LogL: -6115.662 / Time: 0h:1m:56s (0h:1m:14s left)
Log-likelihood cutoff on original alignment: -6152.700
BETTER TREE FOUND at iteration 160: -6112.971
Iteration 160 / LogL: -6112.971 / Time: 0h:2m:4s (0h:1m:17s left)
BETTER TREE FOUND at iteration 161: -6112.971
BETTER TREE FOUND at iteration 170: -6112.969
Iteration 170 / LogL: -6112.969 / Time: 0h:2m:11s (0h:1m:17s left)
Iteration 180 / LogL: -6128.146 / Time: 0h:2m:18s (0h:1m:9s left)
BETTER TREE FOUND at iteration 185: -6112.966
Iteration 190 / LogL: -6112.979 / Time: 0h:2m:23s (0h:1m:12s left)
Iteration 200 / LogL: -6124.801 / Time: 0h:2m:30s (0h:1m:4s left)
Log-likelihood cutoff on original alignment: -6152.700
NOTE: Bootstrap correlation coefficient of split occurrence frequencies: 0.997
Iteration 210 / LogL: -6678.235 / Time: 0h:2m:38s (0h:1m:8s left)
BETTER TREE FOUND at iteration 220: -6112.966
Iteration 220 / LogL: -6112.966 / Time: 0h:2m:44s (0h:1m:15s left)
Iteration 230 / LogL: -6112.979 / Time: 0h:2m:52s (0h:1m:7s left)
Iteration 240 / LogL: -6112.968 / Time: 0h:2m:59s (0h:1m:0s left)
Iteration 250 / LogL: -6115.788 / Time: 0h:3m:6s (0h:0m:52s left)
Log-likelihood cutoff on original alignment: -6152.700
Iteration 260 / LogL: -6112.968 / Time: 0h:3m:14s (0h:0m:44s left)
Iteration 270 / LogL: -6128.489 / Time: 0h:3m:20s (0h:0m:37s left)
Iteration 280 / LogL: -6213.222 / Time: 0h:3m:27s (0h:0m:29s left)
Iteration 290 / LogL: -6134.251 / Time: 0h:3m:33s (0h:0m:22s left)
Iteration 300 / LogL: -6115.105 / Time: 0h:3m:41s (0h:0m:14s left)
Log-likelihood cutoff on original alignment: -6152.700
NOTE: Bootstrap correlation coefficient of split occurrence frequencies: 0.996
Iteration 310 / LogL: -6113.207 / Time: 0h:3m:48s (0h:1m:6s left)
Iteration 320 / LogL: -6216.855 / Time: 0h:3m:55s (0h:0m:59s left)
TREE SEARCH COMPLETED AFTER 321 ITERATIONS / Time: 0h:3m:56s

--------------------------------------------------------------------
|                    FINALIZING TREE SEARCH                        |
--------------------------------------------------------------------
Performs final model parameters optimization
Estimate model parameters (epsilon = 0.010)
1. Initial log-likelihood: -6112.966
Optimal log-likelihood: -6112.965
Rate parameters:  A-C: 1.00000  A-G: 6.68857  A-T: 1.00000  C-G: 1.00000  C-T: 6.68857  G-T: 1.00000
Base frequencies:  A: 0.315  C: 0.199  G: 0.243  T: 0.243
Gamma shape alpha: 0.425
Parameters optimization took 1 rounds (0.017 sec)
BEST SCORE FOUND : -6112.965
Creating bootstrap support values...
Split supports printed to NEXUS file clade2344b_asia_NS_subsampled.fasta.splits.nex
Total tree length: 1.698

Total number of iterations: 321
CPU time used for tree search: 636.838 sec (0h:10m:36s)
Wall-clock time used for tree search: 218.919 sec (0h:3m:38s)
Total CPU time used: 678.618 sec (0h:11m:18s)
Total wall-clock time used: 237.098 sec (0h:3m:57s)

Computing bootstrap consensus tree...
Reading input file clade2344b_asia_NS_subsampled.fasta.splits.nex...
233 taxa and 3097 splits.
Consensus tree written to clade2344b_asia_NS_subsampled.fasta.contree
Reading input trees file clade2344b_asia_NS_subsampled.fasta.contree
Log-likelihood of consensus tree: -6113.416

Analysis results written to: 
  IQ-TREE report:                clade2344b_asia_NS_subsampled.fasta.iqtree
  Maximum-likelihood tree:       clade2344b_asia_NS_subsampled.fasta.treefile
  Likelihood distances:          clade2344b_asia_NS_subsampled.fasta.mldist

Ultrafast bootstrap approximation results written to:
  Split support values:          clade2344b_asia_NS_subsampled.fasta.splits.nex
  Consensus tree:                clade2344b_asia_NS_subsampled.fasta.contree
  Screen log file:               clade2344b_asia_NS_subsampled.fasta.log

Date and Time: Wed Jan 10 23:11:12 2024
