IQ-TREE multicore version 1.6.12 for Mac OS X 64-bit built Aug 15 2019
Developed by Bui Quang Minh, Nguyen Lam Tung, Olga Chernomor,
Heiko Schmidt, Dominik Schrempf, Michael Woodhams.

Host:    sce-bio-c05393 (AVX2, FMA3, 16 GB RAM)
Command: iqtree -s clade2344b_asia_PA_subsampled.fasta -nt AUTO -m HKY+G4 -bb 1000
Seed:    352559 (Using SPRNG - Scalable Parallel Random Number Generator)
Time:    Wed Jan 10 23:11:12 2024
Kernel:  AVX+FMA - auto-detect threads (6 CPU cores detected)

Reading alignment file clade2344b_asia_PA_subsampled.fasta ... Fasta format detected
Alignment most likely contains DNA/RNA sequences
Alignment has 241 sequences with 2151 columns, 670 distinct patterns
641 parsimony-informative, 99 singleton sites, 1411 constant sites
                                                                   Gap/Ambiguity  Composition  p-value
   1  H5N8.EPI_ISL_615072.Anseriformes.kazakhstan.1.2020-09-25             0.00%    passed     99.90%
   2  H5N8.EPI_ISL_681281.Anseriformes.japan.10.2020-11-16                 0.00%    passed     99.86%
   3  H5N8.EPI_ISL_732934.Galliformes.japan.16.2020-12-15                  0.00%    passed     99.87%
   4  H5N8.EPI_ISL_732941.Galliformes.japan.16.2020-12-13                  0.00%    passed     99.88%
   5  H5N8.EPI_ISL_1041144.Anseriformes.japan.1.2021-01-23                 0.00%    passed     99.98%
   6  H5N8.EPI_ISL_1041173.Accipitriformes.japan.16.2021-02-10             0.00%    passed     97.39%
   7  H5N8.EPI_ISL_1041178.Falconiformes.japan.10.2021-02-15               0.00%    passed     99.50%
   8  H5N8.EPI_ISL_1114725.Anseriformes.japan.1.2021-01-16                 0.00%    passed     99.98%
   9  H5N8.EPI_ISL_5260460.Anseriformes.china.1.2021-01-23                 0.00%    passed     99.75%
  10  H5N8.EPI_ISL_5260467.Podicipediformes.china.1.2021-06-05             0.00%    passed     99.33%
  11  H5N8.EPI_ISL_6829536.Galliformes.japan.1.2021-11-14                  0.00%    passed     98.26%
  12  H5N8.EPI_ISL_759852.Galliformes.japan.10.2020-12-23                  0.00%    passed     99.90%
  13  H5N8.EPI_ISL_759854.Galliformes.japan.16.2020-12-22                  0.00%    passed     99.87%
  14  H5N8.EPI_ISL_854600.Galliformes.japan.10.2021-01-01                  0.00%    passed     99.58%
  15  H5N8.EPI_ISL_854606.Galliformes.japan.16.2021-01-12                  0.00%    passed     99.93%
  16  H5N8.EPI_ISL_985192.Galliformes.south_korea.16.2020-12-14            0.00%    passed     99.88%
  17  H5N8.EPI_ISL_985198.Galliformes.south_korea.79.2020-12-21            0.00%    passed     99.29%
  18  H5N8.EPI_ISL_985200.Anseriformes.south_korea.79.2020-12-22           0.00%    passed     99.29%
  19  H5N8.EPI_ISL_985201.Anseriformes.south_korea.16.2020-12-22           0.00%    passed     99.88%
  20  H5N8.EPI_ISL_985210.Galliformes.south_korea.79.2020-12-28            0.00%    passed     99.27%
  21  H5N8.EPI_ISL_985222.Galliformes.japan.1.2021-02-06                   0.00%    passed     99.95%
  22  H5N8.EPI_ISL_985226.Galliformes.japan.1.2021-02-07                   0.00%    passed     99.93%
  23  H5N8.EPI_ISL_985232.Anseriformes.japan.10.2021-02-08                 0.00%    passed     99.72%
  24  H5N8.EPI_ISL_1009683.Anseriformes.south_korea.1.2020-12-29           0.00%    passed     99.83%
  25  H5N8.EPI_ISL_1009700.Anseriformes.south_korea.16.2020-11-26          0.00%    passed     99.95%
  26  H5N8.EPI_ISL_1009707.NA.south_korea.1.2020-12-14                     0.00%    passed     99.79%
  27  H5N8.EPI_ISL_1273426.Galliformes.japan.10.2020-11-12                 0.00%    passed     99.95%
  28  H5N8.EPI_ISL_1273439.Galliformes.japan.16.2021-03-13                 0.00%    passed     99.93%
  29  H5N8.EPI_ISL_1939617.Strigiformes.china.1.2020-11-11                 0.00%    passed     99.67%
  30  H5N8.EPI_ISL_2685842.Anseriformes.china.1.2020-11-04                 0.00%    passed     99.71%
  31  H5N8.EPI_ISL_2685847.Anseriformes.china.1.2020-11-11                 0.00%    passed     99.98%
  32  H5N8.EPI_ISL_2685900.Anseriformes.china.1.2020-11-16                 0.00%    passed     99.67%
  33  H5N8.EPI_ISL_2713314.Charadriiformes.china.1.2020-11-16              0.00%    passed     99.58%
  34  H5N8.EPI_ISL_2820501.Anseriformes.china.10.2020-10-16                0.00%    passed     99.95%
  35  H5N8.EPI_ISL_4062112.Anseriformes.japan.16.2020-12-22                0.00%    passed     99.88%
  36  H5N6.EPI_ISL_6772738.Galliformes.china.127.2021-08                   0.00%    passed     91.35%
  37  H5N6.EPI_ISL_6772739.Galliformes.china.127.2021-08                   0.00%    passed     90.93%
  38  H5N6.EPI_ISL_6772898.Anseriformes.china.209.2021-08                  0.00%    passed     98.04%
  39  H5N8.EPI_ISL_7379464.Anseriformes.china.1.2021-01                    0.00%    passed     99.93%
  40  H5N8.EPI_ISL_1240997.Accipitriformes.japan.10.2021-03-03             0.00%    passed     99.73%
  41  H5N8.EPI_ISL_2932617.Passeriformes.kazakhstan.1.2020-09-15           0.00%    passed     99.90%
  42  H5N8.EPI_ISL_1241004.Strigiformes.japan.10.2021-02-16                0.00%    passed     99.72%
  43  H5N8.EPI_ISL_1273420.Galliformes.japan.10.2020-11-07                 0.00%    passed     99.88%
  44  H5N8.EPI_ISL_978906.Galliformes.japan.16.2021-01-22                  0.00%    passed     99.68%
  45  H5N8.EPI_ISL_978902.Galliformes.japan.1.2021-01-30                   0.00%    passed     99.73%
  46  H5N8.EPI_ISL_978901.Galliformes.japan.10.2021-02-01                  0.00%    passed     99.79%
  47  H5N8.EPI_ISL_978895.Galliformes.japan.1.2021-02-05                   0.00%    passed     99.88%
  48  H5N8.EPI_ISL_2932682.Columbiformes.kazakhstan.1.2020-09-15           0.00%    passed     99.86%
  49  H5N8.EPI_ISL_1822597.Anseriformes.china.1.2020-11-10                 0.00%    passed     99.93%
  50  H5N1.EPI_ISL_11211731.Anseriformes.bangladesh.19.2021-12-22          0.00%    passed     99.89%
  51  H5N1.EPI_ISL_14070455.Carnivora.japan.2.2022-04-01                   0.00%    passed     99.84%
  52  H5N6.EPI_ISL_8517996.environment.china.73.2021-12-23                 0.00%    passed     95.16%
  53  H5N6.EPI_ISL_8517997.environment.china.73.2021-12-23                 0.00%    passed     98.01%
  54  H5N6.EPI_ISL_8518000.environment.china.73.2021-12-23                 0.00%    passed     97.78%
  55  H5N6.EPI_ISL_11208194.Anseriformes.china.213.2021-10-18              0.00%    passed     99.25%
  56  H5N6.EPI_ISL_11208199.Anseriformes.china.73.2021-12-03               0.00%    passed     98.10%
  57  H5N1.EPI_ISL_12174843.Passeriformes.japan.2.2022-03-29               0.00%    passed     99.84%
  58  H5N1.EPI_ISL_12572653.Galliformes.china.110.2021-12-07               0.00%    passed     99.83%
  59  H5N1.EPI_ISL_12572663.Columbiformes.china.110.2021-12-08             0.00%    passed     99.93%
  60  H5N8.EPI_ISL_14874401.Galliformes.kazakhstan.1.2020-08-01            0.00%    passed     98.80%
  61  H5N1.EPI_ISL_14886367.Anseriformes.bangladesh.19.2021-12-19          0.00%    passed     99.96%
  62  H5N6.EPI_ISL_8518268.Galliformes.china.73.2021-12-23                 0.00%    passed     95.16%
  63  H5N8.EPI_ISL_13295077.Anseriformes.canada.81.2021-09-16              0.14%    passed     98.57%
  64  H5N1.EPI_ISL_15944665.Anseriformes.south_korea.128.2022-11-17        0.00%    passed     94.66%
  65  H5N8.EPI_ISL_14770165.Gruiformes.china.1.2020-12-31                  0.00%    passed     99.57%
  66  H5N1.EPI_ISL_15072540.Passeriformes.japan.2.2022-05-18               0.00%    passed     99.84%
  67  H5N1.EPI_ISL_15072539.Casuariiformes.japan.2.2022-04-16              0.00%    passed     99.78%
  68  H5N1.EPI_ISL_14064986.Passeriformes.japan.2.2022-02-14               0.00%    passed     99.78%
  69  H5N8.EPI_ISL_16405657.environment.japan.10.2020-11-16                0.00%    passed     99.58%
  70  H5N8.EPI_ISL_16405664.environment.japan.10.2020-11-30                0.00%    passed     99.71%
  71  H5N8.EPI_ISL_16405672.environment.japan.10.2020-12-07                0.00%    passed     98.89%
  72  H5N8.EPI_ISL_16405673.environment.japan.10.2020-12-07                0.00%    passed     99.81%
  73  H5N8.EPI_ISL_16405676.environment.japan.10.2020-12-21                0.00%    passed     98.93%
  74  H5N8.EPI_ISL_16405677.environment.japan.10.2020-12-21                0.00%    passed     99.73%
  75  H5N1.EPI_ISL_17638143.Galliformes.japan.80.2023-04-02                0.00%    passed     88.76%
  76  H5N8.EPI_ISL_17760583.Anseriformes.canada.81.2021-10-15              0.00%    passed     98.00%
  77  H5N8.EPI_ISL_17805816.environment.japan.10.2020-12-07                0.00%    passed     99.62%
  78  H5N8.EPI_ISL_17805820.NA.japan.10.2021-02-05                         0.00%    passed     99.72%
  79  H5N8.EPI_ISL_17805822.NA.japan.16.2021-02-01                         0.00%    passed     99.95%
  80  H5N8.EPI_ISL_17805826.environment.japan.10.2020-11-30                0.00%    passed     99.72%
  81  H5N8.EPI_ISL_17805860.environment.japan.10.2020-11-16                0.00%    passed     99.82%
  82  H5N8.EPI_ISL_17805873.environment.japan.10.2020-11-30                0.00%    passed     99.73%
  83  H5N8.EPI_ISL_17805901.NA.japan.10.2020-12-18                         0.00%    passed     99.68%
  84  H5N1.EPI_ISL_17950253.Passeriformes.japan.2.2023-03-30               0.00%    passed     99.48%
  85  H5N1.EPI_ISL_16698060.Galliformes.japan.15.2022-11-07                0.00%    passed     99.94%
  86  H5N8.EPI_ISL_16718460.Accipitriformes.japan.16.2021-02-01            0.00%    passed     99.95%
  87  H5N8.EPI_ISL_16718462.Gruiformes.japan.10.2021-02-05                 0.00%    passed     99.72%
  88  H5N8.EPI_ISL_16718465.Gruiformes.japan.1.2021-01-16                  0.00%    passed     99.98%
  89  H5N8.EPI_ISL_16718466.Anseriformes.japan.10.2020-12-18               0.00%    passed     99.68%
  90  H5N1.EPI_ISL_17075759.NA.china.19.2023-02-10                         0.00%    passed     98.31%
  91  H5N1.EPI_ISL_17267427.Passeriformes.japan.15.2022-12-12              0.00%    passed     96.72%
  92  H5N1.EPI_ISL_17317372.Passeriformes.japan.15.2022-12-18              0.00%    passed     97.00%
  93  H5N1.EPI_ISL_17606816.Anseriformes.south_korea.22.2021-11-15         0.00%    passed     99.69%
  94  H5N1.EPI_ISL_17606818.Anseriformes.south_korea.22.2022-02-08         0.00%    passed     99.98%
  95  H5N1.EPI_ISL_17606822.Anseriformes.south_korea.22.2021-11-17         0.00%    passed     99.84%
  96  H5N1.EPI_ISL_17606829.Anseriformes.south_korea.22.2021-12-13         0.00%    passed     95.44%
  97  H5N1.EPI_ISL_17606832.Galliformes.south_korea.22.2021-12-16          0.00%    passed     99.69%
  98  H5N1.EPI_ISL_17606839.Anseriformes.south_korea.22.2022-01-14         0.00%    passed     99.95%
  99  H5N1.EPI_ISL_17606841.Galliformes.south_korea.22.2022-01-21          0.00%    passed     99.97%
 100  H5N1.EPI_ISL_17606844.Anseriformes.south_korea.22.2022-01-25         0.00%    passed     96.46%
 101  H5N1.EPI_ISL_17606845.Anseriformes.south_korea.22.2022-01-29         0.00%    passed     99.72%
 102  H5N1.EPI_ISL_17606848.Galliformes.south_korea.22.2022-02-02          0.00%    passed     99.95%
 103  H5N1.EPI_ISL_17606852.Anseriformes.south_korea.22.2022-02-07         0.00%    passed     99.99%
 104  H5N1.EPI_ISL_17606855.Anseriformes.south_korea.22.2022-02-08         0.00%    passed     99.95%
 105  H5N1.EPI_ISL_17606856.Galliformes.south_korea.22.2022-02-08          0.00%    passed     99.85%
 106  H5N1.EPI_ISL_17766057.Carnivora.japan.15.2023-04-12                  0.00%    passed     96.72%
 107  H5N1.EPI_ISL_china_23.Charadriiformes.china.19.2022-07-22            0.00%    passed     99.93%
 108  H5N1.EPI_ISL_china_26.Podicipediformes.china.19.2022-07-15           0.00%    passed     99.81%
 109  H5N1.EPI_ISL_china_28.Podicipediformes.china.19.2022-07-21           0.00%    passed     99.60%
 110  H5N1.EPI_ISL_china_34.Anseriformes.china.19.2022-06-18               0.00%    passed     99.79%
 111  H5N1.EPI_ISL_china_36.Anseriformes.china.19.2022-06-18               0.00%    passed     99.62%
 112  H5N1.EPI_ISL_china_43.Charadriiformes.china.19.2022-07-21            0.00%    passed     99.60%
 113  H5N1.EPI_ISL_china_2023082.Anseriformes.china.19.2021-11-04          0.00%    passed     99.70%
 114  H5N1.EPI_ISL_china_20230810.Anseriformes.china.19.2021-11-18         0.00%    passed     99.87%
 115  H5N1.EPI_ISL_china_20230818.Anseriformes.china.19.2021-11-16         0.00%    passed     99.96%
 116  H5N1.EPI_ISL_china_20230832.Anseriformes.china.2.2021-10-20          0.00%    passed     99.65%
 117  H5N1.EPI_ISL_china_20230833.Anseriformes.china.22.2021-10-15         0.00%    passed     99.96%
 118  H5N1.EPI_ISL_china_20230839.Anseriformes.china.22.2021-10-16         0.00%    passed     99.98%
 119  H5N1.EPI_ISL_china_20230844.Anseriformes.china.19.2021-11-25         0.00%    passed     99.89%
 120  H5N1.EPI_ISL_china_20230845.Anseriformes.china.19.2021-12-01         0.00%    passed     99.39%
 121  H5N1.EPI_ISL_china_20230851.Anseriformes.china.19.2021-12-02         0.00%    passed     99.20%
 122  H5N8.EPI_ISL_14823405.Anseriformes.china.NA.2021-01-27               0.00%    passed     99.86%
 123  H5N8.EPI_ISL_644134.Galliformes.russia.1.2020-08-17                  0.00%    passed     99.95%
 124  H5N1.EPI_ISL_5463806.Anseriformes.russia.2.2021-10-07                0.00%    passed     99.78%
 125  H5N1.EPI_ISL_9029957.Galliformes.united_kingdom.2.2021-11-16         0.00%    passed     99.78%
 126  H5N1.EPI_ISL_16831328.Casuariiformes.japan.NA.2022-04-16             0.00%    passed     99.78%
 127  H5N1.EPI_ISL_16831092.Passeriformes.japan.NA.2022-03-04              0.05%    passed     99.68%
 128  H5N1.EPI_ISL_13465456.Pelecaniformes.israel.NA.2021-11-29            0.00%    passed     98.81%
 129  H5N1.EPI_ISL_13369775.Galliformes.united_kingdom.2.2021-11-23        0.00%    passed     99.66%
 130  H5N1.EPI_ISL_15063429.Galliformes.japan.NA.2021-11-13                0.00%    passed     99.92%
 131  H5N1.EPI_ISL_18373236.Anseriformes.south_korea.NA.2022-01-25         0.00%    passed     99.97%
 132  H6N1.EPI_ISL_16886957.NA.south_korea.NA.2019-02-01                   0.00%    passed     94.53%
 133  H3N8.EPI_ISL_15723924.environment.china.NA.2019-12-23                0.00%    passed     89.88%
 134  H3N8.EPI_ISL_6784911.NA.south_korea.NA.2020-10-05                    0.00%    passed     89.46%
 135  H3N8.EPI_ISL_16165479.Charadriiformes.china.NA.2021-10-10            0.00%    passed     97.02%
 136  H5N8.EPI_ISL_14835661.Anseriformes.south_korea.212.2021-04-06        0.00%    passed     95.39%
 137  H5N1.EPI_ISL_16189977.Strigiformes.canada.9.2022-04-28               0.05%    passed     99.99%
 138  H5N1.EPI_ISL_18132924.Accipitriformes.united_states.NA.2022-03-20    0.00%    passed     99.98%
 139  H5N1.EPI_ISL_18132793.Galliformes.united_states.NA.2022-04-04        0.00%    passed     99.98%
 140  H5N1.EPI_ISL_18132762.Galliformes.united_states.NA.2022-03-21        0.00%    passed     99.98%
 141  H5N1.EPI_ISL_16023372.Carnivora.canada.9.2022-06-28                  0.00%    passed     99.98%
 142  H5N1.EPI_ISL_13432603.Galliformes.united_states.4.2022-04-04         0.00%    passed     99.98%
 143  H5N1.EPI_ISL_13052720.Carnivora.united_states.9.2022-04-22           0.00%    passed     99.98%
 144  H5N1.EPI_ISL_11971482.Galliformes.united_states.9.2022-03-21         0.00%    passed     99.98%
 145  H5N1.EPI_ISL_18133527.Strigiformes.united_states.NA.2022-04-03       0.00%    passed     99.94%
 146  H5N1.EPI_ISL_18133522.Anseriformes.united_states.NA.2022-03-14       0.00%    passed     99.98%
 147  H5N1.EPI_ISL_18133512.Strigiformes.united_states.NA.2022-04-22       0.00%    passed     99.97%
 148  H5N1.EPI_ISL_18133495.Strigiformes.united_states.NA.2022-04-04       0.00%    passed     99.98%
 149  H3N8.EPI_ISL_355936.Charadriiformes.russia.NA.2018-08-26             0.00%    passed     98.78%
 150  H3N6.EPI_ISL_16390402.environment.japan.NA.2020-11-23                0.00%    passed     98.82%
 151  H5N2.EPI_ISL_14767414.Anseriformes.united_states.283.2020-10-22      0.00%    passed     97.17%
 152  H5N2.EPI_ISL_9261739.Anseriformes.netherlands.210.2021-12-23         0.00%    passed     99.29%
 153  H5N3.EPI_ISL_11212324.Anseriformes.bangladesh.211.2022-01-10         0.00%    passed     95.14%
 154  H5N1.EPI_ISL_18242686.Pelecaniformes.south_korea.NA.2023-03-06       0.00%    passed     95.47%
 155  H3N2.EPI_ISL_17805831.environment.japan.NA.2020-12-07                0.00%    passed     98.55%
 156  H6N6.EPI_ISL_16405679.environment.japan.NA.2020-11-16                0.00%    passed     99.11%
 157  H3N8.EPI_ISL_16405643.environment.japan.NA.2020-11-30                0.00%    passed     97.88%
 158  H3N8.EPI_ISL_16405645.environment.japan.NA.2020-12-07                0.00%    passed     98.99%
 159  H3N6.EPI_ISL_17805930.environment.japan.NA.2020-11-30                0.00%    passed     98.43%
 160  H3N8.EPI_ISL_16405646.environment.japan.NA.2020-12-07                0.00%    passed     97.52%
 161  H5N8.EPI_ISL_17086336.Galliformes.japan.NA.2021-01-02                0.00%    passed     99.66%
 162  H5N1.EPI_ISL_18284461.Galliformes.japan.NA.2022-10-28                0.00%    passed     99.94%
 163  H6N2.EPI_ISL_364044.Anseriformes.china.NA.2016-03-09                 0.00%    passed     99.39%
 164  H5N1.EPI_ISL_18066453.Passeriformes.japan.NA.2023-02-17              0.00%    passed     96.72%
 165  H5N1.EPI_ISL_17857959.Carnivora.japan.NA.2023-02-20                  0.00%    passed     96.72%
 166  H3N8.EPI_ISL_368640.Anseriformes.mongolia.NA.2018-09-03              0.00%    passed     98.91%
 167  H5N6.EPI_ISL_243680.Galliformes.japan.NA.2017-01-24                  0.00%    passed     99.68%
 168  H5N6.EPI_ISL_221706.Anseriformes.china.NA.2016-01-01                 0.00%    passed     93.99%
 169  H3N2.EPI_ISL_15723920.environment.china.NA.2019-12-10                0.05%    passed     91.01%
 170  H5N6.EPI_ISL_18231288.environment.laos.NA.2022-07-26                 0.00%    passed     89.86%
 171  H5N6.EPI_ISL_18231285.Anseriformes.laos.NA.2022-07-13                0.05%    passed     89.70%
 172  NA.EPI_ISL_18231317.Anseriformes.laos.NA.2022-07-13                  0.00%    passed     91.74%
 173  H7N9.EPI_ISL_1495971.Galliformes.china.NA.2021-02-23                 0.00%    passed     87.89%
 174  H7N9.EPI_ISL_379668.Galliformes.china.NA.2017-05-07                  0.00%    passed     75.03%
 175  H7N9.EPI_ISL_269520.environment.china.NA.2017-05-05                  0.00%    passed     75.03%
 176  H7N9.EPI_ISL_269516.NA.china.NA.2017-05-13                           0.00%    passed     75.03%
 177  H5N8.EPI_ISL_15063430.Galliformes.japan.NA.2021-11-15                0.00%    passed     98.26%
 178  H5N1.EPI_ISL_18007231.Passeriformes.japan.NA.2023-03-15              0.00%    passed     88.76%
 179  H5N1.EPI_ISL_18241796.Galliformes.viet_nam.NA.2023-09-05             0.00%    passed     91.38%
 180  H5N1.EPI_ISL_18241795.Anseriformes.viet_nam.NA.2023-06-05            0.00%    passed     91.38%
 181  H5N1.EPI_ISL_18102700.Carnivora.south_korea.NA.2023-07-04            0.00%    passed     89.85%
 182  H5N1.EPI_ISL_13352727.Anseriformes.china.NA.2021-12-17               0.00%    passed     98.99%
 183  H5N1.EPI_ISL_14760633.Galliformes.italy.2.2021-11-24                 0.00%    passed     99.66%
 184  H5N1.EPI_ISL_14760559.NA.italy.2.2021-11-08                          0.00%    passed     99.66%
 185  H5N8.EPI_ISL_17086337.environment.japan.NA.2021-01-13                0.00%    passed     99.93%
 186  H5N8.EPI_ISL_4105028.Galliformes.japan.NA.2020-01-01                 0.00%    passed     99.87%
 187  H5N8.EPI_ISL_17086353.environment.japan.NA.2021-03-13                0.00%    passed     99.93%
 188  H5N8.EPI_ISL_17086225.environment.japan.NA.2020-11-11                0.00%    passed     99.95%
 189  H5N8.EPI_ISL_17086354.Anseriformes.japan.NA.2021-01-29               0.00%    passed     99.68%
 190  H5N8.EPI_ISL_17086339.Galliformes.japan.NA.2021-01-23                0.00%    passed     99.68%
 191  H5N8.EPI_ISL_5065276.Galliformes.germany.1.2021-01-02                0.00%    passed     99.85%
 192  H5N8.EPI_ISL_1139015.NA.netherlands.1.2020-10-26                     0.00%    passed     99.87%
 193  H5N8.EPI_ISL_1139014.Anseriformes.netherlands.1.2020-10-27           0.00%    passed     99.87%
 194  H5N8.EPI_ISL_15613490.Anseriformes.japan.NA.2021-01-24               0.00%    passed     99.98%
 195  H5N8.EPI_ISL_14823863.Anseriformes.china.NA.2020-11-09               0.00%    passed     99.71%
 196  H5N8.EPI_ISL_5096629.Anseriformes.germany.1.2021-01-12               0.00%    passed     99.90%
 197  H5N8.EPI_ISL_1114758.Galliformes.russia.1.2021-01-29                 0.00%    passed     99.71%
 198  H5N8.EPI_ISL_1114753.Anseriformes.russia.1.2020-12-31                0.00%    passed     99.54%
 199  H5N8.EPI_ISL_1114740.Galliformes.russia.1.2020-10-17                 0.00%    passed     99.72%
 200  H5N8.EPI_ISL_1058020.Galliformes.czech_republic.1.2021-02-10         0.00%    passed     99.79%
 201  H5N8.EPI_ISL_1039232.Galliformes.russia.1.2020-12-12                 0.00%    passed     99.75%
 202  H5N8.EPI_ISL_647969.Galliformes.sweden.1.2020-11-13                  0.00%    passed     99.90%
 203  H5N8.EPI_ISL_18244181.Anseriformes.poland.NA.2021-01-19              0.09%    passed     99.82%
 204  H5N8.EPI_ISL_17086347.Anseriformes.japan.NA.2021-02-04               0.00%    passed     99.95%
 205  H5N8.EPI_ISL_5098143.Galliformes.germany.1.2021-01-22                0.00%    passed     99.85%
 206  H5N8.EPI_ISL_2113167.Anseriformes.poland.1.2021-02-22                0.00%    passed     99.31%
 207  H5N8.EPI_ISL_1697188.Galliformes.czech_republic.1.2021-04-01         0.00%    passed     99.90%
 208  H5N8.EPI_ISL_1080480.Anseriformes.czech_republic.1.2021-02-14        0.00%    passed     99.67%
 209  H5N8.EPI_ISL_1057106.Anseriformes.czech_republic.1.2021-02-04        0.00%    passed     99.90%
 210  H5N8.EPI_ISL_1033124.Anseriformes.czech_republic.1.2021-02-04        0.00%    passed     99.81%
 211  H5N8.EPI_ISL_977513.Galliformes.czech_republic.1.2021-01-22          0.00%    passed     99.71%
 212  H5N8.EPI_ISL_18245531.Anseriformes.poland.NA.2021-03-16              0.05%    passed     98.68%
 213  H5N8.EPI_ISL_18244810.Accipitriformes.poland.NA.2021-02-19           0.05%    passed     99.87%
 214  H5N8.EPI_ISL_17086349.Galliformes.japan.NA.2021-02-08                0.00%    passed     99.93%
 215  H5N8.EPI_ISL_5116065.Rheiformes.germany.1.2021-03-02                 0.00%    passed     99.72%
 216  H5N8.EPI_ISL_5115968.Galliformes.germany.1.2021-03-04                0.00%    passed     99.90%
 217  H5N8.EPI_ISL_3128523.Pelecaniformes.greece.1.2021-03-22              0.00%    passed     99.48%
 218  H5N8.EPI_ISL_3102061.Anseriformes.poland.1.2021-04-09                0.00%    passed     99.72%
 219  H5N8.EPI_ISL_1399241.Galliformes.czech_republic.1.2021-03-06         0.00%    passed     99.90%
 220  H5N8.EPI_ISL_1399233.Galliformes.czech_republic.1.2021-02-27         0.00%    passed     99.94%
 221  H5N8.EPI_ISL_1139097.Anseriformes.netherlands.1.2020-11-04           0.00%    passed     99.62%
 222  H5N8.EPI_ISL_1039240.Galliformes.russia.1.2020-12-12                 0.00%    passed     99.75%
 223  H5N8.EPI_ISL_1033029.Galliformes.czech_republic.1.2021-02-03         0.00%    passed     99.72%
 224  H5N1.EPI_ISL_18373219.Anseriformes.south_korea.NA.2021-11-22         0.00%    passed     99.87%
 225  H5N1.EPI_ISL_18373235.Anseriformes.south_korea.NA.2022-01-28         0.00%    passed     99.79%
 226  H5N1.EPI_ISL_18373257.Anseriformes.south_korea.NA.2022-03-14         0.00%    passed     99.44%
 227  H5N1.EPI_ISL_17999470.Falconiformes.japan.NA.2022-10-16              0.00%    passed     99.67%
 228  H5N1.EPI_ISL_16831140.Passeriformes.japan.NA.2022-04-09              0.00%    passed     99.84%
 229  H5N1.EPI_ISL_11798577.Pelecaniformes.denmark.2.2021-10-28            0.00%    passed     99.83%
 230  H5N1.EPI_ISL_7996369.Anseriformes.netherlands.2.2021-11-19           0.00%    passed     99.67%
 231  H5N1.EPI_ISL_7753443.Accipitriformes.germany.2.2021-10-26            0.00%    passed     99.67%
 232  H5N1.EPI_ISL_6930564.Galliformes.poland.2.2021-11-03                 0.05%    passed     99.83%
 233  H5N1.EPI_ISL_6328409.Anseriformes.czech_republic.2.2021-11-01        0.00%    passed     99.86%
 234  H5N1.EPI_ISL_9261748.Pelecaniformes.netherlands.2.2022-01-14         0.00%    passed     99.66%
 235  H5N1.EPI_ISL_7952119.Charadriiformes.netherlands.2.2021-11-28        0.00%    passed     99.66%
 236  H5N1.EPI_ISL_6761000.Anseriformes.netherlands.2.2021-10-31           0.00%    passed     99.38%
 237  H5N1.EPI_ISL_6328001.Anseriformes.netherlands.2.2021-10-19           0.00%    passed     99.66%
 238  H5N1.EPI_ISL_5524384.Galliformes.italy.2.2021-10-18                  0.05%    passed     99.59%
 239  H5N1.EPI_ISL_7626533.Galliformes.czech_republic.2.2021-11-29         0.00%    passed     99.38%
 240  H5N1.EPI_ISL_7626514.Anseriformes.czech_republic.2.2021-11-29        0.00%    passed     99.38%
 241  H5N1.EPI_ISL_17785728.Anseriformes.austria.2.2022-04-13              0.00%    passed     99.66%
****  TOTAL                                                                0.00%  0 sequences failed composition chi2 test (p-value<5%; df=3)
NOTE: H5N8.EPI_ISL_16718465.Gruiformes.japan.1.2021-01-16 is identical to H5N8.EPI_ISL_1114725.Anseriformes.japan.1.2021-01-16 but kept for subsequent analysis
NOTE: H5N8.EPI_ISL_15063430.Galliformes.japan.NA.2021-11-15 is identical to H5N8.EPI_ISL_6829536.Galliformes.japan.1.2021-11-14 but kept for subsequent analysis
NOTE: H5N8.EPI_ISL_17086337.environment.japan.NA.2021-01-13 is identical to H5N8.EPI_ISL_854606.Galliformes.japan.16.2021-01-12 but kept for subsequent analysis
NOTE: H5N8.EPI_ISL_985201.Anseriformes.south_korea.16.2020-12-22 is identical to H5N8.EPI_ISL_985192.Galliformes.south_korea.16.2020-12-14 but kept for subsequent analysis
NOTE: H5N8.EPI_ISL_985200.Anseriformes.south_korea.79.2020-12-22 is identical to H5N8.EPI_ISL_985198.Galliformes.south_korea.79.2020-12-21 but kept for subsequent analysis
NOTE: H5N8.EPI_ISL_17086349.Galliformes.japan.NA.2021-02-08 is identical to H5N8.EPI_ISL_985226.Galliformes.japan.1.2021-02-07 but kept for subsequent analysis
NOTE: H5N8.EPI_ISL_17805822.NA.japan.16.2021-02-01 is identical to H5N8.EPI_ISL_1009700.Anseriformes.south_korea.16.2020-11-26 but kept for subsequent analysis
NOTE: H5N8.EPI_ISL_17086225.environment.japan.NA.2020-11-11 is identical to H5N8.EPI_ISL_1273426.Galliformes.japan.10.2020-11-12 but kept for subsequent analysis
NOTE: H5N8.EPI_ISL_17086353.environment.japan.NA.2021-03-13 is identical to H5N8.EPI_ISL_1273439.Galliformes.japan.16.2021-03-13 but kept for subsequent analysis
NOTE: H5N8.EPI_ISL_17086354.Anseriformes.japan.NA.2021-01-29 is identical to H5N8.EPI_ISL_978906.Galliformes.japan.16.2021-01-22 but kept for subsequent analysis
NOTE: H5N8.EPI_ISL_14823405.Anseriformes.china.NA.2021-01-27 is identical to H5N8.EPI_ISL_2932682.Columbiformes.kazakhstan.1.2020-09-15 but kept for subsequent analysis
NOTE: H5N1.EPI_ISL_15072540.Passeriformes.japan.2.2022-05-18 is identical to H5N1.EPI_ISL_14070455.Carnivora.japan.2.2022-04-01 but kept for subsequent analysis
NOTE: H5N6.EPI_ISL_8518268.Galliformes.china.73.2021-12-23 is identical to H5N6.EPI_ISL_8517996.environment.china.73.2021-12-23 but kept for subsequent analysis
NOTE: H5N1.EPI_ISL_14064986.Passeriformes.japan.2.2022-02-14 is identical to H5N1.EPI_ISL_15072539.Casuariiformes.japan.2.2022-04-16 but kept for subsequent analysis
NOTE: H5N1.EPI_ISL_18007231.Passeriformes.japan.NA.2023-03-15 is identical to H5N1.EPI_ISL_17638143.Galliformes.japan.80.2023-04-02 but kept for subsequent analysis
NOTE: H5N8.EPI_ISL_16718462.Gruiformes.japan.10.2021-02-05 is identical to H5N8.EPI_ISL_17805820.NA.japan.10.2021-02-05 but kept for subsequent analysis
NOTE: H5N8.EPI_ISL_16718466.Anseriformes.japan.10.2020-12-18 is identical to H5N8.EPI_ISL_17805901.NA.japan.10.2020-12-18 but kept for subsequent analysis
NOTE: H5N1.EPI_ISL_18284461.Galliformes.japan.NA.2022-10-28 is identical to H5N1.EPI_ISL_16698060.Galliformes.japan.15.2022-11-07 but kept for subsequent analysis
NOTE: H5N1.EPI_ISL_17766057.Carnivora.japan.15.2023-04-12 is identical to H5N1.EPI_ISL_17267427.Passeriformes.japan.15.2022-12-12 but kept for subsequent analysis
NOTE: H5N1.EPI_ISL_17606832.Galliformes.south_korea.22.2021-12-16 is identical to H5N1.EPI_ISL_17606816.Anseriformes.south_korea.22.2021-11-15 but kept for subsequent analysis
NOTE: H5N1.EPI_ISL_18373236.Anseriformes.south_korea.NA.2022-01-25 is identical to H5N1.EPI_ISL_17606841.Galliformes.south_korea.22.2022-01-21 but kept for subsequent analysis
NOTE: H5N1.EPI_ISL_17606855.Anseriformes.south_korea.22.2022-02-08 is identical to H5N1.EPI_ISL_17606848.Galliformes.south_korea.22.2022-02-02 but kept for subsequent analysis
NOTE: H5N1.EPI_ISL_china_43.Charadriiformes.china.19.2022-07-21 is identical to H5N1.EPI_ISL_china_28.Podicipediformes.china.19.2022-07-21 but kept for subsequent analysis
NOTE: H5N1.EPI_ISL_9029957.Galliformes.united_kingdom.2.2021-11-16 is identical to H5N1.EPI_ISL_5463806.Anseriformes.russia.2.2021-10-07 but kept for subsequent analysis
NOTE: H5N1.EPI_ISL_7952119.Charadriiformes.netherlands.2.2021-11-28 is identical to H5N1.EPI_ISL_13369775.Galliformes.united_kingdom.2.2021-11-23 but kept for subsequent analysis
NOTE: H5N1.EPI_ISL_18132762.Galliformes.united_states.NA.2022-03-21 is identical to H5N1.EPI_ISL_18132924.Accipitriformes.united_states.NA.2022-03-20 but kept for subsequent analysis
NOTE: H5N1.EPI_ISL_13432603.Galliformes.united_states.4.2022-04-04 is identical to H5N1.EPI_ISL_18132793.Galliformes.united_states.NA.2022-04-04 but kept for subsequent analysis
NOTE: H5N1.EPI_ISL_18133495.Strigiformes.united_states.NA.2022-04-04 is identical to H5N1.EPI_ISL_18133522.Anseriformes.united_states.NA.2022-03-14 but kept for subsequent analysis
NOTE: H7N9.EPI_ISL_269520.environment.china.NA.2017-05-05 is identical to H7N9.EPI_ISL_379668.Galliformes.china.NA.2017-05-07 but kept for subsequent analysis
NOTE: H5N1.EPI_ISL_18241795.Anseriformes.viet_nam.NA.2023-06-05 is identical to H5N1.EPI_ISL_18241796.Galliformes.viet_nam.NA.2023-09-05 but kept for subsequent analysis
NOTE: H5N1.EPI_ISL_14760559.NA.italy.2.2021-11-08 is identical to H5N1.EPI_ISL_14760633.Galliformes.italy.2.2021-11-24 but kept for subsequent analysis
NOTE: H5N8.EPI_ISL_1139014.Anseriformes.netherlands.1.2020-10-27 is identical to H5N8.EPI_ISL_1139015.NA.netherlands.1.2020-10-26 but kept for subsequent analysis
NOTE: H5N1.EPI_ISL_7753443.Accipitriformes.germany.2.2021-10-26 is identical to H5N1.EPI_ISL_7996369.Anseriformes.netherlands.2.2021-11-19 but kept for subsequent analysis
NOTE: H5N1.EPI_ISL_7626514.Anseriformes.czech_republic.2.2021-11-29 is identical to H5N1.EPI_ISL_7626533.Galliformes.czech_republic.2.2021-11-29 but kept for subsequent analysis
NOTE: 10 identical sequences (see below) will be ignored for subsequent analysis
NOTE: H5N8.EPI_ISL_16718460.Accipitriformes.japan.16.2021-02-01 (identical to H5N8.EPI_ISL_1009700.Anseriformes.south_korea.16.2020-11-26) is ignored but added at the end
NOTE: H5N8.EPI_ISL_17086339.Galliformes.japan.NA.2021-01-23 (identical to H5N8.EPI_ISL_978906.Galliformes.japan.16.2021-01-22) is ignored but added at the end
NOTE: H5N1.EPI_ISL_16831140.Passeriformes.japan.NA.2022-04-09 (identical to H5N1.EPI_ISL_14070455.Carnivora.japan.2.2022-04-01) is ignored but added at the end
NOTE: H5N1.EPI_ISL_16831328.Casuariiformes.japan.NA.2022-04-16 (identical to H5N1.EPI_ISL_15072539.Casuariiformes.japan.2.2022-04-16) is ignored but added at the end
NOTE: H5N1.EPI_ISL_18066453.Passeriformes.japan.NA.2023-02-17 (identical to H5N1.EPI_ISL_17267427.Passeriformes.japan.15.2022-12-12) is ignored but added at the end
NOTE: H5N1.EPI_ISL_17857959.Carnivora.japan.NA.2023-02-20 (identical to H5N1.EPI_ISL_17267427.Passeriformes.japan.15.2022-12-12) is ignored but added at the end
NOTE: H5N1.EPI_ISL_6328001.Anseriformes.netherlands.2.2021-10-19 (identical to H5N1.EPI_ISL_13369775.Galliformes.united_kingdom.2.2021-11-23) is ignored but added at the end
NOTE: H5N1.EPI_ISL_13052720.Carnivora.united_states.9.2022-04-22 (identical to H5N1.EPI_ISL_18132924.Accipitriformes.united_states.NA.2022-03-20) is ignored but added at the end
NOTE: H5N1.EPI_ISL_11971482.Galliformes.united_states.9.2022-03-21 (identical to H5N1.EPI_ISL_18132924.Accipitriformes.united_states.NA.2022-03-20) is ignored but added at the end
NOTE: H7N9.EPI_ISL_269516.NA.china.NA.2017-05-13 (identical to H7N9.EPI_ISL_379668.Galliformes.china.NA.2017-05-07) is ignored but added at the end

For your convenience alignment with unique sequences printed to clade2344b_asia_PA_subsampled.fasta.uniqueseq.phy

Create initial parsimony tree by phylogenetic likelihood library (PLL)... 0.019 seconds
Generating 1000 samples for ultrafast bootstrap (seed: 352559)...

NOTE: 22 MB RAM (0 GB) is required!
Measuring multi-threading efficiency up to 6 CPU cores
Increase to 10 rounds for branch lengths
22 trees examined
Threads: 1 / Time: 6.077 sec / Speedup: 1.000 / Efficiency: 100% / LogL: -64922
Threads: 2 / Time: 2.382 sec / Speedup: 2.552 / Efficiency: 128% / LogL: -64922
Threads: 3 / Time: 1.946 sec / Speedup: 3.123 / Efficiency: 104% / LogL: -64922
Threads: 4 / Time: 1.783 sec / Speedup: 3.408 / Efficiency: 85% / LogL: -64922
Threads: 5 / Time: 1.925 sec / Speedup: 3.157 / Efficiency: 63% / LogL: -64922
Threads: 6 / Time: 2.123 sec / Speedup: 2.862 / Efficiency: 48% / LogL: -64922
BEST NUMBER OF THREADS: 4

Estimate model parameters (epsilon = 0.100)
1. Initial log-likelihood: -14808.049
2. Current log-likelihood: -13384.338
3. Current log-likelihood: -13373.733
Optimal log-likelihood: -13373.684
Rate parameters:  A-C: 1.00000  A-G: 13.11370  A-T: 1.00000  C-G: 1.00000  C-T: 13.11370  G-T: 1.00000
Base frequencies:  A: 0.331  C: 0.201  G: 0.243  T: 0.225
Gamma shape alpha: 0.251
Parameters optimization took 3 rounds (0.192 sec)
Computing ML distances based on estimated model parameters... 0.468 sec
Computing BIONJ tree...
0.030 seconds
Log-likelihood of BIONJ tree: -13412.149
--------------------------------------------------------------------
|             INITIALIZING CANDIDATE TREE SET                      |
--------------------------------------------------------------------
Generating 98 parsimony trees... 2.160 second
Computing log-likelihood of 98 initial trees ... 2.424 seconds
Current best score: -13366.012

Do NNI search on 20 best initial trees
Estimate model parameters (epsilon = 0.100)
BETTER TREE FOUND at iteration 1: -13360.602
Iteration 10 / LogL: -13362.476 / Time: 0h:0m:26s
Iteration 20 / LogL: -13363.362 / Time: 0h:0m:31s
Finish initializing candidate tree set (20)
Current best tree score: -13360.602 / CPU time: 14.971
Number of iterations: 20
--------------------------------------------------------------------
|               OPTIMIZING CANDIDATE TREE SET                      |
--------------------------------------------------------------------
Estimate model parameters (epsilon = 0.100)
BETTER TREE FOUND at iteration 26: -13360.569
BETTER TREE FOUND at iteration 27: -13360.567
BETTER TREE FOUND at iteration 30: -13360.563
Iteration 30 / LogL: -13360.563 / Time: 0h:0m:37s (0h:2m:8s left)
BETTER TREE FOUND at iteration 36: -13360.562
BETTER TREE FOUND at iteration 40: -13360.557
Iteration 40 / LogL: -13360.557 / Time: 0h:0m:41s (0h:1m:47s left)
BETTER TREE FOUND at iteration 49: -13360.550
Iteration 50 / LogL: -13430.406 / Time: 0h:0m:49s (0h:1m:40s left)
Log-likelihood cutoff on original alignment: -13401.683
Iteration 60 / LogL: -13360.976 / Time: 0h:0m:55s (0h:1m:23s left)
Iteration 70 / LogL: -13360.579 / Time: 0h:1m:0s (0h:1m:9s left)
Iteration 80 / LogL: -13380.314 / Time: 0h:1m:5s (0h:0m:57s left)
BETTER TREE FOUND at iteration 85: -13360.549
Iteration 90 / LogL: -13360.585 / Time: 0h:1m:11s (0h:1m:15s left)
Estimate model parameters (epsilon = 0.100)
BETTER TREE FOUND at iteration 95: -13360.533
Iteration 100 / LogL: -13361.045 / Time: 0h:1m:15s (0h:1m:12s left)
Log-likelihood cutoff on original alignment: -13401.683
NOTE: Bootstrap correlation coefficient of split occurrence frequencies: 0.993
Iteration 110 / LogL: -13363.947 / Time: 0h:1m:21s (0h:1m:6s left)
Iteration 120 / LogL: -13378.452 / Time: 0h:1m:26s (0h:0m:58s left)
Iteration 130 / LogL: -13360.543 / Time: 0h:1m:31s (0h:0m:49s left)
Iteration 140 / LogL: -13373.937 / Time: 0h:1m:36s (0h:0m:41s left)
Iteration 150 / LogL: -13369.980 / Time: 0h:1m:41s (0h:0m:33s left)
Log-likelihood cutoff on original alignment: -13401.683
Iteration 160 / LogL: -13423.174 / Time: 0h:1m:46s (0h:0m:26s left)
Iteration 170 / LogL: -13360.542 / Time: 0h:1m:51s (0h:0m:19s left)
Iteration 180 / LogL: -13381.014 / Time: 0h:1m:56s (0h:0m:12s left)
Iteration 190 / LogL: -13360.541 / Time: 0h:2m:1s (0h:0m:6s left)
TREE SEARCH COMPLETED AFTER 196 ITERATIONS / Time: 0h:2m:4s

--------------------------------------------------------------------
|                    FINALIZING TREE SEARCH                        |
--------------------------------------------------------------------
Performs final model parameters optimization
Estimate model parameters (epsilon = 0.010)
1. Initial log-likelihood: -13360.533
Optimal log-likelihood: -13360.533
Rate parameters:  A-C: 1.00000  A-G: 13.07772  A-T: 1.00000  C-G: 1.00000  C-T: 13.07772  G-T: 1.00000
Base frequencies:  A: 0.331  C: 0.201  G: 0.243  T: 0.225
Gamma shape alpha: 0.253
Parameters optimization took 1 rounds (0.037 sec)
BEST SCORE FOUND : -13360.533
Creating bootstrap support values...
Split supports printed to NEXUS file clade2344b_asia_PA_subsampled.fasta.splits.nex
Total tree length: 0.937

Total number of iterations: 196
CPU time used for tree search: 388.471 sec (0h:6m:28s)
Wall-clock time used for tree search: 107.580 sec (0h:1m:47s)
Total CPU time used: 435.015 sec (0h:7m:15s)
Total wall-clock time used: 124.972 sec (0h:2m:4s)

Computing bootstrap consensus tree...
Reading input file clade2344b_asia_PA_subsampled.fasta.splits.nex...
231 taxa and 3189 splits.
Consensus tree written to clade2344b_asia_PA_subsampled.fasta.contree
Reading input trees file clade2344b_asia_PA_subsampled.fasta.contree
Log-likelihood of consensus tree: -13360.462

Analysis results written to: 
  IQ-TREE report:                clade2344b_asia_PA_subsampled.fasta.iqtree
  Maximum-likelihood tree:       clade2344b_asia_PA_subsampled.fasta.treefile
  Likelihood distances:          clade2344b_asia_PA_subsampled.fasta.mldist

Ultrafast bootstrap approximation results written to:
  Split support values:          clade2344b_asia_PA_subsampled.fasta.splits.nex
  Consensus tree:                clade2344b_asia_PA_subsampled.fasta.contree
  Screen log file:               clade2344b_asia_PA_subsampled.fasta.log

Date and Time: Wed Jan 10 23:13:18 2024
