IQ-TREE multicore version 1.6.12 for Mac OS X 64-bit built Aug 15 2019
Developed by Bui Quang Minh, Nguyen Lam Tung, Olga Chernomor,
Heiko Schmidt, Dominik Schrempf, Michael Woodhams.

Host:    sce-bio-c05393 (AVX2, FMA3, 16 GB RAM)
Command: iqtree -s clade2344b_asia_N3_subsampled.fasta -nt AUTO -m HKY+G4 -bb 1000
Seed:    778837 (Using SPRNG - Scalable Parallel Random Number Generator)
Time:    Wed Jan 10 22:58:10 2024
Kernel:  AVX+FMA - auto-detect threads (6 CPU cores detected)

Reading alignment file clade2344b_asia_N3_subsampled.fasta ... Fasta format detected
Alignment most likely contains DNA/RNA sequences
Alignment has 4 sequences with 1410 columns, 25 distinct patterns
10 parsimony-informative, 41 singleton sites, 1359 constant sites
                                                                Gap/Ambiguity  Composition  p-value
   1  H5N3.EPI_ISL_5863749.Anseriformes.united_states.289.2020-10-20    4.33%    passed     94.35%
   2  H10N3.EPI_ISL_1096151.environment.china.NA.2015-11-19             0.00%    passed     99.15%
   3  NA.EPI_ISL_328982.Charadriiformes.netherlands.NA.2016-07-15       0.00%    passed     99.85%
   4  H2N3.EPI_ISL_189729.Anseriformes.united_states.NA.2012-12-22      0.00%    passed     99.85%
****  TOTAL                                                             1.08%  0 sequences failed composition chi2 test (p-value<5%; df=3)
NOTE: H2N3.EPI_ISL_189729.Anseriformes.united_states.NA.2012-12-22 is identical to NA.EPI_ISL_328982.Charadriiformes.netherlands.NA.2016-07-15 but kept for subsequent analysis

Create initial parsimony tree by phylogenetic likelihood library (PLL)... 0.000 seconds
Generating 1000 samples for ultrafast bootstrap (seed: 778837)...

NOTE: 0 MB RAM (0 GB) is required!
Measuring multi-threading efficiency up to 6 CPU cores
Increase to 10 rounds for branch lengths
68661 trees examined
Threads: 1 / Time: 6.000 sec / Speedup: 1.000 / Efficiency: 100% / LogL: -2281
Threads: 2 / Time: 6.148 sec / Speedup: 0.976 / Efficiency: 49% / LogL: -2281
BEST NUMBER OF THREADS: 1

Estimate model parameters (epsilon = 0.100)
1. Initial log-likelihood: -2254.808
2. Current log-likelihood: -2219.216
Optimal log-likelihood: -2219.215
Rate parameters:  A-C: 1.00000  A-G: 15.52026  A-T: 1.00000  C-G: 1.00000  C-T: 15.52026  G-T: 1.00000
Base frequencies:  A: 0.318  C: 0.197  G: 0.242  T: 0.244
Gamma shape alpha: 998.446
Parameters optimization took 2 rounds (0.001 sec)
Computing ML distances based on estimated model parameters... 0.000 sec
Computing BIONJ tree...
0.005 seconds
Log-likelihood of BIONJ tree: -2219.211
--------------------------------------------------------------------
|             INITIALIZING CANDIDATE TREE SET                      |
--------------------------------------------------------------------
Generating 99 parsimony trees... 0.005 second
Computing log-likelihood of 2 initial trees ... 0.000 seconds
Current best score: -2219.211

Do NNI search on 3 best initial trees
Finish initializing candidate tree set (3)
Current best tree score: -2219.211 / CPU time: 0.013
Number of iterations: 3
--------------------------------------------------------------------
|               OPTIMIZING CANDIDATE TREE SET                      |
--------------------------------------------------------------------
Iteration 10 / LogL: -2219.211 / Time: 0h:0m:12s
Iteration 20 / LogL: -2219.211 / Time: 0h:0m:12s
Iteration 30 / LogL: -2249.583 / Time: 0h:0m:12s (0h:0m:29s left)
Iteration 40 / LogL: -2249.583 / Time: 0h:0m:12s (0h:0m:18s left)
Iteration 50 / LogL: -2249.583 / Time: 0h:0m:12s (0h:0m:12s left)
Log-likelihood cutoff on original alignment: -2249.808
Iteration 60 / LogL: -2249.583 / Time: 0h:0m:12s (0h:0m:8s left)
Iteration 70 / LogL: -2249.583 / Time: 0h:0m:12s (0h:0m:5s left)
Iteration 80 / LogL: -2219.211 / Time: 0h:0m:12s (0h:0m:3s left)
Iteration 90 / LogL: -2219.216 / Time: 0h:0m:12s (0h:0m:1s left)
Iteration 100 / LogL: -2249.583 / Time: 0h:0m:12s (0h:0m:0s left)
Log-likelihood cutoff on original alignment: -2249.809
NOTE: Bootstrap correlation coefficient of split occurrence frequencies: 1.000
TREE SEARCH COMPLETED AFTER 101 ITERATIONS / Time: 0h:0m:12s

--------------------------------------------------------------------
|                    FINALIZING TREE SEARCH                        |
--------------------------------------------------------------------
Performs final model parameters optimization
Estimate model parameters (epsilon = 0.010)
1. Initial log-likelihood: -2219.211
Optimal log-likelihood: -2219.211
Rate parameters:  A-C: 1.00000  A-G: 15.51217  A-T: 1.00000  C-G: 1.00000  C-T: 15.51217  G-T: 1.00000
Base frequencies:  A: 0.318  C: 0.197  G: 0.242  T: 0.244
Gamma shape alpha: 998.446
Parameters optimization took 1 rounds (0.000 sec)
BEST SCORE FOUND : -2219.211
Creating bootstrap support values...
Split supports printed to NEXUS file clade2344b_asia_N3_subsampled.fasta.splits.nex
Total tree length: 0.038

Total number of iterations: 101
CPU time used for tree search: 0.363 sec (0h:0m:0s)
Wall-clock time used for tree search: 0.201 sec (0h:0m:0s)
Total CPU time used: 19.387 sec (0h:0m:19s)
Total wall-clock time used: 12.375 sec (0h:0m:12s)

Computing bootstrap consensus tree...
Reading input file clade2344b_asia_N3_subsampled.fasta.splits.nex...
4 taxa and 6 splits.
Consensus tree written to clade2344b_asia_N3_subsampled.fasta.contree
Reading input trees file clade2344b_asia_N3_subsampled.fasta.contree
Log-likelihood of consensus tree: -2219.215

Analysis results written to: 
  IQ-TREE report:                clade2344b_asia_N3_subsampled.fasta.iqtree
  Maximum-likelihood tree:       clade2344b_asia_N3_subsampled.fasta.treefile
  Likelihood distances:          clade2344b_asia_N3_subsampled.fasta.mldist

Ultrafast bootstrap approximation results written to:
  Split support values:          clade2344b_asia_N3_subsampled.fasta.splits.nex
  Consensus tree:                clade2344b_asia_N3_subsampled.fasta.contree
  Screen log file:               clade2344b_asia_N3_subsampled.fasta.log

Date and Time: Wed Jan 10 22:58:23 2024
