IQ-TREE multicore version 1.6.12 for Mac OS X 64-bit built Aug 15 2019
Developed by Bui Quang Minh, Nguyen Lam Tung, Olga Chernomor,
Heiko Schmidt, Dominik Schrempf, Michael Woodhams.

Host:    sce-bio-c05393 (AVX2, FMA3, 16 GB RAM)
Command: iqtree -s clade2344b_asia_PB1_subsampled.fasta -nt AUTO -m HKY+G4 -bb 1000
Seed:    81096 (Using SPRNG - Scalable Parallel Random Number Generator)
Time:    Wed Jan 10 23:13:18 2024
Kernel:  AVX+FMA - auto-detect threads (6 CPU cores detected)

Reading alignment file clade2344b_asia_PB1_subsampled.fasta ... Fasta format detected
Alignment most likely contains DNA/RNA sequences
Alignment has 244 sequences with 2274 columns, 865 distinct patterns
738 parsimony-informative, 159 singleton sites, 1377 constant sites
                                                                   Gap/Ambiguity  Composition  p-value
   1  H5N8.EPI_ISL_738051.Galliformes.japan.16.2020-12-15                  0.00%    passed     99.45%
   2  H5N8.EPI_ISL_739686.Galliformes.kazakhstan.1.2020-09-18              0.00%    passed     97.83%
   3  H5N8.EPI_ISL_710436.Galliformes.japan.16.2020-12-06                  0.00%    passed     99.42%
   4  H5N8.EPI_ISL_710439.Galliformes.japan.16.2020-11-30                  0.00%    passed     99.10%
   5  H5N8.EPI_ISL_732941.Galliformes.japan.16.2020-12-13                  0.00%    passed     99.51%
   6  H5N8.EPI_ISL_732944.Galliformes.japan.16.2020-12-12                  0.00%    passed     99.10%
   7  H5N8.EPI_ISL_1041139.Anseriformes.japan.1.2021-01-23                 0.00%    passed     94.41%
   8  H5N8.EPI_ISL_1041154.Anseriformes.japan.1.2021-01-23                 0.00%    passed     94.80%
   9  H5N8.EPI_ISL_1041165.Anseriformes.japan.1.2021-01-23                 0.00%    passed     95.63%
  10  H5N8.EPI_ISL_1041173.Accipitriformes.japan.16.2021-02-10             0.00%    passed     70.89%
  11  H5N8.EPI_ISL_1041177.Falconiformes.japan.10.2021-02-15               0.00%    passed     82.29%
  12  H5N8.EPI_ISL_1098830.Gruiformes.japan.1.2021-01-19                   0.13%    passed     97.74%
  13  H5N8.EPI_ISL_1184509.Galliformes.japan.16.2021-02-24                 0.00%    passed     72.09%
  14  H5N8.EPI_ISL_1184517.Accipitriformes.japan.16.2021-02-24             0.04%    passed     99.51%
  15  H5N8.EPI_ISL_5260465.Pelecaniformes.china.1.2021-01-26               0.00%    passed     96.46%
  16  H5N8.EPI_ISL_6829497.Gruiformes.japan.1.2021-11-19                   0.00%    passed     92.41%
  17  H5N1.EPI_ISL_6829533.Galliformes.japan.22.2021-11-12                 0.00%    passed     93.57%
  18  H5N6.EPI_ISL_7983813.NA.china.73.2021-12-22                          0.00%    passed     72.08%
  19  H5N8.EPI_ISL_759854.Galliformes.japan.16.2020-12-22                  0.00%    passed     98.95%
  20  H5N8.EPI_ISL_854605.Galliformes.japan.16.2021-01-12                  0.00%    passed     98.83%
  21  H5N8.EPI_ISL_977582.Anseriformes.china.1.2020-12-29                  0.00%    passed     97.18%
  22  H5N8.EPI_ISL_985185.Galliformes.south_korea.79.2020-12-08            0.00%    passed     99.42%
  23  H5N8.EPI_ISL_985192.Galliformes.south_korea.16.2020-12-14            0.00%    passed     99.33%
  24  H5N8.EPI_ISL_985233.Anseriformes.japan.10.2021-02-08                 0.00%    passed     76.88%
  25  H5N8.EPI_ISL_1009687.Galliformes.south_korea.1.2020-12-31            0.00%    passed     96.67%
  26  H5N8.EPI_ISL_1009697.NA.south_korea.16.2020-11-23                    0.00%    passed     99.18%
  27  H5N8.EPI_ISL_1760448.Anseriformes.china.1.2020-11-10                 0.00%    passed     96.67%
  28  H5N8.EPI_ISL_1939617.Strigiformes.china.1.2020-11-11                 0.00%    passed     96.67%
  29  H5N8.EPI_ISL_2820261.Anseriformes.china.10.2020-10-15                0.00%    passed     68.75%
  30  H5N6.EPI_ISL_3090099.NA.china.61.2021-07-03                          0.00%    passed     77.36%
  31  H5N8.EPI_ISL_4062112.Anseriformes.japan.16.2020-12-22                0.00%    passed     99.32%
  32  H5N8.EPI_ISL_5863490.Anseriformes.united_states.1.2020-10-16         0.00%    passed     95.99%
  33  H5N8.EPI_ISL_5863557.Anseriformes.united_states.1.2020-10-23         0.00%    passed     96.94%
  34  H5N3.EPI_ISL_5863749.Anseriformes.united_states.289.2020-10-20       0.00%    passed     95.99%
  35  H5N6.EPI_ISL_6757630.Anseriformes.china.61.2021-04                   0.00%    passed     79.34%
  36  H5N6.EPI_ISL_6760683.Anseriformes.china.61.2021-07                   0.44%    passed     20.77%
  37  H5N6.EPI_ISL_6760686.Galliformes.china.291.2021-06                   0.00%    passed     99.61%
  38  H5N6.EPI_ISL_6772739.Galliformes.china.127.2021-08                   0.00%    passed     94.57%
  39  H5N6.EPI_ISL_6772898.Anseriformes.china.209.2021-08                  0.04%    passed     98.26%
  40  H5N6.EPI_ISL_7457654.Galliformes.china.209.2021-08                   0.00%    passed     97.71%
  41  H5N8.EPI_ISL_1273441.Accipitriformes.japan.10.2021-03-03             0.00%    passed     79.69%
  42  H5N8.EPI_ISL_2932600.Anseriformes.kazakhstan.1.2020-09-01            0.00%    passed     98.33%
  43  H5N8.EPI_ISL_2555536.Charadriiformes.china.1.2020-11-16              0.00%    passed     97.30%
  44  H5N8.EPI_ISL_2555538.Anseriformes.china.1.2020-11-16                 0.00%    passed     97.30%
  45  H5N8.EPI_ISL_1241004.Strigiformes.japan.10.2021-02-16                0.00%    passed     75.10%
  46  H5N8.EPI_ISL_1273440.Galliformes.japan.16.2021-03-13                 0.00%    passed     97.61%
  47  H5N8.EPI_ISL_1273420.Galliformes.japan.10.2020-11-07                 0.00%    passed     70.75%
  48  H5N8.EPI_ISL_978907.Galliformes.japan.16.2021-01-22                  0.04%    passed     99.61%
  49  H5N8.EPI_ISL_978901.Galliformes.japan.10.2021-02-01                  0.00%    passed     78.63%
  50  H5N8.EPI_ISL_978897.Galliformes.japan.1.2021-02-05                   0.00%    passed     96.45%
  51  H5N8.EPI_ISL_978893.Galliformes.japan.1.2021-02-03                   0.00%    passed     97.71%
  52  H5N8.EPI_ISL_2932682.Columbiformes.kazakhstan.1.2020-09-15           0.00%    passed     96.36%
  53  H5N1.EPI_ISL_11211731.Anseriformes.bangladesh.19.2021-12-22          0.00%    passed     93.04%
  54  H5N8.EPI_ISL_14819895.Anseriformes.china.10.2020-10-16               0.04%    passed     68.51%
  55  H5N8.EPI_ISL_14819900.Anseriformes.china.1.2021-03-11                0.00%    passed     97.83%
  56  H5N8.EPI_ISL_14835960.Anseriformes.china.1.2020-11-11                0.00%    passed     97.30%
  57  H5N8.EPI_ISL_14835964.Anseriformes.china.1.2020-11-11                0.00%    passed     95.53%
  58  H5N8.EPI_ISL_14836079.Anseriformes.china.1.2020-11-16                0.00%    passed     96.36%
  59  H5N2.EPI_ISL_15732741.Passeriformes.japan.297.2022-10-28             0.00%    passed     96.62%
  60  H5N6.EPI_ISL_8517996.environment.china.73.2021-12-23                 0.00%    passed     72.08%
  61  H5N6.EPI_ISL_8517997.environment.china.73.2021-12-23                 0.00%    passed     83.61%
  62  H5N6.EPI_ISL_8518000.environment.china.73.2021-12-23                 0.00%    passed     73.58%
  63  H5N6.EPI_ISL_11208199.Anseriformes.china.73.2021-12-03               0.00%    passed     73.58%
  64  H5N1.EPI_ISL_12572652.Galliformes.china.110.2022-03-03               0.00%    passed     99.71%
  65  H5N1.EPI_ISL_12572653.Galliformes.china.110.2021-12-07               0.00%    passed     99.83%
  66  H5N1.EPI_ISL_12572660.Anseriformes.china.110.2021-12-08              0.00%    passed     99.83%
  67  H5N1.EPI_ISL_12572663.Columbiformes.china.110.2021-12-08             0.00%    passed     99.83%
  68  H5N1.EPI_ISL_14886825.Anseriformes.bangladesh.19.2021-12-19          0.00%    passed     91.50%
  69  H5N1.EPI_ISL_15647837.Anseriformes.south_korea.19.2022-02-05         0.00%    passed     99.19%
  70  H5N8.EPI_ISL_16209048.Anseriformes.canada.81.2021-09-16              1.01%    passed     94.13%
  71  H5N6.EPI_ISL_8518268.Galliformes.china.73.2021-12-23                 0.00%    passed     72.08%
  72  H5N8.EPI_ISL_11504587.Galliformes.viet_nam.205.2021-12-01            0.00%    passed     97.63%
  73  H5N1.EPI_ISL_12749687.Galliformes.israel.2.2021-10-12                0.00%    passed     95.42%
  74  H5N8.EPI_ISL_13295078.Anseriformes.canada.81.2021-10-15              0.57%    passed     89.57%
  75  H5N1.EPI_ISL_14064699.Passeriformes.japan.2.2022-02-07               0.00%    passed     97.04%
  76  H5N8.EPI_ISL_14822356.Anseriformes.china.1.2021-03-11                0.00%    passed     97.40%
  77  H5N8.EPI_ISL_14822549.Anseriformes.china.1.2021-05-18                0.04%    passed     98.21%
  78  H5N8.EPI_ISL_14770166.Anseriformes.china.16.2020-11-23               0.00%    passed     99.51%
  79  H5N8.EPI_ISL_14770162.Gruiformes.china.1.2020-12-31                  0.00%    passed     95.53%
  80  H5N1.EPI_ISL_15072539.Casuariiformes.japan.2.2022-04-16              0.00%    passed     97.04%
  81  H5N1.EPI_ISL_15072538.Galliformes.japan.2.2022-04-16                 0.00%    passed     95.61%
  82  H5N8.EPI_ISL_13295170.Anseriformes.canada.81.2021-11-16              0.57%    passed     82.81%
  83  H5N8.EPI_ISL_16405666.environment.japan.10.2020-11-30                0.00%    passed     68.75%
  84  H5N1.EPI_ISL_17638141.Galliformes.japan.80.2023-03-27                0.00%    passed     97.71%
  85  H5N8.EPI_ISL_17760581.Anseriformes.canada.81.2021-09-16              0.57%    passed     93.03%
  86  H5N8.EPI_ISL_17805814.environment.japan.10.2020-12-21                0.00%    passed     73.94%
  87  H5N8.EPI_ISL_17805816.environment.japan.10.2020-12-07                0.00%    passed     74.39%
  88  H5N8.EPI_ISL_17805822.NA.japan.16.2021-02-01                         0.00%    passed     98.77%
  89  H5N8.EPI_ISL_17805886.NA.japan.10.2021-02-05                         0.00%    passed     81.70%
  90  H5N8.EPI_ISL_17805901.NA.japan.10.2020-12-18                         0.00%    passed     70.16%
  91  H5N1.EPI_ISL_17949961.Passeriformes.japan.80.2023-03-10              0.04%    passed     97.04%
  92  H5N1.EPI_ISL_17950087.Passeriformes.japan.2.2023-03-30               0.00%    passed     97.12%
  93  H5N1.EPI_ISL_16698060.Galliformes.japan.15.2022-11-07                0.00%    passed     97.04%
  94  H5N1.EPI_ISL_16698477.Galliformes.japan.2.2023-01-11                 0.00%    passed     96.62%
  95  H5N8.EPI_ISL_16718460.Accipitriformes.japan.16.2021-02-01            0.00%    passed     98.77%
  96  H5N8.EPI_ISL_16718461.Gruiformes.japan.10.2021-02-03                 0.00%    passed     81.70%
  97  H5N8.EPI_ISL_16718465.Gruiformes.japan.1.2021-01-16                  0.00%    passed     96.62%
  98  H5N8.EPI_ISL_16718466.Anseriformes.japan.10.2020-12-18               0.00%    passed     70.16%
  99  H5N1.EPI_ISL_16955765.Passeriformes.japan.2.2022-12-05               0.00%    passed     97.46%
 100  H5N1.EPI_ISL_16955798.Charadriiformes.japan.2.2022-11-16             0.00%    passed     96.62%
 101  H5N1.EPI_ISL_17075747.NA.china.19.2023-02-10                         0.04%    passed     97.71%
 102  H5N1.EPI_ISL_17316965.Passeriformes.japan.15.2023-03-13              0.00%    passed     96.05%
 103  H5N1.EPI_ISL_17606817.Anseriformes.south_korea.22.2022-01-13         0.00%    passed     83.99%
 104  H5N1.EPI_ISL_17606820.Anseriformes.south_korea.22.2021-11-11         0.00%    passed     87.63%
 105  H5N1.EPI_ISL_17606823.Galliformes.south_korea.22.2021-11-21          0.00%    passed     87.63%
 106  H5N1.EPI_ISL_17606829.Anseriformes.south_korea.22.2021-12-13         0.00%    passed     78.79%
 107  H5N1.EPI_ISL_17606832.Galliformes.south_korea.22.2021-12-16          0.00%    passed     89.43%
 108  H5N1.EPI_ISL_17606841.Galliformes.south_korea.22.2022-01-21          0.00%    passed     84.45%
 109  H5N1.EPI_ISL_17606847.Anseriformes.south_korea.22.2022-01-31         0.00%    passed     84.45%
 110  H5N1.EPI_ISL_17606854.Galliformes.south_korea.19.2022-02-07          0.00%    passed     99.41%
 111  H5N1.EPI_ISL_17606856.Galliformes.south_korea.22.2022-02-08          0.04%    passed     83.57%
 112  H5N1.EPI_ISL_17606864.Galliformes.south_korea.22.2022-04-07          0.04%    passed     86.38%
 113  H5N1.EPI_ISL_17606865.Anseriformes.south_korea.22.2021-11-14         0.00%    passed     88.96%
 114  H5N1.EPI_ISL_17766057.Carnivora.japan.15.2023-04-12                  0.00%    passed     96.05%
 115  H5N8.EPI_ISL_china_3.Galliformes.china.1.2021-06-26                  8.22%    passed     98.98%
 116  H5N2.EPI_ISL_china_7.Anseriformes.china.101.2022-01-26               5.41%    passed     94.79%
 117  H5N1.EPI_ISL_china_18.NA.china.80.2023-01-01                         0.00%    passed     97.71%
 118  H5N1.EPI_ISL_china_26.Podicipediformes.china.19.2022-07-15           0.00%    passed     98.20%
 119  H5N1.EPI_ISL_china_30.Charadriiformes.china.19.2022-07-23            0.00%    passed     98.63%
 120  H5N1.EPI_ISL_china_35.Anseriformes.china.19.2022-06-18               0.00%    passed     99.19%
 121  H5N1.EPI_ISL_china_37.Anseriformes.china.19.2022-06-18               0.00%    passed     98.47%
 122  H5N1.EPI_ISL_china_40.Podicipediformes.china.19.2022-07-21           0.00%    passed     99.19%
 123  H5N1.EPI_ISL_china_42.Charadriiformes.china.19.2022-07-21            0.00%    passed     97.63%
 124  H5N1.EPI_ISL_china_44.Charadriiformes.china.19.2022-07-22            0.00%    passed     99.19%
 125  H5N1.EPI_ISL_china_46.Charadriiformes.china.19.2022-07-22            0.00%    passed     98.47%
 126  H5N1.EPI_ISL_china_2023085.Anseriformes.china.19.2021-11-04          0.00%    passed     94.17%
 127  H5N1.EPI_ISL_china_2023089.Anseriformes.china.22.2021-11-18          0.00%    passed     87.43%
 128  H5N1.EPI_ISL_china_20230826.Anseriformes.china.19.2021-11-23         0.00%    passed     92.90%
 129  H5N1.EPI_ISL_china_20230844.Anseriformes.china.19.2021-11-25         0.00%    passed     94.26%
 130  H5N1.EPI_ISL_china_20230850.Anseriformes.china.19.2021-12-03         0.00%    passed     95.42%
 131  H6N6.EPI_ISL_199265.Anseriformes.china.NA.2015-04-22                 0.00%    passed     90.28%
 132  H3N2.EPI_ISL_15723969.environment.china.NA.2021-08-30                0.00%    passed     76.78%
 133  H3N2.EPI_ISL_15723977.environment.china.NA.2022-01-25                0.04%    passed     70.53%
 134  H5N6.EPI_ISL_18058055.Anseriformes.china.NA.2021-05-01               0.00%    passed     72.67%
 135  H3N2.EPI_ISL_9572777.Anseriformes.viet_nam.NA.2020-07-29             0.00%    passed     72.42%
 136  H10N7.EPI_ISL_16886897.Anseriformes.south_korea.NA.2022-01-11        0.00%    passed     89.42%
 137  H5N3.EPI_ISL_11212324.Anseriformes.bangladesh.211.2022-01-10         0.00%    passed     80.42%
 138  H6N2.EPI_ISL_1184525.Anseriformes.russia.NA.2020-10-06               0.04%    passed     98.61%
 139  H5N8.EPI_ISL_17086334.Galliformes.japan.NA.2020-12-12                0.00%    passed     99.42%
 140  H5N1.EPI_ISL_16831328.Casuariiformes.japan.NA.2022-04-16             0.00%    passed     97.04%
 141  H5N1.EPI_ISL_5463794.Galliformes.russia.2.2021-10-06                 0.00%    passed     90.69%
 142  H5N1.EPI_ISL_13370621.Galliformes.united_kingdom.3.2021-12-27        0.00%    passed     96.62%
 143  H5N1.EPI_ISL_5463801.Galliformes.russia.3.2021-09-30                 0.00%    passed     97.80%
 144  H5N1.EPI_ISL_5463798.Anseriformes.russia.3.2021-09-30                0.00%    passed     97.80%
 145  H5N1.EPI_ISL_16676481.Charadriiformes.belgium.3.2022-06-16           0.00%    passed     96.02%
 146  H7N3.EPI_ISL_331289.Anseriformes.russia.NA.2018-01-23                0.00%    passed     68.74%
 147  H5N1.EPI_ISL_16244012.Galliformes.united_states.9.2022-05-17         0.00%    passed     98.62%
 148  H5N1.EPI_ISL_16189912.Strigiformes.canada.9.2022-04-28               0.00%    passed     98.62%
 149  H5N1.EPI_ISL_16183656.Anseriformes.canada.9.2022-04-27               0.00%    passed     98.62%
 150  H5N1.EPI_ISL_18133185.NA.united_states.NA.2022-04-11                 0.00%    passed     98.89%
 151  H5N1.EPI_ISL_18132388.Accipitriformes.united_states.NA.2022-04-06    0.00%    passed     98.89%
 152  H5N1.EPI_ISL_16240227.Galliformes.united_states.9.2022-05-08         0.00%    passed     98.89%
 153  H5N1.EPI_ISL_16023376.Carnivora.canada.9.2022-05-31                  0.00%    passed     98.09%
 154  H5N1.EPI_ISL_15004379.Anseriformes.united_states.9.2022-04-11        0.00%    passed     98.89%
 155  H5N1.EPI_ISL_13052720.Carnivora.united_states.9.2022-04-22           0.00%    passed     98.89%
 156  H5N1.EPI_ISL_16189981.Charadriiformes.canada.9.2022-04-28            0.04%    passed     98.60%
 157  H5N1.EPI_ISL_16831114.Passeriformes.japan.NA.2022-04-06              0.00%    passed     97.49%
 158  H5N1.EPI_ISL_15843373.Accipitriformes.canada.2.2022-02-03            0.00%    passed     97.84%
 159  H1N1.EPI_ISL_302723.Anseriformes.china.NA.2015-02-05                 0.00%    passed     91.01%
 160  H1N1.EPI_ISL_266415.Anseriformes.china.NA.2014-12-22                 0.00%    passed     89.81%
 161  H5N1.EPI_ISL_18373247.Gruiformes.south_korea.NA.2022-02-25           0.00%    passed     89.37%
 162  H9N2.EPI_ISL_698000.Galliformes.china.NA.2017-07-02                  0.00%    passed     98.88%
 163  H6N6.EPI_ISL_697002.Anseriformes.china.NA.2017-07-02                 0.04%    passed     99.12%
 164  H6N6.EPI_ISL_17104327.environment.china.NA.2018-12-11                0.00%    passed     86.23%
 165  H6N6.EPI_ISL_17104335.environment.china.NA.2018-12-26                0.00%    passed     97.66%
 166  H5N3.EPI_ISL_11207832.Anseriformes.bangladesh.294.2021-12-05         0.00%    passed     96.44%
 167  H3N6.EPI_ISL_17805885.environment.japan.NA.2020-12-14                0.00%    passed     96.34%
 168  H5N1.EPI_ISL_18284461.Galliformes.japan.NA.2022-10-28                0.00%    passed     97.04%
 169  H5N1.EPI_ISL_18066453.Passeriformes.japan.NA.2023-02-17              0.00%    passed     96.05%
 170  H5N1.EPI_ISL_18066451.Anseriformes.japan.NA.2023-02-09               0.00%    passed     96.05%
 171  H5N1.EPI_ISL_17857959.Carnivora.japan.NA.2023-02-20                  0.00%    passed     96.05%
 172  H10N7.EPI_ISL_13985197.Charadriiformes.china.NA.2019-04-26           0.00%    passed     93.13%
 173  H10N7.EPI_ISL_13985205.Charadriiformes.china.NA.2019-04-26           0.00%    passed     93.13%
 174  H5N1.EPI_ISL_18373218.Anseriformes.south_korea.NA.2021-11-16         0.00%    passed     87.63%
 175  H5N6.EPI_ISL_18231293.Anseriformes.laos.NA.2022-01-18                0.00%    passed     76.40%
 176  H5N8.EPI_ISL_4030493.environment.japan.NA.2020-12-09                 0.00%    passed     76.88%
 177  H5N8.EPI_ISL_1665263.Anseriformes.slovenia.1.2020-11-17              0.00%    passed     96.93%
 178  H5N8.EPI_ISL_739684.Anseriformes.russia.1.2020-09-15                 0.00%    passed     94.57%
 179  H5N8.EPI_ISL_644155.Galliformes.russia.1.2020-08-17                  0.00%    passed     94.57%
 180  H5N8.EPI_ISL_644134.Galliformes.russia.1.2020-08-17                  0.00%    passed     96.36%
 181  H5N6.EPI_ISL_16886862.Rodentia.china.309.2021-10-01                  0.00%    passed     71.58%
 182  H5N6.EPI_ISL_221714.Anseriformes.china.NA.2016-01-01                 0.00%    passed     51.06%
 183  H5N6.EPI_ISL_239427.Galliformes.japan.NA.2016-11-30                  0.00%    passed     25.73%
 184  H5N6.EPI_ISL_18231287.Galliformes.laos.NA.2022-07-13                 0.00%    passed     72.07%
 185  H5N6.EPI_ISL_18231307.Galliformes.laos.NA.2022-07-13                 0.00%    passed     74.63%
 186  H7N9.EPI_ISL_1495152.Galliformes.china.NA.2021-02-10                 0.00%    passed     99.15%
 187  H7N9.EPI_ISL_1374066.Galliformes.china.NA.2019-04-01                 0.00%    passed     98.14%
 188  H7N9.EPI_ISL_379666.Galliformes.china.NA.2017-05-07                  0.00%    passed     98.01%
 189  H7N9.EPI_ISL_379672.Galliformes.china.NA.2017-06-06                  0.00%    passed     98.56%
 190  H7N9.EPI_ISL_269522.environment.china.NA.2017-06-02                  0.00%    passed     98.56%
 191  H4N6.EPI_ISL_503354.Anseriformes.mongolia.NA.2019-09-17              0.00%    passed     91.84%
 192  H5N8.EPI_ISL_17086349.Galliformes.japan.NA.2021-02-08                0.00%    passed     97.71%
 193  H5N8.EPI_ISL_15433349.Anseriformes.china.NA.2021-01-21               0.00%    passed     97.16%
 194  H5N1.EPI_ISL_18284468.Galliformes.japan.NA.2022-12-05                0.00%    passed     97.71%
 195  H5N1.EPI_ISL_18007232.Passeriformes.japan.NA.2023-03-24              0.00%    passed     97.71%
 196  H5N1.EPI_ISL_18102701.Carnivora.south_korea.NA.2023-07-04            0.00%    passed     97.71%
 197  H5N1.EPI_ISL_18241795.Anseriformes.viet_nam.NA.2023-06-05            0.00%    passed     98.56%
 198  H3N8.EPI_ISL_6784911.NA.south_korea.NA.2020-10-05                    0.00%    passed     98.39%
 199  H3N8.EPI_ISL_6784880.Anseriformes.south_korea.NA.2020-10-05          0.00%    passed     98.39%
 200  H5N1.EPI_ISL_18132957.Accipitriformes.united_states.NA.2022-04-26    0.00%    passed     97.04%
 201  H5N1.EPI_ISL_16838580.Pelecaniformes.russia.2.2021-06-29             0.00%    passed     97.04%
 202  H5N1.EPI_ISL_16831140.Passeriformes.japan.NA.2022-04-09              0.00%    passed     96.62%
 203  H5N1.EPI_ISL_17260669.Carnivora.united_states.2.2022-05-10           0.00%    passed     98.08%
 204  H6N1.EPI_ISL_278516.Anseriformes.china.NA.2016-11-28                 0.00%    passed     99.72%
 205  H1N1.EPI_ISL_339039.Anseriformes.russia.NA.2018-04-21                0.00%    passed     99.79%
 206  H5N8.EPI_ISL_17086336.Galliformes.japan.NA.2021-01-02                0.00%    passed     83.37%
 207  H5N8.EPI_ISL_419239.Anseriformes.hungary.10.2020-01-10               0.00%    passed     87.31%
 208  H5N8.EPI_ISL_525441.Galliformes.poland.10.2020-01-02                 0.04%    passed     87.51%
 209  H5N8.EPI_ISL_525447.Galliformes.poland.10.2020-01-28                 0.04%    passed     88.99%
 210  H5N8.EPI_ISL_405813.Accipitriformes.poland.10.2020-01-06             0.00%    passed     90.62%
 211  H5N8.EPI_ISL_402134.Galliformes.poland.NA.2019-12-30                 0.00%    passed     90.62%
 212  H5N8.EPI_ISL_17086227.environment.japan.NA.2020-11-25                0.00%    passed     99.51%
 213  H5N8.EPI_ISL_17086337.environment.japan.NA.2021-01-13                0.00%    passed     98.83%
 214  H5N8.EPI_ISL_17086339.Galliformes.japan.NA.2021-01-23                0.00%    passed     99.57%
 215  H5N8.EPI_ISL_17086303.environment.japan.NA.2020-12-10                0.00%    passed     98.86%
 216  H5N8.EPI_ISL_15613490.Anseriformes.japan.NA.2021-01-24               0.00%    passed     99.12%
 217  H5N8.EPI_ISL_17086353.environment.japan.NA.2021-03-13                0.00%    passed     97.61%
 218  H10N7.EPI_ISL_206696.Anseriformes.mongolia.NA.2015-08-31             0.00%    passed     97.63%
 219  H6N1.EPI_ISL_217494.Anseriformes.china.NA.2016-01-27                 0.00%    passed     95.71%
 220  H5N8.EPI_ISL_644125.Anseriformes.russia.1.2020-08-17                 0.00%    passed     97.18%
 221  H5N8.EPI_ISL_1114737.Galliformes.russia.1.2020-10-17                 0.00%    passed     98.56%
 222  H5N8.EPI_ISL_1039232.Galliformes.russia.1.2020-12-12                 0.00%    passed     97.30%
 223  H5N8.EPI_ISL_1038924.NA.russia.1.2020-12-12                          0.00%    passed     97.30%
 224  H5N8.EPI_ISL_668457.Anseriformes.sweden.1.2020-11-12                 0.00%    passed     90.29%
 225  H5N8.EPI_ISL_653918.Anseriformes.netherlands.1.2020-10-26            0.00%    passed     99.00%
 226  H5N8.EPI_ISL_644130.Anseriformes.russia.1.2020-08-17                 0.00%    passed     97.18%
 227  H5N8.EPI_ISL_17086338.Anseriformes.japan.NA.2021-01-21               0.09%    passed     95.83%
 228  H5N8.EPI_ISL_7778770.Anseriformes.finland.1.2021-01-01               0.00%    passed     97.83%
 229  H5N8.EPI_ISL_833581.Anseriformes.hungary.10.2020-04-17               0.00%    passed     90.76%
 230  H5N8.EPI_ISL_811128.Galliformes.hungary.10.2020-04-14                0.00%    passed     90.76%
 231  H5N1.EPI_ISL_16831329.Galliformes.japan.NA.2022-04-18                0.00%    passed     95.17%
 232  H5N1.EPI_ISL_16831327.Galliformes.japan.NA.2022-04-16                0.00%    passed     95.61%
 233  H5N1.EPI_ISL_16831229.Passeriformes.japan.NA.2022-04-19              0.00%    passed     96.33%
 234  H5N1.EPI_ISL_14571443.Anseriformes.germany.NA.2021-10-30             0.00%    passed     92.32%
 235  H5N1.EPI_ISL_13370696.Galliformes.united_kingdom.2.2022-01-23        0.00%    passed     92.32%
 236  H5N1.EPI_ISL_13370513.Anseriformes.united_kingdom.2.2021-12-04       0.00%    passed     91.44%
 237  H5N1.EPI_ISL_11798571.Anseriformes.denmark.2.2021-10-25              0.00%    passed     92.32%
 238  H5N1.EPI_ISL_10255581.Carnivora.netherlands.2.2022-02-11             0.00%    passed     90.54%
 239  H5N1.EPI_ISL_10255580.NA.netherlands.2.2022-02-04                    0.00%    passed     92.32%
 240  H5N1.EPI_ISL_9261751.Anseriformes.netherlands.2.2022-01-14           0.00%    passed     90.54%
 241  H5N1.EPI_ISL_7952121.Charadriiformes.netherlands.2.2021-11-22        0.00%    passed     90.54%
 242  H5N1.EPI_ISL_7952119.Charadriiformes.netherlands.2.2021-11-28        0.00%    passed     91.44%
 243  H5N1.EPI_ISL_7753329.Ciconiiformes.germany.2.2021-10-20              0.00%    passed     92.32%
 244  H5N1.EPI_ISL_7753272.Accipitriformes.germany.2.2021-10-20            0.00%    passed     92.32%
****  TOTAL                                                                0.07%  0 sequences failed composition chi2 test (p-value<5%; df=3)
NOTE: H5N8.EPI_ISL_7778770.Anseriformes.finland.1.2021-01-01 is identical to H5N8.EPI_ISL_739686.Galliformes.kazakhstan.1.2020-09-18 but kept for subsequent analysis
NOTE: H5N6.EPI_ISL_8517996.environment.china.73.2021-12-23 is identical to H5N6.EPI_ISL_7983813.NA.china.73.2021-12-22 but kept for subsequent analysis
NOTE: H5N8.EPI_ISL_17086337.environment.japan.NA.2021-01-13 is identical to H5N8.EPI_ISL_854605.Galliformes.japan.16.2021-01-12 but kept for subsequent analysis
NOTE: H5N8.EPI_ISL_4030493.environment.japan.NA.2020-12-09 is identical to H5N8.EPI_ISL_985233.Anseriformes.japan.10.2021-02-08 but kept for subsequent analysis
NOTE: H5N8.EPI_ISL_1939617.Strigiformes.china.1.2020-11-11 is identical to H5N8.EPI_ISL_1760448.Anseriformes.china.1.2020-11-10 but kept for subsequent analysis
NOTE: H5N8.EPI_ISL_16405666.environment.japan.10.2020-11-30 is identical to H5N8.EPI_ISL_2820261.Anseriformes.china.10.2020-10-15 but kept for subsequent analysis
NOTE: H5N3.EPI_ISL_5863749.Anseriformes.united_states.289.2020-10-20 is identical to H5N8.EPI_ISL_5863490.Anseriformes.united_states.1.2020-10-16 but kept for subsequent analysis
NOTE: H5N8.EPI_ISL_2555538.Anseriformes.china.1.2020-11-16 is identical to H5N8.EPI_ISL_2555536.Charadriiformes.china.1.2020-11-16 but kept for subsequent analysis
NOTE: H5N8.EPI_ISL_17086353.environment.japan.NA.2021-03-13 is identical to H5N8.EPI_ISL_1273440.Galliformes.japan.16.2021-03-13 but kept for subsequent analysis
NOTE: H5N8.EPI_ISL_17086349.Galliformes.japan.NA.2021-02-08 is identical to H5N8.EPI_ISL_978893.Galliformes.japan.1.2021-02-03 but kept for subsequent analysis
NOTE: H5N1.EPI_ISL_16698477.Galliformes.japan.2.2023-01-11 is identical to H5N2.EPI_ISL_15732741.Passeriformes.japan.297.2022-10-28 but kept for subsequent analysis
NOTE: H5N6.EPI_ISL_11208199.Anseriformes.china.73.2021-12-03 is identical to H5N6.EPI_ISL_8518000.environment.china.73.2021-12-23 but kept for subsequent analysis
NOTE: H5N1.EPI_ISL_12572660.Anseriformes.china.110.2021-12-08 is identical to H5N1.EPI_ISL_12572653.Galliformes.china.110.2021-12-07 but kept for subsequent analysis
NOTE: H5N1.EPI_ISL_16831328.Casuariiformes.japan.NA.2022-04-16 is identical to H5N1.EPI_ISL_15072539.Casuariiformes.japan.2.2022-04-16 but kept for subsequent analysis
NOTE: H5N1.EPI_ISL_16831327.Galliformes.japan.NA.2022-04-16 is identical to H5N1.EPI_ISL_15072538.Galliformes.japan.2.2022-04-16 but kept for subsequent analysis
NOTE: H5N8.EPI_ISL_16718460.Accipitriformes.japan.16.2021-02-01 is identical to H5N8.EPI_ISL_17805822.NA.japan.16.2021-02-01 but kept for subsequent analysis
NOTE: H5N8.EPI_ISL_16718461.Gruiformes.japan.10.2021-02-03 is identical to H5N8.EPI_ISL_17805886.NA.japan.10.2021-02-05 but kept for subsequent analysis
NOTE: H5N8.EPI_ISL_16718466.Anseriformes.japan.10.2020-12-18 is identical to H5N8.EPI_ISL_17805901.NA.japan.10.2020-12-18 but kept for subsequent analysis
NOTE: H5N1.EPI_ISL_18284461.Galliformes.japan.NA.2022-10-28 is identical to H5N1.EPI_ISL_16698060.Galliformes.japan.15.2022-11-07 but kept for subsequent analysis
NOTE: H5N1.EPI_ISL_17766057.Carnivora.japan.15.2023-04-12 is identical to H5N1.EPI_ISL_17316965.Passeriformes.japan.15.2023-03-13 but kept for subsequent analysis
NOTE: H5N1.EPI_ISL_18373218.Anseriformes.south_korea.NA.2021-11-16 is identical to H5N1.EPI_ISL_17606820.Anseriformes.south_korea.22.2021-11-11 but kept for subsequent analysis
NOTE: H5N1.EPI_ISL_17606847.Anseriformes.south_korea.22.2022-01-31 is identical to H5N1.EPI_ISL_17606841.Galliformes.south_korea.22.2022-01-21 but kept for subsequent analysis
NOTE: H5N1.EPI_ISL_china_44.Charadriiformes.china.19.2022-07-22 is identical to H5N1.EPI_ISL_china_40.Podicipediformes.china.19.2022-07-21 but kept for subsequent analysis
NOTE: H5N1.EPI_ISL_5463798.Anseriformes.russia.3.2021-09-30 is identical to H5N1.EPI_ISL_5463801.Galliformes.russia.3.2021-09-30 but kept for subsequent analysis
NOTE: H5N1.EPI_ISL_16189912.Strigiformes.canada.9.2022-04-28 is identical to H5N1.EPI_ISL_16244012.Galliformes.united_states.9.2022-05-17 but kept for subsequent analysis
NOTE: H5N1.EPI_ISL_18132388.Accipitriformes.united_states.NA.2022-04-06 is identical to H5N1.EPI_ISL_18133185.NA.united_states.NA.2022-04-11 but kept for subsequent analysis
NOTE: H7N9.EPI_ISL_269522.environment.china.NA.2017-06-02 is identical to H7N9.EPI_ISL_379672.Galliformes.china.NA.2017-06-06 but kept for subsequent analysis
NOTE: H5N1.EPI_ISL_18007232.Passeriformes.japan.NA.2023-03-24 is identical to H5N1.EPI_ISL_18284468.Galliformes.japan.NA.2022-12-05 but kept for subsequent analysis
NOTE: H3N8.EPI_ISL_6784880.Anseriformes.south_korea.NA.2020-10-05 is identical to H3N8.EPI_ISL_6784911.NA.south_korea.NA.2020-10-05 but kept for subsequent analysis
NOTE: H5N8.EPI_ISL_402134.Galliformes.poland.NA.2019-12-30 is identical to H5N8.EPI_ISL_405813.Accipitriformes.poland.10.2020-01-06 but kept for subsequent analysis
NOTE: H5N8.EPI_ISL_1038924.NA.russia.1.2020-12-12 is identical to H5N8.EPI_ISL_1039232.Galliformes.russia.1.2020-12-12 but kept for subsequent analysis
NOTE: H5N8.EPI_ISL_811128.Galliformes.hungary.10.2020-04-14 is identical to H5N8.EPI_ISL_833581.Anseriformes.hungary.10.2020-04-17 but kept for subsequent analysis
NOTE: H5N1.EPI_ISL_13370696.Galliformes.united_kingdom.2.2022-01-23 is identical to H5N1.EPI_ISL_14571443.Anseriformes.germany.NA.2021-10-30 but kept for subsequent analysis
NOTE: H5N1.EPI_ISL_7952119.Charadriiformes.netherlands.2.2021-11-28 is identical to H5N1.EPI_ISL_13370513.Anseriformes.united_kingdom.2.2021-12-04 but kept for subsequent analysis
NOTE: H5N1.EPI_ISL_9261751.Anseriformes.netherlands.2.2022-01-14 is identical to H5N1.EPI_ISL_10255581.Carnivora.netherlands.2.2022-02-11 but kept for subsequent analysis
NOTE: 14 identical sequences (see below) will be ignored for subsequent analysis
NOTE: H5N6.EPI_ISL_8518268.Galliformes.china.73.2021-12-23 (identical to H5N6.EPI_ISL_7983813.NA.china.73.2021-12-22) is ignored but added at the end
NOTE: H5N1.EPI_ISL_12572663.Columbiformes.china.110.2021-12-08 (identical to H5N1.EPI_ISL_12572653.Galliformes.china.110.2021-12-07) is ignored but added at the end
NOTE: H5N1.EPI_ISL_18132957.Accipitriformes.united_states.NA.2022-04-26 (identical to H5N1.EPI_ISL_15072539.Casuariiformes.japan.2.2022-04-16) is ignored but added at the end
NOTE: H5N1.EPI_ISL_18066453.Passeriformes.japan.NA.2023-02-17 (identical to H5N1.EPI_ISL_17316965.Passeriformes.japan.15.2023-03-13) is ignored but added at the end
NOTE: H5N1.EPI_ISL_18066451.Anseriformes.japan.NA.2023-02-09 (identical to H5N1.EPI_ISL_17316965.Passeriformes.japan.15.2023-03-13) is ignored but added at the end
NOTE: H5N1.EPI_ISL_17857959.Carnivora.japan.NA.2023-02-20 (identical to H5N1.EPI_ISL_17316965.Passeriformes.japan.15.2023-03-13) is ignored but added at the end
NOTE: H5N1.EPI_ISL_16183656.Anseriformes.canada.9.2022-04-27 (identical to H5N1.EPI_ISL_16244012.Galliformes.united_states.9.2022-05-17) is ignored but added at the end
NOTE: H5N1.EPI_ISL_16240227.Galliformes.united_states.9.2022-05-08 (identical to H5N1.EPI_ISL_18133185.NA.united_states.NA.2022-04-11) is ignored but added at the end
NOTE: H5N1.EPI_ISL_15004379.Anseriformes.united_states.9.2022-04-11 (identical to H5N1.EPI_ISL_18133185.NA.united_states.NA.2022-04-11) is ignored but added at the end
NOTE: H5N1.EPI_ISL_13052720.Carnivora.united_states.9.2022-04-22 (identical to H5N1.EPI_ISL_18133185.NA.united_states.NA.2022-04-11) is ignored but added at the end
NOTE: H5N1.EPI_ISL_11798571.Anseriformes.denmark.2.2021-10-25 (identical to H5N1.EPI_ISL_14571443.Anseriformes.germany.NA.2021-10-30) is ignored but added at the end
NOTE: H5N1.EPI_ISL_10255580.NA.netherlands.2.2022-02-04 (identical to H5N1.EPI_ISL_14571443.Anseriformes.germany.NA.2021-10-30) is ignored but added at the end
NOTE: H5N1.EPI_ISL_7753329.Ciconiiformes.germany.2.2021-10-20 (identical to H5N1.EPI_ISL_14571443.Anseriformes.germany.NA.2021-10-30) is ignored but added at the end
NOTE: H5N1.EPI_ISL_7753272.Accipitriformes.germany.2.2021-10-20 (identical to H5N1.EPI_ISL_14571443.Anseriformes.germany.NA.2021-10-30) is ignored but added at the end

For your convenience alignment with unique sequences printed to clade2344b_asia_PB1_subsampled.fasta.uniqueseq.phy

Create initial parsimony tree by phylogenetic likelihood library (PLL)... 0.028 seconds
Generating 1000 samples for ultrafast bootstrap (seed: 81096)...

NOTE: 29 MB RAM (0 GB) is required!
Measuring multi-threading efficiency up to 6 CPU cores
Increase to 10 rounds for branch lengths
24 trees examined
Threads: 1 / Time: 6.193 sec / Speedup: 1.000 / Efficiency: 100% / LogL: -86705
Threads: 2 / Time: 3.599 sec / Speedup: 1.721 / Efficiency: 86% / LogL: -86705
Threads: 3 / Time: 2.880 sec / Speedup: 2.150 / Efficiency: 72% / LogL: -86705
Threads: 4 / Time: 2.938 sec / Speedup: 2.108 / Efficiency: 53% / LogL: -86705
Threads: 5 / Time: 3.390 sec / Speedup: 1.827 / Efficiency: 37% / LogL: -86705
BEST NUMBER OF THREADS: 3

Estimate model parameters (epsilon = 0.100)
1. Initial log-likelihood: -19058.526
2. Current log-likelihood: -17148.330
3. Current log-likelihood: -17138.059
Optimal log-likelihood: -17138.040
Rate parameters:  A-C: 1.00000  A-G: 13.50568  A-T: 1.00000  C-G: 1.00000  C-T: 13.50568  G-T: 1.00000
Base frequencies:  A: 0.346  C: 0.202  G: 0.236  T: 0.217
Gamma shape alpha: 0.283
Parameters optimization took 3 rounds (0.325 sec)
Computing ML distances based on estimated model parameters... 0.555 sec
Computing BIONJ tree...
0.031 seconds
Log-likelihood of BIONJ tree: -17212.740
--------------------------------------------------------------------
|             INITIALIZING CANDIDATE TREE SET                      |
--------------------------------------------------------------------
Generating 98 parsimony trees... 2.681 second
Computing log-likelihood of 98 initial trees ... 3.223 seconds
Current best score: -17131.742

Do NNI search on 20 best initial trees
Estimate model parameters (epsilon = 0.100)
BETTER TREE FOUND at iteration 1: -17127.238
Estimate model parameters (epsilon = 0.100)
BETTER TREE FOUND at iteration 5: -17126.743
Iteration 10 / LogL: -17127.237 / Time: 0h:0m:30s
BETTER TREE FOUND at iteration 12: -17126.741
Iteration 20 / LogL: -17126.742 / Time: 0h:0m:35s
Finish initializing candidate tree set (20)
Current best tree score: -17126.741 / CPU time: 15.686
Number of iterations: 20
--------------------------------------------------------------------
|               OPTIMIZING CANDIDATE TREE SET                      |
--------------------------------------------------------------------
BETTER TREE FOUND at iteration 21: -17126.738
BETTER TREE FOUND at iteration 22: -17126.735
Estimate model parameters (epsilon = 0.100)
BETTER TREE FOUND at iteration 23: -17126.725
BETTER TREE FOUND at iteration 25: -17126.724
Iteration 30 / LogL: -17128.707 / Time: 0h:0m:41s (0h:2m:16s left)
BETTER TREE FOUND at iteration 32: -17126.718
BETTER TREE FOUND at iteration 36: -17126.715
Iteration 40 / LogL: -17127.709 / Time: 0h:0m:47s (0h:1m:57s left)
BETTER TREE FOUND at iteration 44: -17126.710
BETTER TREE FOUND at iteration 50: -17126.710
Iteration 50 / LogL: -17126.710 / Time: 0h:0m:54s (0h:1m:50s left)
Log-likelihood cutoff on original alignment: -17161.239
BETTER TREE FOUND at iteration 60: -17126.701
Iteration 60 / LogL: -17126.701 / Time: 0h:1m:0s (0h:1m:42s left)
Iteration 70 / LogL: -17126.705 / Time: 0h:1m:5s (0h:1m:26s left)
BETTER TREE FOUND at iteration 71: -17126.694
BETTER TREE FOUND at iteration 80: -17126.691
Iteration 80 / LogL: -17126.691 / Time: 0h:1m:12s (0h:1m:31s left)
Iteration 90 / LogL: -17127.683 / Time: 0h:1m:18s (0h:1m:18s left)
Iteration 100 / LogL: -17126.693 / Time: 0h:1m:23s (0h:1m:7s left)
Log-likelihood cutoff on original alignment: -17161.339
NOTE: Bootstrap correlation coefficient of split occurrence frequencies: 0.999
BETTER TREE FOUND at iteration 103: -17126.689
Iteration 110 / LogL: -17126.697 / Time: 0h:1m:29s (0h:1m:16s left)
Iteration 120 / LogL: -17131.495 / Time: 0h:1m:34s (0h:1m:6s left)
Iteration 130 / LogL: -17131.282 / Time: 0h:1m:40s (0h:0m:57s left)
BETTER TREE FOUND at iteration 138: -17126.687
Iteration 140 / LogL: -17126.688 / Time: 0h:1m:46s (0h:1m:14s left)
BETTER TREE FOUND at iteration 146: -17126.684
BETTER TREE FOUND at iteration 149: -17126.682
Iteration 150 / LogL: -17126.686 / Time: 0h:1m:52s (0h:1m:14s left)
Log-likelihood cutoff on original alignment: -17161.339
Iteration 160 / LogL: -17126.686 / Time: 0h:1m:58s (0h:1m:6s left)
BETTER TREE FOUND at iteration 169: -17126.681
Iteration 170 / LogL: -17131.740 / Time: 0h:2m:4s (0h:1m:12s left)
Iteration 180 / LogL: -17127.670 / Time: 0h:2m:11s (0h:1m:5s left)
Iteration 190 / LogL: -17127.980 / Time: 0h:2m:16s (0h:0m:57s left)
Iteration 200 / LogL: -17126.911 / Time: 0h:2m:22s (0h:0m:49s left)
Log-likelihood cutoff on original alignment: -17161.239
NOTE: Bootstrap correlation coefficient of split occurrence frequencies: 0.999
BETTER TREE FOUND at iteration 203: -17126.678
BETTER TREE FOUND at iteration 207: -17126.678
Iteration 210 / LogL: -17126.683 / Time: 0h:2m:29s (0h:1m:9s left)
Iteration 220 / LogL: -17127.980 / Time: 0h:2m:35s (0h:1m:1s left)
Iteration 230 / LogL: -17133.992 / Time: 0h:2m:41s (0h:0m:54s left)
Iteration 240 / LogL: -17129.641 / Time: 0h:2m:46s (0h:0m:46s left)
BETTER TREE FOUND at iteration 250: -17126.676
Iteration 250 / LogL: -17126.676 / Time: 0h:2m:53s (0h:1m:9s left)
Log-likelihood cutoff on original alignment: -17161.239
BETTER TREE FOUND at iteration 260: -17126.676
Iteration 260 / LogL: -17126.676 / Time: 0h:2m:59s (0h:1m:9s left)
BETTER TREE FOUND at iteration 265: -17126.672
Iteration 270 / LogL: -17211.667 / Time: 0h:3m:6s (0h:1m:5s left)
Iteration 280 / LogL: -17127.667 / Time: 0h:3m:12s (0h:0m:58s left)
Iteration 290 / LogL: -17129.656 / Time: 0h:3m:18s (0h:0m:51s left)
Iteration 300 / LogL: -17126.835 / Time: 0h:3m:24s (0h:0m:44s left)
Log-likelihood cutoff on original alignment: -17161.239
NOTE: Bootstrap correlation coefficient of split occurrence frequencies: 0.998
BETTER TREE FOUND at iteration 302: -17126.669
Iteration 310 / LogL: -17132.025 / Time: 0h:3m:31s (0h:1m:3s left)
Iteration 320 / LogL: -17135.179 / Time: 0h:3m:38s (0h:0m:56s left)
Iteration 330 / LogL: -17127.181 / Time: 0h:3m:43s (0h:0m:48s left)
Iteration 340 / LogL: -17126.679 / Time: 0h:3m:49s (0h:0m:42s left)
Iteration 350 / LogL: -17131.629 / Time: 0h:3m:55s (0h:0m:35s left)
Log-likelihood cutoff on original alignment: -17161.239
Iteration 360 / LogL: -17126.682 / Time: 0h:4m:1s (0h:0m:28s left)
Iteration 370 / LogL: -17134.799 / Time: 0h:4m:8s (0h:0m:21s left)
Iteration 380 / LogL: -17264.787 / Time: 0h:4m:14s (0h:0m:14s left)
Iteration 390 / LogL: -17127.965 / Time: 0h:4m:20s (0h:0m:8s left)
Iteration 400 / LogL: -17126.836 / Time: 0h:4m:26s (0h:0m:1s left)
Log-likelihood cutoff on original alignment: -17161.239
NOTE: Bootstrap correlation coefficient of split occurrence frequencies: 0.997
TREE SEARCH COMPLETED AFTER 403 ITERATIONS / Time: 0h:4m:28s

--------------------------------------------------------------------
|                    FINALIZING TREE SEARCH                        |
--------------------------------------------------------------------
Performs final model parameters optimization
Estimate model parameters (epsilon = 0.010)
1. Initial log-likelihood: -17126.669
Optimal log-likelihood: -17126.669
Rate parameters:  A-C: 1.00000  A-G: 13.65904  A-T: 1.00000  C-G: 1.00000  C-T: 13.65904  G-T: 1.00000
Base frequencies:  A: 0.346  C: 0.202  G: 0.236  T: 0.217
Gamma shape alpha: 0.282
Parameters optimization took 1 rounds (0.049 sec)
BEST SCORE FOUND : -17126.669
Creating bootstrap support values...
Split supports printed to NEXUS file clade2344b_asia_PB1_subsampled.fasta.splits.nex
Total tree length: 1.278

Total number of iterations: 403
CPU time used for tree search: 714.391 sec (0h:11m:54s)
Wall-clock time used for tree search: 249.089 sec (0h:4m:9s)
Total CPU time used: 765.087 sec (0h:12m:45s)
Total wall-clock time used: 269.391 sec (0h:4m:29s)

Computing bootstrap consensus tree...
Reading input file clade2344b_asia_PB1_subsampled.fasta.splits.nex...
230 taxa and 2148 splits.
Consensus tree written to clade2344b_asia_PB1_subsampled.fasta.contree
Reading input trees file clade2344b_asia_PB1_subsampled.fasta.contree
Log-likelihood of consensus tree: -17126.743

Analysis results written to: 
  IQ-TREE report:                clade2344b_asia_PB1_subsampled.fasta.iqtree
  Maximum-likelihood tree:       clade2344b_asia_PB1_subsampled.fasta.treefile
  Likelihood distances:          clade2344b_asia_PB1_subsampled.fasta.mldist

Ultrafast bootstrap approximation results written to:
  Split support values:          clade2344b_asia_PB1_subsampled.fasta.splits.nex
  Consensus tree:                clade2344b_asia_PB1_subsampled.fasta.contree
  Screen log file:               clade2344b_asia_PB1_subsampled.fasta.log

Date and Time: Wed Jan 10 23:17:47 2024
