IQ-TREE multicore version 1.6.12 for Mac OS X 64-bit built Aug 15 2019
Developed by Bui Quang Minh, Nguyen Lam Tung, Olga Chernomor,
Heiko Schmidt, Dominik Schrempf, Michael Woodhams.

Host:    sce-bio-c05393 (AVX2, FMA3, 16 GB RAM)
Command: iqtree -s Re_H5_clade2344b_Asia_blast_N8.trim_subsampled.fasta -nt AUTO -m HKY -bb 1000
Seed:    383438 (Using SPRNG - Scalable Parallel Random Number Generator)
Time:    Mon Jan  8 19:25:22 2024
Kernel:  AVX+FMA - auto-detect threads (6 CPU cores detected)

Reading alignment file Re_H5_clade2344b_Asia_blast_N8.trim_subsampled.fasta ... Fasta format detected
Alignment most likely contains DNA/RNA sequences
Alignment has 481 sequences with 1413 columns, 469 distinct patterns
271 parsimony-informative, 203 singleton sites, 939 constant sites
                                                                Gap/Ambiguity  Composition  p-value
   1  H5N8.EPI_ISL_625671.Anseriformes.china.1.2020-10-17               0.00%    passed     99.83%
   2  H5N8.EPI_ISL_614401.Anseriformes.kazakhstan.1.2020-09-23          0.00%    passed     99.94%
   3  H5N8.EPI_ISL_615065.Anseriformes.kazakhstan.1.2020-09-22          0.07%    passed     99.74%
   4  H5N8.EPI_ISL_615068.Anseriformes.kazakhstan.1.2020-09-20          0.00%    passed     99.52%
   5  H5N8.EPI_ISL_615072.Anseriformes.kazakhstan.1.2020-09-25          0.00%    passed     99.96%
   6  H5N8.EPI_ISL_615073.Anseriformes.kazakhstan.1.2020-09-19          0.14%    passed     99.72%
   7  H5N8.EPI_ISL_623074.Galliformes.iraq.1.2020-05-12                 0.00%    passed     99.96%
   8  H5N8.EPI_ISL_631824.Anseriformes.south_korea.10.2020-10-21        0.00%    passed     97.24%
   9  H5N8.EPI_ISL_666687.Anseriformes.south_korea.10.2020-10-24        0.00%    passed     97.40%
  10  H5N8.EPI_ISL_708716.Galliformes.japan.10.2020-12-01               0.00%    passed     97.37%
  11  H5N8.EPI_ISL_738052.Galliformes.japan.16.2020-12-15               0.00%    passed     96.15%
  12  H5N8.EPI_ISL_738054.Galliformes.japan.16.2020-12-18               0.00%    passed     93.47%
  13  H5N8.EPI_ISL_738058.Galliformes.japan.10.2020-12-18               0.00%    passed     94.13%
  14  H5N8.EPI_ISL_739687.Galliformes.kazakhstan.1.2020-09-18           0.21%    passed     99.84%
  15  H5N8.EPI_ISL_681272.Galliformes.japan.10.2020-11-19               0.00%    passed     95.12%
  16  H5N8.EPI_ISL_681281.Anseriformes.japan.10.2020-11-16              0.00%    passed     96.72%
  17  H5N8.EPI_ISL_681282.Galliformes.japan.16.2020-11-24               0.00%    passed     96.14%
  18  H5N8.EPI_ISL_681286.Galliformes.japan.10.2020-11-04               0.00%    passed     96.38%
  19  H5N8.EPI_ISL_681296.Galliformes.japan.10.2020-11-14               0.00%    passed     95.12%
  20  H5N8.EPI_ISL_697771.Anseriformes.japan.10.2020-10-24              0.00%    passed     94.62%
  21  H5N8.EPI_ISL_710435.Galliformes.japan.16.2020-12-06               0.00%    passed     96.72%
  22  H5N8.EPI_ISL_710439.Galliformes.japan.16.2020-11-30               0.00%    passed     96.79%
  23  H5N8.EPI_ISL_710442.Galliformes.japan.16.2020-12-01               0.00%    passed     97.40%
  24  H5N8.EPI_ISL_710447.Galliformes.japan.16.2020-12-02               0.00%    passed     96.79%
  25  H5N8.EPI_ISL_710451.Galliformes.japan.16.2020-12-05               0.00%    passed     97.10%
  26  H5N8.EPI_ISL_718108.Galliformes.japan.16.2020-12-07               0.00%    passed     96.79%
  27  H5N8.EPI_ISL_718113.Galliformes.japan.16.2020-12-09               0.00%    passed     95.32%
  28  H5N8.EPI_ISL_718117.Galliformes.japan.16.2020-12-10               0.00%    passed     96.72%
  29  H5N8.EPI_ISL_718123.Galliformes.japan.16.2020-12-09               0.00%    passed     96.79%
  30  H5N8.EPI_ISL_732927.Galliformes.japan.16.2020-12-13               0.00%    passed     96.79%
  31  H5N8.EPI_ISL_732933.Galliformes.japan.16.2020-12-15               0.00%    passed     95.37%
  32  H5N8.EPI_ISL_732939.Galliformes.japan.16.2020-12-13               0.00%    passed     97.51%
  33  H5N8.EPI_ISL_732944.Galliformes.japan.16.2020-12-12               0.00%    passed     95.33%
  34  H5N8.EPI_ISL_4071019.Anseriformes.japan.10.2020-11-05             0.00%    passed     96.15%
  35  H5N8.EPI_ISL_1041125.Galliformes.japan.1.2021-02-10               0.00%    passed     99.77%
  36  H5N8.EPI_ISL_1041135.Galliformes.japan.1.2021-02-08               0.00%    passed     98.32%
  37  H5N8.EPI_ISL_1041155.Anseriformes.japan.1.2021-01-23              0.00%    passed     99.35%
  38  H5N8.EPI_ISL_1041158.Galliformes.japan.1.2021-02-14               0.00%    passed     99.81%
  39  H5N8.EPI_ISL_1041172.Accipitriformes.japan.16.2021-02-10          0.00%    passed     95.32%
  40  H5N8.EPI_ISL_1041176.Strigiformes.japan.10.2021-02-16             0.00%    passed     95.25%
  41  H5N8.EPI_ISL_1041178.Falconiformes.japan.10.2021-02-15            0.00%    passed     93.45%
  42  H5N8.EPI_ISL_1041180.Anseriformes.japan.10.2021-02-13             0.00%    passed     96.48%
  43  H5N8.EPI_ISL_1081353.Anseriformes.japan.1.2021-02-14              0.00%    passed     97.82%
  44  H5N8.EPI_ISL_1098830.Gruiformes.japan.1.2021-01-19                0.00%    passed     99.57%
  45  H5N8.EPI_ISL_1114725.Anseriformes.japan.1.2021-01-16              0.00%    passed     99.49%
  46  H5N8.EPI_ISL_1184509.Galliformes.japan.16.2021-02-24              0.00%    passed     97.24%
  47  H5N8.EPI_ISL_1184518.Accipitriformes.japan.16.2021-02-24          0.00%    passed     95.37%
  48  H5N8.EPI_ISL_1937884.Anseriformes.china.1.2020-11-10              0.00%    passed     99.49%
  49  H5N8.EPI_ISL_2713170.Anseriformes.china.1.2020-11-16              0.00%    passed     99.75%
  50  H5N8.EPI_ISL_2815336.Anseriformes.china.1.2020-10-11              0.00%    passed     99.81%
  51  H5N8.EPI_ISL_5260416.Charadriiformes.china.1.2021-02-22           0.00%    passed     99.81%
  52  H5N8.EPI_ISL_5260417.Charadriiformes.china.1.2021-05-16           0.00%    passed     99.52%
  53  H5N8.EPI_ISL_5260418.Anseriformes.china.1.2021-01-25              0.00%    passed     90.13%
  54  H5N8.EPI_ISL_5260419.Anseriformes.china.1.2021-03-02              0.00%    passed     99.49%
  55  H5N8.EPI_ISL_5260422.Anseriformes.china.1.2021-02-01              0.00%    passed     98.68%
  56  H5N8.EPI_ISL_5260426.Anseriformes.china.1.2021-05-10              0.00%    passed     97.24%
  57  H5N8.EPI_ISL_5260435.Anseriformes.china.1.2021-04-22              0.00%    passed     99.35%
  58  H5N8.EPI_ISL_5260444.Anseriformes.china.1.2021-03-09              0.00%    passed     99.70%
  59  H5N8.EPI_ISL_5260445.Anseriformes.china.1.2021-04-27              0.00%    passed     99.63%
  60  H5N8.EPI_ISL_5260446.Anseriformes.china.1.2021-05-11              0.00%    passed     97.87%
  61  H5N8.EPI_ISL_5260448.Anseriformes.china.1.2021-03-19              0.00%    passed     99.09%
  62  H5N8.EPI_ISL_5260449.Anseriformes.china.1.2021-03-24              0.00%    passed     99.30%
  63  H5N8.EPI_ISL_5260450.Anseriformes.china.1.2021-03-09              0.00%    passed     98.92%
  64  H5N8.EPI_ISL_5260451.Anseriformes.china.1.2021-04-13              0.00%    passed     99.00%
  65  H5N8.EPI_ISL_5260452.Anseriformes.china.1.2021-01-20              0.00%    passed     96.82%
  66  H5N8.EPI_ISL_5260453.Anseriformes.china.1.2021-01-14              0.00%    passed     98.36%
  67  H5N8.EPI_ISL_5260454.Anseriformes.china.1.2021-02-22              0.00%    passed     99.70%
  68  H5N8.EPI_ISL_5260457.Anseriformes.china.16.2021-01-23             0.00%    passed     97.91%
  69  H5N8.EPI_ISL_5260465.Pelecaniformes.china.1.2021-01-26            0.00%    passed     98.74%
  70  H5N8.EPI_ISL_5260466.Podicipediformes.china.1.2021-02-22          0.00%    passed     99.52%
  71  H5N8.EPI_ISL_5260467.Podicipediformes.china.1.2021-06-05          0.00%    passed     98.92%
  72  H5N8.EPI_ISL_5260468.Podicipediformes.china.1.2021-06-15          0.00%    passed     97.82%
  73  H5N8.EPI_ISL_5260469.Anseriformes.china.1.2021-01-26              0.00%    passed     98.41%
  74  H5N8.EPI_ISL_5260470.Anseriformes.china.1.2021-01-23              0.00%    passed     99.35%
  75  H5N8.EPI_ISL_5865550.Anseriformes.united_states.1.2020-10-02      0.00%    passed     99.98%
  76  H5N8.EPI_ISL_5865629.Anseriformes.united_states.1.2020-10-16      0.00%    passed     99.99%
  77  H5N8.EPI_ISL_5865695.Anseriformes.united_states.1.2020-09-29      0.00%    passed     99.98%
  78  H5N8.EPI_ISL_6829497.Gruiformes.japan.1.2021-11-19                0.00%    passed     96.69%
  79  H5N8.EPI_ISL_6829536.Galliformes.japan.1.2021-11-14               0.00%    passed     98.43%
  80  H5N8.EPI_ISL_7349517.Anseriformes.china.1.2021-01                 0.00%    passed     99.52%
  81  H5N8.EPI_ISL_7381026.Galliformes.china.1.2021-03                  0.00%    passed     99.49%
  82  H5N8.EPI_ISL_7381065.Anseriformes.china.1.2021-03                 0.00%    passed     98.22%
  83  H5N8.EPI_ISL_7381115.Anseriformes.china.1.2021-06                 0.07%    passed     99.46%
  84  H5N8.EPI_ISL_7381183.Anseriformes.china.279.2021-04               0.00%    passed     99.52%
  85  H5N8.EPI_ISL_7381397.Anseriformes.china.1.2021-05                 0.00%    passed     99.22%
  86  H5N8.EPI_ISL_7381423.Anseriformes.china.1.2021-07                 0.07%    passed     99.80%
  87  H5N8.EPI_ISL_7381448.Galliformes.china.205.2021-07                0.00%    passed     98.70%
  88  H5N8.EPI_ISL_7381695.Anseriformes.china.1.2021-08                 0.00%    passed     96.46%
  89  H5N8.EPI_ISL_17088884.Anseriformes.china.1.2021-01-29             0.00%    passed     99.30%
  90  H5N8.EPI_ISL_759852.Galliformes.japan.10.2020-12-23               0.00%    passed     91.70%
  91  H5N8.EPI_ISL_759856.Galliformes.japan.16.2020-12-22               0.00%    passed     95.33%
  92  H5N8.EPI_ISL_854597.Galliformes.japan.10.2021-01-10               0.00%    passed     91.70%
  93  H5N8.EPI_ISL_854599.Galliformes.japan.10.2021-01-01               0.00%    passed     95.72%
  94  H5N8.EPI_ISL_854608.Galliformes.japan.16.2021-01-12               0.00%    passed     94.62%
  95  H5N8.EPI_ISL_854612.Galliformes.japan.16.2020-12-29               0.00%    passed     96.79%
  96  H5N8.EPI_ISL_977582.Anseriformes.china.1.2020-12-29               0.00%    passed     99.49%
  97  H5N8.EPI_ISL_977595.Anseriformes.china.1.2020-12-31               0.00%    passed     98.92%
  98  H5N8.EPI_ISL_977599.Anseriformes.china.1.2020-12-21               0.00%    passed     99.49%
  99  H5N8.EPI_ISL_985179.Anseriformes.south_korea.10.2020-11-26        0.00%    passed     97.91%
 100  H5N8.EPI_ISL_985180.Galliformes.south_korea.10.2020-12-01         0.00%    passed     95.42%
 101  H5N8.EPI_ISL_985181.Anseriformes.south_korea.79.2020-12-04        0.00%    passed     95.33%
 102  H5N8.EPI_ISL_985182.Galliformes.south_korea.79.2020-12-06         0.00%    passed     95.33%
 103  H5N8.EPI_ISL_985183.Galliformes.south_korea.16.2020-12-07         0.00%    passed     96.14%
 104  H5N8.EPI_ISL_985184.Anseriformes.south_korea.1.2020-12-08         0.00%    passed     99.52%
 105  H5N8.EPI_ISL_985185.Galliformes.south_korea.79.2020-12-08         0.00%    passed     96.13%
 106  H5N8.EPI_ISL_985186.Anseriformes.south_korea.10.2020-12-09        0.00%    passed     94.62%
 107  H5N8.EPI_ISL_985187.Anseriformes.south_korea.1.2020-12-10         0.00%    passed     99.07%
 108  H5N8.EPI_ISL_985188.Anseriformes.south_korea.16.2020-12-10        0.00%    passed     97.24%
 109  H5N8.EPI_ISL_985189.Anseriformes.south_korea.16.2020-12-11        0.00%    passed     97.24%
 110  H5N8.EPI_ISL_985190.Anseriformes.south_korea.10.2020-12-11        0.00%    passed     94.62%
 111  H5N8.EPI_ISL_985191.Galliformes.south_korea.1.2020-12-12          0.00%    passed     99.35%
 112  H5N8.EPI_ISL_985192.Galliformes.south_korea.16.2020-12-14         0.00%    passed     96.14%
 113  H5N8.EPI_ISL_985193.Galliformes.south_korea.10.2020-12-14         0.00%    passed     95.42%
 114  H5N8.EPI_ISL_985194.Anseriformes.south_korea.1.2020-12-14         0.00%    passed     99.35%
 115  H5N8.EPI_ISL_985195.Galliformes.south_korea.79.2020-12-16         0.00%    passed     97.10%
 116  H5N8.EPI_ISL_985196.Anseriformes.south_korea.1.2020-12-16         0.00%    passed     99.07%
 117  H5N8.EPI_ISL_985197.Anseriformes.south_korea.1.2020-12-20         0.00%    passed     98.74%
 118  H5N8.EPI_ISL_985198.Galliformes.south_korea.79.2020-12-21         0.00%    passed     94.62%
 119  H5N8.EPI_ISL_985199.Galliformes.south_korea.1.2020-12-22          0.00%    passed     99.81%
 120  H5N8.EPI_ISL_985200.Anseriformes.south_korea.79.2020-12-22        0.00%    passed     93.47%
 121  H5N8.EPI_ISL_985201.Anseriformes.south_korea.16.2020-12-22        0.00%    passed     96.14%
 122  H5N8.EPI_ISL_985203.Anseriformes.south_korea.16.2020-12-23        0.00%    passed     96.14%
 123  H5N8.EPI_ISL_985204.Anseriformes.south_korea.10.2020-12-23        0.00%    passed     97.00%
 124  H5N8.EPI_ISL_985205.Anseriformes.south_korea.1.2020-12-24         0.00%    passed     98.91%
 125  H5N8.EPI_ISL_985207.Galliformes.south_korea.1.2020-12-25          0.00%    passed     99.88%
 126  H5N8.EPI_ISL_985208.Anseriformes.south_korea.79.2020-12-27        0.00%    passed     95.33%
 127  H5N8.EPI_ISL_985210.Galliformes.south_korea.79.2020-12-28         0.00%    passed     96.72%
 128  H5N8.EPI_ISL_985211.Anseriformes.south_korea.1.2020-12-28         0.00%    passed     99.07%
 129  H5N8.EPI_ISL_985221.Galliformes.japan.1.2021-02-06                0.00%    passed     98.92%
 130  H5N8.EPI_ISL_985224.Galliformes.japan.1.2021-02-07                0.00%    passed     99.49%
 131  H5N8.EPI_ISL_985231.Galliformes.japan.1.2021-02-06                0.00%    passed     98.59%
 132  H5N8.EPI_ISL_985232.Anseriformes.japan.10.2021-02-08              0.00%    passed     96.38%
 133  H5N8.EPI_ISL_1009679.Anseriformes.south_korea.10.2020-12-28       0.00%    passed     96.48%
 134  H5N8.EPI_ISL_1009680.Galliformes.south_korea.1.2020-12-28         0.00%    passed     98.59%
 135  H5N8.EPI_ISL_1009681.Galliformes.south_korea.16.2020-12-29        0.00%    passed     98.28%
 136  H5N8.EPI_ISL_1009682.Galliformes.south_korea.1.2020-12-29         0.00%    passed     99.07%
 137  H5N8.EPI_ISL_1009683.Anseriformes.south_korea.1.2020-12-29        0.00%    passed     98.59%
 138  H5N8.EPI_ISL_1009684.Anseriformes.south_korea.16.2020-12-30       0.00%    passed     98.28%
 139  H5N8.EPI_ISL_1009685.Anseriformes.south_korea.1.2020-12-30        0.00%    passed     99.35%
 140  H5N8.EPI_ISL_1009686.Galliformes.south_korea.1.2020-12-31         0.00%    passed     99.07%
 141  H5N8.EPI_ISL_1009688.Galliformes.south_korea.1.2021-01-01         0.00%    passed     99.07%
 142  H5N8.EPI_ISL_1009689.Galliformes.south_korea.1.2021-01-03         0.00%    passed     99.35%
 143  H5N8.EPI_ISL_1009690.Galliformes.south_korea.1.2021-01-04         0.00%    passed     99.49%
 144  H5N8.EPI_ISL_1009691.Anseriformes.south_korea.1.2021-01-04        0.00%    passed     98.59%
 145  H5N8.EPI_ISL_1009692.Anseriformes.south_korea.1.2021-01-05        0.00%    passed     98.59%
 146  H5N8.EPI_ISL_1009693.Galliformes.south_korea.1.2021-01-08         0.00%    passed     98.59%
 147  H5N8.EPI_ISL_1009694.Anseriformes.south_korea.1.2021-01-09        0.00%    passed     99.30%
 148  H5N8.EPI_ISL_1009695.Anseriformes.south_korea.10.2020-11-03       0.00%    passed     97.24%
 149  H5N8.EPI_ISL_1009696.Anseriformes.south_korea.10.2020-11-10       0.00%    passed     97.24%
 150  H5N8.EPI_ISL_1009697.NA.south_korea.16.2020-11-23                 0.00%    passed     97.29%
 151  H5N8.EPI_ISL_1009698.Anseriformes.south_korea.1.2020-11-25        0.00%    passed     99.35%
 152  H5N8.EPI_ISL_1009699.Anseriformes.south_korea.16.2020-11-25       0.00%    passed     96.14%
 153  H5N8.EPI_ISL_1009700.Anseriformes.south_korea.16.2020-11-26       0.00%    passed     96.14%
 154  H5N8.EPI_ISL_1009702.Anseriformes.south_korea.10.2020-12-01       0.00%    passed     97.88%
 155  H5N8.EPI_ISL_1009703.Anseriformes.south_korea.16.2020-12-01       0.00%    passed     96.79%
 156  H5N8.EPI_ISL_1009706.NA.south_korea.79.2020-12-02                 0.00%    passed     96.15%
 157  H5N8.EPI_ISL_1009707.NA.south_korea.1.2020-12-14                  0.00%    passed     98.36%
 158  H5N8.EPI_ISL_1009709.NA.south_korea.1.2020-12-16                  0.00%    passed     99.70%
 159  H5N8.EPI_ISL_1009710.Anseriformes.south_korea.1.2020-11-17        0.00%    passed     99.35%
 160  H5N8.EPI_ISL_1009711.Anseriformes.south_korea.1.2021-01-06        0.00%    passed     98.63%
 161  H5N8.EPI_ISL_1273413.Galliformes.japan.10.2020-11-25              0.00%    passed     97.88%
 162  H5N8.EPI_ISL_1273425.Galliformes.japan.10.2020-11-12              0.00%    passed     96.38%
 163  H5N8.EPI_ISL_1273434.Galliformes.japan.10.2020-11-20              0.00%    passed     95.12%
 164  H5N8.EPI_ISL_1273439.Galliformes.japan.16.2021-03-13              0.00%    passed     95.83%
 165  H5N8.EPI_ISL_1760446.Anseriformes.china.1.2020-11-09              0.00%    passed     99.95%
 166  H5N8.EPI_ISL_1760447.Anseriformes.china.1.2020-11-10              0.00%    passed     99.35%
 167  H5N8.EPI_ISL_1760453.Anseriformes.china.1.2020-11-10              0.00%    passed     99.83%
 168  H5N8.EPI_ISL_1829205.Anseriformes.china.1.2020-11-02              0.00%    passed     99.52%
 169  H5N8.EPI_ISL_1834185.Anseriformes.china.1.2020-11-06              0.00%    passed     99.35%
 170  H5N8.EPI_ISL_1939617.Strigiformes.china.1.2020-11-11              0.00%    passed     99.55%
 171  H5N8.EPI_ISL_2685842.Anseriformes.china.1.2020-11-04              0.00%    passed     99.45%
 172  H5N8.EPI_ISL_2685846.Anseriformes.china.1.2020-11-09              0.00%    passed     99.52%
 173  H5N8.EPI_ISL_2685847.Anseriformes.china.1.2020-11-11              0.00%    passed     99.52%
 174  H5N8.EPI_ISL_2713314.Charadriiformes.china.1.2020-11-16           0.00%    passed     98.96%
 175  H5N8.EPI_ISL_2820250.Anseriformes.china.10.2020-10-15             0.00%    passed     95.83%
 176  H5N8.EPI_ISL_4061712.Anseriformes.japan.10.2021-02-17             0.00%    passed     93.47%
 177  H5N8.EPI_ISL_4061713.Anseriformes.japan.10.2021-02-08             0.00%    passed     97.29%
 178  H5N8.EPI_ISL_4061714.Accipitriformes.japan.10.2021-02-03          0.00%    passed     93.70%
 179  H5N8.EPI_ISL_4061715.Falconiformes.japan.10.2021-01-28            0.00%    passed     99.16%
 180  H5N8.EPI_ISL_4062112.Anseriformes.japan.16.2020-12-22             0.00%    passed     97.51%
 181  H5N8.EPI_ISL_5863089.Anseriformes.united_states.1.2020-10-12      0.00%    passed     99.98%
 182  H5N8.EPI_ISL_5863359.Anseriformes.united_states.1.2020-10-27      0.00%    passed     98.41%
 183  H5N8.EPI_ISL_5863557.Anseriformes.united_states.1.2020-10-23      0.00%    passed     99.98%
 184  H5N8.EPI_ISL_5863567.Anseriformes.united_states.1.2020-10-06      0.00%    passed     99.98%
 185  H5N8.EPI_ISL_5863615.Anseriformes.united_states.1.2020-10-20      0.00%    passed     99.95%
 186  H5N8.EPI_ISL_5863641.Anseriformes.united_states.1.2020-10-09      0.00%    passed     99.98%
 187  H5N8.EPI_ISL_5863650.Anseriformes.united_states.1.2020-12-29      0.00%    passed     99.96%
 188  H5N8.EPI_ISL_7379463.Anseriformes.china.1.2021-01                 0.00%    passed     99.83%
 189  H5N8.EPI_ISL_7379509.Anseriformes.china.1.2021-01                 0.00%    passed     98.87%
 190  H5N8.EPI_ISL_7380253.Anseriformes.china.1.2021-02                 0.00%    passed     99.96%
 191  H5N8.EPI_ISL_1273441.Accipitriformes.japan.10.2021-03-03          0.00%    passed     93.45%
 192  H5N8.EPI_ISL_2932600.Anseriformes.kazakhstan.1.2020-09-01         0.00%    passed     99.97%
 193  H5N8.EPI_ISL_7380500.Anseriformes.china.1.2021-02-01              0.00%    passed     99.55%
 194  H5N8.EPI_ISL_2932614.Anseriformes.kazakhstan.1.2020-09-21         0.00%    passed     99.87%
 195  H5N8.EPI_ISL_978916.Anseriformes.japan.1.2021-02-01               0.00%    passed     99.00%
 196  H5N8.EPI_ISL_2555543.Anseriformes.china.1.2020-11-12              0.00%    passed     99.35%
 197  H5N8.EPI_ISL_2932617.Passeriformes.kazakhstan.1.2020-09-15        0.00%    passed     99.77%
 198  H5N8.EPI_ISL_1273422.Galliformes.japan.10.2020-11-10              0.00%    passed     96.38%
 199  H5N8.EPI_ISL_1273421.Galliformes.japan.10.2020-11-07              0.00%    passed     96.48%
 200  H5N8.EPI_ISL_978907.Galliformes.japan.16.2021-01-22               0.00%    passed     96.14%
 201  H5N8.EPI_ISL_978903.Galliformes.japan.1.2021-01-30                0.00%    passed     97.68%
 202  H5N8.EPI_ISL_978899.Galliformes.japan.10.2021-02-01               0.00%    passed     98.67%
 203  H5N8.EPI_ISL_978896.Galliformes.japan.1.2021-02-05                0.00%    passed     97.93%
 204  H5N8.EPI_ISL_978890.Galliformes.japan.1.2021-02-03                0.00%    passed     99.49%
 205  H5N8.EPI_ISL_2932609.Anseriformes.kazakhstan.1.2020-09-15         0.00%    passed     99.77%
 206  H5N8.EPI_ISL_978911.Anseriformes.japan.1.2021-01-20               0.00%    passed     99.49%
 207  H5N8.EPI_ISL_2932682.Columbiformes.kazakhstan.1.2020-09-15        0.00%    passed     99.77%
 208  H5N8.EPI_ISL_2932683.Galliformes.kazakhstan.1.2020-10-09          0.00%    passed     99.97%
 209  H5N8.EPI_ISL_2932616.Galliformes.kazakhstan.1.2020-09-19          0.00%    passed     99.82%
 210  H5N8.EPI_ISL_2932608.Galliformes.kazakhstan.1.2020-09-01          0.00%    passed     99.97%
 211  H5N8.EPI_ISL_13632084.Galliformes.kazakhstan.1.2020-08-01         0.00%    passed     99.92%
 212  H5N8.EPI_ISL_14775517.Anseriformes.china.1.2021-01                0.00%    passed     99.70%
 213  H5N8.EPI_ISL_14819895.Anseriformes.china.10.2020-10-16            0.00%    passed     95.33%
 214  H5N8.EPI_ISL_14819900.Anseriformes.china.1.2021-03-11             0.00%    passed     98.63%
 215  H5N8.EPI_ISL_14823424.Anseriformes.china.1.2020-10-30             0.00%    passed     99.07%
 216  H5N8.EPI_ISL_14823425.Anseriformes.china.1.2020-11-04             0.00%    passed     99.07%
 217  H5N8.EPI_ISL_14823549.Anseriformes.china.1.2020-11-05             0.00%    passed     99.07%
 218  H5N8.EPI_ISL_14823646.Anseriformes.china.1.2020-11-08             0.00%    passed     99.35%
 219  H5N8.EPI_ISL_14823813.Anseriformes.china.1.2020-11-09             0.00%    passed     99.35%
 220  H5N8.EPI_ISL_14835960.Anseriformes.china.1.2020-11-11             0.00%    passed     99.07%
 221  H5N8.EPI_ISL_14835968.Anseriformes.china.1.2020-11-12             0.00%    passed     99.38%
 222  H5N8.EPI_ISL_14835976.Anseriformes.china.1.2020-11-13             0.00%    passed     97.90%
 223  H5N8.EPI_ISL_14836026.Anseriformes.china.1.2020-11-14             0.00%    passed     99.35%
 224  H5N8.EPI_ISL_14836082.Anseriformes.china.1.2020-11-16             0.00%    passed     99.49%
 225  H5N8.EPI_ISL_14836104.Anseriformes.china.1.2020-11-17             0.00%    passed     99.07%
 226  H5N8.EPI_ISL_14836374.Anseriformes.china.1.2020-11-18             0.00%    passed     99.70%
 227  H5N8.EPI_ISL_15430209.Anseriformes.china.1.2021-01-15             0.00%    passed     99.35%
 228  H5N8.EPI_ISL_15435511.Anseriformes.china.1.2021-01-21             0.00%    passed     99.35%
 229  H5N8.EPI_ISL_16209048.Anseriformes.canada.81.2021-09-16           0.00%    passed    100.00%
 230  H5N8.EPI_ISL_11504587.Galliformes.viet_nam.205.2021-12-01         0.00%    passed     94.00%
 231  H5N8.EPI_ISL_14822549.Anseriformes.china.1.2021-05-18             0.07%    passed     99.40%
 232  H5N8.EPI_ISL_14822756.Anseriformes.china.1.2021-05-19             0.00%    passed     99.00%
 233  H5N8.EPI_ISL_14770166.Anseriformes.china.16.2020-11-23            0.00%    passed     95.93%
 234  H5N8.EPI_ISL_14770172.Anseriformes.china.1.2020-11-13             0.00%    passed     99.52%
 235  H5N8.EPI_ISL_14770165.Gruiformes.china.1.2020-12-31               0.00%    passed     99.35%
 236  H5N8.EPI_ISL_16215736.Galliformes.china.1.2020-12                 2.19%    passed     99.02%
 237  H5N8.EPI_ISL_16405652.environment.japan.10.2020-11-09             0.00%    passed     97.40%
 238  H5N8.EPI_ISL_16405655.environment.japan.10.2020-11-16             0.00%    passed     97.40%
 239  H5N8.EPI_ISL_16405661.environment.japan.10.2020-11-23             0.00%    passed     97.40%
 240  H5N8.EPI_ISL_16405666.environment.japan.10.2020-11-30             0.00%    passed     95.37%
 241  H5N8.EPI_ISL_16405673.environment.japan.10.2020-12-07             0.00%    passed     90.51%
 242  H5N8.EPI_ISL_16405678.environment.japan.10.2020-12-21             0.00%    passed     96.48%
 243  H5N8.EPI_ISL_17760582.Anseriformes.canada.81.2021-10-15           0.00%    passed     99.98%
 244  H5N8.EPI_ISL_17760584.Anseriformes.canada.81.2021-11-16           0.00%    passed     99.95%
 245  H5N8.EPI_ISL_17805820.NA.japan.10.2021-02-05                      0.00%    passed     96.48%
 246  H5N8.EPI_ISL_17805822.NA.japan.16.2021-02-01                      0.00%    passed     94.62%
 247  H5N8.EPI_ISL_17805828.environment.japan.10.2020-12-07             0.00%    passed     96.15%
 248  H5N8.EPI_ISL_17805837.environment.japan.10.2020-11-16             0.00%    passed     96.15%
 249  H5N8.EPI_ISL_17805844.environment.japan.10.2020-12-21             0.00%    passed     90.51%
 250  H5N8.EPI_ISL_17805848.environment.japan.10.2020-11-09             0.00%    passed     98.28%
 251  H5N8.EPI_ISL_17805868.environment.japan.10.2020-11-30             0.00%    passed     94.62%
 252  H5N8.EPI_ISL_17805882.NA.japan.10.2021-02-03                      0.00%    passed     96.48%
 253  H5N8.EPI_ISL_17805898.environment.japan.10.2020-11-23             0.00%    passed     97.24%
 254  H5N8.EPI_ISL_17805901.NA.japan.10.2020-12-18                      0.00%    passed     94.50%
 255  H5N8.EPI_ISL_17805905.Anseriformes.japan.1.2021-01-16             0.00%    passed     99.49%
 256  H5N8.EPI_ISL_16718460.Accipitriformes.japan.16.2021-02-01         0.00%    passed     94.62%
 257  H5N8.EPI_ISL_16718461.Gruiformes.japan.10.2021-02-03              0.00%    passed     96.48%
 258  H5N8.EPI_ISL_16718462.Gruiformes.japan.10.2021-02-05              0.00%    passed     96.48%
 259  H5N8.EPI_ISL_16718465.Gruiformes.japan.1.2021-01-16               0.00%    passed     99.49%
 260  H5N8.EPI_ISL_16718466.Anseriformes.japan.10.2020-12-18            0.00%    passed     94.50%
 261  H5N8.EPI_ISL_china_2.Galliformes.china.1.2021-05-31               0.00%    passed     99.52%
 262  H5N8.EPI_ISL_china_3.Galliformes.china.1.2021-06-26               0.00%    passed     99.81%
 263  H5N8.EPI_ISL_17086333.environment.japan.NA.2020-12-12             0.00%    passed     96.79%
 264  H5N8.EPI_ISL_17086303.environment.japan.NA.2020-12-10             0.00%    passed     96.79%
 265  H5N8.EPI_ISL_17086354.Anseriformes.japan.NA.2021-01-29            0.00%    passed     96.14%
 266  H5N8.EPI_ISL_17086339.Galliformes.japan.NA.2021-01-23             0.00%    passed     96.14%
 267  H5N8.EPI_ISL_17086220.Accipitriformes.japan.NA.2020-12-08         0.00%    passed     97.88%
 268  H5N8.EPI_ISL_17086350.Galliformes.japan.NA.2021-02-11             0.00%    passed     99.77%
 269  H5N8.EPI_ISL_17086349.Galliformes.japan.NA.2021-02-08             0.00%    passed     99.49%
 270  H5N8.EPI_ISL_17086338.Anseriformes.japan.NA.2021-01-21            0.00%    passed     99.49%
 271  H5N8.EPI_ISL_15613493.Anseriformes.japan.NA.2021-01-24            0.00%    passed     99.49%
 272  H5N8.EPI_ISL_14823422.Anseriformes.china.NA.2021-01-27            0.00%    passed     99.35%
 273  H5N8.EPI_ISL_14822452.Anseriformes.china.NA.2021-03-12            0.00%    passed     99.35%
 274  H5N8.EPI_ISL_17086342.environment.japan.NA.2020-11-16             0.00%    passed     96.48%
 275  H5N8.EPI_ISL_17086335.environment.japan.NA.2020-12-19             0.00%    passed     95.25%
 276  H5N8.EPI_ISL_4105028.Galliformes.japan.NA.2020-01-01              0.00%    passed     96.79%
 277  H5N8.EPI_ISL_4030493.environment.japan.NA.2020-12-09              0.00%    passed     97.29%
 278  H5N8.EPI_ISL_17086345.Anseriformes.japan.NA.2021-01-06            0.00%    passed     97.10%
 279  H5N8.EPI_ISL_17086344.Falconiformes.japan.NA.2020-12-04           0.00%    passed     97.24%
 280  H5N8.EPI_ISL_17086343.Anseriformes.japan.NA.2020-12-03            0.00%    passed     96.14%
 281  H5N8.EPI_ISL_17086223.Anseriformes.japan.NA.2020-11-30            0.00%    passed     96.79%
 282  H5N8.EPI_ISL_15063430.Galliformes.japan.NA.2021-11-15             0.00%    passed     98.43%
 283  H5N8.EPI_ISL_15063428.environment.japan.NA.2021-11-10             0.00%    passed     99.00%
 284  H5N8.EPI_ISL_17655601.environment.japan.NA.2021-12-06             0.00%    passed     96.69%
 285  H5N8.EPI_ISL_17655579.environment.japan.NA.2021-11-22             0.00%    passed     97.69%
 286  H5N8.EPI_ISL_17655678.environment.japan.NA.2022-01-10             0.00%    passed     98.43%
 287  H5N8.EPI_ISL_14749142.environment.japan.NA.2021-12-01             0.00%    passed     98.08%
 288  H5N8.EPI_ISL_17655598.environment.japan.NA.2021-11-29             0.00%    passed     97.98%
 289  H5N8.EPI_ISL_14840053.Anseriformes.china.NA.2021-01-21            0.00%    passed     99.35%
 290  H5N8.EPI_ISL_4062441.Anseriformes.china.NA.2020-11-01             0.00%    passed     98.92%
 291  H5N8.EPI_ISL_17086352.Galliformes.japan.NA.2021-02-15             0.07%    passed     99.74%
 292  H5N8.EPI_ISL_1123263.Galliformes.united_kingdom.1.2020-12-16      0.00%    passed     99.93%
 293  H5N8.EPI_ISL_1114742.Galliformes.russia.1.2020-10-17              0.00%    passed     99.90%
 294  H5N8.EPI_ISL_14819896.Anseriformes.china.NA.2020-10-16            0.00%    passed     95.33%
 295  H5N8.EPI_ISL_17086230.environment.japan.NA.2020-12-06             0.00%    passed     97.10%
 296  H5N8.EPI_ISL_17086227.environment.japan.NA.2020-11-25             0.07%    passed     96.58%
 297  H5N8.EPI_ISL_17086229.environment.japan.NA.2020-12-02             0.00%    passed     97.29%
 298  H5N8.EPI_ISL_17086348.environment.japan.NA.2020-12-19             0.07%    passed     94.07%
 299  H5N8.EPI_ISL_17086353.environment.japan.NA.2021-03-13             0.00%    passed     95.83%
 300  H5N8.EPI_ISL_17086337.environment.japan.NA.2021-01-13             0.00%    passed     92.71%
 301  H5N8.EPI_ISL_17086334.Galliformes.japan.NA.2020-12-12             0.00%    passed     96.15%
 302  H5N8.EPI_ISL_17086231.environment.japan.NA.2020-12-07             0.00%    passed     96.15%
 303  H5N8.EPI_ISL_17086228.environment.japan.NA.2020-11-25             0.00%    passed     98.65%
 304  H5N8.EPI_ISL_17086336.Galliformes.japan.NA.2021-01-02             0.00%    passed     94.34%
 305  H5N8.EPI_ISL_17086225.environment.japan.NA.2020-11-11             0.00%    passed     96.38%
 306  H5N8.EPI_ISL_17086224.environment.japan.NA.2020-11-05             0.00%    passed     96.38%
 307  H5N8.EPI_ISL_17086221.Accipitriformes.japan.NA.2020-12-20         0.00%    passed     96.14%
 308  H5N8.EPI_ISL_710505.Galliformes.united_kingdom.1.2020-12-02       0.00%    passed     99.87%
 309  H5N8.EPI_ISL_7623043.Charadriiformes.belgium.1.2021-01-11         0.00%    passed     99.68%
 310  H5N8.EPI_ISL_668457.Anseriformes.sweden.1.2020-11-12              0.00%    passed     99.70%
 311  H5N8.EPI_ISL_654824.Anseriformes.russia.1.2020-09-15              0.00%    passed     99.95%
 312  H5N8.EPI_ISL_654821.Galliformes.russia.1.2020-09-15               0.00%    passed     99.95%
 313  H5N8.EPI_ISL_644122.Anseriformes.russia.1.2020-08-13              0.00%    passed     99.92%
 314  H5N8.EPI_ISL_17086347.Anseriformes.japan.NA.2021-02-04            0.00%    passed     98.96%
 315  H5N8.EPI_ISL_5102449.Accipitriformes.germany.1.2020-10-29         0.00%    passed     99.87%
 316  H5N8.EPI_ISL_614400.Anseriformes.germany.1.2020-10-28             0.00%    passed     99.87%
 317  H5N8.EPI_ISL_5146171.Galliformes.germany.1.2021-03-29             0.00%    passed     99.70%
 318  H5N8.EPI_ISL_5145921.Galliformes.germany.1.2021-03-24             0.00%    passed     99.70%
 319  H5N8.EPI_ISL_1123357.Anseriformes.united_kingdom.1.2020-11-08     0.00%    passed     99.81%
 320  H5N8.EPI_ISL_1114758.Galliformes.russia.1.2021-01-29              0.00%    passed     98.92%
 321  H5N8.EPI_ISL_1114736.Galliformes.russia.1.2020-09-26              0.00%    passed     99.88%
 322  H5N8.EPI_ISL_710512.Anseriformes.united_kingdom.1.2020-11-19      0.00%    passed     99.90%
 323  H5N8.EPI_ISL_7622862.Anseriformes.belgium.1.2020-12-26            0.00%    passed     99.93%
 324  H5N8.EPI_ISL_5146288.Galliformes.germany.1.2021-03-31             0.00%    passed     99.70%
 325  H5N8.EPI_ISL_5145858.Galliformes.germany.1.2021-03-23             0.00%    passed     99.70%
 326  H5N8.EPI_ISL_5144778.Galliformes.germany.1.2021-02-21             0.00%    passed     99.70%
 327  H5N8.EPI_ISL_5143626.Galliformes.germany.1.2021-03-22             0.00%    passed     99.70%
 328  H5N8.EPI_ISL_5115620.Galliformes.germany.1.2021-03-04             0.00%    passed     99.70%
 329  H5N8.EPI_ISL_5058432.Anseriformes.germany.1.2020-11-02            0.00%    passed     99.95%
 330  H5N8.EPI_ISL_644735.Anseriformes.belgium.1.2020-11-04             0.00%    passed     99.87%
 331  H5N8.EPI_ISL_13175667.Anseriformes.sweden.1.2021-02-24            0.00%    passed     99.97%
 332  H5N8.EPI_ISL_7598788.Anseriformes.belgium.1.2020-12-03            0.00%    passed     99.77%
 333  H5N8.EPI_ISL_7596571.Passeriformes.belgium.1.2020-11-13           0.00%    passed     99.93%
 334  H5N8.EPI_ISL_7590312.Anseriformes.belgium.1.2021-01-11            0.00%    passed     99.90%
 335  H5N8.EPI_ISL_4322015.Anseriformes.sweden.NA.2020-12-15            0.00%    passed     99.77%
 336  H5N8.EPI_ISL_3290184.Anseriformes.sweden.1.2021-03-24             0.00%    passed     99.77%
 337  H5N8.EPI_ISL_3138566.Strigiformes.NA.NA.2021-03-26                0.00%    passed    100.00%
 338  H5N8.EPI_ISL_3128535.Strigiformes.NA.NA.2021-03-25                0.00%    passed     99.77%
 339  H5N8.EPI_ISL_1719909.Anseriformes.lithuania.1.2021-02-26          0.00%    passed     99.81%
 340  H5N8.EPI_ISL_1308256.Strigiformes.sweden.NA.2021-01-31            0.00%    passed     99.77%
 341  H5N8.EPI_ISL_1305780.Anseriformes.sweden.1.2021-02-19             0.00%    passed     99.77%
 342  H5N8.EPI_ISL_1240717.Accipitriformes.sweden.1.2021-02-21          0.00%    passed     99.77%
 343  H5N8.EPI_ISL_1238902.Anseriformes.sweden.1.2021-02-23             0.00%    passed     99.97%
 344  H5N8.EPI_ISL_1123351.Anseriformes.united_kingdom.1.2020-12-18     0.00%    passed     99.76%
 345  H5N8.EPI_ISL_1114750.Galliformes.russia.1.2020-12-11              0.00%    passed     99.83%
 346  H5N8.EPI_ISL_1095454.Anseriformes.sweden.1.2021-02-11             0.00%    passed     99.99%
 347  H5N8.EPI_ISL_1095451.Anseriformes.sweden.1.2021-01-22             0.00%    passed     99.87%
 348  H5N8.EPI_ISL_1095365.Anseriformes.sweden.1.2021-02-07             0.00%    passed     99.87%
 349  H5N8.EPI_ISL_832205.Galliformes.sweden.1.2021-01-10               0.00%    passed     99.97%
 350  H5N8.EPI_ISL_826457.Galliformes.sweden.1.2021-01-02               0.00%    passed     99.97%
 351  H5N8.EPI_ISL_826296.Anseriformes.sweden.1.2020-12-15              0.00%    passed     99.97%
 352  H5N8.EPI_ISL_826285.Anseriformes.sweden.1.2020-12-09              0.00%    passed     99.97%
 353  H5N8.EPI_ISL_766056.Falconiformes.united_kingdom.1.2020-12-14     0.00%    passed     99.72%
 354  H5N8.EPI_ISL_718223.Anseriformes.sweden.1.2020-11-15              0.00%    passed     99.97%
 355  H5N8.EPI_ISL_683593.Anseriformes.italy.1.2020-11-14               0.00%    passed     99.77%
 356  H5N8.EPI_ISL_644161.Galliformes.canada.1.2020-08-06               0.00%    passed     99.83%
 357  H5N8.EPI_ISL_644121.Galliformes.russia.1.2020-08-13               0.00%    passed     99.49%
 358  H5N8.EPI_ISL_5144632.Galliformes.germany.1.2021-03-08             0.07%    passed     99.74%
 359  H5N8.EPI_ISL_5144341.Galliformes.germany.1.2021-03-20             0.07%    passed     99.74%
 360  H5N8.EPI_ISL_5143820.Galliformes.germany.1.2021-03-22             0.07%    passed     99.74%
 361  H5N8.EPI_ISL_5143587.Galliformes.germany.1.2021-03-24             0.07%    passed     99.74%
 362  H5N8.EPI_ISL_5143100.Galliformes.germany.1.2021-03-10             0.07%    passed     99.74%
 363  H5N8.EPI_ISL_5123589.Galliformes.germany.1.2021-03-12             0.07%    passed     99.74%
 364  H5N8.EPI_ISL_5116064.Galliformes.germany.1.2021-03-07             0.07%    passed     99.74%
 365  H5N8.EPI_ISL_5115955.Galliformes.germany.1.2021-03-05             0.07%    passed     99.74%
 366  H5N8.EPI_ISL_17212363.Galliformes.united_kingdom.NA.2020-11-01    0.00%    passed     99.70%
 367  H5N8.EPI_ISL_5143585.Galliformes.germany.1.2021-03-26             0.00%    passed     99.47%
 368  H5N8.EPI_ISL_5143584.Galliformes.germany.1.2021-03-24             0.00%    passed     99.81%
 369  H5N8.EPI_ISL_5143583.Galliformes.germany.1.2021-03-24             0.00%    passed     99.81%
 370  H5N8.EPI_ISL_5123579.Anseriformes.germany.1.2021-03-19            0.00%    passed     99.47%
 371  H5N8.EPI_ISL_5099474.Galliformes.germany.1.2021-02-27             0.00%    passed     99.81%
 372  H5N8.EPI_ISL_5097280.Galliformes.germany.1.2021-01-17             0.00%    passed     99.90%
 373  H5N8.EPI_ISL_5062851.Charadriiformes.germany.1.2020-11-02         0.00%    passed     99.81%
 374  H5N8.EPI_ISL_5058090.Charadriiformes.germany.1.2020-11-02         0.00%    passed     99.90%
 375  H5N8.EPI_ISL_5057876.Anseriformes.germany.NA.2020-11-01           0.00%    passed     99.90%
 376  H5N8.EPI_ISL_5057874.Anseriformes.germany.1.2020-10-30            0.00%    passed     99.90%
 377  H5N8.EPI_ISL_5057856.Falconiformes.germany.1.2020-10-26           0.00%    passed     99.90%
 378  H5N8.EPI_ISL_1114752.Anseriformes.russia.1.2020-12-31             0.00%    passed     99.99%
 379  H5N8.EPI_ISL_1114748.Galliformes.russia.1.2020-10-25              0.00%    passed     99.95%
 380  H5N8.EPI_ISL_1095456.Strigiformes.sweden.NA.2020-10-30            0.00%    passed     99.88%
 381  H5N8.EPI_ISL_832206.Galliformes.sweden.1.2021-01-13               0.00%    passed     99.97%
 382  H5N8.EPI_ISL_826283.Galliformes.sweden.1.2020-12-21               0.00%    passed     99.92%
 383  H5N8.EPI_ISL_17086341.environment.japan.NA.2021-02-09             0.07%    passed     98.88%
 384  H5N8.EPI_ISL_7597827.Podicipediformes.belgium.1.2020-11-24        0.00%    passed     99.87%
 385  H5N8.EPI_ISL_7591058.Anseriformes.belgium.1.2021-04-20            0.00%    passed     99.90%
 386  H5N8.EPI_ISL_6816058.environment.china.NA.2021-11-01              0.00%    passed     99.47%
 387  H5N8.EPI_ISL_5095550.Anseriformes.germany.NA.2020-12-21           0.14%    passed     99.96%
 388  H5N8.EPI_ISL_3315298.Anseriformes.sweden.1.2021-03-10             0.00%    passed     99.50%
 389  H5N8.EPI_ISL_3138618.Anseriformes.sweden.1.2021-04-15             0.00%    passed     99.90%
 390  H5N8.EPI_ISL_3128152.Anseriformes.sweden.1.2021-03-25             0.00%    passed     99.46%
 391  H5N8.EPI_ISL_3102208.Anseriformes.sweden.1.2021-02-01             0.00%    passed     99.99%
 392  H5N8.EPI_ISL_1719912.Anseriformes.lithuania.1.2021-03-19          0.00%    passed     99.77%
 393  H5N8.EPI_ISL_1391203.Falconiformes.sweden.NA.2021-03-16           0.00%    passed     99.50%
 394  H5N8.EPI_ISL_1240680.Strigiformes.sweden.NA.2021-02-20            0.00%    passed     99.50%
 395  H5N8.EPI_ISL_1239110.Accipitriformes.sweden.1.2021-02-22          0.00%    passed     99.97%
 396  H5N8.EPI_ISL_1123354.Galliformes.united_kingdom.NA.2020-12-28     0.00%    passed     99.99%
 397  H5N8.EPI_ISL_1123350.Galliformes.united_kingdom.1.2020-12-17      0.00%    passed     99.77%
 398  H5N8.EPI_ISL_1093425.Anseriformes.NA.1.2021-02-16                 0.00%    passed     99.75%
 399  H5N8.EPI_ISL_766054.Galliformes.united_kingdom.1.2020-12-04       0.00%    passed     99.90%
 400  H5N8.EPI_ISL_710509.Galliformes.united_kingdom.1.2020-11-10       0.00%    passed     99.87%
 401  H5N8.EPI_ISL_668456.Falconiformes.sweden.1.2020-11-10             0.00%    passed     99.97%
 402  H5N8.EPI_ISL_654839.Anseriformes.russia.1.2020-08-27              0.00%    passed     99.85%
 403  H5N8.EPI_ISL_654838.Galliformes.russia.1.2020-08-27               0.00%    passed     99.85%
 404  H5N8.EPI_ISL_5100599.Galliformes.germany.1.2021-03-03             0.07%    passed     99.57%
 405  H5N8.EPI_ISL_5062078.Charadriiformes.germany.1.2020-11-06         0.07%    passed     99.95%
 406  H5N8.EPI_ISL_5058262.Anseriformes.germany.NA.2020-11-02           0.07%    passed     99.80%
 407  H5N8.EPI_ISL_5133724.Galliformes.germany.1.2021-03-13             0.00%    passed     99.50%
 408  H5N8.EPI_ISL_5098159.Anseriformes.germany.1.2021-02-16            0.00%    passed     99.83%
 409  H5N8.EPI_ISL_5098145.Galliformes.germany.1.2021-02-04             0.00%    passed     99.83%
 410  H5N8.EPI_ISL_5098135.Falconiformes.germany.1.2020-12-21           0.00%    passed     99.76%
 411  H5N8.EPI_ISL_5096105.Anseriformes.germany.1.2021-01-19            0.00%    passed     99.72%
 412  H5N8.EPI_ISL_5095645.Galliformes.germany.1.2021-01-26             0.00%    passed     99.70%
 413  H5N8.EPI_ISL_5095336.Anseriformes.germany.1.2020-12-17            0.00%    passed     99.93%
 414  H5N8.EPI_ISL_5063706.Anseriformes.germany.1.2020-11-06            0.00%    passed     99.94%
 415  H5N8.EPI_ISL_5061390.Anseriformes.germany.1.2020-11-03            0.00%    passed     99.76%
 416  H5N8.EPI_ISL_3298195.Anseriformes.sweden.NA.2021-03-23            0.00%    passed     99.93%
 417  H5N8.EPI_ISL_654828.Anseriformes.russia.1.2020-09-03              0.00%    passed     99.87%
 418  H5N8.EPI_ISL_7623303.Passeriformes.belgium.1.2021-03-01           0.00%    passed     99.89%
 419  H5N8.EPI_ISL_7623299.Columbiformes.belgium.1.2021-03-01           0.00%    passed     99.89%
 420  H5N8.EPI_ISL_5139441.Galliformes.germany.1.2021-03-14             0.00%    passed     99.63%
 421  H5N8.EPI_ISL_3314946.Anseriformes.sweden.1.2021-03-17             0.00%    passed     99.97%
 422  H5N8.EPI_ISL_3143953.Anseriformes.sweden.1.2021-04-04             0.00%    passed     99.86%
 423  H5N8.EPI_ISL_3127850.Anseriformes.sweden.1.2021-03-29             0.00%    passed     99.60%
 424  H5N8.EPI_ISL_2254497.Passeriformes.NA.1.2021-03-16                0.00%    passed     99.63%
 425  H5N8.EPI_ISL_1305775.Galliformes.sweden.1.2021-03-14              0.00%    passed     99.63%
 426  H5N8.EPI_ISL_1303550.Galliformes.sweden.1.2021-03-13              0.00%    passed     99.63%
 427  H5N8.EPI_ISL_1240715.Strigiformes.sweden.NA.2021-02-18            0.00%    passed     99.76%
 428  H5N8.EPI_ISL_1095453.Galliformes.sweden.1.2020-11-17              0.00%    passed     99.97%
 429  H5N8.EPI_ISL_718224.Strigiformes.sweden.NA.2020-11-01             0.00%    passed     99.70%
 430  H5N8.EPI_ISL_654833.Galliformes.canada.1.2020-09-08               0.00%    passed     99.87%
 431  H5N8.EPI_ISL_654830.Galliformes.russia.1.2020-09-03               0.00%    passed     99.99%
 432  H5N8.EPI_ISL_644132.Anseriformes.russia.1.2020-08-17              0.00%    passed     99.98%
 433  H5N8.EPI_ISL_644126.Galliformes.russia.1.2020-08-17               0.00%    passed     99.87%
 434  H5N8.EPI_ISL_18012466.Galliformes.china.NA.2021-11-09             0.00%    passed     96.96%
 435  H5N8.EPI_ISL_5142451.Galliformes.germany.1.2021-03-18             0.07%    passed     99.76%
 436  H5N8.EPI_ISL_5098160.Anseriformes.germany.1.2021-02-17            0.07%    passed     99.78%
 437  H5N8.EPI_ISL_5098147.Anseriformes.germany.1.2020-12-14            0.07%    passed     99.98%
 438  H5N8.EPI_ISL_5095556.Galliformes.germany.1.2021-01-12             0.07%    passed     99.84%
 439  H5N8.EPI_ISL_813979.Falconiformes.ireland.1.2020-11-01            0.07%    passed     99.76%
 440  H5N8.EPI_ISL_5058630.Anseriformes.germany.NA.2020-10-31           0.00%    passed     99.47%
 441  H5N8.EPI_ISL_5102578.Galliformes.germany.1.2021-02-12             0.00%    passed     99.32%
 442  H5N8.EPI_ISL_5144920.Galliformes.germany.1.2021-02-20             0.00%    passed     98.32%
 443  H5N8.EPI_ISL_5143627.Galliformes.germany.1.2021-03-23             0.00%    passed     99.63%
 444  H5N8.EPI_ISL_5143417.Galliformes.germany.1.2021-03-10             0.00%    passed     99.90%
 445  H5N8.EPI_ISL_5123590.Anseriformes.germany.1.2021-03-11            0.00%    passed     99.63%
 446  H5N8.EPI_ISL_5116063.Anseriformes.germany.1.2021-02-26            0.00%    passed     99.78%
 447  H5N8.EPI_ISL_5115618.Galliformes.germany.1.2021-03-04             0.00%    passed     99.90%
 448  H5N8.EPI_ISL_5102136.Galliformes.germany.1.2021-03-02             0.00%    passed     99.61%
 449  H5N8.EPI_ISL_5102130.Galliformes.germany.1.2021-03-01             0.00%    passed     99.35%
 450  H5N8.EPI_ISL_5098134.Anseriformes.germany.1.2020-12-16            0.00%    passed     99.78%
 451  H5N8.EPI_ISL_5095323.Anseriformes.germany.1.2020-12-10            0.00%    passed     99.90%
 452  H5N8.EPI_ISL_5057963.Anseriformes.germany.1.2020-11-01            0.00%    passed     99.93%
 453  H5N8.EPI_ISL_1095363.Anseriformes.sweden.1.2021-02-03             0.00%    passed     99.52%
 454  H5N8.EPI_ISL_710506.Anseriformes.united_kingdom.1.2020-11-03      0.00%    passed     99.90%
 455  H5N8.EPI_ISL_5095650.Galliformes.germany.1.2021-01-30             0.14%    passed     99.70%
 456  H5N8.EPI_ISL_1296295.Galliformes.sweden.1.2021-03-08              0.00%    passed     99.87%
 457  H5N8.EPI_ISL_1240998.Anseriformes.russia.1.2020-08-29             0.07%    passed     99.35%
 458  H5N8.EPI_ISL_1114763.Galliformes.russia.1.2021-01-05              0.00%    passed     97.82%
 459  H5N8.EPI_ISL_1039240.Galliformes.russia.1.2020-12-12              0.00%    passed     99.83%
 460  H5N8.EPI_ISL_683751.Anseriformes.italy.1.2020-11-21               0.00%    passed     99.92%
 461  H5N8.EPI_ISL_5144529.Anseriformes.germany.1.2021-03-20            0.28%    passed     99.92%
 462  H5N8.EPI_ISL_5144368.Anseriformes.germany.1.2021-03-18            0.07%    passed     99.77%
 463  H5N8.EPI_ISL_5144149.Galliformes.germany.1.2021-03-21             0.07%    passed     99.77%
 464  H5N8.EPI_ISL_5143300.Anseriformes.germany.1.2021-03-10            0.07%    passed     99.90%
 465  H5N8.EPI_ISL_5142455.Galliformes.germany.1.2021-03-18             0.07%    passed     99.77%
 466  H5N8.EPI_ISL_5126214.Strigiformes.germany.1.2021-03-10            0.07%    passed     97.00%
 467  H5N8.EPI_ISL_5115970.Galliformes.germany.1.2021-03-06             0.07%    passed     99.77%
 468  H5N8.EPI_ISL_5115621.Galliformes.germany.1.2021-03-04             0.07%    passed     99.57%
 469  H5N8.EPI_ISL_5115616.Anseriformes.germany.1.2021-03-04            0.07%    passed     99.77%
 470  H5N8.EPI_ISL_5099463.Galliformes.germany.1.2021-02-26             0.07%    passed     99.93%
 471  H5N8.EPI_ISL_5099462.Galliformes.germany.1.2021-02-24             0.07%    passed     99.38%
 472  H5N8.EPI_ISL_13175606.Galliformes.sweden.1.2021-03-15             0.00%    passed     99.87%
 473  H5N8.EPI_ISL_7623789.Galliformes.belgium.1.2021-07-12             0.00%    passed     99.97%
 474  H5N8.EPI_ISL_5145613.Galliformes.germany.1.2021-03-01             0.00%    passed     99.52%
 475  H5N8.EPI_ISL_5144725.Anseriformes.germany.1.2021-03-16            0.00%    passed     99.70%
 476  H5N8.EPI_ISL_5143554.Galliformes.germany.1.2021-03-09             0.00%    passed     99.77%
 477  H5N8.EPI_ISL_5136192.Galliformes.germany.1.2021-03-15             0.00%    passed     99.22%
 478  H5N8.EPI_ISL_5115967.Galliformes.germany.1.2021-03-05             0.00%    passed     99.97%
 479  H5N8.EPI_ISL_5100056.Galliformes.germany.1.2021-02-28             0.00%    passed     98.29%
 480  H5N8.EPI_ISL_5099478.Anseriformes.germany.NA.2021-02-17           0.21%    passed     99.69%
 481  H5N8.EPI_ISL_5095649.Galliformes.germany.1.2021-01-28             0.00%    passed     99.83%
****  TOTAL                                                             0.01%  0 sequences failed composition chi2 test (p-value<5%; df=3)
NOTE: H5N8.EPI_ISL_16405652.environment.japan.10.2020-11-09 is identical to H5N8.EPI_ISL_666687.Anseriformes.south_korea.10.2020-10-24 but kept for subsequent analysis
NOTE: H5N8.EPI_ISL_681296.Galliformes.japan.10.2020-11-14 is identical to H5N8.EPI_ISL_681272.Galliformes.japan.10.2020-11-19 but kept for subsequent analysis
NOTE: H5N8.EPI_ISL_1273425.Galliformes.japan.10.2020-11-12 is identical to H5N8.EPI_ISL_681286.Galliformes.japan.10.2020-11-04 but kept for subsequent analysis
NOTE: H5N8.EPI_ISL_710447.Galliformes.japan.16.2020-12-02 is identical to H5N8.EPI_ISL_710439.Galliformes.japan.16.2020-11-30 but kept for subsequent analysis
NOTE: H5N8.EPI_ISL_17086230.environment.japan.NA.2020-12-06 is identical to H5N8.EPI_ISL_710451.Galliformes.japan.16.2020-12-05 but kept for subsequent analysis
NOTE: H5N8.EPI_ISL_17086350.Galliformes.japan.NA.2021-02-11 is identical to H5N8.EPI_ISL_1041125.Galliformes.japan.1.2021-02-10 but kept for subsequent analysis
NOTE: H5N8.EPI_ISL_1009679.Anseriformes.south_korea.10.2020-12-28 is identical to H5N8.EPI_ISL_1041180.Anseriformes.japan.10.2021-02-13 but kept for subsequent analysis
NOTE: H5N8.EPI_ISL_17805905.Anseriformes.japan.1.2021-01-16 is identical to H5N8.EPI_ISL_1114725.Anseriformes.japan.1.2021-01-16 but kept for subsequent analysis
NOTE: H5N8.EPI_ISL_5260470.Anseriformes.china.1.2021-01-23 is identical to H5N8.EPI_ISL_5260435.Anseriformes.china.1.2021-04-22 but kept for subsequent analysis
NOTE: H5N8.EPI_ISL_1829205.Anseriformes.china.1.2020-11-02 is identical to H5N8.EPI_ISL_5260466.Podicipediformes.china.1.2021-02-22 but kept for subsequent analysis
NOTE: H5N8.EPI_ISL_5865695.Anseriformes.united_states.1.2020-09-29 is identical to H5N8.EPI_ISL_5865550.Anseriformes.united_states.1.2020-10-02 but kept for subsequent analysis
NOTE: H5N8.EPI_ISL_17655601.environment.japan.NA.2021-12-06 is identical to H5N8.EPI_ISL_6829497.Gruiformes.japan.1.2021-11-19 but kept for subsequent analysis
NOTE: H5N8.EPI_ISL_15063430.Galliformes.japan.NA.2021-11-15 is identical to H5N8.EPI_ISL_6829536.Galliformes.japan.1.2021-11-14 but kept for subsequent analysis
NOTE: H5N8.EPI_ISL_854597.Galliformes.japan.10.2021-01-10 is identical to H5N8.EPI_ISL_759852.Galliformes.japan.10.2020-12-23 but kept for subsequent analysis
NOTE: H5N8.EPI_ISL_17805822.NA.japan.16.2021-02-01 is identical to H5N8.EPI_ISL_854608.Galliformes.japan.16.2021-01-12 but kept for subsequent analysis
NOTE: H5N8.EPI_ISL_985193.Galliformes.south_korea.10.2020-12-14 is identical to H5N8.EPI_ISL_985180.Galliformes.south_korea.10.2020-12-01 but kept for subsequent analysis
NOTE: H5N8.EPI_ISL_985182.Galliformes.south_korea.79.2020-12-06 is identical to H5N8.EPI_ISL_985181.Anseriformes.south_korea.79.2020-12-04 but kept for subsequent analysis
NOTE: H5N8.EPI_ISL_1009699.Anseriformes.south_korea.16.2020-11-25 is identical to H5N8.EPI_ISL_985183.Galliformes.south_korea.16.2020-12-07 but kept for subsequent analysis
NOTE: H5N8.EPI_ISL_985196.Anseriformes.south_korea.1.2020-12-16 is identical to H5N8.EPI_ISL_985187.Anseriformes.south_korea.1.2020-12-10 but kept for subsequent analysis
NOTE: H5N8.EPI_ISL_985201.Anseriformes.south_korea.16.2020-12-22 is identical to H5N8.EPI_ISL_985192.Galliformes.south_korea.16.2020-12-14 but kept for subsequent analysis
NOTE: H5N8.EPI_ISL_978890.Galliformes.japan.1.2021-02-03 is identical to H5N8.EPI_ISL_985224.Galliformes.japan.1.2021-02-07 but kept for subsequent analysis
NOTE: H5N8.EPI_ISL_1009683.Anseriformes.south_korea.1.2020-12-29 is identical to H5N8.EPI_ISL_1009680.Galliformes.south_korea.1.2020-12-28 but kept for subsequent analysis
NOTE: H5N8.EPI_ISL_1009696.Anseriformes.south_korea.10.2020-11-10 is identical to H5N8.EPI_ISL_1009695.Anseriformes.south_korea.10.2020-11-03 but kept for subsequent analysis
NOTE: H5N8.EPI_ISL_17086353.environment.japan.NA.2021-03-13 is identical to H5N8.EPI_ISL_1273439.Galliformes.japan.16.2021-03-13 but kept for subsequent analysis
NOTE: H5N8.EPI_ISL_2685847.Anseriformes.china.1.2020-11-11 is identical to H5N8.EPI_ISL_2685846.Anseriformes.china.1.2020-11-09 but kept for subsequent analysis
NOTE: H5N8.EPI_ISL_2932608.Galliformes.kazakhstan.1.2020-09-01 is identical to H5N8.EPI_ISL_2932600.Anseriformes.kazakhstan.1.2020-09-01 but kept for subsequent analysis
NOTE: H5N8.EPI_ISL_2932609.Anseriformes.kazakhstan.1.2020-09-15 is identical to H5N8.EPI_ISL_2932617.Passeriformes.kazakhstan.1.2020-09-15 but kept for subsequent analysis
NOTE: H5N8.EPI_ISL_17086354.Anseriformes.japan.NA.2021-01-29 is identical to H5N8.EPI_ISL_978907.Galliformes.japan.16.2021-01-22 but kept for subsequent analysis
NOTE: H5N8.EPI_ISL_14819896.Anseriformes.china.NA.2020-10-16 is identical to H5N8.EPI_ISL_14819895.Anseriformes.china.10.2020-10-16 but kept for subsequent analysis
NOTE: H5N8.EPI_ISL_14823425.Anseriformes.china.1.2020-11-04 is identical to H5N8.EPI_ISL_14823424.Anseriformes.china.1.2020-10-30 but kept for subsequent analysis
NOTE: H5N8.EPI_ISL_15435511.Anseriformes.china.1.2021-01-21 is identical to H5N8.EPI_ISL_15430209.Anseriformes.china.1.2021-01-15 but kept for subsequent analysis
NOTE: H5N8.EPI_ISL_17805844.environment.japan.10.2020-12-21 is identical to H5N8.EPI_ISL_16405673.environment.japan.10.2020-12-07 but kept for subsequent analysis
NOTE: H5N8.EPI_ISL_17805837.environment.japan.10.2020-11-16 is identical to H5N8.EPI_ISL_17805828.environment.japan.10.2020-12-07 but kept for subsequent analysis
NOTE: H5N8.EPI_ISL_16718466.Anseriformes.japan.10.2020-12-18 is identical to H5N8.EPI_ISL_17805901.NA.japan.10.2020-12-18 but kept for subsequent analysis
NOTE: H5N8.EPI_ISL_5102449.Accipitriformes.germany.1.2020-10-29 is identical to H5N8.EPI_ISL_710505.Galliformes.united_kingdom.1.2020-12-02 but kept for subsequent analysis
NOTE: H5N8.EPI_ISL_654821.Galliformes.russia.1.2020-09-15 is identical to H5N8.EPI_ISL_654824.Anseriformes.russia.1.2020-09-15 but kept for subsequent analysis
NOTE: H5N8.EPI_ISL_5145921.Galliformes.germany.1.2021-03-24 is identical to H5N8.EPI_ISL_5146171.Galliformes.germany.1.2021-03-29 but kept for subsequent analysis
NOTE: H5N8.EPI_ISL_7590312.Anseriformes.belgium.1.2021-01-11 is identical to H5N8.EPI_ISL_710512.Anseriformes.united_kingdom.1.2020-11-19 but kept for subsequent analysis
NOTE: H5N8.EPI_ISL_1238902.Anseriformes.sweden.1.2021-02-23 is identical to H5N8.EPI_ISL_13175667.Anseriformes.sweden.1.2021-02-24 but kept for subsequent analysis
NOTE: H5N8.EPI_ISL_1305780.Anseriformes.sweden.1.2021-02-19 is identical to H5N8.EPI_ISL_3128535.Strigiformes.NA.NA.2021-03-25 but kept for subsequent analysis
NOTE: H5N8.EPI_ISL_1095365.Anseriformes.sweden.1.2021-02-07 is identical to H5N8.EPI_ISL_1095451.Anseriformes.sweden.1.2021-01-22 but kept for subsequent analysis
NOTE: H5N8.EPI_ISL_5144341.Galliformes.germany.1.2021-03-20 is identical to H5N8.EPI_ISL_5144632.Galliformes.germany.1.2021-03-08 but kept for subsequent analysis
NOTE: H5N8.EPI_ISL_5143583.Galliformes.germany.1.2021-03-24 is identical to H5N8.EPI_ISL_5143584.Galliformes.germany.1.2021-03-24 but kept for subsequent analysis
NOTE: H5N8.EPI_ISL_654838.Galliformes.russia.1.2020-08-27 is identical to H5N8.EPI_ISL_654839.Anseriformes.russia.1.2020-08-27 but kept for subsequent analysis
NOTE: H5N8.EPI_ISL_5098145.Galliformes.germany.1.2021-02-04 is identical to H5N8.EPI_ISL_5098159.Anseriformes.germany.1.2021-02-16 but kept for subsequent analysis
NOTE: H5N8.EPI_ISL_7623299.Columbiformes.belgium.1.2021-03-01 is identical to H5N8.EPI_ISL_7623303.Passeriformes.belgium.1.2021-03-01 but kept for subsequent analysis
NOTE: H5N8.EPI_ISL_5143627.Galliformes.germany.1.2021-03-23 is identical to H5N8.EPI_ISL_5139441.Galliformes.germany.1.2021-03-14 but kept for subsequent analysis
NOTE: H5N8.EPI_ISL_1305775.Galliformes.sweden.1.2021-03-14 is identical to H5N8.EPI_ISL_2254497.Passeriformes.NA.1.2021-03-16 but kept for subsequent analysis
NOTE: H5N8.EPI_ISL_5115618.Galliformes.germany.1.2021-03-04 is identical to H5N8.EPI_ISL_5143417.Galliformes.germany.1.2021-03-10 but kept for subsequent analysis
NOTE: H5N8.EPI_ISL_5144149.Galliformes.germany.1.2021-03-21 is identical to H5N8.EPI_ISL_5144368.Anseriformes.germany.1.2021-03-18 but kept for subsequent analysis
NOTE: 72 identical sequences (see below) will be ignored for subsequent analysis
NOTE: H5N8.EPI_ISL_16405661.environment.japan.10.2020-11-23 (identical to H5N8.EPI_ISL_666687.Anseriformes.south_korea.10.2020-10-24) is ignored but added at the end
NOTE: H5N8.EPI_ISL_1273434.Galliformes.japan.10.2020-11-20 (identical to H5N8.EPI_ISL_681272.Galliformes.japan.10.2020-11-19) is ignored but added at the end
NOTE: H5N8.EPI_ISL_1273422.Galliformes.japan.10.2020-11-10 (identical to H5N8.EPI_ISL_681286.Galliformes.japan.10.2020-11-04) is ignored but added at the end
NOTE: H5N8.EPI_ISL_17086225.environment.japan.NA.2020-11-11 (identical to H5N8.EPI_ISL_681286.Galliformes.japan.10.2020-11-04) is ignored but added at the end
NOTE: H5N8.EPI_ISL_17086224.environment.japan.NA.2020-11-05 (identical to H5N8.EPI_ISL_681286.Galliformes.japan.10.2020-11-04) is ignored but added at the end
NOTE: H5N8.EPI_ISL_718108.Galliformes.japan.16.2020-12-07 (identical to H5N8.EPI_ISL_710439.Galliformes.japan.16.2020-11-30) is ignored but added at the end
NOTE: H5N8.EPI_ISL_718123.Galliformes.japan.16.2020-12-09 (identical to H5N8.EPI_ISL_710439.Galliformes.japan.16.2020-11-30) is ignored but added at the end
NOTE: H5N8.EPI_ISL_854612.Galliformes.japan.16.2020-12-29 (identical to H5N8.EPI_ISL_710439.Galliformes.japan.16.2020-11-30) is ignored but added at the end
NOTE: H5N8.EPI_ISL_17086333.environment.japan.NA.2020-12-12 (identical to H5N8.EPI_ISL_710439.Galliformes.japan.16.2020-11-30) is ignored but added at the end
NOTE: H5N8.EPI_ISL_17086303.environment.japan.NA.2020-12-10 (identical to H5N8.EPI_ISL_710439.Galliformes.japan.16.2020-11-30) is ignored but added at the end
NOTE: H5N8.EPI_ISL_4105028.Galliformes.japan.NA.2020-01-01 (identical to H5N8.EPI_ISL_710439.Galliformes.japan.16.2020-11-30) is ignored but added at the end
NOTE: H5N8.EPI_ISL_16405678.environment.japan.10.2020-12-21 (identical to H5N8.EPI_ISL_1041180.Anseriformes.japan.10.2021-02-13) is ignored but added at the end
NOTE: H5N8.EPI_ISL_17805820.NA.japan.10.2021-02-05 (identical to H5N8.EPI_ISL_1041180.Anseriformes.japan.10.2021-02-13) is ignored but added at the end
NOTE: H5N8.EPI_ISL_17805882.NA.japan.10.2021-02-03 (identical to H5N8.EPI_ISL_1041180.Anseriformes.japan.10.2021-02-13) is ignored but added at the end
NOTE: H5N8.EPI_ISL_16718461.Gruiformes.japan.10.2021-02-03 (identical to H5N8.EPI_ISL_1041180.Anseriformes.japan.10.2021-02-13) is ignored but added at the end
NOTE: H5N8.EPI_ISL_16718462.Gruiformes.japan.10.2021-02-05 (identical to H5N8.EPI_ISL_1041180.Anseriformes.japan.10.2021-02-13) is ignored but added at the end
NOTE: H5N8.EPI_ISL_17086342.environment.japan.NA.2020-11-16 (identical to H5N8.EPI_ISL_1041180.Anseriformes.japan.10.2021-02-13) is ignored but added at the end
NOTE: H5N8.EPI_ISL_16718465.Gruiformes.japan.1.2021-01-16 (identical to H5N8.EPI_ISL_1114725.Anseriformes.japan.1.2021-01-16) is ignored but added at the end
NOTE: H5N8.EPI_ISL_15613493.Anseriformes.japan.NA.2021-01-24 (identical to H5N8.EPI_ISL_1114725.Anseriformes.japan.1.2021-01-16) is ignored but added at the end
NOTE: H5N8.EPI_ISL_985191.Galliformes.south_korea.1.2020-12-12 (identical to H5N8.EPI_ISL_5260435.Anseriformes.china.1.2021-04-22) is ignored but added at the end
NOTE: H5N8.EPI_ISL_1009685.Anseriformes.south_korea.1.2020-12-30 (identical to H5N8.EPI_ISL_5260435.Anseriformes.china.1.2021-04-22) is ignored but added at the end
NOTE: H5N8.EPI_ISL_1009689.Galliformes.south_korea.1.2021-01-03 (identical to H5N8.EPI_ISL_5260435.Anseriformes.china.1.2021-04-22) is ignored but added at the end
NOTE: H5N8.EPI_ISL_1009710.Anseriformes.south_korea.1.2020-11-17 (identical to H5N8.EPI_ISL_5260435.Anseriformes.china.1.2021-04-22) is ignored but added at the end
NOTE: H5N8.EPI_ISL_14823646.Anseriformes.china.1.2020-11-08 (identical to H5N8.EPI_ISL_5260435.Anseriformes.china.1.2021-04-22) is ignored but added at the end
NOTE: H5N8.EPI_ISL_14836026.Anseriformes.china.1.2020-11-14 (identical to H5N8.EPI_ISL_5260435.Anseriformes.china.1.2021-04-22) is ignored but added at the end
NOTE: H5N8.EPI_ISL_14823422.Anseriformes.china.NA.2021-01-27 (identical to H5N8.EPI_ISL_5260435.Anseriformes.china.1.2021-04-22) is ignored but added at the end
NOTE: H5N8.EPI_ISL_14822452.Anseriformes.china.NA.2021-03-12 (identical to H5N8.EPI_ISL_5260435.Anseriformes.china.1.2021-04-22) is ignored but added at the end
NOTE: H5N8.EPI_ISL_5863089.Anseriformes.united_states.1.2020-10-12 (identical to H5N8.EPI_ISL_5865550.Anseriformes.united_states.1.2020-10-02) is ignored but added at the end
NOTE: H5N8.EPI_ISL_5863557.Anseriformes.united_states.1.2020-10-23 (identical to H5N8.EPI_ISL_5865550.Anseriformes.united_states.1.2020-10-02) is ignored but added at the end
NOTE: H5N8.EPI_ISL_5863567.Anseriformes.united_states.1.2020-10-06 (identical to H5N8.EPI_ISL_5865550.Anseriformes.united_states.1.2020-10-02) is ignored but added at the end
NOTE: H5N8.EPI_ISL_5863641.Anseriformes.united_states.1.2020-10-09 (identical to H5N8.EPI_ISL_5865550.Anseriformes.united_states.1.2020-10-02) is ignored but added at the end
NOTE: H5N8.EPI_ISL_16718460.Accipitriformes.japan.16.2021-02-01 (identical to H5N8.EPI_ISL_854608.Galliformes.japan.16.2021-01-12) is ignored but added at the end
NOTE: H5N8.EPI_ISL_985208.Anseriformes.south_korea.79.2020-12-27 (identical to H5N8.EPI_ISL_985181.Anseriformes.south_korea.79.2020-12-04) is ignored but added at the end
NOTE: H5N8.EPI_ISL_1009700.Anseriformes.south_korea.16.2020-11-26 (identical to H5N8.EPI_ISL_985183.Galliformes.south_korea.16.2020-12-07) is ignored but added at the end
NOTE: H5N8.EPI_ISL_985203.Anseriformes.south_korea.16.2020-12-23 (identical to H5N8.EPI_ISL_985192.Galliformes.south_korea.16.2020-12-14) is ignored but added at the end
NOTE: H5N8.EPI_ISL_978911.Anseriformes.japan.1.2021-01-20 (identical to H5N8.EPI_ISL_985224.Galliformes.japan.1.2021-02-07) is ignored but added at the end
NOTE: H5N8.EPI_ISL_17086349.Galliformes.japan.NA.2021-02-08 (identical to H5N8.EPI_ISL_985224.Galliformes.japan.1.2021-02-07) is ignored but added at the end
NOTE: H5N8.EPI_ISL_17086338.Anseriformes.japan.NA.2021-01-21 (identical to H5N8.EPI_ISL_985224.Galliformes.japan.1.2021-02-07) is ignored but added at the end
NOTE: H5N8.EPI_ISL_1009691.Anseriformes.south_korea.1.2021-01-04 (identical to H5N8.EPI_ISL_1009680.Galliformes.south_korea.1.2020-12-28) is ignored but added at the end
NOTE: H5N8.EPI_ISL_1009692.Anseriformes.south_korea.1.2021-01-05 (identical to H5N8.EPI_ISL_1009680.Galliformes.south_korea.1.2020-12-28) is ignored but added at the end
NOTE: H5N8.EPI_ISL_1009693.Galliformes.south_korea.1.2021-01-08 (identical to H5N8.EPI_ISL_1009680.Galliformes.south_korea.1.2020-12-28) is ignored but added at the end
NOTE: H5N8.EPI_ISL_2932682.Columbiformes.kazakhstan.1.2020-09-15 (identical to H5N8.EPI_ISL_2932617.Passeriformes.kazakhstan.1.2020-09-15) is ignored but added at the end
NOTE: H5N8.EPI_ISL_17086339.Galliformes.japan.NA.2021-01-23 (identical to H5N8.EPI_ISL_978907.Galliformes.japan.16.2021-01-22) is ignored but added at the end
NOTE: H5N8.EPI_ISL_614400.Anseriformes.germany.1.2020-10-28 (identical to H5N8.EPI_ISL_710505.Galliformes.united_kingdom.1.2020-12-02) is ignored but added at the end
NOTE: H5N8.EPI_ISL_644735.Anseriformes.belgium.1.2020-11-04 (identical to H5N8.EPI_ISL_710505.Galliformes.united_kingdom.1.2020-12-02) is ignored but added at the end
NOTE: H5N8.EPI_ISL_5146288.Galliformes.germany.1.2021-03-31 (identical to H5N8.EPI_ISL_5146171.Galliformes.germany.1.2021-03-29) is ignored but added at the end
NOTE: H5N8.EPI_ISL_5145858.Galliformes.germany.1.2021-03-23 (identical to H5N8.EPI_ISL_5146171.Galliformes.germany.1.2021-03-29) is ignored but added at the end
NOTE: H5N8.EPI_ISL_5144778.Galliformes.germany.1.2021-02-21 (identical to H5N8.EPI_ISL_5146171.Galliformes.germany.1.2021-03-29) is ignored but added at the end
NOTE: H5N8.EPI_ISL_5143626.Galliformes.germany.1.2021-03-22 (identical to H5N8.EPI_ISL_5146171.Galliformes.germany.1.2021-03-29) is ignored but added at the end
NOTE: H5N8.EPI_ISL_5115620.Galliformes.germany.1.2021-03-04 (identical to H5N8.EPI_ISL_5146171.Galliformes.germany.1.2021-03-29) is ignored but added at the end
NOTE: H5N8.EPI_ISL_5097280.Galliformes.germany.1.2021-01-17 (identical to H5N8.EPI_ISL_710512.Anseriformes.united_kingdom.1.2020-11-19) is ignored but added at the end
NOTE: H5N8.EPI_ISL_5058090.Charadriiformes.germany.1.2020-11-02 (identical to H5N8.EPI_ISL_710512.Anseriformes.united_kingdom.1.2020-11-19) is ignored but added at the end
NOTE: H5N8.EPI_ISL_5057876.Anseriformes.germany.NA.2020-11-01 (identical to H5N8.EPI_ISL_710512.Anseriformes.united_kingdom.1.2020-11-19) is ignored but added at the end
NOTE: H5N8.EPI_ISL_5057874.Anseriformes.germany.1.2020-10-30 (identical to H5N8.EPI_ISL_710512.Anseriformes.united_kingdom.1.2020-11-19) is ignored but added at the end
NOTE: H5N8.EPI_ISL_5057856.Falconiformes.germany.1.2020-10-26 (identical to H5N8.EPI_ISL_710512.Anseriformes.united_kingdom.1.2020-11-19) is ignored but added at the end
NOTE: H5N8.EPI_ISL_710506.Anseriformes.united_kingdom.1.2020-11-03 (identical to H5N8.EPI_ISL_710512.Anseriformes.united_kingdom.1.2020-11-19) is ignored but added at the end
NOTE: H5N8.EPI_ISL_832205.Galliformes.sweden.1.2021-01-10 (identical to H5N8.EPI_ISL_13175667.Anseriformes.sweden.1.2021-02-24) is ignored but added at the end
NOTE: H5N8.EPI_ISL_826457.Galliformes.sweden.1.2021-01-02 (identical to H5N8.EPI_ISL_13175667.Anseriformes.sweden.1.2021-02-24) is ignored but added at the end
NOTE: H5N8.EPI_ISL_826296.Anseriformes.sweden.1.2020-12-15 (identical to H5N8.EPI_ISL_13175667.Anseriformes.sweden.1.2021-02-24) is ignored but added at the end
NOTE: H5N8.EPI_ISL_832206.Galliformes.sweden.1.2021-01-13 (identical to H5N8.EPI_ISL_13175667.Anseriformes.sweden.1.2021-02-24) is ignored but added at the end
NOTE: H5N8.EPI_ISL_1240717.Accipitriformes.sweden.1.2021-02-21 (identical to H5N8.EPI_ISL_3128535.Strigiformes.NA.NA.2021-03-25) is ignored but added at the end
NOTE: H5N8.EPI_ISL_5143820.Galliformes.germany.1.2021-03-22 (identical to H5N8.EPI_ISL_5144632.Galliformes.germany.1.2021-03-08) is ignored but added at the end
NOTE: H5N8.EPI_ISL_5143587.Galliformes.germany.1.2021-03-24 (identical to H5N8.EPI_ISL_5144632.Galliformes.germany.1.2021-03-08) is ignored but added at the end
NOTE: H5N8.EPI_ISL_5143100.Galliformes.germany.1.2021-03-10 (identical to H5N8.EPI_ISL_5144632.Galliformes.germany.1.2021-03-08) is ignored but added at the end
NOTE: H5N8.EPI_ISL_5123589.Galliformes.germany.1.2021-03-12 (identical to H5N8.EPI_ISL_5144632.Galliformes.germany.1.2021-03-08) is ignored but added at the end
NOTE: H5N8.EPI_ISL_5116064.Galliformes.germany.1.2021-03-07 (identical to H5N8.EPI_ISL_5144632.Galliformes.germany.1.2021-03-08) is ignored but added at the end
NOTE: H5N8.EPI_ISL_5115955.Galliformes.germany.1.2021-03-05 (identical to H5N8.EPI_ISL_5144632.Galliformes.germany.1.2021-03-08) is ignored but added at the end
NOTE: H5N8.EPI_ISL_5099474.Galliformes.germany.1.2021-02-27 (identical to H5N8.EPI_ISL_5143584.Galliformes.germany.1.2021-03-24) is ignored but added at the end
NOTE: H5N8.EPI_ISL_5123590.Anseriformes.germany.1.2021-03-11 (identical to H5N8.EPI_ISL_5139441.Galliformes.germany.1.2021-03-14) is ignored but added at the end
NOTE: H5N8.EPI_ISL_1303550.Galliformes.sweden.1.2021-03-13 (identical to H5N8.EPI_ISL_2254497.Passeriformes.NA.1.2021-03-16) is ignored but added at the end
NOTE: H5N8.EPI_ISL_5142455.Galliformes.germany.1.2021-03-18 (identical to H5N8.EPI_ISL_5144368.Anseriformes.germany.1.2021-03-18) is ignored but added at the end
NOTE: H5N8.EPI_ISL_5115970.Galliformes.germany.1.2021-03-06 (identical to H5N8.EPI_ISL_5144368.Anseriformes.germany.1.2021-03-18) is ignored but added at the end

For your convenience alignment with unique sequences printed to Re_H5_clade2344b_Asia_blast_N8.trim_subsampled.fasta.uniqueseq.phy

Create initial parsimony tree by phylogenetic likelihood library (PLL)... 0.038 seconds
Generating 1000 samples for ultrafast bootstrap (seed: 383438)...

NOTE: 8 MB RAM (0 GB) is required!
Measuring multi-threading efficiency up to 6 CPU cores
Increase to 10 rounds for branch lengths
82 trees examined
Threads: 1 / Time: 6.034 sec / Speedup: 1.000 / Efficiency: 100% / LogL: -45295
Threads: 2 / Time: 4.636 sec / Speedup: 1.301 / Efficiency: 65% / LogL: -45295
Threads: 3 / Time: 3.962 sec / Speedup: 1.523 / Efficiency: 51% / LogL: -45295
Threads: 4 / Time: 3.822 sec / Speedup: 1.579 / Efficiency: 39% / LogL: -45295
BEST NUMBER OF THREADS: 3

Estimate model parameters (epsilon = 0.100)
1. Initial log-likelihood: -9133.507
2. Current log-likelihood: -8305.553
Optimal log-likelihood: -8305.546
Rate parameters:  A-C: 1.00000  A-G: 9.28048  A-T: 1.00000  C-G: 1.00000  C-T: 9.28048  G-T: 1.00000
Base frequencies:  A: 0.298  C: 0.177  G: 0.266  T: 0.259
Parameters optimization took 2 rounds (0.070 sec)
Computing ML distances based on estimated model parameters... 1.132 sec
Computing BIONJ tree...
0.157 seconds
Log-likelihood of BIONJ tree: -8281.754
--------------------------------------------------------------------
|             INITIALIZING CANDIDATE TREE SET                      |
--------------------------------------------------------------------
Generating 98 parsimony trees... 3.939 second
Computing log-likelihood of 98 initial trees ... 2.496 seconds
Current best score: -8257.855

Do NNI search on 20 best initial trees
Estimate model parameters (epsilon = 0.100)
BETTER TREE FOUND at iteration 1: -8254.979
Iteration 10 / LogL: -8278.804 / Time: 0h:0m:35s
Iteration 20 / LogL: -8283.390 / Time: 0h:0m:47s
Finish initializing candidate tree set (20)
Current best tree score: -8254.979 / CPU time: 28.620
Number of iterations: 20
--------------------------------------------------------------------
|               OPTIMIZING CANDIDATE TREE SET                      |
--------------------------------------------------------------------
Estimate model parameters (epsilon = 0.100)
BETTER TREE FOUND at iteration 24: -8254.447
Estimate model parameters (epsilon = 0.100)
BETTER TREE FOUND at iteration 26: -8252.772
Estimate model parameters (epsilon = 0.100)
BETTER TREE FOUND at iteration 28: -8249.880
Iteration 30 / LogL: -8254.367 / Time: 0h:0m:52s (0h:2m:58s left)
Iteration 40 / LogL: -8276.780 / Time: 0h:0m:57s (0h:2m:9s left)
Estimate model parameters (epsilon = 0.100)
BETTER TREE FOUND at iteration 50: -8243.106
Iteration 50 / LogL: -8243.106 / Time: 0h:1m:1s (0h:2m:5s left)
Log-likelihood cutoff on original alignment: -8310.717
Iteration 60 / LogL: -8256.416 / Time: 0h:1m:9s (0h:1m:45s left)
Iteration 70 / LogL: -8262.886 / Time: 0h:1m:14s (0h:1m:26s left)
Iteration 80 / LogL: -8278.753 / Time: 0h:1m:20s (0h:1m:11s left)
Estimate model parameters (epsilon = 0.100)
BETTER TREE FOUND at iteration 88: -8241.992
Estimate model parameters (epsilon = 0.100)
BETTER TREE FOUND at iteration 89: -8241.890
Iteration 90 / LogL: -8247.423 / Time: 0h:1m:27s (0h:1m:37s left)
Iteration 100 / LogL: -8282.742 / Time: 0h:1m:32s (0h:1m:23s left)
Log-likelihood cutoff on original alignment: -8310.717
NOTE: Bootstrap correlation coefficient of split occurrence frequencies: 0.990
Estimate model parameters (epsilon = 0.100)
BETTER TREE FOUND at iteration 102: -8240.626
Estimate model parameters (epsilon = 0.100)
BETTER TREE FOUND at iteration 105: -8240.248
Iteration 110 / LogL: -8240.924 / Time: 0h:1m:41s (0h:1m:28s left)
BETTER TREE FOUND at iteration 113: -8240.247
Iteration 120 / LogL: -8249.595 / Time: 0h:1m:48s (0h:1m:24s left)
Iteration 130 / LogL: -8469.306 / Time: 0h:1m:54s (0h:1m:13s left)
Iteration 140 / LogL: -8247.015 / Time: 0h:2m:0s (0h:1m:3s left)
Iteration 150 / LogL: -8256.299 / Time: 0h:2m:6s (0h:0m:53s left)
Log-likelihood cutoff on original alignment: -8310.717
Iteration 160 / LogL: -8249.919 / Time: 0h:2m:15s (0h:0m:45s left)
Iteration 170 / LogL: -8254.479 / Time: 0h:2m:22s (0h:0m:36s left)
Iteration 180 / LogL: -8257.956 / Time: 0h:2m:30s (0h:0m:27s left)
Iteration 190 / LogL: -8249.568 / Time: 0h:2m:37s (0h:0m:19s left)
Iteration 200 / LogL: -8267.837 / Time: 0h:2m:44s (0h:0m:10s left)
Log-likelihood cutoff on original alignment: -8310.717
NOTE: Bootstrap correlation coefficient of split occurrence frequencies: 0.989
NOTE: UFBoot does not converge, continue at least 100 more iterations
Iteration 210 / LogL: -8240.683 / Time: 0h:2m:55s (0h:1m:15s left)
Iteration 220 / LogL: -8256.015 / Time: 0h:3m:3s (0h:1m:6s left)
Iteration 230 / LogL: -8253.497 / Time: 0h:3m:11s (0h:0m:58s left)
Iteration 240 / LogL: -8263.011 / Time: 0h:3m:19s (0h:0m:50s left)
Iteration 250 / LogL: -8249.224 / Time: 0h:3m:27s (0h:0m:41s left)
Log-likelihood cutoff on original alignment: -8310.717
Iteration 260 / LogL: -8240.270 / Time: 0h:3m:38s (0h:0m:33s left)
Iteration 270 / LogL: -8261.261 / Time: 0h:3m:47s (0h:0m:25s left)
Iteration 280 / LogL: -8242.651 / Time: 0h:3m:55s (0h:0m:16s left)
Iteration 290 / LogL: -8240.253 / Time: 0h:4m:4s (0h:0m:8s left)
Iteration 300 / LogL: -8246.495 / Time: 0h:4m:13s (0h:0m:0s left)
Log-likelihood cutoff on original alignment: -8310.717
NOTE: Bootstrap correlation coefficient of split occurrence frequencies: 0.996
TREE SEARCH COMPLETED AFTER 300 ITERATIONS / Time: 0h:4m:15s

--------------------------------------------------------------------
|                    FINALIZING TREE SEARCH                        |
--------------------------------------------------------------------
Performs final model parameters optimization
Estimate model parameters (epsilon = 0.010)
1. Initial log-likelihood: -8240.247
Optimal log-likelihood: -8240.246
Rate parameters:  A-C: 1.00000  A-G: 9.58893  A-T: 1.00000  C-G: 1.00000  C-T: 9.58893  G-T: 1.00000
Base frequencies:  A: 0.298  C: 0.177  G: 0.266  T: 0.259
Parameters optimization took 1 rounds (0.016 sec)
BEST SCORE FOUND : -8240.246
Creating bootstrap support values...
Split supports printed to NEXUS file Re_H5_clade2344b_Asia_blast_N8.trim_subsampled.fasta.splits.nex
Total tree length: 0.581

Total number of iterations: 300
CPU time used for tree search: 636.113 sec (0h:10m:36s)
Wall-clock time used for tree search: 235.932 sec (0h:3m:55s)
Total CPU time used: 684.098 sec (0h:11m:24s)
Total wall-clock time used: 256.807 sec (0h:4m:16s)

Computing bootstrap consensus tree...
Reading input file Re_H5_clade2344b_Asia_blast_N8.trim_subsampled.fasta.splits.nex...
409 taxa and 12594 splits.
Consensus tree written to Re_H5_clade2344b_Asia_blast_N8.trim_subsampled.fasta.contree
Reading input trees file Re_H5_clade2344b_Asia_blast_N8.trim_subsampled.fasta.contree
Log-likelihood of consensus tree: -8243.046

Analysis results written to: 
  IQ-TREE report:                Re_H5_clade2344b_Asia_blast_N8.trim_subsampled.fasta.iqtree
  Maximum-likelihood tree:       Re_H5_clade2344b_Asia_blast_N8.trim_subsampled.fasta.treefile
  Likelihood distances:          Re_H5_clade2344b_Asia_blast_N8.trim_subsampled.fasta.mldist

Ultrafast bootstrap approximation results written to:
  Split support values:          Re_H5_clade2344b_Asia_blast_N8.trim_subsampled.fasta.splits.nex
  Consensus tree:                Re_H5_clade2344b_Asia_blast_N8.trim_subsampled.fasta.contree
  Screen log file:               Re_H5_clade2344b_Asia_blast_N8.trim_subsampled.fasta.log

Date and Time: Mon Jan  8 19:29:40 2024
