IQ-TREE multicore version 1.6.12 for Mac OS X 64-bit built Aug 15 2019
Developed by Bui Quang Minh, Nguyen Lam Tung, Olga Chernomor,
Heiko Schmidt, Dominik Schrempf, Michael Woodhams.

Host:    sce-bio-c05393 (AVX2, FMA3, 16 GB RAM)
Command: iqtree -s Re_H5_clade2344b_Asia_blast_N6.trim_subsampled.fasta -nt AUTO -m HKY -bb 1000
Seed:    286830 (Using SPRNG - Scalable Parallel Random Number Generator)
Time:    Mon Jan  8 19:24:50 2024
Kernel:  AVX+FMA - auto-detect threads (6 CPU cores detected)

Reading alignment file Re_H5_clade2344b_Asia_blast_N6.trim_subsampled.fasta ... Fasta format detected
Alignment most likely contains DNA/RNA sequences
Alignment has 84 sequences with 1380 columns, 247 distinct patterns
198 parsimony-informative, 101 singleton sites, 1081 constant sites
                                                           Gap/Ambiguity  Composition  p-value
   1  H5N6.EPI_ISL_6759148.Anseriformes.china.61.2021-06           1.45%    passed     99.97%
   2  H5N6.EPI_ISL_7983813.NA.china.73.2021-12-22                  1.45%    passed     72.74%
   3  H5N6.EPI_ISL_16208999.NA.china.126.2021-09-19                1.45%    passed     99.54%
   4  H5N6.EPI_ISL_3090099.NA.china.61.2021-07-03                  1.45%    passed     99.88%
   5  H5N6.EPI_ISL_3770740.NA.china.73.2021-07-14                  1.45%    passed     82.16%
   6  H5N6.EPI_ISL_6757629.Anseriformes.china.290.2021-03          1.52%    passed     98.92%
   7  H5N6.EPI_ISL_6758007.Anseriformes.china.61.2021-04           1.45%    passed     99.97%
   8  H5N6.EPI_ISL_6760430.Anseriformes.china.61.2021-07           1.52%    passed     99.54%
   9  H5N6.EPI_ISL_6760682.Galliformes.china.61.2021-07            1.45%    passed     99.93%
  10  H5N6.EPI_ISL_6760686.Galliformes.china.291.2021-06           1.45%    passed     97.82%
  11  H5N6.EPI_ISL_6760687.Anseriformes.china.126.2021-08          1.45%    passed     99.77%
  12  H5N6.EPI_ISL_6772738.Galliformes.china.127.2021-08           1.45%    passed     97.97%
  13  H5N6.EPI_ISL_6772898.Anseriformes.china.209.2021-08          1.45%    passed     99.65%
  14  H5N6.EPI_ISL_7457654.Galliformes.china.209.2021-08           1.45%    passed     99.65%
  15  H5N6.EPI_ISL_8517999.environment.china.73.2021-12-23         1.45%    passed     79.88%
  16  H5N6.EPI_ISL_11208193.Anseriformes.china.213.2021-10-19      1.52%    passed     96.35%
  17  H5N6.EPI_ISL_11208194.Anseriformes.china.213.2021-10-18      1.45%    passed     83.36%
  18  H5N6.EPI_ISL_11208195.Anseriformes.china.73.2021-12-02       1.45%    passed     86.88%
  19  H5N6.EPI_ISL_11208196.Anseriformes.china.126.2021-12-01      1.45%    passed     99.13%
  20  H5N6.EPI_ISL_11208197.Anseriformes.china.73.2021-12-01       1.45%    passed     86.88%
  21  H5N6.EPI_ISL_11208198.Anseriformes.china.61.2021-11-02       1.45%    passed     99.59%
  22  H5N6.EPI_ISL_11208199.Anseriformes.china.73.2021-12-03       1.45%    passed     77.34%
  23  H5N6.EPI_ISL_11208200.Anseriformes.china.126.2021-12-08      1.45%    passed     99.71%
  24  H5N6.EPI_ISL_8518268.Galliformes.china.73.2021-12-23         1.45%    passed     76.42%
  25  H5N6.EPI_ISL_16466440.NA.china.126.2022-11-11                1.52%    passed     99.24%
  26  H5N6.EPI_ISL_china_1.Galliformes.china.314.2022-02-28        1.45%    passed     99.78%
  27  H5N6.EPI_ISL_16886862.Rodentia.china.309.2021-10-01          0.00%    passed     99.79%
  28  NA.EPI_ISL_16868591.Anseriformes.china.NA.2020-08-19         0.00%    passed     99.51%
  29  H5N6.EPI_ISL_6795264.Anseriformes.china.NA.2019-02-01        0.00%    passed     99.51%
  30  H5N6.EPI_ISL_340816.environment.china.NA.2018-01-15          0.00%    passed     99.61%
  31  H5N6.EPI_ISL_340798.environment.china.NA.2018-04-24          0.00%    passed     99.20%
  32  H5N6.EPI_ISL_340832.environment.china.NA.2018-04-02          0.00%    passed     99.85%
  33  H5N6.EPI_ISL_4031401.Anseriformes.china.NA.2019-03-01        0.00%    passed     99.74%
  34  H5N6.EPI_ISL_707469.Anseriformes.china.NA.2017-12-29         0.00%    passed     99.72%
  35  H5N6.EPI_ISL_340812.environment.china.NA.2017-12-04          0.00%    passed     99.93%
  36  H5N6.EPI_ISL_340814.environment.china.NA.2017-11-27          0.00%    passed     99.97%
  37  H5N6.EPI_ISL_6795233.Anseriformes.china.NA.2018-03-01        0.00%    passed     99.96%
  38  H5N6.EPI_ISL_6795230.Anseriformes.china.NA.2018-02-01        0.00%    passed     99.96%
  39  H5N6.EPI_ISL_6795229.Anseriformes.china.NA.2018-01-01        0.00%    passed     99.96%
  40  NA.EPI_ISL_707373.Galliformes.china.NA.2018-03-21            0.00%    passed     99.86%
  41  H5N6.EPI_ISL_372817.Anseriformes.china.NA.2016-04-16         0.00%    passed     99.92%
  42  H5N6.EPI_ISL_340811.environment.china.NA.2017-12-05          0.00%    passed     99.77%
  43  H5N6.EPI_ISL_340799.environment.china.NA.2017-11-21          0.00%    passed     98.06%
  44  H5N6.EPI_ISL_337280.NA.china.NA.2017-11-17                   0.00%    passed     99.73%
  45  H7N6.EPI_ISL_314050.environment.china.NA.2017-12-06          0.00%    passed     99.93%
  46  H5N6.EPI_ISL_283970.Struthioniformes.china.NA.2017-06-28     0.00%    passed     98.54%
  47  H5N6.EPI_ISL_3770721.NA.china.287.2021-02-27                 0.00%    passed     95.12%
  48  H5N6.EPI_ISL_13295138.Anseriformes.canada.59.2020-09-12      0.00%    passed     97.65%
  49  H5N6.EPI_ISL_9572754.Anseriformes.viet_nam.59.2020-09-29     0.00%    passed     98.95%
  50  H5N6.EPI_ISL_18119972.Anseriformes.viet_nam.NA.2021-01-29    0.00%    passed     98.79%
  51  H5N6.EPI_ISL_17809480.Anseriformes.viet_nam.59.2021-01-29    0.00%    passed     98.79%
  52  H5N6.EPI_ISL_5159426.NA.china.NA.2021-09-11                  0.00%    passed     90.07%
  53  H5N6.EPI_ISL_4568642.NA.china.NA.2021-08-07                  0.00%    passed     93.42%
  54  H5N6.EPI_ISL_4568643.NA.china.NA.2021-09-03                  0.00%    passed     91.11%
  55  H5N6.EPI_ISL_15613574.NA.china.NA.2021-08-19                 0.00%    passed     99.01%
  56  H5N6.EPI_ISL_5234711.Anseriformes.laos.NA.2021-03-17         0.00%    passed     99.86%
  57  H5N6.EPI_ISL_18388372.Galliformes.laos.NA.2021-04-20         0.00%    passed     99.99%
  58  H5N6.EPI_ISL_368368.NA.china.NA.2018-11-06                   0.00%    passed     98.32%
  59  H5N6.EPI_ISL_332400.NA.china.NA.2018-11-06                   0.00%    passed     98.32%
  60  H5N6.EPI_ISL_696599.environment.china.NA.2018-11-29          0.00%    passed     98.64%
  61  H5N6.EPI_ISL_697841.Galliformes.china.NA.2018-12-01          0.07%    passed     98.21%
  62  H5N6.EPI_ISL_18058053.Anseriformes.china.NA.2021-03-12       0.00%    passed     98.48%
  63  H5N6.EPI_ISL_696570.Galliformes.china.NA.2018-11-29          0.29%    passed     98.87%
  64  H5N6.EPI_ISL_718266.NA.china.203.2020-11-28                  0.00%    passed     99.64%
  65  H5N6.EPI_ISL_718225.NA.china.203.2020-11-25                  0.00%    passed     99.64%
  66  NA.EPI_ISL_697392.Anseriformes.china.NA.2018-05-29           0.00%    passed     99.49%
  67  H5N6.EPI_ISL_14174522.Carnivora.china.NA.2018-04-05          0.00%    passed     99.00%
  68  H5N6.EPI_ISL_699166.Galliformes.china.NA.2018-08-28          0.00%    passed     98.01%
  69  H5N6.EPI_ISL_697252.Galliformes.china.NA.2018-08-28          0.72%    passed     97.62%
  70  H5N6.EPI_ISL_18000337.NA.china.NA.2022-02-27                 0.00%    passed     89.86%
  71  H5N6.EPI_ISL_4568644.NA.china.NA.2021-07-09                  0.00%    passed     96.87%
  72  H5N6.EPI_ISL_18058056.Anseriformes.china.NA.2021-05-01       0.00%    passed     95.75%
  73  H5N6.EPI_ISL_4558108.NA.china.NA.2021-07-05                  0.00%    passed     97.72%
  74  H5N6.EPI_ISL_18231267.Anseriformes.laos.NA.2022-02-16        0.00%    passed     98.29%
  75  H5N6.EPI_ISL_18231293.Anseriformes.laos.NA.2022-01-18        0.07%    passed     98.66%
  76  H5N6.EPI_ISL_1081370.NA.china.204.2020-12-22                 0.00%    passed     96.61%
  77  H5N6.EPI_ISL_1081369.NA.china.204.2021-01-02                 0.07%    passed     95.62%
  78  H5N6.EPI_ISL_18231288.environment.laos.NA.2022-07-26         0.00%    passed     99.13%
  79  H5N6.EPI_ISL_18231286.Galliformes.laos.NA.2022-07-13         0.00%    passed     99.13%
  80  H5N6.EPI_ISL_18231282.Anseriformes.laos.NA.2022-07-13        0.00%    passed     98.67%
  81  H5N6.EPI_ISL_340813.environment.china.NA.2017-11-14          0.00%    passed     97.50%
  82  H5N6.EPI_ISL_4071932.Anseriformes.china.NA.2020-08-12        0.00%    passed     96.99%
  83  H5N6.EPI_ISL_340810.environment.china.NA.2017-12-26          0.00%    passed     99.62%
  84  H5N6.EPI_ISL_340808.environment.china.NA.2018-01-02          0.00%    passed     99.93%
****  TOTAL                                                        0.47%  0 sequences failed composition chi2 test (p-value<5%; df=3)
NOTE: H5N6.EPI_ISL_7457654.Galliformes.china.209.2021-08 is identical to H5N6.EPI_ISL_6772898.Anseriformes.china.209.2021-08 but kept for subsequent analysis
NOTE: H5N6.EPI_ISL_6795264.Anseriformes.china.NA.2019-02-01 is identical to NA.EPI_ISL_16868591.Anseriformes.china.NA.2020-08-19 but kept for subsequent analysis
NOTE: H5N6.EPI_ISL_6795230.Anseriformes.china.NA.2018-02-01 is identical to H5N6.EPI_ISL_6795233.Anseriformes.china.NA.2018-03-01 but kept for subsequent analysis
NOTE: H5N6.EPI_ISL_17809480.Anseriformes.viet_nam.59.2021-01-29 is identical to H5N6.EPI_ISL_18119972.Anseriformes.viet_nam.NA.2021-01-29 but kept for subsequent analysis
NOTE: H5N6.EPI_ISL_332400.NA.china.NA.2018-11-06 is identical to H5N6.EPI_ISL_368368.NA.china.NA.2018-11-06 but kept for subsequent analysis
NOTE: H5N6.EPI_ISL_718225.NA.china.203.2020-11-25 is identical to H5N6.EPI_ISL_718266.NA.china.203.2020-11-28 but kept for subsequent analysis
NOTE: H5N6.EPI_ISL_18231286.Galliformes.laos.NA.2022-07-13 is identical to H5N6.EPI_ISL_18231288.environment.laos.NA.2022-07-26 but kept for subsequent analysis
NOTE: 1 identical sequences (see below) will be ignored for subsequent analysis
NOTE: H5N6.EPI_ISL_6795229.Anseriformes.china.NA.2018-01-01 (identical to H5N6.EPI_ISL_6795233.Anseriformes.china.NA.2018-03-01) is ignored but added at the end

For your convenience alignment with unique sequences printed to Re_H5_clade2344b_Asia_blast_N6.trim_subsampled.fasta.uniqueseq.phy

Create initial parsimony tree by phylogenetic likelihood library (PLL)... 0.003 seconds
Generating 1000 samples for ultrafast bootstrap (seed: 286830)...

NOTE: 1 MB RAM (0 GB) is required!
Measuring multi-threading efficiency up to 6 CPU cores
Increase to 10 rounds for branch lengths
698 trees examined
Threads: 1 / Time: 6.007 sec / Speedup: 1.000 / Efficiency: 100% / LogL: -14982
Threads: 2 / Time: 5.227 sec / Speedup: 1.149 / Efficiency: 57% / LogL: -14982
Threads: 3 / Time: 5.048 sec / Speedup: 1.190 / Efficiency: 40% / LogL: -14982
BEST NUMBER OF THREADS: 2

Estimate model parameters (epsilon = 0.100)
1. Initial log-likelihood: -4828.898
2. Current log-likelihood: -4584.066
Optimal log-likelihood: -4584.064
Rate parameters:  A-C: 1.00000  A-G: 8.60037  A-T: 1.00000  C-G: 1.00000  C-T: 8.60037  G-T: 1.00000
Base frequencies:  A: 0.345  C: 0.210  G: 0.236  T: 0.210
Parameters optimization took 2 rounds (0.011 sec)
Computing ML distances based on estimated model parameters... 0.033 sec
Computing BIONJ tree...
0.007 seconds
Log-likelihood of BIONJ tree: -4591.764
--------------------------------------------------------------------
|             INITIALIZING CANDIDATE TREE SET                      |
--------------------------------------------------------------------
Generating 98 parsimony trees... 0.267 second
Computing log-likelihood of 98 initial trees ... 0.310 seconds
Current best score: -4584.058

Do NNI search on 20 best initial trees
Estimate model parameters (epsilon = 0.100)
BETTER TREE FOUND at iteration 1: -4584.053
BETTER TREE FOUND at iteration 6: -4584.052
Iteration 10 / LogL: -4584.052 / Time: 0h:0m:17s
Iteration 20 / LogL: -4584.053 / Time: 0h:0m:17s
Finish initializing candidate tree set (20)
Current best tree score: -4584.052 / CPU time: 1.383
Number of iterations: 20
--------------------------------------------------------------------
|               OPTIMIZING CANDIDATE TREE SET                      |
--------------------------------------------------------------------
BETTER TREE FOUND at iteration 22: -4584.052
BETTER TREE FOUND at iteration 28: -4584.052
Iteration 30 / LogL: -4584.055 / Time: 0h:0m:18s (0h:1m:1s left)
BETTER TREE FOUND at iteration 36: -4584.051
Iteration 40 / LogL: -4584.052 / Time: 0h:0m:18s (0h:0m:45s left)
BETTER TREE FOUND at iteration 48: -4584.050
BETTER TREE FOUND at iteration 50: -4584.050
Iteration 50 / LogL: -4584.050 / Time: 0h:0m:18s (0h:0m:38s left)
Log-likelihood cutoff on original alignment: -4618.186
UPDATE BEST LOG-LIKELIHOOD: -4584.050
Iteration 60 / LogL: -4584.052 / Time: 0h:0m:19s (0h:0m:29s left)
BETTER TREE FOUND at iteration 63: -4584.048
Iteration 70 / LogL: -4584.049 / Time: 0h:0m:19s (0h:0m:26s left)
Iteration 80 / LogL: -4584.051 / Time: 0h:0m:20s (0h:0m:21s left)
BETTER TREE FOUND at iteration 81: -4584.048
UPDATE BEST LOG-LIKELIHOOD: -4584.048
Iteration 90 / LogL: -4584.049 / Time: 0h:0m:20s (0h:0m:21s left)
BETTER TREE FOUND at iteration 93: -4584.047
Iteration 100 / LogL: -4584.049 / Time: 0h:0m:21s (0h:0m:19s left)
Log-likelihood cutoff on original alignment: -4619.285
NOTE: Bootstrap correlation coefficient of split occurrence frequencies: 0.994
Iteration 110 / LogL: -4584.050 / Time: 0h:0m:21s (0h:0m:17s left)
BETTER TREE FOUND at iteration 112: -4584.047
Iteration 120 / LogL: -4584.050 / Time: 0h:0m:22s (0h:0m:17s left)
UPDATE BEST LOG-LIKELIHOOD: -4584.046
Iteration 130 / LogL: -4584.050 / Time: 0h:0m:22s (0h:0m:14s left)
Iteration 140 / LogL: -4652.588 / Time: 0h:0m:23s (0h:0m:11s left)
Iteration 150 / LogL: -4627.052 / Time: 0h:0m:23s (0h:0m:9s left)
Log-likelihood cutoff on original alignment: -4618.615
UPDATE BEST LOG-LIKELIHOOD: -4584.046
BETTER TREE FOUND at iteration 157: -4584.046
Iteration 160 / LogL: -4584.052 / Time: 0h:0m:23s (0h:0m:14s left)
Iteration 170 / LogL: -4584.046 / Time: 0h:0m:24s (0h:0m:12s left)
BETTER TREE FOUND at iteration 179: -4584.045
Iteration 180 / LogL: -4584.048 / Time: 0h:0m:24s (0h:0m:13s left)
BETTER TREE FOUND at iteration 189: -4584.044
Iteration 190 / LogL: -4584.048 / Time: 0h:0m:25s (0h:0m:13s left)
Iteration 200 / LogL: -4584.050 / Time: 0h:0m:25s (0h:0m:11s left)
Log-likelihood cutoff on original alignment: -4618.615
NOTE: Bootstrap correlation coefficient of split occurrence frequencies: 0.995
Iteration 210 / LogL: -4584.046 / Time: 0h:0m:26s (0h:0m:11s left)
BETTER TREE FOUND at iteration 219: -4584.044
Iteration 220 / LogL: -4584.046 / Time: 0h:0m:26s (0h:0m:12s left)
Iteration 230 / LogL: -4584.051 / Time: 0h:0m:27s (0h:0m:10s left)
Iteration 240 / LogL: -4586.469 / Time: 0h:0m:27s (0h:0m:9s left)
Iteration 250 / LogL: -4589.891 / Time: 0h:0m:28s (0h:0m:7s left)
Log-likelihood cutoff on original alignment: -4618.586
Iteration 260 / LogL: -4631.914 / Time: 0h:0m:28s (0h:0m:6s left)
Iteration 270 / LogL: -4584.048 / Time: 0h:0m:29s (0h:0m:5s left)
Iteration 280 / LogL: -4631.915 / Time: 0h:0m:29s (0h:0m:4s left)
Iteration 290 / LogL: -4584.047 / Time: 0h:0m:30s (0h:0m:3s left)
UPDATE BEST LOG-LIKELIHOOD: -4584.044
Iteration 300 / LogL: -4584.048 / Time: 0h:0m:30s (0h:0m:1s left)
Log-likelihood cutoff on original alignment: -4618.873
NOTE: Bootstrap correlation coefficient of split occurrence frequencies: 0.996
Iteration 310 / LogL: -4584.048 / Time: 0h:0m:31s (0h:0m:9s left)
Iteration 320 / LogL: -4584.045 / Time: 0h:0m:31s (0h:0m:7s left)
TREE SEARCH COMPLETED AFTER 320 ITERATIONS / Time: 0h:0m:31s

--------------------------------------------------------------------
|                    FINALIZING TREE SEARCH                        |
--------------------------------------------------------------------
Performs final model parameters optimization
Estimate model parameters (epsilon = 0.010)
1. Initial log-likelihood: -4584.044
Optimal log-likelihood: -4584.044
Rate parameters:  A-C: 1.00000  A-G: 8.60057  A-T: 1.00000  C-G: 1.00000  C-T: 8.60057  G-T: 1.00000
Base frequencies:  A: 0.345  C: 0.210  G: 0.236  T: 0.210
Parameters optimization took 1 rounds (0.002 sec)
BEST SCORE FOUND : -4584.044
Creating bootstrap support values...
Split supports printed to NEXUS file Re_H5_clade2344b_Asia_blast_N6.trim_subsampled.fasta.splits.nex
Total tree length: 0.281

Total number of iterations: 320
CPU time used for tree search: 30.830 sec (0h:0m:30s)
Wall-clock time used for tree search: 15.479 sec (0h:0m:15s)
Total CPU time used: 63.754 sec (0h:1m:3s)
Total wall-clock time used: 32.000 sec (0h:0m:31s)

Computing bootstrap consensus tree...
Reading input file Re_H5_clade2344b_Asia_blast_N6.trim_subsampled.fasta.splits.nex...
83 taxa and 531 splits.
Consensus tree written to Re_H5_clade2344b_Asia_blast_N6.trim_subsampled.fasta.contree
Reading input trees file Re_H5_clade2344b_Asia_blast_N6.trim_subsampled.fasta.contree
Log-likelihood of consensus tree: -4584.055

Analysis results written to: 
  IQ-TREE report:                Re_H5_clade2344b_Asia_blast_N6.trim_subsampled.fasta.iqtree
  Maximum-likelihood tree:       Re_H5_clade2344b_Asia_blast_N6.trim_subsampled.fasta.treefile
  Likelihood distances:          Re_H5_clade2344b_Asia_blast_N6.trim_subsampled.fasta.mldist

Ultrafast bootstrap approximation results written to:
  Split support values:          Re_H5_clade2344b_Asia_blast_N6.trim_subsampled.fasta.splits.nex
  Consensus tree:                Re_H5_clade2344b_Asia_blast_N6.trim_subsampled.fasta.contree
  Screen log file:               Re_H5_clade2344b_Asia_blast_N6.trim_subsampled.fasta.log

Date and Time: Mon Jan  8 19:25:22 2024
