IQ-TREE multicore version 1.6.12 for Mac OS X 64-bit built Aug 15 2019
Developed by Bui Quang Minh, Nguyen Lam Tung, Olga Chernomor,
Heiko Schmidt, Dominik Schrempf, Michael Woodhams.

Host:    sce-bio-c05393 (AVX2, FMA3, 16 GB RAM)
Command: iqtree -s clade2344b_asia_N8_subsampled.fasta -nt AUTO -m HKY+G4 -bb 1000
Seed:    269920 (Using SPRNG - Scalable Parallel Random Number Generator)
Time:    Thu Jan 11 01:35:37 2024
Kernel:  AVX+FMA - auto-detect threads (6 CPU cores detected)

Reading alignment file clade2344b_asia_N8_subsampled.fasta ... Fasta format detected
Alignment most likely contains DNA/RNA sequences
Alignment has 379 sequences with 1413 columns, 399 distinct patterns
238 parsimony-informative, 170 singleton sites, 1004 constant sites
                                                                Gap/Ambiguity  Composition  p-value
   1  H5N8.EPI_ISL_625671.Anseriformes.china.1.2020-10-17               0.00%    passed     99.66%
   2  H5N8.EPI_ISL_623074.Galliformes.iraq.1.2020-05-12                 0.00%    passed     99.95%
   3  H5N8.EPI_ISL_625672.Anseriformes.china.1.2020-10-17               0.00%    passed     99.21%
   4  H5N8.EPI_ISL_666687.Anseriformes.south_korea.10.2020-10-24        0.00%    passed     98.22%
   5  H5N8.EPI_ISL_708704.Galliformes.japan.10.2020-12-01               0.00%    passed     94.83%
   6  H5N8.EPI_ISL_708709.Galliformes.japan.10.2020-12-01               0.00%    passed     95.42%
   7  H5N8.EPI_ISL_708711.Galliformes.japan.10.2020-12-01               0.00%    passed     98.17%
   8  H5N8.EPI_ISL_718107.Galliformes.japan.16.2020-12-07               0.00%    passed     97.73%
   9  H5N8.EPI_ISL_738050.Galliformes.japan.16.2020-12-15               0.00%    passed     97.22%
  10  H5N8.EPI_ISL_738051.Galliformes.japan.16.2020-12-15               0.00%    passed     97.05%
  11  H5N8.EPI_ISL_738056.Galliformes.japan.16.2020-12-18               0.00%    passed     94.91%
  12  H5N8.EPI_ISL_738057.Galliformes.japan.10.2020-12-18               0.00%    passed     96.48%
  13  H5N8.EPI_ISL_738058.Galliformes.japan.10.2020-12-18               0.00%    passed     95.51%
  14  H5N8.EPI_ISL_681272.Galliformes.japan.10.2020-11-19               0.00%    passed     96.25%
  15  H5N8.EPI_ISL_681281.Anseriformes.japan.10.2020-11-16              0.00%    passed     97.66%
  16  H5N8.EPI_ISL_681285.Galliformes.japan.10.2020-11-25               0.00%    passed     98.60%
  17  H5N8.EPI_ISL_681288.Galliformes.japan.10.2020-11-07               0.00%    passed     97.47%
  18  H5N8.EPI_ISL_697771.Anseriformes.japan.10.2020-10-24              0.00%    passed     95.94%
  19  H5N8.EPI_ISL_710435.Galliformes.japan.16.2020-12-06               0.00%    passed     97.66%
  20  H5N8.EPI_ISL_710442.Galliformes.japan.16.2020-12-01               0.00%    passed     98.22%
  21  H5N8.EPI_ISL_710444.Galliformes.japan.16.2020-12-01               0.00%    passed     98.13%
  22  H5N8.EPI_ISL_710451.Galliformes.japan.16.2020-12-05               0.00%    passed     97.92%
  23  H5N8.EPI_ISL_718115.Galliformes.japan.16.2020-12-09               0.00%    passed     96.51%
  24  H5N8.EPI_ISL_718118.Galliformes.japan.16.2020-12-10               0.00%    passed     97.66%
  25  H5N8.EPI_ISL_718120.Galliformes.japan.16.2020-12-09               0.00%    passed     97.73%
  26  H5N8.EPI_ISL_732930.Galliformes.japan.16.2020-12-13               0.00%    passed     97.73%
  27  H5N8.EPI_ISL_732933.Galliformes.japan.16.2020-12-15               0.00%    passed     96.57%
  28  H5N8.EPI_ISL_732936.Galliformes.japan.16.2020-12-13               0.00%    passed     98.06%
  29  H5N8.EPI_ISL_732939.Galliformes.japan.16.2020-12-13               0.00%    passed     98.23%
  30  H5N8.EPI_ISL_732945.Galliformes.japan.16.2020-12-12               0.00%    passed     98.22%
  31  H5N8.EPI_ISL_732946.Galliformes.japan.16.2020-12-12               0.00%    passed     97.73%
  32  H5N8.EPI_ISL_4071019.Anseriformes.japan.10.2020-11-05             0.00%    passed     97.22%
  33  H5N8.EPI_ISL_1041129.Galliformes.japan.1.2021-02-10               0.00%    passed     99.54%
  34  H5N8.EPI_ISL_1041130.Galliformes.japan.1.2021-02-10               0.00%    passed     99.84%
  35  H5N8.EPI_ISL_1041132.Galliformes.japan.1.2021-02-08               0.00%    passed     96.42%
  36  H5N8.EPI_ISL_1041135.Galliformes.japan.1.2021-02-08               0.00%    passed     97.53%
  37  H5N8.EPI_ISL_1041147.Anseriformes.japan.1.2021-01-23              0.00%    passed     98.89%
  38  H5N8.EPI_ISL_1041160.Galliformes.japan.1.2021-02-14               0.00%    passed     99.66%
  39  H5N8.EPI_ISL_1041167.Anseriformes.japan.1.2021-01-23              0.00%    passed     99.59%
  40  H5N8.EPI_ISL_1041168.Anseriformes.japan.1.2021-01-23              0.00%    passed     99.12%
  41  H5N8.EPI_ISL_1041173.Accipitriformes.japan.16.2021-02-10          0.00%    passed     96.51%
  42  H5N8.EPI_ISL_1041176.Strigiformes.japan.10.2021-02-16             0.00%    passed     96.48%
  43  H5N8.EPI_ISL_1041177.Falconiformes.japan.10.2021-02-15            0.00%    passed     94.94%
  44  H5N8.EPI_ISL_1041180.Anseriformes.japan.10.2021-02-13             0.00%    passed     97.47%
  45  H5N8.EPI_ISL_1081353.Anseriformes.japan.1.2021-02-14              0.00%    passed     96.92%
  46  H5N8.EPI_ISL_1098830.Gruiformes.japan.1.2021-01-19                0.00%    passed     99.27%
  47  H5N8.EPI_ISL_1114725.Anseriformes.japan.1.2021-01-16              0.00%    passed     99.12%
  48  H5N8.EPI_ISL_1184508.Galliformes.japan.16.2021-02-24              0.00%    passed     98.06%
  49  H5N8.EPI_ISL_1184510.Galliformes.japan.16.2021-02-24              0.00%    passed     98.23%
  50  H5N8.EPI_ISL_1184517.Accipitriformes.japan.16.2021-02-24          0.00%    passed     96.57%
  51  H5N8.EPI_ISL_1937884.Anseriformes.china.1.2020-11-10              0.00%    passed     99.12%
  52  H5N8.EPI_ISL_1937891.Anseriformes.china.1.2020-11-10              0.00%    passed     99.97%
  53  H5N8.EPI_ISL_1938478.Anseriformes.china.1.2020-11-10              0.00%    passed     99.29%
  54  H5N8.EPI_ISL_2815336.Anseriformes.china.1.2020-10-11              0.00%    passed     99.68%
  55  H5N8.EPI_ISL_5260416.Charadriiformes.china.1.2021-02-22           0.00%    passed     99.59%
  56  H5N8.EPI_ISL_5260417.Charadriiformes.china.1.2021-05-16           0.00%    passed     99.21%
  57  H5N8.EPI_ISL_5260435.Anseriformes.china.1.2021-04-22              0.00%    passed     98.89%
  58  H5N8.EPI_ISL_5260444.Anseriformes.china.1.2021-03-09              0.00%    passed     99.40%
  59  H5N8.EPI_ISL_5260445.Anseriformes.china.1.2021-04-27              0.00%    passed     99.38%
  60  H5N8.EPI_ISL_5260446.Anseriformes.china.1.2021-05-11              0.00%    passed     96.96%
  61  H5N8.EPI_ISL_5260448.Anseriformes.china.1.2021-03-19              0.00%    passed     98.57%
  62  H5N8.EPI_ISL_5260450.Anseriformes.china.1.2021-03-09              0.00%    passed     98.35%
  63  H5N8.EPI_ISL_5260451.Anseriformes.china.1.2021-04-13              0.00%    passed     98.43%
  64  H5N8.EPI_ISL_5260457.Anseriformes.china.16.2021-01-23             0.00%    passed     98.61%
  65  H5N8.EPI_ISL_5260461.Anseriformes.china.1.2021-02-22              0.00%    passed     99.40%
  66  H5N8.EPI_ISL_5260463.Anseriformes.china.1.2020-11-10              0.00%    passed     99.21%
  67  H5N8.EPI_ISL_5260465.Pelecaniformes.china.1.2021-01-26            0.00%    passed     98.08%
  68  H5N8.EPI_ISL_5260466.Podicipediformes.china.1.2021-02-22          0.00%    passed     99.21%
  69  H5N8.EPI_ISL_5260467.Podicipediformes.china.1.2021-06-05          0.00%    passed     98.35%
  70  H5N8.EPI_ISL_5260468.Podicipediformes.china.1.2021-06-15          0.00%    passed     96.92%
  71  H5N8.EPI_ISL_5260469.Anseriformes.china.1.2021-01-26              0.00%    passed     97.63%
  72  H5N8.EPI_ISL_5260470.Anseriformes.china.1.2021-01-23              0.00%    passed     98.89%
  73  H5N8.EPI_ISL_5865629.Anseriformes.united_states.1.2020-10-16      0.00%    passed     99.97%
  74  H5N8.EPI_ISL_6829497.Gruiformes.japan.1.2021-11-19                0.00%    passed     95.63%
  75  H5N8.EPI_ISL_6829536.Galliformes.japan.1.2021-11-14               0.00%    passed     97.70%
  76  H5N8.EPI_ISL_7349517.Anseriformes.china.1.2021-01                 0.00%    passed     99.21%
  77  H5N8.EPI_ISL_7381026.Galliformes.china.1.2021-03                  0.00%    passed     99.11%
  78  H5N8.EPI_ISL_7381115.Anseriformes.china.1.2021-06                 0.07%    passed     99.16%
  79  H5N8.EPI_ISL_7381183.Anseriformes.china.279.2021-04               0.00%    passed     99.21%
  80  H5N8.EPI_ISL_7381438.Anseriformes.china.1.2021-08                 0.00%    passed     94.25%
  81  H5N8.EPI_ISL_7381448.Galliformes.china.205.2021-07                0.00%    passed     98.06%
  82  H5N8.EPI_ISL_17088884.Anseriformes.china.1.2021-01-29             0.00%    passed     98.82%
  83  H5N8.EPI_ISL_759853.Galliformes.japan.10.2020-12-23               0.00%    passed     93.26%
  84  H5N8.EPI_ISL_759857.Galliformes.japan.16.2020-12-22               0.00%    passed     96.52%
  85  H5N8.EPI_ISL_854599.Galliformes.japan.10.2021-01-01               0.00%    passed     96.85%
  86  H5N8.EPI_ISL_854601.Galliformes.japan.10.2021-01-01               0.00%    passed     98.13%
  87  H5N8.EPI_ISL_854606.Galliformes.japan.16.2021-01-12               0.00%    passed     95.94%
  88  H5N8.EPI_ISL_977595.Anseriformes.china.1.2020-12-31               0.00%    passed     98.35%
  89  H5N8.EPI_ISL_977599.Anseriformes.china.1.2020-12-21               0.00%    passed     99.12%
  90  H5N8.EPI_ISL_985179.Anseriformes.south_korea.10.2020-11-26        0.00%    passed     98.61%
  91  H5N8.EPI_ISL_985182.Galliformes.south_korea.79.2020-12-06         0.00%    passed     96.52%
  92  H5N8.EPI_ISL_985183.Galliformes.south_korea.16.2020-12-07         0.00%    passed     97.21%
  93  H5N8.EPI_ISL_985187.Anseriformes.south_korea.1.2020-12-10         0.00%    passed     98.50%
  94  H5N8.EPI_ISL_985191.Galliformes.south_korea.1.2020-12-12          0.00%    passed     98.89%
  95  H5N8.EPI_ISL_985192.Galliformes.south_korea.16.2020-12-14         0.00%    passed     97.21%
  96  H5N8.EPI_ISL_985193.Galliformes.south_korea.10.2020-12-14         0.00%    passed     96.58%
  97  H5N8.EPI_ISL_985200.Anseriformes.south_korea.79.2020-12-22        0.00%    passed     94.91%
  98  H5N8.EPI_ISL_985203.Anseriformes.south_korea.16.2020-12-23        0.00%    passed     97.21%
  99  H5N8.EPI_ISL_985208.Anseriformes.south_korea.79.2020-12-27        0.00%    passed     96.52%
 100  H5N8.EPI_ISL_985209.Galliformes.south_korea.79.2020-12-28         0.00%    passed     96.51%
 101  H5N8.EPI_ISL_985211.Anseriformes.south_korea.1.2020-12-28         0.00%    passed     98.50%
 102  H5N8.EPI_ISL_985223.Galliformes.japan.1.2021-02-06                0.00%    passed     98.35%
 103  H5N8.EPI_ISL_985225.Galliformes.japan.1.2021-02-07                0.00%    passed     99.12%
 104  H5N8.EPI_ISL_985228.Galliformes.japan.1.2021-02-06                0.00%    passed     97.89%
 105  H5N8.EPI_ISL_985233.Anseriformes.japan.10.2021-02-08              0.00%    passed     97.34%
 106  H5N8.EPI_ISL_1009679.Anseriformes.south_korea.10.2020-12-28       0.00%    passed     97.47%
 107  H5N8.EPI_ISL_1009680.Galliformes.south_korea.1.2020-12-28         0.00%    passed     97.89%
 108  H5N8.EPI_ISL_1009681.Galliformes.south_korea.16.2020-12-29        0.00%    passed     98.88%
 109  H5N8.EPI_ISL_1009682.Galliformes.south_korea.1.2020-12-29         0.00%    passed     98.50%
 110  H5N8.EPI_ISL_1009684.Anseriformes.south_korea.16.2020-12-30       0.00%    passed     98.88%
 111  H5N8.EPI_ISL_1009685.Anseriformes.south_korea.1.2020-12-30        0.00%    passed     98.89%
 112  H5N8.EPI_ISL_1009691.Anseriformes.south_korea.1.2021-01-04        0.00%    passed     97.89%
 113  H5N8.EPI_ISL_1009695.Anseriformes.south_korea.10.2020-11-03       0.00%    passed     98.06%
 114  H5N8.EPI_ISL_1009697.NA.south_korea.16.2020-11-23                 0.00%    passed     98.13%
 115  H5N8.EPI_ISL_1009699.Anseriformes.south_korea.16.2020-11-25       0.00%    passed     97.21%
 116  H5N8.EPI_ISL_1009704.Anseriformes.south_korea.16.2020-12-01       0.00%    passed     97.73%
 117  H5N8.EPI_ISL_1009706.NA.south_korea.79.2020-12-02                 0.00%    passed     97.22%
 118  H5N8.EPI_ISL_1009709.NA.south_korea.1.2020-12-16                  0.00%    passed     99.40%
 119  H5N8.EPI_ISL_1273411.Galliformes.japan.16.2020-11-24              0.00%    passed     97.21%
 120  H5N8.EPI_ISL_1273415.Galliformes.japan.10.2021-02-01              0.00%    passed     99.15%
 121  H5N8.EPI_ISL_1760447.Anseriformes.china.1.2020-11-10              0.00%    passed     98.89%
 122  H5N8.EPI_ISL_1760448.Anseriformes.china.1.2020-11-10              0.00%    passed     99.29%
 123  H5N8.EPI_ISL_1760451.Anseriformes.china.1.2020-11-10              0.00%    passed     99.21%
 124  H5N8.EPI_ISL_1939617.Strigiformes.china.1.2020-11-11              0.00%    passed     99.29%
 125  H5N8.EPI_ISL_2685846.Anseriformes.china.1.2020-11-09              0.00%    passed     99.21%
 126  H5N8.EPI_ISL_2685848.Anseriformes.china.1.2020-11-16              0.00%    passed     99.03%
 127  H5N8.EPI_ISL_2685900.Anseriformes.china.1.2020-11-16              0.00%    passed     98.67%
 128  H5N8.EPI_ISL_2685947.Anseriformes.china.1.2020-11-16              0.00%    passed     99.65%
 129  H5N8.EPI_ISL_2713314.Charadriiformes.china.1.2020-11-16           0.00%    passed     98.47%
 130  H5N8.EPI_ISL_2820465.Anseriformes.china.10.2020-10-16             0.00%    passed     96.64%
 131  H5N8.EPI_ISL_2820480.Anseriformes.china.10.2020-10-16             0.00%    passed     96.52%
 132  H5N8.EPI_ISL_4061712.Anseriformes.japan.10.2021-02-17             0.00%    passed     94.91%
 133  H5N8.EPI_ISL_4061713.Anseriformes.japan.10.2021-02-08             0.00%    passed     98.13%
 134  H5N8.EPI_ISL_4061714.Accipitriformes.japan.10.2021-02-03          0.00%    passed     95.12%
 135  H5N8.EPI_ISL_4061715.Falconiformes.japan.10.2021-01-28            0.00%    passed     99.50%
 136  H5N8.EPI_ISL_4062112.Anseriformes.japan.16.2020-12-22             0.00%    passed     98.23%
 137  H5N8.EPI_ISL_5863567.Anseriformes.united_states.1.2020-10-06      0.00%    passed     99.94%
 138  H5N8.EPI_ISL_5863650.Anseriformes.united_states.1.2020-12-29      0.00%    passed     99.89%
 139  H5N8.EPI_ISL_1240997.Accipitriformes.japan.10.2021-03-03          0.00%    passed     94.94%
 140  H5N8.EPI_ISL_2932600.Anseriformes.kazakhstan.1.2020-09-01         0.00%    passed     99.90%
 141  H5N8.EPI_ISL_2555536.Charadriiformes.china.1.2020-11-16           0.00%    passed     98.89%
 142  H5N8.EPI_ISL_2932614.Anseriformes.kazakhstan.1.2020-09-21         0.00%    passed     99.69%
 143  H5N8.EPI_ISL_978916.Anseriformes.japan.1.2021-02-01               0.00%    passed     98.43%
 144  H5N8.EPI_ISL_2555542.Anseriformes.china.1.2020-11-12              0.00%    passed     98.89%
 145  H5N8.EPI_ISL_2555534.Anseriformes.china.1.2020-11-04              0.00%    passed     98.35%
 146  H5N8.EPI_ISL_2555532.Anseriformes.china.1.2020-11-16              0.00%    passed     99.40%
 147  H5N8.EPI_ISL_2932617.Passeriformes.kazakhstan.1.2020-09-15        0.00%    passed     99.52%
 148  H5N8.EPI_ISL_1273440.Galliformes.japan.16.2021-03-13              0.00%    passed     96.89%
 149  H5N8.EPI_ISL_1273417.Galliformes.japan.10.2020-11-04              0.00%    passed     96.58%
 150  H5N8.EPI_ISL_978906.Galliformes.japan.16.2021-01-22               0.00%    passed     97.21%
 151  H5N8.EPI_ISL_978902.Galliformes.japan.1.2021-01-30                0.00%    passed     96.76%
 152  H5N8.EPI_ISL_978897.Galliformes.japan.1.2021-02-05                0.00%    passed     97.03%
 153  H5N8.EPI_ISL_2932609.Anseriformes.kazakhstan.1.2020-09-15         0.00%    passed     99.52%
 154  H5N8.EPI_ISL_7380623.Anseriformes.china.1.2021-03                 0.00%    passed     99.21%
 155  H5N8.EPI_ISL_2932682.Columbiformes.kazakhstan.1.2020-09-15        0.00%    passed     99.52%
 156  H5N8.EPI_ISL_2932683.Galliformes.kazakhstan.1.2020-10-09          0.00%    passed     99.90%
 157  H5N8.EPI_ISL_2932608.Galliformes.kazakhstan.1.2020-09-01          0.00%    passed     99.90%
 158  H5N8.EPI_ISL_1822596.Anseriformes.china.1.2020-11-10              0.00%    passed     98.25%
 159  H5N8.EPI_ISL_1822593.Anseriformes.china.1.2020-11-10              0.00%    passed     99.97%
 160  H5N8.EPI_ISL_1822592.Anseriformes.china.1.2020-11-10              0.00%    passed     99.66%
 161  H5N8.EPI_ISL_14819900.Anseriformes.china.1.2021-03-11             0.00%    passed     97.93%
 162  H5N8.EPI_ISL_14823424.Anseriformes.china.1.2020-10-30             0.00%    passed     98.50%
 163  H5N8.EPI_ISL_14823812.Anseriformes.china.1.2020-11-09             0.00%    passed     99.88%
 164  H5N8.EPI_ISL_14824095.Anseriformes.china.1.2020-11-10             0.00%    passed     97.93%
 165  H5N8.EPI_ISL_14835965.Anseriformes.china.1.2020-11-11             0.00%    passed     99.69%
 166  H5N8.EPI_ISL_14836024.Anseriformes.china.1.2020-11-14             0.00%    passed     99.12%
 167  H5N8.EPI_ISL_14836086.Anseriformes.china.1.2020-11-16             0.00%    passed     98.50%
 168  H5N8.EPI_ISL_14836088.Anseriformes.china.1.2020-11-16             0.00%    passed     98.47%
 169  H5N8.EPI_ISL_14836098.Anseriformes.china.1.2020-11-16             0.00%    passed     96.99%
 170  H5N8.EPI_ISL_14836376.Anseriformes.china.1.2020-11-18             0.00%    passed     99.40%
 171  H5N8.EPI_ISL_14874401.Galliformes.kazakhstan.1.2020-08-01         0.00%    passed     99.82%
 172  H5N8.EPI_ISL_15435500.Anseriformes.china.1.2021-01-21             0.00%    passed     98.89%
 173  H5N8.EPI_ISL_16209048.Anseriformes.canada.81.2021-09-16           0.00%    passed     99.99%
 174  H5N8.EPI_ISL_11504587.Galliformes.viet_nam.205.2021-12-01         0.00%    passed     92.46%
 175  H5N8.EPI_ISL_13295078.Anseriformes.canada.81.2021-10-15           0.00%    passed     99.94%
 176  H5N8.EPI_ISL_14822356.Anseriformes.china.1.2021-03-11             0.00%    passed     99.12%
 177  H5N8.EPI_ISL_14822357.Anseriformes.china.1.2021-03-11             0.00%    passed     96.99%
 178  H5N8.EPI_ISL_14822756.Anseriformes.china.1.2021-05-19             0.00%    passed     98.43%
 179  H5N8.EPI_ISL_14770164.Gruiformes.china.1.2020-12-31               0.00%    passed     98.89%
 180  H5N8.EPI_ISL_16215736.Galliformes.china.1.2020-12                 2.19%    passed     98.62%
 181  H5N8.EPI_ISL_13295170.Anseriformes.canada.81.2021-11-16           0.00%    passed     99.84%
 182  H5N8.EPI_ISL_16405650.environment.japan.10.2020-11-09             0.00%    passed     98.88%
 183  H5N8.EPI_ISL_16405654.environment.japan.10.2020-11-09             0.00%    passed     97.66%
 184  H5N8.EPI_ISL_16405655.environment.japan.10.2020-11-16             0.00%    passed     98.22%
 185  H5N8.EPI_ISL_16405659.environment.japan.10.2020-11-16             0.00%    passed     97.21%
 186  H5N8.EPI_ISL_16405660.environment.japan.10.2020-11-23             0.00%    passed     98.06%
 187  H5N8.EPI_ISL_16405661.environment.japan.10.2020-11-23             0.00%    passed     98.22%
 188  H5N8.EPI_ISL_16405663.environment.japan.10.2020-11-30             0.00%    passed     95.94%
 189  H5N8.EPI_ISL_16405665.environment.japan.10.2020-11-30             0.00%    passed     97.21%
 190  H5N8.EPI_ISL_16405666.environment.japan.10.2020-11-30             0.00%    passed     96.57%
 191  H5N8.EPI_ISL_16405667.environment.japan.10.2020-11-30             0.00%    passed     97.47%
 192  H5N8.EPI_ISL_16405671.environment.japan.10.2020-12-07             0.00%    passed     97.22%
 193  H5N8.EPI_ISL_16405672.environment.japan.10.2020-12-07             0.00%    passed     94.29%
 194  H5N8.EPI_ISL_16405674.environment.japan.10.2020-12-07             0.00%    passed     96.89%
 195  H5N8.EPI_ISL_16405676.environment.japan.10.2020-12-21             0.00%    passed     92.35%
 196  H5N8.EPI_ISL_16405677.environment.japan.10.2020-12-21             0.00%    passed     96.89%
 197  H5N8.EPI_ISL_16405678.environment.japan.10.2020-12-21             0.00%    passed     97.47%
 198  H5N8.EPI_ISL_17760581.Anseriformes.canada.81.2021-09-16           0.00%    passed     99.97%
 199  H5N8.EPI_ISL_17805814.environment.japan.10.2020-12-21             0.00%    passed     97.47%
 200  H5N8.EPI_ISL_17805816.environment.japan.10.2020-12-07             0.00%    passed     96.89%
 201  H5N8.EPI_ISL_17805822.NA.japan.16.2021-02-01                      0.00%    passed     95.94%
 202  H5N8.EPI_ISL_17805826.environment.japan.10.2020-11-30             0.00%    passed     97.21%
 203  H5N8.EPI_ISL_17805839.environment.japan.10.2020-11-16             0.00%    passed     97.21%
 204  H5N8.EPI_ISL_17805841.environment.japan.10.2020-11-30             0.00%    passed     97.47%
 205  H5N8.EPI_ISL_17805844.environment.japan.10.2020-12-21             0.00%    passed     92.35%
 206  H5N8.EPI_ISL_17805845.environment.japan.10.2020-12-21             0.00%    passed     96.89%
 207  H5N8.EPI_ISL_17805848.environment.japan.10.2020-11-09             0.00%    passed     98.88%
 208  H5N8.EPI_ISL_17805849.environment.japan.10.2020-11-30             0.00%    passed     97.22%
 209  H5N8.EPI_ISL_17805857.environment.japan.10.2020-11-09             0.00%    passed     97.66%
 210  H5N8.EPI_ISL_17805860.environment.japan.10.2020-11-16             0.00%    passed     98.22%
 211  H5N8.EPI_ISL_17805861.environment.japan.10.2020-11-23             0.00%    passed     98.22%
 212  H5N8.EPI_ISL_17805870.environment.japan.10.2020-11-30             0.00%    passed     96.57%
 213  H5N8.EPI_ISL_17805874.environment.japan.10.2020-12-07             0.00%    passed     94.29%
 214  H5N8.EPI_ISL_17805877.environment.japan.10.2020-11-30             0.00%    passed     95.94%
 215  H5N8.EPI_ISL_17805882.NA.japan.10.2021-02-03                      0.00%    passed     97.47%
 216  H5N8.EPI_ISL_17805898.environment.japan.10.2020-11-23             0.00%    passed     98.06%
 217  H5N8.EPI_ISL_17805901.NA.japan.10.2020-12-18                      0.00%    passed     95.84%
 218  H5N8.EPI_ISL_17805905.Anseriformes.japan.1.2021-01-16             0.00%    passed     99.12%
 219  H5N8.EPI_ISL_16718460.Accipitriformes.japan.16.2021-02-01         0.00%    passed     95.94%
 220  H5N8.EPI_ISL_16718463.Gruiformes.japan.10.2021-02-05              0.00%    passed     97.47%
 221  H5N8.EPI_ISL_16718465.Gruiformes.japan.1.2021-01-16               0.00%    passed     99.12%
 222  H5N8.EPI_ISL_16718466.Anseriformes.japan.10.2020-12-18            0.00%    passed     95.84%
 223  H5N8.EPI_ISL_china_2.Galliformes.china.1.2021-05-31               0.00%    passed     99.21%
 224  H5N8.EPI_ISL_china_3.Galliformes.china.1.2021-06-26               0.00%    passed     99.59%
 225  H5N8.EPI_ISL_17086333.environment.japan.NA.2020-12-12             0.00%    passed     97.73%
 226  H5N8.EPI_ISL_17086303.environment.japan.NA.2020-12-10             0.00%    passed     97.73%
 227  H5N8.EPI_ISL_17086354.Anseriformes.japan.NA.2021-01-29            0.00%    passed     97.21%
 228  H5N8.EPI_ISL_17086339.Galliformes.japan.NA.2021-01-23             0.00%    passed     97.21%
 229  H5N8.EPI_ISL_17086220.Accipitriformes.japan.NA.2020-12-08         0.00%    passed     98.60%
 230  H5N8.EPI_ISL_17086350.Galliformes.japan.NA.2021-02-11             0.00%    passed     99.54%
 231  H5N8.EPI_ISL_17086351.Galliformes.japan.NA.2021-02-11             0.00%    passed     99.84%
 232  H5N8.EPI_ISL_17086349.Galliformes.japan.NA.2021-02-08             0.00%    passed     99.12%
 233  H5N8.EPI_ISL_17086338.Anseriformes.japan.NA.2021-01-21            0.00%    passed     99.12%
 234  H5N8.EPI_ISL_15613489.Anseriformes.japan.NA.2021-01-24            0.00%    passed     99.12%
 235  H5N8.EPI_ISL_14823421.Anseriformes.china.NA.2021-01-27            0.00%    passed     98.89%
 236  H5N8.EPI_ISL_14822452.Anseriformes.china.NA.2021-03-12            0.00%    passed     98.89%
 237  H5N8.EPI_ISL_17086342.environment.japan.NA.2020-11-16             0.00%    passed     97.47%
 238  H5N8.EPI_ISL_17086222.Anseriformes.japan.NA.2020-11-30            0.00%    passed     97.47%
 239  H5N8.EPI_ISL_17086335.environment.japan.NA.2020-12-19             0.00%    passed     96.48%
 240  H5N8.EPI_ISL_4105028.Galliformes.japan.NA.2020-01-01              0.00%    passed     97.73%
 241  H5N8.EPI_ISL_4030493.environment.japan.NA.2020-12-09              0.00%    passed     98.13%
 242  H5N8.EPI_ISL_17086344.Falconiformes.japan.NA.2020-12-04           0.00%    passed     98.06%
 243  H5N8.EPI_ISL_17086343.Anseriformes.japan.NA.2020-12-03            0.00%    passed     97.21%
 244  H5N8.EPI_ISL_17086223.Anseriformes.japan.NA.2020-11-30            0.00%    passed     97.73%
 245  H5N8.EPI_ISL_15063430.Galliformes.japan.NA.2021-11-15             0.00%    passed     97.70%
 246  H5N8.EPI_ISL_15063428.environment.japan.NA.2021-11-10             0.00%    passed     98.43%
 247  H5N8.EPI_ISL_17655601.environment.japan.NA.2021-12-06             0.00%    passed     95.63%
 248  H5N8.EPI_ISL_17655579.environment.japan.NA.2021-11-22             0.00%    passed     96.80%
 249  H5N8.EPI_ISL_17655598.environment.japan.NA.2021-11-29             0.00%    passed     97.13%
 250  H5N8.EPI_ISL_14840053.Anseriformes.china.NA.2021-01-21            0.00%    passed     98.89%
 251  H5N8.EPI_ISL_4062441.Anseriformes.china.NA.2020-11-01             0.00%    passed     98.35%
 252  H5N8.EPI_ISL_17086352.Galliformes.japan.NA.2021-02-15             0.07%    passed     99.47%
 253  H5N8.EPI_ISL_1123263.Galliformes.united_kingdom.1.2020-12-16      0.00%    passed     99.85%
 254  H5N8.EPI_ISL_1114745.Galliformes.russia.1.2020-10-17              0.00%    passed     99.74%
 255  H5N8.EPI_ISL_14819897.Anseriformes.china.NA.2020-10-16            0.00%    passed     96.52%
 256  H5N8.EPI_ISL_17086230.environment.japan.NA.2020-12-06             0.00%    passed     97.92%
 257  H5N8.EPI_ISL_17086227.environment.japan.NA.2020-11-25             0.07%    passed     97.57%
 258  H5N8.EPI_ISL_17086229.environment.japan.NA.2020-12-02             0.00%    passed     98.13%
 259  H5N8.EPI_ISL_17086348.environment.japan.NA.2020-12-19             0.07%    passed     95.43%
 260  H5N8.EPI_ISL_17086353.environment.japan.NA.2021-03-13             0.00%    passed     96.89%
 261  H5N8.EPI_ISL_17086334.Galliformes.japan.NA.2020-12-12             0.00%    passed     97.22%
 262  H5N8.EPI_ISL_17086231.environment.japan.NA.2020-12-07             0.00%    passed     97.22%
 263  H5N8.EPI_ISL_17086228.environment.japan.NA.2020-11-25             0.00%    passed     99.17%
 264  H5N8.EPI_ISL_17086336.Galliformes.japan.NA.2021-01-02             0.00%    passed     95.70%
 265  H5N8.EPI_ISL_17086225.environment.japan.NA.2020-11-11             0.00%    passed     97.34%
 266  H5N8.EPI_ISL_17086221.Accipitriformes.japan.NA.2020-12-20         0.00%    passed     97.21%
 267  H5N8.EPI_ISL_710505.Galliformes.united_kingdom.1.2020-12-02       0.00%    passed     99.69%
 268  H5N8.EPI_ISL_7623043.Charadriiformes.belgium.1.2021-01-11         0.00%    passed     99.42%
 269  H5N8.EPI_ISL_654824.Anseriformes.russia.1.2020-09-15              0.00%    passed     99.84%
 270  H5N8.EPI_ISL_654821.Galliformes.russia.1.2020-09-15               0.00%    passed     99.84%
 271  H5N8.EPI_ISL_644158.Galliformes.russia.1.2020-08-17               0.00%    passed     99.42%
 272  H5N8.EPI_ISL_644139.Anseriformes.russia.1.2020-08-17              0.00%    passed     99.42%
 273  H5N8.EPI_ISL_644122.Anseriformes.russia.1.2020-08-13              0.00%    passed     99.82%
 274  H5N8.EPI_ISL_17086347.Anseriformes.japan.NA.2021-02-04            0.00%    passed     98.36%
 275  H5N8.EPI_ISL_5102449.Accipitriformes.germany.1.2020-10-29         0.00%    passed     99.69%
 276  H5N8.EPI_ISL_5057844.Anseriformes.germany.1.2020-10-28            0.00%    passed     99.69%
 277  H5N8.EPI_ISL_1114751.Galliformes.russia.1.2020-12-11              0.00%    passed     99.89%
 278  H5N8.EPI_ISL_1114735.Galliformes.russia.1.2020-09-26              0.00%    passed     99.84%
 279  H5N8.EPI_ISL_1095450.Anseriformes.sweden.1.2021-02-01             0.00%    passed     99.72%
 280  H5N8.EPI_ISL_710512.Anseriformes.united_kingdom.1.2020-11-19      0.00%    passed     99.77%
 281  H5N8.EPI_ISL_644141.Anseriformes.russia.1.2020-08-17              0.00%    passed     98.96%
 282  H5N8.EPI_ISL_1719911.Anseriformes.lithuania.1.2021-03-19          0.00%    passed     99.40%
 283  H5N8.EPI_ISL_1114747.Galliformes.russia.1.2020-10-25              0.00%    passed     99.69%
 284  H5N8.EPI_ISL_644735.Anseriformes.belgium.1.2020-11-04             0.00%    passed     99.69%
 285  H5N8.EPI_ISL_13175667.Anseriformes.sweden.1.2021-02-24            0.00%    passed     99.90%
 286  H5N8.EPI_ISL_7596571.Passeriformes.belgium.1.2020-11-13           0.00%    passed     99.87%
 287  H5N8.EPI_ISL_7590312.Anseriformes.belgium.1.2021-01-11            0.00%    passed     99.77%
 288  H5N8.EPI_ISL_5057875.Anseriformes.germany.1.2020-10-30            0.00%    passed     99.77%
 289  H5N8.EPI_ISL_3138566.Strigiformes.NA.NA.2021-03-26                0.00%    passed     99.99%
 290  H5N8.EPI_ISL_3128535.Strigiformes.NA.NA.2021-03-25                0.00%    passed     99.52%
 291  H5N8.EPI_ISL_1305780.Anseriformes.sweden.1.2021-02-19             0.00%    passed     99.52%
 292  H5N8.EPI_ISL_1240717.Accipitriformes.sweden.1.2021-02-21          0.00%    passed     99.52%
 293  H5N8.EPI_ISL_1123351.Anseriformes.united_kingdom.1.2020-12-18     0.00%    passed     99.52%
 294  H5N8.EPI_ISL_1114757.Galliformes.russia.1.2021-01-29              0.00%    passed     99.12%
 295  H5N8.EPI_ISL_1114756.Galliformes.russia.1.2021-01-29              0.00%    passed     97.42%
 296  H5N8.EPI_ISL_1114750.Galliformes.russia.1.2020-12-11              0.00%    passed     99.66%
 297  H5N8.EPI_ISL_1095365.Anseriformes.sweden.1.2021-02-07             0.00%    passed     99.79%
 298  H5N8.EPI_ISL_826457.Galliformes.sweden.1.2021-01-02               0.00%    passed     99.90%
 299  H5N8.EPI_ISL_766056.Falconiformes.united_kingdom.1.2020-12-14     0.00%    passed     99.50%
 300  H5N8.EPI_ISL_683593.Anseriformes.italy.1.2020-11-14               0.00%    passed     99.53%
 301  H5N8.EPI_ISL_644148.Galliformes.canada.1.2020-08-06               0.00%    passed     99.72%
 302  H5N8.EPI_ISL_644144.Anseriformes.russia.1.2020-08-17              0.00%    passed     99.82%
 303  H5N8.EPI_ISL_644124.Anseriformes.russia.1.2020-08-13              0.00%    passed     99.12%
 304  H5N8.EPI_ISL_644121.Galliformes.russia.1.2020-08-13               0.00%    passed     99.12%
 305  H5N8.EPI_ISL_5144632.Galliformes.germany.1.2021-03-08             0.07%    passed     99.47%
 306  H5N8.EPI_ISL_5144341.Galliformes.germany.1.2021-03-20             0.07%    passed     99.47%
 307  H5N8.EPI_ISL_5143820.Galliformes.germany.1.2021-03-22             0.07%    passed     99.47%
 308  H5N8.EPI_ISL_5143587.Galliformes.germany.1.2021-03-24             0.07%    passed     99.47%
 309  H5N8.EPI_ISL_17212363.Galliformes.united_kingdom.NA.2020-11-01    0.00%    passed     99.40%
 310  H5N8.EPI_ISL_5143584.Galliformes.germany.1.2021-03-24             0.00%    passed     99.59%
 311  H5N8.EPI_ISL_5143583.Galliformes.germany.1.2021-03-24             0.00%    passed     99.59%
 312  H5N8.EPI_ISL_5123579.Anseriformes.germany.1.2021-03-19            0.00%    passed     99.08%
 313  H5N8.EPI_ISL_5097280.Galliformes.germany.1.2021-01-17             0.00%    passed     99.77%
 314  H5N8.EPI_ISL_5062851.Charadriiformes.germany.1.2020-11-02         0.00%    passed     99.59%
 315  H5N8.EPI_ISL_5058090.Charadriiformes.germany.1.2020-11-02         0.00%    passed     99.77%
 316  H5N8.EPI_ISL_5057876.Anseriformes.germany.NA.2020-11-01           0.00%    passed     99.77%
 317  H5N8.EPI_ISL_5057856.Falconiformes.germany.1.2020-10-26           0.00%    passed     99.77%
 318  H5N8.EPI_ISL_1114753.Anseriformes.russia.1.2020-12-31             0.00%    passed     99.97%
 319  H5N8.EPI_ISL_1114748.Galliformes.russia.1.2020-10-25              0.00%    passed     99.84%
 320  H5N8.EPI_ISL_826283.Galliformes.sweden.1.2020-12-21               0.00%    passed     99.82%
 321  H5N8.EPI_ISL_17086341.environment.japan.NA.2021-02-09             0.07%    passed     98.25%
 322  H5N8.EPI_ISL_7597827.Podicipediformes.belgium.1.2020-11-24        0.00%    passed     99.70%
 323  H5N8.EPI_ISL_7591058.Anseriformes.belgium.1.2021-04-20            0.00%    passed     99.91%
 324  H5N8.EPI_ISL_6816058.environment.china.NA.2021-11-01              0.00%    passed     99.08%
 325  H5N8.EPI_ISL_5095550.Anseriformes.germany.NA.2020-12-21           0.14%    passed     99.87%
 326  H5N8.EPI_ISL_3128152.Anseriformes.sweden.1.2021-03-25             0.00%    passed     99.07%
 327  H5N8.EPI_ISL_1719912.Anseriformes.lithuania.1.2021-03-19          0.00%    passed     99.52%
 328  H5N8.EPI_ISL_1391203.Falconiformes.sweden.NA.2021-03-16           0.00%    passed     99.15%
 329  H5N8.EPI_ISL_1239110.Accipitriformes.sweden.1.2021-02-22          0.00%    passed     99.94%
 330  H5N8.EPI_ISL_1093425.Anseriformes.NA.1.2021-02-16                 0.00%    passed     99.58%
 331  H5N8.EPI_ISL_766054.Galliformes.united_kingdom.1.2020-12-04       0.00%    passed     99.77%
 332  H5N8.EPI_ISL_710509.Galliformes.united_kingdom.1.2020-11-10       0.00%    passed     99.70%
 333  H5N8.EPI_ISL_668456.Falconiformes.sweden.1.2020-11-10             0.00%    passed     99.94%
 334  H5N8.EPI_ISL_654839.Anseriformes.russia.1.2020-08-27              0.00%    passed     99.78%
 335  H5N8.EPI_ISL_654838.Galliformes.russia.1.2020-08-27               0.00%    passed     99.78%
 336  H5N8.EPI_ISL_654831.Anseriformes.russia.1.2020-09-03              0.00%    passed     98.62%
 337  H5N8.EPI_ISL_644154.Galliformes.russia.1.2020-08-17               0.00%    passed     99.94%
 338  H5N8.EPI_ISL_644136.Anseriformes.russia.1.2020-08-17              0.00%    passed     99.69%
 339  H5N8.EPI_ISL_5062078.Charadriiformes.germany.1.2020-11-06         0.07%    passed     99.86%
 340  H5N8.EPI_ISL_5115619.Galliformes.germany.1.2021-03-04             0.00%    passed     99.66%
 341  H5N8.EPI_ISL_5098145.Galliformes.germany.1.2021-02-04             0.00%    passed     99.65%
 342  H5N8.EPI_ISL_5098135.Falconiformes.germany.1.2020-12-21           0.00%    passed     99.52%
 343  H5N8.EPI_ISL_5095645.Galliformes.germany.1.2021-01-26             0.00%    passed     99.40%
 344  H5N8.EPI_ISL_5063706.Anseriformes.germany.1.2020-11-06            0.00%    passed     99.91%
 345  H5N8.EPI_ISL_3298195.Anseriformes.sweden.NA.2021-03-23            0.00%    passed     99.87%
 346  H5N8.EPI_ISL_7623303.Passeriformes.belgium.1.2021-03-01           0.00%    passed     99.77%
 347  H5N8.EPI_ISL_7623299.Columbiformes.belgium.1.2021-03-01           0.00%    passed     99.77%
 348  H5N8.EPI_ISL_2254497.Passeriformes.NA.1.2021-03-16                0.00%    passed     99.40%
 349  H5N8.EPI_ISL_1305775.Galliformes.sweden.1.2021-03-14              0.00%    passed     99.40%
 350  H5N8.EPI_ISL_1240715.Strigiformes.sweden.NA.2021-02-18            0.00%    passed     99.52%
 351  H5N8.EPI_ISL_654958.Anseriformes.italy.1.2020-11-14               0.00%    passed     99.59%
 352  H5N8.EPI_ISL_654834.Galliformes.russia.1.2020-08-27               0.00%    passed     99.72%
 353  H5N8.EPI_ISL_654833.Galliformes.canada.1.2020-09-08               0.00%    passed     99.69%
 354  H5N8.EPI_ISL_654830.Galliformes.russia.1.2020-09-03               0.00%    passed     99.98%
 355  H5N8.EPI_ISL_644150.Galliformes.russia.1.2020-08-17               0.00%    passed     99.91%
 356  H5N8.EPI_ISL_644135.Galliformes.russia.1.2020-08-17               0.00%    passed     99.99%
 357  H5N8.EPI_ISL_644125.Anseriformes.russia.1.2020-08-17              0.00%    passed     99.91%
 358  H5N8.EPI_ISL_18012466.Galliformes.china.NA.2021-11-09             0.00%    passed     95.86%
 359  H5N8.EPI_ISL_5142451.Galliformes.germany.1.2021-03-18             0.07%    passed     99.54%
 360  H5N8.EPI_ISL_5098160.Anseriformes.germany.1.2021-02-17            0.07%    passed     99.61%
 361  H5N8.EPI_ISL_5098147.Anseriformes.germany.1.2020-12-14            0.07%    passed     99.94%
 362  H5N8.EPI_ISL_813979.Falconiformes.ireland.1.2020-11-01            0.07%    passed     99.55%
 363  H5N8.EPI_ISL_5058630.Anseriformes.germany.NA.2020-10-31           0.00%    passed     99.08%
 364  H5N8.EPI_ISL_5144920.Galliformes.germany.1.2021-02-20             0.00%    passed     97.63%
 365  H5N8.EPI_ISL_5143417.Galliformes.germany.1.2021-03-10             0.00%    passed     99.74%
 366  H5N8.EPI_ISL_5123590.Anseriformes.germany.1.2021-03-11            0.00%    passed     99.40%
 367  H5N8.EPI_ISL_5116063.Anseriformes.germany.1.2021-02-26            0.00%    passed     99.64%
 368  H5N8.EPI_ISL_5102130.Galliformes.germany.1.2021-03-01             0.00%    passed     98.89%
 369  H5N8.EPI_ISL_1240998.Anseriformes.russia.1.2020-08-29             0.07%    passed     98.91%
 370  H5N8.EPI_ISL_1114763.Galliformes.russia.1.2021-01-05              0.00%    passed     96.92%
 371  H5N8.EPI_ISL_1039232.Galliformes.russia.1.2020-12-12              0.00%    passed     99.91%
 372  H5N8.EPI_ISL_5144529.Anseriformes.germany.1.2021-03-20            0.28%    passed     99.81%
 373  H5N8.EPI_ISL_5144368.Anseriformes.germany.1.2021-03-18            0.07%    passed     99.57%
 374  H5N8.EPI_ISL_5143300.Anseriformes.germany.1.2021-03-10            0.07%    passed     99.75%
 375  H5N8.EPI_ISL_5126214.Strigiformes.germany.1.2021-03-10            0.07%    passed     95.90%
 376  H5N8.EPI_ISL_7623789.Galliformes.belgium.1.2021-07-12             0.00%    passed     99.94%
 377  H5N8.EPI_ISL_5145613.Galliformes.germany.1.2021-03-01             0.00%    passed     99.26%
 378  H5N8.EPI_ISL_5115967.Galliformes.germany.1.2021-03-05             0.00%    passed     99.90%
 379  H5N8.EPI_ISL_5099478.Anseriformes.germany.NA.2021-02-17           0.21%    passed     99.50%
****  TOTAL                                                             0.01%  0 sequences failed composition chi2 test (p-value<5%; df=3)
NOTE: H5N8.EPI_ISL_5260466.Podicipediformes.china.1.2021-02-22 is identical to H5N8.EPI_ISL_625672.Anseriformes.china.1.2020-10-17 but kept for subsequent analysis
NOTE: H5N8.EPI_ISL_16405661.environment.japan.10.2020-11-23 is identical to H5N8.EPI_ISL_666687.Anseriformes.south_korea.10.2020-10-24 but kept for subsequent analysis
NOTE: H5N8.EPI_ISL_718120.Galliformes.japan.16.2020-12-09 is identical to H5N8.EPI_ISL_718107.Galliformes.japan.16.2020-12-07 but kept for subsequent analysis
NOTE: H5N8.EPI_ISL_17086335.environment.japan.NA.2020-12-19 is identical to H5N8.EPI_ISL_738057.Galliformes.japan.10.2020-12-18 but kept for subsequent analysis
NOTE: H5N8.EPI_ISL_17086229.environment.japan.NA.2020-12-02 is identical to H5N8.EPI_ISL_710444.Galliformes.japan.16.2020-12-01 but kept for subsequent analysis
NOTE: H5N8.EPI_ISL_17086230.environment.japan.NA.2020-12-06 is identical to H5N8.EPI_ISL_710451.Galliformes.japan.16.2020-12-05 but kept for subsequent analysis
NOTE: H5N8.EPI_ISL_17086350.Galliformes.japan.NA.2021-02-11 is identical to H5N8.EPI_ISL_1041129.Galliformes.japan.1.2021-02-10 but kept for subsequent analysis
NOTE: H5N8.EPI_ISL_17086351.Galliformes.japan.NA.2021-02-11 is identical to H5N8.EPI_ISL_1041130.Galliformes.japan.1.2021-02-10 but kept for subsequent analysis
NOTE: H5N8.EPI_ISL_985225.Galliformes.japan.1.2021-02-07 is identical to H5N8.EPI_ISL_1041168.Anseriformes.japan.1.2021-01-23 but kept for subsequent analysis
NOTE: H5N8.EPI_ISL_1009679.Anseriformes.south_korea.10.2020-12-28 is identical to H5N8.EPI_ISL_1041180.Anseriformes.japan.10.2021-02-13 but kept for subsequent analysis
NOTE: H5N8.EPI_ISL_17805905.Anseriformes.japan.1.2021-01-16 is identical to H5N8.EPI_ISL_1114725.Anseriformes.japan.1.2021-01-16 but kept for subsequent analysis
NOTE: H5N8.EPI_ISL_1822593.Anseriformes.china.1.2020-11-10 is identical to H5N8.EPI_ISL_1937891.Anseriformes.china.1.2020-11-10 but kept for subsequent analysis
NOTE: H5N8.EPI_ISL_1760448.Anseriformes.china.1.2020-11-10 is identical to H5N8.EPI_ISL_1938478.Anseriformes.china.1.2020-11-10 but kept for subsequent analysis
NOTE: H5N8.EPI_ISL_5260470.Anseriformes.china.1.2021-01-23 is identical to H5N8.EPI_ISL_5260435.Anseriformes.china.1.2021-04-22 but kept for subsequent analysis
NOTE: H5N8.EPI_ISL_17655601.environment.japan.NA.2021-12-06 is identical to H5N8.EPI_ISL_6829497.Gruiformes.japan.1.2021-11-19 but kept for subsequent analysis
NOTE: H5N8.EPI_ISL_15063430.Galliformes.japan.NA.2021-11-15 is identical to H5N8.EPI_ISL_6829536.Galliformes.japan.1.2021-11-14 but kept for subsequent analysis
NOTE: H5N8.EPI_ISL_17805822.NA.japan.16.2021-02-01 is identical to H5N8.EPI_ISL_854606.Galliformes.japan.16.2021-01-12 but kept for subsequent analysis
NOTE: H5N8.EPI_ISL_985208.Anseriformes.south_korea.79.2020-12-27 is identical to H5N8.EPI_ISL_985182.Galliformes.south_korea.79.2020-12-06 but kept for subsequent analysis
NOTE: H5N8.EPI_ISL_1009699.Anseriformes.south_korea.16.2020-11-25 is identical to H5N8.EPI_ISL_985183.Galliformes.south_korea.16.2020-12-07 but kept for subsequent analysis
NOTE: H5N8.EPI_ISL_985203.Anseriformes.south_korea.16.2020-12-23 is identical to H5N8.EPI_ISL_985192.Galliformes.south_korea.16.2020-12-14 but kept for subsequent analysis
NOTE: H5N8.EPI_ISL_1009691.Anseriformes.south_korea.1.2021-01-04 is identical to H5N8.EPI_ISL_1009680.Galliformes.south_korea.1.2020-12-28 but kept for subsequent analysis
NOTE: H5N8.EPI_ISL_14819897.Anseriformes.china.NA.2020-10-16 is identical to H5N8.EPI_ISL_2820480.Anseriformes.china.10.2020-10-16 but kept for subsequent analysis
NOTE: H5N8.EPI_ISL_1114751.Galliformes.russia.1.2020-12-11 is identical to H5N8.EPI_ISL_5863650.Anseriformes.united_states.1.2020-12-29 but kept for subsequent analysis
NOTE: H5N8.EPI_ISL_2932608.Galliformes.kazakhstan.1.2020-09-01 is identical to H5N8.EPI_ISL_2932600.Anseriformes.kazakhstan.1.2020-09-01 but kept for subsequent analysis
NOTE: H5N8.EPI_ISL_2932609.Anseriformes.kazakhstan.1.2020-09-15 is identical to H5N8.EPI_ISL_2932617.Passeriformes.kazakhstan.1.2020-09-15 but kept for subsequent analysis
NOTE: H5N8.EPI_ISL_17086353.environment.japan.NA.2021-03-13 is identical to H5N8.EPI_ISL_1273440.Galliformes.japan.16.2021-03-13 but kept for subsequent analysis
NOTE: H5N8.EPI_ISL_17086354.Anseriformes.japan.NA.2021-01-29 is identical to H5N8.EPI_ISL_978906.Galliformes.japan.16.2021-01-22 but kept for subsequent analysis
NOTE: H5N8.EPI_ISL_14824095.Anseriformes.china.1.2020-11-10 is identical to H5N8.EPI_ISL_14819900.Anseriformes.china.1.2021-03-11 but kept for subsequent analysis
NOTE: H5N8.EPI_ISL_14822356.Anseriformes.china.1.2021-03-11 is identical to H5N8.EPI_ISL_14836024.Anseriformes.china.1.2020-11-14 but kept for subsequent analysis
NOTE: H5N8.EPI_ISL_14822357.Anseriformes.china.1.2021-03-11 is identical to H5N8.EPI_ISL_14836098.Anseriformes.china.1.2020-11-16 but kept for subsequent analysis
NOTE: H5N8.EPI_ISL_17805848.environment.japan.10.2020-11-09 is identical to H5N8.EPI_ISL_16405650.environment.japan.10.2020-11-09 but kept for subsequent analysis
NOTE: H5N8.EPI_ISL_17805857.environment.japan.10.2020-11-09 is identical to H5N8.EPI_ISL_16405654.environment.japan.10.2020-11-09 but kept for subsequent analysis
NOTE: H5N8.EPI_ISL_17805860.environment.japan.10.2020-11-16 is identical to H5N8.EPI_ISL_16405655.environment.japan.10.2020-11-16 but kept for subsequent analysis
NOTE: H5N8.EPI_ISL_17805839.environment.japan.10.2020-11-16 is identical to H5N8.EPI_ISL_16405659.environment.japan.10.2020-11-16 but kept for subsequent analysis
NOTE: H5N8.EPI_ISL_17805898.environment.japan.10.2020-11-23 is identical to H5N8.EPI_ISL_16405660.environment.japan.10.2020-11-23 but kept for subsequent analysis
NOTE: H5N8.EPI_ISL_17805877.environment.japan.10.2020-11-30 is identical to H5N8.EPI_ISL_16405663.environment.japan.10.2020-11-30 but kept for subsequent analysis
NOTE: H5N8.EPI_ISL_17805826.environment.japan.10.2020-11-30 is identical to H5N8.EPI_ISL_16405665.environment.japan.10.2020-11-30 but kept for subsequent analysis
NOTE: H5N8.EPI_ISL_17805870.environment.japan.10.2020-11-30 is identical to H5N8.EPI_ISL_16405666.environment.japan.10.2020-11-30 but kept for subsequent analysis
NOTE: H5N8.EPI_ISL_17805841.environment.japan.10.2020-11-30 is identical to H5N8.EPI_ISL_16405667.environment.japan.10.2020-11-30 but kept for subsequent analysis
NOTE: H5N8.EPI_ISL_17805849.environment.japan.10.2020-11-30 is identical to H5N8.EPI_ISL_16405671.environment.japan.10.2020-12-07 but kept for subsequent analysis
NOTE: H5N8.EPI_ISL_17805874.environment.japan.10.2020-12-07 is identical to H5N8.EPI_ISL_16405672.environment.japan.10.2020-12-07 but kept for subsequent analysis
NOTE: H5N8.EPI_ISL_17805816.environment.japan.10.2020-12-07 is identical to H5N8.EPI_ISL_16405674.environment.japan.10.2020-12-07 but kept for subsequent analysis
NOTE: H5N8.EPI_ISL_17805844.environment.japan.10.2020-12-21 is identical to H5N8.EPI_ISL_16405676.environment.japan.10.2020-12-21 but kept for subsequent analysis
NOTE: H5N8.EPI_ISL_17805845.environment.japan.10.2020-12-21 is identical to H5N8.EPI_ISL_16405677.environment.japan.10.2020-12-21 but kept for subsequent analysis
NOTE: H5N8.EPI_ISL_16718466.Anseriformes.japan.10.2020-12-18 is identical to H5N8.EPI_ISL_17805901.NA.japan.10.2020-12-18 but kept for subsequent analysis
NOTE: H5N8.EPI_ISL_5102449.Accipitriformes.germany.1.2020-10-29 is identical to H5N8.EPI_ISL_710505.Galliformes.united_kingdom.1.2020-12-02 but kept for subsequent analysis
NOTE: H5N8.EPI_ISL_654821.Galliformes.russia.1.2020-09-15 is identical to H5N8.EPI_ISL_654824.Anseriformes.russia.1.2020-09-15 but kept for subsequent analysis
NOTE: H5N8.EPI_ISL_644139.Anseriformes.russia.1.2020-08-17 is identical to H5N8.EPI_ISL_644158.Galliformes.russia.1.2020-08-17 but kept for subsequent analysis
NOTE: H5N8.EPI_ISL_7590312.Anseriformes.belgium.1.2021-01-11 is identical to H5N8.EPI_ISL_710512.Anseriformes.united_kingdom.1.2020-11-19 but kept for subsequent analysis
NOTE: H5N8.EPI_ISL_826457.Galliformes.sweden.1.2021-01-02 is identical to H5N8.EPI_ISL_13175667.Anseriformes.sweden.1.2021-02-24 but kept for subsequent analysis
NOTE: H5N8.EPI_ISL_1305780.Anseriformes.sweden.1.2021-02-19 is identical to H5N8.EPI_ISL_3128535.Strigiformes.NA.NA.2021-03-25 but kept for subsequent analysis
NOTE: H5N8.EPI_ISL_644121.Galliformes.russia.1.2020-08-13 is identical to H5N8.EPI_ISL_644124.Anseriformes.russia.1.2020-08-13 but kept for subsequent analysis
NOTE: H5N8.EPI_ISL_5144341.Galliformes.germany.1.2021-03-20 is identical to H5N8.EPI_ISL_5144632.Galliformes.germany.1.2021-03-08 but kept for subsequent analysis
NOTE: H5N8.EPI_ISL_5143583.Galliformes.germany.1.2021-03-24 is identical to H5N8.EPI_ISL_5143584.Galliformes.germany.1.2021-03-24 but kept for subsequent analysis
NOTE: H5N8.EPI_ISL_654838.Galliformes.russia.1.2020-08-27 is identical to H5N8.EPI_ISL_654839.Anseriformes.russia.1.2020-08-27 but kept for subsequent analysis
NOTE: H5N8.EPI_ISL_7623299.Columbiformes.belgium.1.2021-03-01 is identical to H5N8.EPI_ISL_7623303.Passeriformes.belgium.1.2021-03-01 but kept for subsequent analysis
NOTE: H5N8.EPI_ISL_1305775.Galliformes.sweden.1.2021-03-14 is identical to H5N8.EPI_ISL_2254497.Passeriformes.NA.1.2021-03-16 but kept for subsequent analysis
NOTE: H5N8.EPI_ISL_644125.Anseriformes.russia.1.2020-08-17 is identical to H5N8.EPI_ISL_644150.Galliformes.russia.1.2020-08-17 but kept for subsequent analysis
NOTE: 36 identical sequences (see below) will be ignored for subsequent analysis
NOTE: H5N8.EPI_ISL_1760451.Anseriformes.china.1.2020-11-10 (identical to H5N8.EPI_ISL_625672.Anseriformes.china.1.2020-10-17) is ignored but added at the end
NOTE: H5N8.EPI_ISL_17805861.environment.japan.10.2020-11-23 (identical to H5N8.EPI_ISL_666687.Anseriformes.south_korea.10.2020-10-24) is ignored but added at the end
NOTE: H5N8.EPI_ISL_732946.Galliformes.japan.16.2020-12-12 (identical to H5N8.EPI_ISL_718107.Galliformes.japan.16.2020-12-07) is ignored but added at the end
NOTE: H5N8.EPI_ISL_17086333.environment.japan.NA.2020-12-12 (identical to H5N8.EPI_ISL_718107.Galliformes.japan.16.2020-12-07) is ignored but added at the end
NOTE: H5N8.EPI_ISL_17086303.environment.japan.NA.2020-12-10 (identical to H5N8.EPI_ISL_718107.Galliformes.japan.16.2020-12-07) is ignored but added at the end
NOTE: H5N8.EPI_ISL_4105028.Galliformes.japan.NA.2020-01-01 (identical to H5N8.EPI_ISL_718107.Galliformes.japan.16.2020-12-07) is ignored but added at the end
NOTE: H5N8.EPI_ISL_17086349.Galliformes.japan.NA.2021-02-08 (identical to H5N8.EPI_ISL_1041168.Anseriformes.japan.1.2021-01-23) is ignored but added at the end
NOTE: H5N8.EPI_ISL_17086338.Anseriformes.japan.NA.2021-01-21 (identical to H5N8.EPI_ISL_1041168.Anseriformes.japan.1.2021-01-23) is ignored but added at the end
NOTE: H5N8.EPI_ISL_16405678.environment.japan.10.2020-12-21 (identical to H5N8.EPI_ISL_1041180.Anseriformes.japan.10.2021-02-13) is ignored but added at the end
NOTE: H5N8.EPI_ISL_17805814.environment.japan.10.2020-12-21 (identical to H5N8.EPI_ISL_1041180.Anseriformes.japan.10.2021-02-13) is ignored but added at the end
NOTE: H5N8.EPI_ISL_17805882.NA.japan.10.2021-02-03 (identical to H5N8.EPI_ISL_1041180.Anseriformes.japan.10.2021-02-13) is ignored but added at the end
NOTE: H5N8.EPI_ISL_16718463.Gruiformes.japan.10.2021-02-05 (identical to H5N8.EPI_ISL_1041180.Anseriformes.japan.10.2021-02-13) is ignored but added at the end
NOTE: H5N8.EPI_ISL_17086342.environment.japan.NA.2020-11-16 (identical to H5N8.EPI_ISL_1041180.Anseriformes.japan.10.2021-02-13) is ignored but added at the end
NOTE: H5N8.EPI_ISL_17086222.Anseriformes.japan.NA.2020-11-30 (identical to H5N8.EPI_ISL_1041180.Anseriformes.japan.10.2021-02-13) is ignored but added at the end
NOTE: H5N8.EPI_ISL_16718465.Gruiformes.japan.1.2021-01-16 (identical to H5N8.EPI_ISL_1114725.Anseriformes.japan.1.2021-01-16) is ignored but added at the end
NOTE: H5N8.EPI_ISL_15613489.Anseriformes.japan.NA.2021-01-24 (identical to H5N8.EPI_ISL_1114725.Anseriformes.japan.1.2021-01-16) is ignored but added at the end
NOTE: H5N8.EPI_ISL_1939617.Strigiformes.china.1.2020-11-11 (identical to H5N8.EPI_ISL_1938478.Anseriformes.china.1.2020-11-10) is ignored but added at the end
NOTE: H5N8.EPI_ISL_985191.Galliformes.south_korea.1.2020-12-12 (identical to H5N8.EPI_ISL_5260435.Anseriformes.china.1.2021-04-22) is ignored but added at the end
NOTE: H5N8.EPI_ISL_1009685.Anseriformes.south_korea.1.2020-12-30 (identical to H5N8.EPI_ISL_5260435.Anseriformes.china.1.2021-04-22) is ignored but added at the end
NOTE: H5N8.EPI_ISL_2555536.Charadriiformes.china.1.2020-11-16 (identical to H5N8.EPI_ISL_5260435.Anseriformes.china.1.2021-04-22) is ignored but added at the end
NOTE: H5N8.EPI_ISL_2555542.Anseriformes.china.1.2020-11-12 (identical to H5N8.EPI_ISL_5260435.Anseriformes.china.1.2021-04-22) is ignored but added at the end
NOTE: H5N8.EPI_ISL_14823421.Anseriformes.china.NA.2021-01-27 (identical to H5N8.EPI_ISL_5260435.Anseriformes.china.1.2021-04-22) is ignored but added at the end
NOTE: H5N8.EPI_ISL_14822452.Anseriformes.china.NA.2021-03-12 (identical to H5N8.EPI_ISL_5260435.Anseriformes.china.1.2021-04-22) is ignored but added at the end
NOTE: H5N8.EPI_ISL_16718460.Accipitriformes.japan.16.2021-02-01 (identical to H5N8.EPI_ISL_854606.Galliformes.japan.16.2021-01-12) is ignored but added at the end
NOTE: H5N8.EPI_ISL_2932682.Columbiformes.kazakhstan.1.2020-09-15 (identical to H5N8.EPI_ISL_2932617.Passeriformes.kazakhstan.1.2020-09-15) is ignored but added at the end
NOTE: H5N8.EPI_ISL_17086339.Galliformes.japan.NA.2021-01-23 (identical to H5N8.EPI_ISL_978906.Galliformes.japan.16.2021-01-22) is ignored but added at the end
NOTE: H5N8.EPI_ISL_5057844.Anseriformes.germany.1.2020-10-28 (identical to H5N8.EPI_ISL_710505.Galliformes.united_kingdom.1.2020-12-02) is ignored but added at the end
NOTE: H5N8.EPI_ISL_644735.Anseriformes.belgium.1.2020-11-04 (identical to H5N8.EPI_ISL_710505.Galliformes.united_kingdom.1.2020-12-02) is ignored but added at the end
NOTE: H5N8.EPI_ISL_5057875.Anseriformes.germany.1.2020-10-30 (identical to H5N8.EPI_ISL_710512.Anseriformes.united_kingdom.1.2020-11-19) is ignored but added at the end
NOTE: H5N8.EPI_ISL_5097280.Galliformes.germany.1.2021-01-17 (identical to H5N8.EPI_ISL_710512.Anseriformes.united_kingdom.1.2020-11-19) is ignored but added at the end
NOTE: H5N8.EPI_ISL_5058090.Charadriiformes.germany.1.2020-11-02 (identical to H5N8.EPI_ISL_710512.Anseriformes.united_kingdom.1.2020-11-19) is ignored but added at the end
NOTE: H5N8.EPI_ISL_5057876.Anseriformes.germany.NA.2020-11-01 (identical to H5N8.EPI_ISL_710512.Anseriformes.united_kingdom.1.2020-11-19) is ignored but added at the end
NOTE: H5N8.EPI_ISL_5057856.Falconiformes.germany.1.2020-10-26 (identical to H5N8.EPI_ISL_710512.Anseriformes.united_kingdom.1.2020-11-19) is ignored but added at the end
NOTE: H5N8.EPI_ISL_1240717.Accipitriformes.sweden.1.2021-02-21 (identical to H5N8.EPI_ISL_3128535.Strigiformes.NA.NA.2021-03-25) is ignored but added at the end
NOTE: H5N8.EPI_ISL_5143820.Galliformes.germany.1.2021-03-22 (identical to H5N8.EPI_ISL_5144632.Galliformes.germany.1.2021-03-08) is ignored but added at the end
NOTE: H5N8.EPI_ISL_5143587.Galliformes.germany.1.2021-03-24 (identical to H5N8.EPI_ISL_5144632.Galliformes.germany.1.2021-03-08) is ignored but added at the end

For your convenience alignment with unique sequences printed to clade2344b_asia_N8_subsampled.fasta.uniqueseq.phy

Create initial parsimony tree by phylogenetic likelihood library (PLL)... 0.028 seconds
Generating 1000 samples for ultrafast bootstrap (seed: 269920)...

NOTE: 19 MB RAM (0 GB) is required!
Measuring multi-threading efficiency up to 6 CPU cores
Increase to 10 rounds for branch lengths
43 trees examined
Threads: 1 / Time: 6.035 sec / Speedup: 1.000 / Efficiency: 100% / LogL: -30500
Threads: 2 / Time: 4.026 sec / Speedup: 1.499 / Efficiency: 75% / LogL: -30500
Threads: 3 / Time: 3.433 sec / Speedup: 1.758 / Efficiency: 59% / LogL: -30500
Threads: 4 / Time: 3.335 sec / Speedup: 1.810 / Efficiency: 45% / LogL: -30500
BEST NUMBER OF THREADS: 3

Estimate model parameters (epsilon = 0.100)
1. Initial log-likelihood: -7602.004
2. Current log-likelihood: -6928.923
3. Current log-likelihood: -6928.753
Optimal log-likelihood: -6928.752
Rate parameters:  A-C: 1.00000  A-G: 9.09195  A-T: 1.00000  C-G: 1.00000  C-T: 9.09195  G-T: 1.00000
Base frequencies:  A: 0.299  C: 0.176  G: 0.266  T: 0.260
Gamma shape alpha: 0.429
Parameters optimization took 3 rounds (0.181 sec)
Computing ML distances based on estimated model parameters... 0.713 sec
Computing BIONJ tree...
0.088 seconds
Log-likelihood of BIONJ tree: -6865.214
--------------------------------------------------------------------
|             INITIALIZING CANDIDATE TREE SET                      |
--------------------------------------------------------------------
Generating 98 parsimony trees... 2.839 second
Computing log-likelihood of 98 initial trees ... 3.281 seconds
Current best score: -6865.214

Do NNI search on 20 best initial trees
Estimate model parameters (epsilon = 0.100)
BETTER TREE FOUND at iteration 1: -6861.721
Iteration 10 / LogL: -6873.606 / Time: 0h:0m:32s
Iteration 20 / LogL: -6885.924 / Time: 0h:0m:43s
Finish initializing candidate tree set (20)
Current best tree score: -6861.721 / CPU time: 26.477
Number of iterations: 20
--------------------------------------------------------------------
|               OPTIMIZING CANDIDATE TREE SET                      |
--------------------------------------------------------------------
Estimate model parameters (epsilon = 0.100)
BETTER TREE FOUND at iteration 22: -6850.139
Iteration 30 / LogL: -6863.294 / Time: 0h:0m:52s (0h:2m:44s left)
Iteration 40 / LogL: -6860.373 / Time: 0h:1m:1s (0h:2m:8s left)
Iteration 50 / LogL: -6859.930 / Time: 0h:1m:10s (0h:1m:42s left)
Log-likelihood cutoff on original alignment: -6903.459
Estimate model parameters (epsilon = 0.100)
BETTER TREE FOUND at iteration 54: -6849.758
Iteration 60 / LogL: -6870.279 / Time: 0h:1m:19s (0h:2m:6s left)
Estimate model parameters (epsilon = 0.100)
BETTER TREE FOUND at iteration 68: -6849.236
Iteration 70 / LogL: -6858.979 / Time: 0h:1m:27s (0h:2m:3s left)
Iteration 80 / LogL: -6861.604 / Time: 0h:1m:35s (0h:1m:45s left)
Iteration 90 / LogL: -6850.709 / Time: 0h:1m:44s (0h:1m:31s left)
Iteration 100 / LogL: -6855.713 / Time: 0h:1m:52s (0h:1m:17s left)
Log-likelihood cutoff on original alignment: -6903.459
NOTE: Bootstrap correlation coefficient of split occurrence frequencies: 0.996
Iteration 110 / LogL: -6856.398 / Time: 0h:2m:3s (0h:1m:41s left)
Iteration 120 / LogL: -6862.454 / Time: 0h:2m:12s (0h:1m:29s left)
Estimate model parameters (epsilon = 0.100)
BETTER TREE FOUND at iteration 129: -6849.000
Iteration 130 / LogL: -6861.184 / Time: 0h:2m:20s (0h:1m:47s left)
Iteration 140 / LogL: -6863.186 / Time: 0h:2m:30s (0h:1m:36s left)
Iteration 150 / LogL: -6885.319 / Time: 0h:2m:39s (0h:1m:24s left)
Log-likelihood cutoff on original alignment: -6903.459
Iteration 160 / LogL: -7037.297 / Time: 0h:2m:50s (0h:1m:14s left)
Iteration 170 / LogL: -6882.143 / Time: 0h:2m:59s (0h:1m:2s left)
Iteration 180 / LogL: -6853.797 / Time: 0h:3m:9s (0h:0m:51s left)
Iteration 190 / LogL: -6854.694 / Time: 0h:3m:20s (0h:0m:41s left)
Iteration 200 / LogL: -6868.488 / Time: 0h:3m:29s (0h:0m:30s left)
Log-likelihood cutoff on original alignment: -6903.459
NOTE: Bootstrap correlation coefficient of split occurrence frequencies: 0.989
NOTE: UFBoot does not converge, continue at least 100 more iterations
Iteration 210 / LogL: -6879.054 / Time: 0h:3m:40s (0h:1m:35s left)
Estimate model parameters (epsilon = 0.100)
BETTER TREE FOUND at iteration 213: -6848.914
Estimate model parameters (epsilon = 0.100)
BETTER TREE FOUND at iteration 218: -6848.534
Iteration 220 / LogL: -6861.111 / Time: 0h:3m:52s (0h:1m:44s left)
Iteration 230 / LogL: -6851.055 / Time: 0h:4m:4s (0h:1m:33s left)
Iteration 240 / LogL: -6864.273 / Time: 0h:4m:16s (0h:1m:23s left)
Iteration 250 / LogL: -6874.220 / Time: 0h:4m:28s (0h:1m:13s left)
Log-likelihood cutoff on original alignment: -6903.459
Iteration 260 / LogL: -6851.948 / Time: 0h:4m:42s (0h:1m:3s left)
Estimate model parameters (epsilon = 0.100)
BETTER TREE FOUND at iteration 262: -6847.826
Iteration 270 / LogL: -6859.522 / Time: 0h:4m:53s (0h:1m:40s left)
Iteration 280 / LogL: -6889.551 / Time: 0h:5m:6s (0h:1m:29s left)
Iteration 290 / LogL: -6872.810 / Time: 0h:5m:17s (0h:1m:19s left)
Iteration 300 / LogL: -6861.203 / Time: 0h:5m:31s (0h:1m:8s left)
Log-likelihood cutoff on original alignment: -6903.459
NOTE: Bootstrap correlation coefficient of split occurrence frequencies: 0.990
Iteration 310 / LogL: -6848.212 / Time: 0h:5m:45s (0h:1m:40s left)
Iteration 320 / LogL: -6848.347 / Time: 0h:5m:58s (0h:1m:29s left)
Iteration 330 / LogL: -6847.943 / Time: 0h:6m:11s (0h:1m:18s left)
Iteration 340 / LogL: -6848.188 / Time: 0h:6m:23s (0h:1m:7s left)
Iteration 350 / LogL: -6855.116 / Time: 0h:6m:36s (0h:0m:56s left)
Log-likelihood cutoff on original alignment: -6903.459
Iteration 360 / LogL: -6860.274 / Time: 0h:6m:52s (0h:0m:45s left)
TREE SEARCH COMPLETED AFTER 363 ITERATIONS / Time: 0h:6m:56s

--------------------------------------------------------------------
|                    FINALIZING TREE SEARCH                        |
--------------------------------------------------------------------
Performs final model parameters optimization
Estimate model parameters (epsilon = 0.010)
1. Initial log-likelihood: -6847.826
Optimal log-likelihood: -6847.826
Rate parameters:  A-C: 1.00000  A-G: 9.40478  A-T: 1.00000  C-G: 1.00000  C-T: 9.40478  G-T: 1.00000
Base frequencies:  A: 0.299  C: 0.176  G: 0.266  T: 0.260
Gamma shape alpha: 0.451
Parameters optimization took 1 rounds (0.027 sec)
BEST SCORE FOUND : -6847.826
Creating bootstrap support values...
Split supports printed to NEXUS file clade2344b_asia_N8_subsampled.fasta.splits.nex
Total tree length: 0.468

Total number of iterations: 363
CPU time used for tree search: 1097.785 sec (0h:18m:17s)
Wall-clock time used for tree search: 398.670 sec (0h:6m:38s)
Total CPU time used: 1140.636 sec (0h:19m:0s)
Total wall-clock time used: 417.676 sec (0h:6m:57s)

Computing bootstrap consensus tree...
Reading input file clade2344b_asia_N8_subsampled.fasta.splits.nex...
343 taxa and 13498 splits.
Consensus tree written to clade2344b_asia_N8_subsampled.fasta.contree
Reading input trees file clade2344b_asia_N8_subsampled.fasta.contree
Log-likelihood of consensus tree: -6849.944

Analysis results written to: 
  IQ-TREE report:                clade2344b_asia_N8_subsampled.fasta.iqtree
  Maximum-likelihood tree:       clade2344b_asia_N8_subsampled.fasta.treefile
  Likelihood distances:          clade2344b_asia_N8_subsampled.fasta.mldist

Ultrafast bootstrap approximation results written to:
  Split support values:          clade2344b_asia_N8_subsampled.fasta.splits.nex
  Consensus tree:                clade2344b_asia_N8_subsampled.fasta.contree
  Screen log file:               clade2344b_asia_N8_subsampled.fasta.log

Date and Time: Thu Jan 11 01:42:36 2024
