IQ-TREE multicore version 1.6.12 for Mac OS X 64-bit built Aug 15 2019
Developed by Bui Quang Minh, Nguyen Lam Tung, Olga Chernomor,
Heiko Schmidt, Dominik Schrempf, Michael Woodhams.

Host:    sce-bio-c05393 (AVX2, FMA3, 16 GB RAM)
Command: iqtree -s clade2344b_asia_N1_subsampled.fasta -nt AUTO -m HKY+G4 -bb 1000
Seed:    470294 (Using SPRNG - Scalable Parallel Random Number Generator)
Time:    Thu Jan 11 01:29:21 2024
Kernel:  AVX+FMA - auto-detect threads (6 CPU cores detected)

Reading alignment file clade2344b_asia_N1_subsampled.fasta ... Fasta format detected
Alignment most likely contains DNA/RNA sequences
Alignment has 211 sequences with 1410 columns, 296 distinct patterns
215 parsimony-informative, 108 singleton sites, 1087 constant sites
                                                                   Gap/Ambiguity  Composition  p-value
   1  H5N1.EPI_ISL_6829533.Galliformes.japan.22.2021-11-12                 0.00%    passed     99.99%
   2  H5N1.EPI_ISL_11211731.Anseriformes.bangladesh.19.2021-12-22          0.07%    passed     99.62%
   3  H5N1.EPI_ISL_11633613.Anseriformes.china.19.2021-12-20               0.00%    passed     99.97%
   4  H5N1.EPI_ISL_13243350.Anseriformes.bangladesh.19.2022-03-09          0.00%    passed     99.97%
   5  H5N1.EPI_ISL_14615027.Passeriformes.japan.2.2022-03-14               0.00%    passed     99.82%
   6  H5N1.EPI_ISL_11633709.Anseriformes.china.19.2021-12-20               0.00%    passed     99.93%
   7  H5N1.EPI_ISL_12174842.Carnivora.japan.2.2022-03-31                   0.00%    passed     99.67%
   8  H5N1.EPI_ISL_12174843.Passeriformes.japan.2.2022-03-29               0.00%    passed     99.25%
   9  H5N1.EPI_ISL_12572652.Galliformes.china.110.2022-03-03               0.00%    passed     97.65%
  10  H5N1.EPI_ISL_12572653.Galliformes.china.110.2021-12-07               0.00%    passed     97.06%
  11  H5N1.EPI_ISL_12572654.Anseriformes.china.22.2021-12-08               0.00%    passed     99.73%
  12  H5N1.EPI_ISL_12572656.Anseriformes.china.22.2022-02-22               0.00%    passed     99.81%
  13  H5N1.EPI_ISL_12572657.Anseriformes.china.110.2021-11-27              0.00%    passed     97.06%
  14  H5N1.EPI_ISL_12572658.Anseriformes.china.110.2022-01-10              0.00%    passed     97.06%
  15  H5N1.EPI_ISL_12572659.Anseriformes.china.22.2022-01-10               0.00%    passed     99.96%
  16  H5N1.EPI_ISL_12572660.Anseriformes.china.110.2021-12-08              0.00%    passed     94.88%
  17  H5N1.EPI_ISL_12572662.Anseriformes.china.19.2022-01-05               0.00%    passed     99.39%
  18  H5N1.EPI_ISL_12572663.Columbiformes.china.110.2021-12-08             0.00%    passed     97.06%
  19  H5N1.EPI_ISL_12572664.Anseriformes.china.2.2021-11-25                0.00%    passed     99.54%
  20  H5N1.EPI_ISL_14886367.Anseriformes.bangladesh.19.2021-12-19          0.00%    passed     99.48%
  21  H5N1.EPI_ISL_15647835.Anseriformes.south_korea.9.2022-10-19          0.00%    passed     97.79%
  22  H5N1.EPI_ISL_15647836.Anseriformes.south_korea.80.2022-10-10         0.00%    passed     99.80%
  23  H5N1.EPI_ISL_15923322.Falconiformes.japan.22.2022-09-25              0.07%    passed     99.89%
  24  H5N1.EPI_ISL_15943015.NA.south_korea.128.2022-11-07                  0.00%    passed     99.81%
  25  H5N1.EPI_ISL_12917757.Galliformes.israel.2.2021-10-29                0.00%    passed     99.96%
  26  H5N1.EPI_ISL_14064697.Passeriformes.japan.2.2022-01-20               0.00%    passed     99.57%
  27  H5N1.EPI_ISL_14064698.Passeriformes.japan.2.2022-02-03               0.00%    passed     99.67%
  28  H5N1.EPI_ISL_15944665.Anseriformes.south_korea.128.2022-11-17        0.00%    passed     99.56%
  29  H5N1.EPI_ISL_15944667.Anseriformes.south_korea.128.2022-11-21        0.00%    passed     99.94%
  30  H5N1.EPI_ISL_15072539.Casuariiformes.japan.2.2022-04-16              0.00%    passed     99.07%
  31  H5N1.EPI_ISL_14065167.Accipitriformes.japan.2.2022-02-10             0.00%    passed     99.57%
  32  H5N1.EPI_ISL_15072538.Galliformes.japan.2.2022-04-16                 0.00%    passed     99.85%
  33  H5N1.EPI_ISL_15576617.Anseriformes.japan.22.2022-10-08               0.00%    passed     99.89%
  34  H5N1.EPI_ISL_15576616.Anseriformes.japan.2.2022-10-04                0.00%    passed     99.92%
  35  H5N1.EPI_ISL_16388458.Anseriformes.japan.80.2022-11-23               0.00%    passed     99.29%
  36  H5N1.EPI_ISL_17638141.Galliformes.japan.80.2023-03-27                0.00%    passed     99.49%
  37  H5N1.EPI_ISL_17638143.Galliformes.japan.80.2023-04-02                0.00%    passed     98.95%
  38  H5N1.EPI_ISL_17949961.Passeriformes.japan.80.2023-03-10              0.00%    passed     99.49%
  39  H5N1.EPI_ISL_17949986.Passeriformes.japan.80.2023-02-07              0.00%    passed     99.97%
  40  H5N1.EPI_ISL_17949987.Anseriformes.japan.80.2022-11-26               0.00%    passed     99.93%
  41  H5N1.EPI_ISL_17950087.Passeriformes.japan.2.2023-03-30               0.00%    passed     99.82%
  42  H5N1.EPI_ISL_16698060.Galliformes.japan.15.2022-11-07                0.00%    passed     99.40%
  43  H5N1.EPI_ISL_16698546.Accipitriformes.japan.2.2022-10-21             0.00%    passed     99.94%
  44  H5N1.EPI_ISL_16698576.Gruiformes.japan.2.2022-11-20                  0.00%    passed     99.25%
  45  H5N1.EPI_ISL_16698579.Charadriiformes.japan.2.2022-11-06             0.00%    passed     99.40%
  46  H5N1.EPI_ISL_16955829.Accipitriformes.japan.2.2022-11-23             0.00%    passed     99.50%
  47  H5N1.EPI_ISL_17075747.NA.china.19.2023-02-10                         0.00%    passed     98.14%
  48  H5N1.EPI_ISL_17267427.Passeriformes.japan.15.2022-12-12              0.00%    passed     99.86%
  49  H5N1.EPI_ISL_17316489.Passeriformes.japan.15.2023-03-13              0.00%    passed     99.93%
  50  H5N1.EPI_ISL_17606817.Anseriformes.south_korea.22.2022-01-13         0.07%    passed     99.98%
  51  H5N1.EPI_ISL_17606819.Anseriformes.south_korea.22.2021-11-10         0.00%    passed     99.80%
  52  H5N1.EPI_ISL_17606820.Anseriformes.south_korea.22.2021-11-11         0.00%    passed     99.13%
  53  H5N1.EPI_ISL_17606822.Anseriformes.south_korea.22.2021-11-17         0.00%    passed     98.92%
  54  H5N1.EPI_ISL_17606823.Galliformes.south_korea.22.2021-11-21          0.00%    passed     99.55%
  55  H5N1.EPI_ISL_17606824.Anseriformes.south_korea.22.2021-11-22         0.00%    passed     99.85%
  56  H5N1.EPI_ISL_17606825.Galliformes.south_korea.22.2021-12-04          0.00%    passed     99.78%
  57  H5N1.EPI_ISL_17606828.Anseriformes.south_korea.22.2021-12-13         0.00%    passed     99.76%
  58  H5N1.EPI_ISL_17606833.Galliformes.south_korea.22.2021-12-17          0.00%    passed     99.85%
  59  H5N1.EPI_ISL_17606834.Galliformes.south_korea.22.2021-12-20          0.00%    passed     99.76%
  60  H5N1.EPI_ISL_17606842.Galliformes.south_korea.22.2022-01-21          0.00%    passed     99.93%
  61  H5N1.EPI_ISL_17606844.Anseriformes.south_korea.22.2022-01-25         0.00%    passed     99.81%
  62  H5N1.EPI_ISL_17606845.Anseriformes.south_korea.22.2022-01-29         0.00%    passed     99.89%
  63  H5N1.EPI_ISL_17606847.Anseriformes.south_korea.22.2022-01-31         0.00%    passed     99.77%
  64  H5N1.EPI_ISL_17606848.Galliformes.south_korea.22.2022-02-02          0.00%    passed     99.66%
  65  H5N1.EPI_ISL_17606850.Galliformes.south_korea.22.2022-02-04          0.00%    passed     99.81%
  66  H5N1.EPI_ISL_17606851.Galliformes.south_korea.19.2022-02-06          0.00%    passed     99.98%
  67  H5N1.EPI_ISL_17606854.Galliformes.south_korea.19.2022-02-07          0.00%    passed    100.00%
  68  H5N1.EPI_ISL_17606860.Galliformes.south_korea.22.2022-02-12          0.00%    passed     99.77%
  69  H5N1.EPI_ISL_17606863.Anseriformes.south_korea.19.2022-03-02         0.00%    passed     99.98%
  70  H5N1.EPI_ISL_17606865.Anseriformes.south_korea.22.2021-11-14         0.00%    passed     99.55%
  71  H5N1.EPI_ISL_17766057.Carnivora.japan.15.2023-04-12                  0.00%    passed     99.93%
  72  H5N1.EPI_ISL_china_19.NA.china.80.2023-01-02                         0.00%    passed     99.57%
  73  H5N1.EPI_ISL_china_28.Podicipediformes.china.19.2022-07-21           1.77%    passed     94.66%
  74  H5N1.EPI_ISL_china_29.Podicipediformes.china.19.2022-07-15           1.77%    passed     98.64%
  75  H5N1.EPI_ISL_china_30.Charadriiformes.china.19.2022-07-23            1.77%    passed     95.91%
  76  H5N1.EPI_ISL_china_32.Anseriformes.china.19.2022-06-18               1.77%    passed     99.40%
  77  H5N1.EPI_ISL_china_36.Anseriformes.china.19.2022-06-18               1.77%    passed     99.60%
  78  H5N1.EPI_ISL_china_39.Anseriformes.china.19.2022-06-18               1.77%    passed     99.94%
  79  H5N1.EPI_ISL_china_40.Podicipediformes.china.19.2022-07-21           1.77%    passed     94.66%
  80  H5N1.EPI_ISL_china_44.Charadriiformes.china.19.2022-07-22            1.77%    passed     94.66%
  81  H5N1.EPI_ISL_china_45.Charadriiformes.china.19.2022-07-22            1.77%    passed     94.66%
  82  H5N1.EPI_ISL_china_2023087.Anseriformes.china.19.2021-11-20          0.00%    passed     99.99%
  83  H5N1.EPI_ISL_china_20230811.Anseriformes.china.19.2021-11-18         0.00%    passed     99.99%
  84  H5N1.EPI_ISL_china_20230814.Anseriformes.china.19.2021-11-16         0.00%    passed     99.97%
  85  H5N1.EPI_ISL_china_20230820.Anseriformes.china.2.2021-11-16          0.00%    passed     99.82%
  86  H5N1.EPI_ISL_china_20230828.Anseriformes.china.19.2021-11-22         0.00%    passed     99.93%
  87  H5N1.EPI_ISL_china_20230831.Anseriformes.china.2.2021-10-20          0.00%    passed     99.82%
  88  H5N1.EPI_ISL_china_20230834.Anseriformes.china.22.2021-10-10         0.00%    passed     99.48%
  89  H5N1.EPI_ISL_china_20230835.Anseriformes.china.22.2021-10-08         0.00%    passed     99.80%
  90  H5N1.EPI_ISL_china_20230836.Anseriformes.china.22.2021-10-16         0.00%    passed     99.71%
  91  H5N1.EPI_ISL_china_20230841.Anseriformes.china.19.2021-12-20         0.00%    passed     99.95%
  92  H5N1.EPI_ISL_china_20230844.Anseriformes.china.19.2021-11-25         0.00%    passed     99.98%
  93  H5N1.EPI_ISL_china_20230847.Anseriformes.china.22.2021-12-02         0.00%    passed     99.86%
  94  H5N1.EPI_ISL_china_20230852.Anseriformes.china.19.2021-12-02         0.00%    passed     99.98%
  95  H5N1.EPI_ISL_china_20230853.Anseriformes.china.19.2021-12-02         0.00%    passed     99.97%
  96  H5N1.EPI_ISL_china_20230854.Suliformes.china.19.2021-12-01           0.00%    passed     99.97%
  97  H5N1.EPI_ISL_11633708.Anseriformes.china.NA.2021-12-20               0.00%    passed     99.93%
  98  H5N1.EPI_ISL_11633707.Anseriformes.china.NA.2021-12-20               0.00%    passed     99.97%
  99  H5N1.EPI_ISL_13243696.Anseriformes.bangladesh.NA.2021-12-22          0.00%    passed     99.38%
 100  H5N1.EPI_ISL_13370625.Anseriformes.united_kingdom.3.2021-12-30       0.00%    passed     99.64%
 101  H5N1.EPI_ISL_17785730.Anseriformes.austria.3.2021-12-15              0.00%    passed     99.97%
 102  H5N1.EPI_ISL_17529372.Anseriformes.egypt.3.2021-12-15                0.00%    passed     99.93%
 103  H5N1.EPI_ISL_13370626.Galliformes.united_kingdom.3.2021-12-30        0.00%    passed     99.64%
 104  H5N1.EPI_ISL_13369762.Anseriformes.united_kingdom.3.2021-11-17       0.00%    passed     99.84%
 105  H5N1.EPI_ISL_13465456.Pelecaniformes.israel.NA.2021-11-29            0.00%    passed     99.57%
 106  H5N1.EPI_ISL_13370893.Charadriiformes.united_kingdom.3.2021-12-24    0.00%    passed     99.92%
 107  H5N1.EPI_ISL_13370632.Galliformes.united_kingdom.3.2022-01-02        0.00%    passed     99.60%
 108  H5N1.EPI_ISL_13370631.Anseriformes.united_kingdom.3.2022-01-02       0.00%    passed     99.60%
 109  H1N1.EPI_ISL_17805835.environment.japan.NA.2021-01-25                0.00%    passed     91.80%
 110  H1N1.EPI_ISL_16390395.environment.japan.NA.2021-01-25                0.00%    passed     91.80%
 111  H1N1.EPI_ISL_14835463.Anseriformes.south_korea.NA.2021-03-03         0.00%    passed     97.93%
 112  H1N1.EPI_ISL_6784759.Anseriformes.south_korea.NA.2020-08-25          0.00%    passed     97.51%
 113  H1N1.EPI_ISL_13374949.environment.japan.NA.2020-06-27                0.00%    passed     96.43%
 114  H1N1.EPI_ISL_1184531.Anseriformes.russia.NA.2020-10-03               0.00%    passed     95.39%
 115  H1N1.EPI_ISL_499244.Anseriformes.china.NA.2019-11-09                 1.06%    passed     99.93%
 116  H5N1.EPI_ISL_18373228.Anseriformes.south_korea.NA.2022-01-19         0.00%    passed     99.89%
 117  H5N1.EPI_ISL_18373259.Pelecaniformes.south_korea.NA.2022-03-14       0.00%    passed     99.96%
 118  H5N1.EPI_ISL_18373233.Anseriformes.south_korea.NA.2022-01-26         0.00%    passed     99.93%
 119  H5N1.EPI_ISL_15063427.Galliformes.japan.NA.2021-12-30                0.00%    passed     99.71%
 120  H5N1.EPI_ISL_13370569.Galliformes.united_kingdom.3.2021-12-11        0.00%    passed     99.86%
 121  H5N1.EPI_ISL_18132572.Anseriformes.united_states.NA.2022-04-27       0.00%    passed     98.75%
 122  H5N1.EPI_ISL_17260681.Carnivora.united_states.9.2022-06-15           0.00%    passed     98.75%
 123  H5N1.EPI_ISL_17051368.Accipitriformes.canada.NA.2022-06-17           0.00%    passed     98.75%
 124  H5N1.EPI_ISL_17051351.Anseriformes.canada.NA.2022-05-31              0.00%    passed     98.75%
 125  H5N1.EPI_ISL_17051342.Pelecaniformes.canada.NA.2022-06-02            0.00%    passed     98.75%
 126  H5N1.EPI_ISL_17051341.Pelecaniformes.canada.9.2022-06-02             0.00%    passed     98.75%
 127  H5N1.EPI_ISL_16240223.Galliformes.united_states.9.2022-05-09         0.00%    passed     98.75%
 128  H5N1.EPI_ISL_16189912.Strigiformes.canada.9.2022-04-28               0.00%    passed     98.75%
 129  H5N1.EPI_ISL_16183656.Anseriformes.canada.9.2022-04-27               0.00%    passed     98.75%
 130  H5N1.EPI_ISL_16183504.Galliformes.canada.9.2022-05-16                0.00%    passed     98.75%
 131  H5N1.EPI_ISL_16023376.Carnivora.canada.9.2022-05-31                  0.00%    passed     98.75%
 132  H5N1.EPI_ISL_18132418.Anseriformes.united_states.NA.2022-04-14       0.00%    passed     99.16%
 133  H5N1.EPI_ISL_17424639.Anseriformes.united_states.9.2022-10-01        0.00%    passed     98.95%
 134  H5N1.EPI_ISL_17051471.Passeriformes.canada.NA.2022-12-30             0.00%    passed     97.79%
 135  H5N1.EPI_ISL_17051432.Pelecaniformes.canada.NA.2022-11-28            0.00%    passed     97.79%
 136  H5N1.EPI_ISL_17051363.Galliformes.canada.9.2022-06-15                0.00%    passed     99.16%
 137  H5N1.EPI_ISL_16297361.Anseriformes.united_states.9.2022-10-11        0.00%    passed     98.79%
 138  H5N1.EPI_ISL_16297328.Galliformes.united_states.9.2022-10-18         0.00%    passed     98.56%
 139  H5N1.EPI_ISL_16244006.Galliformes.united_states.9.2022-05-16         0.00%    passed     98.56%
 140  H5N1.EPI_ISL_16244005.Galliformes.united_states.9.2022-05-17         0.00%    passed     98.79%
 141  H5N1.EPI_ISL_16243915.Anseriformes.united_states.9.2022-05-16        0.00%    passed     98.56%
 142  H5N1.EPI_ISL_18284474.Anseriformes.japan.NA.2022-12-20               0.00%    passed     99.75%
 143  H5N1.EPI_ISL_18284469.Galliformes.japan.NA.2022-11-22                0.00%    passed     99.75%
 144  H5N1.EPI_ISL_17414669.Falconiformes.china.NA.2022-10-09              0.00%    passed     99.75%
 145  H5N1.EPI_ISL_18284467.Anseriformes.japan.NA.2022-11-11               0.07%    passed     99.94%
 146  H5N1.EPI_ISL_17411238.Falconiformes.japan.NA.2022-10-11              0.14%    passed     99.91%
 147  H5N1.EPI_ISL_18284463.Galliformes.japan.NA.2022-11-13                0.00%    passed     99.94%
 148  H5N1.EPI_ISL_16955797.Anseriformes.japan.NA.2022-12-31               0.00%    passed     99.49%
 149  H5N1.EPI_ISL_16955796.Falconiformes.japan.NA.2022-12-14              0.00%    passed     99.93%
 150  H5N1.EPI_ISL_18284473.Galliformes.japan.NA.2022-12-16                0.00%    passed     99.97%
 151  H5N1.EPI_ISL_18284472.Anseriformes.japan.NA.2022-11-26               0.00%    passed     99.97%
 152  H5N1.EPI_ISL_18130247.Passeriformes.japan.NA.2023-01-05              0.00%    passed     99.57%
 153  H5N1.EPI_ISL_18066455.Accipitriformes.japan.NA.2023-01-07            0.00%    passed     99.80%
 154  H5N1.EPI_ISL_18066454.Gruiformes.japan.NA.2023-02-23                 0.00%    passed     99.84%
 155  H5N1.EPI_ISL_17309163.Passeriformes.japan.NA.2023-01-19              0.00%    passed     99.81%
 156  H5N1.EPI_ISL_17309160.Falconiformes.japan.NA.2023-01-17              0.00%    passed     99.97%
 157  H5N1.EPI_ISL_16955767.Anseriformes.japan.NA.2022-12-17               0.00%    passed     99.57%
 158  H5N1.EPI_ISL_18102700.Carnivora.south_korea.NA.2023-07-04            0.00%    passed     99.64%
 159  H5N1.EPI_ISL_18284475.Galliformes.japan.NA.2022-12-21                0.00%    passed     99.56%
 160  H5N1.EPI_ISL_18241797.Anseriformes.viet_nam.NA.2023-06-05            0.00%    passed     99.85%
 161  H5N1.EPI_ISL_18241796.Galliformes.viet_nam.NA.2023-09-05             0.00%    passed     99.85%
 162  H5N1.EPI_ISL_18284461.Galliformes.japan.NA.2022-10-28                0.00%    passed     99.40%
 163  H5N1.EPI_ISL_16831319.Galliformes.japan.NA.2022-03-25                0.00%    passed     99.67%
 164  H5N1.EPI_ISL_16831092.Passeriformes.japan.NA.2022-03-04              0.00%    passed     99.67%
 165  H5N1.EPI_ISL_16831077.Anseriformes.japan.NA.2022-02-12               0.00%    passed     99.67%
 166  H5N1.EPI_ISL_18066451.Anseriformes.japan.NA.2023-02-09               0.07%    passed     99.96%
 167  H5N1.EPI_ISL_18066453.Passeriformes.japan.NA.2023-02-17              0.00%    passed     99.93%
 168  H5N1.EPI_ISL_18007230.Passeriformes.japan.NA.2023-04-18              0.00%    passed     99.93%
 169  H5N1.EPI_ISL_17857959.Carnivora.japan.NA.2023-02-20                  0.00%    passed     99.93%
 170  H5N1.EPI_ISL_16831664.Casuariiformes.japan.NA.2022-05-12             0.00%    passed     99.71%
 171  H5N1.EPI_ISL_16831114.Passeriformes.japan.NA.2022-04-06              0.00%    passed     99.39%
 172  H5N1.EPI_ISL_15843373.Accipitriformes.canada.2.2022-02-03            0.00%    passed     99.82%
 173  H5N1.EPI_ISL_18373218.Anseriformes.south_korea.NA.2021-11-16         0.00%    passed     99.13%
 174  H5N1.EPI_ISL_8405663.Anseriformes.south_korea.NA.2021-11-15          0.00%    passed     99.92%
 175  H5N1.EPI_ISL_18373219.Anseriformes.south_korea.NA.2021-11-22         0.00%    passed     99.80%
 176  H5N1.EPI_ISL_15063423.Galliformes.japan.NA.2021-11-17                0.00%    passed     99.80%
 177  H5N1.EPI_ISL_18066452.Anseriformes.japan.NA.2023-02-17               0.00%    passed     99.56%
 178  H5N1.EPI_ISL_18241798.Anseriformes.viet_nam.NA.2023-06-04            0.00%    passed     99.57%
 179  H5N1.EPI_ISL_18284468.Galliformes.japan.NA.2022-12-05                0.00%    passed     99.64%
 180  H5N1.EPI_ISL_18373264.environment.south_korea.NA.2021-12-22          0.00%    passed     99.88%
 181  H5N1.EPI_ISL_18245816.Anseriformes.poland.NA.2022-04-07              0.00%    passed     99.81%
 182  H5N1.EPI_ISL_13352720.Anseriformes.china.NA.2021-12-17               0.00%    passed     99.99%
 183  H5N1.EPI_ISL_13352717.Anseriformes.china.NA.2021-12-17               0.00%    passed     99.99%
 184  H5N1.EPI_ISL_18373244.Anseriformes.south_korea.NA.2022-02-16         0.00%    passed    100.00%
 185  H5N1.EPI_ISL_13352723.Anseriformes.china.NA.2021-12-17               0.00%    passed     99.96%
 186  H5N1.EPI_ISL_13352716.Anseriformes.china.NA.2021-12-17               0.00%    passed     99.97%
 187  H5N1.EPI_ISL_13352715.Anseriformes.china.NA.2021-12-17               0.00%    passed     99.94%
 188  H5N1.EPI_ISL_9221537.Anseriformes.netherlands.NA.2022-01-04          0.00%    passed     99.96%
 189  H5N1.EPI_ISL_16831291.Galliformes.japan.NA.2022-04-13                0.00%    passed     99.91%
 190  H5N1.EPI_ISL_16831015.Anseriformes.japan.NA.2022-01-27               0.00%    passed     99.91%
 191  H5N1.EPI_ISL_15613494.Anseriformes.japan.NA.2021-11-09               0.00%    passed     99.78%
 192  H5N1.EPI_ISL_15063429.Galliformes.japan.NA.2021-11-13                0.00%    passed     99.99%
 193  H5N1.EPI_ISL_15063425.Galliformes.japan.NA.2021-12-07                0.00%    passed     99.92%
 194  H5N1.EPI_ISL_18373235.Anseriformes.south_korea.NA.2022-01-28         0.00%    passed     99.52%
 195  H5N1.EPI_ISL_15063426.Galliformes.japan.NA.2021-12-12                0.00%    passed     99.96%
 196  H5N1.EPI_ISL_17371282.Anseriformes.indonesia.NA.2022-04-04           0.00%    passed     99.43%
 197  H5N1.EPI_ISL_18284464.Galliformes.japan.NA.2022-11-04                0.00%    passed     99.87%
 198  H5N1.EPI_ISL_17964940.Charadriiformes.united_states.2.2023-04-13     0.00%    passed     99.67%
 199  H5N1.EPI_ISL_17964935.Charadriiformes.united_states.2.2023-04-07     0.00%    passed     99.67%
 200  H5N1.EPI_ISL_17964877.Accipitriformes.united_states.2.2023-02-14     0.00%    passed     99.67%
 201  H5N1.EPI_ISL_16838578.Anseriformes.canada.2.2021-08-08               0.00%    passed     99.92%
 202  H5N1.EPI_ISL_18445700.Anseriformes.france.NA.2021-11-29              0.07%    passed     99.82%
 203  H5N1.EPI_ISL_15023114.Ciconiiformes.lithuania.NA.2022-04-19          0.07%    passed     99.99%
 204  H5N1.EPI_ISL_18458071.Anseriformes.poland.NA.2021-11-20              0.00%    passed     99.84%
 205  H5N1.EPI_ISL_8568483.Anseriformes.croatia.NA.2021-11-22              0.00%    passed     99.64%
 206  H5N1.EPI_ISL_18132953.Accipitriformes.united_states.NA.2022-04-27    0.00%    passed     99.82%
 207  H5N1.EPI_ISL_17964979.Galliformes.united_states.2.2023-05-24         0.00%    passed     99.56%
 208  H5N1.EPI_ISL_17964883.Passeriformes.united_states.NA.2023-02-21      0.00%    passed     99.40%
 209  H5N1.EPI_ISL_17260669.Carnivora.united_states.2.2022-05-10           0.00%    passed     99.25%
 210  H5N1.EPI_ISL_17051483.Anseriformes.canada.2.2023-01-16               0.00%    passed     99.11%
 211  H5N1.EPI_ISL_14064695.Passeriformes.japan.NA.2022-01-20              0.00%    passed     99.40%
****  TOTAL                                                                0.08%  0 sequences failed composition chi2 test (p-value<5%; df=3)
NOTE: H5N1.EPI_ISL_15063429.Galliformes.japan.NA.2021-11-13 is identical to H5N1.EPI_ISL_6829533.Galliformes.japan.22.2021-11-12 but kept for subsequent analysis
NOTE: H5N1.EPI_ISL_11633707.Anseriformes.china.NA.2021-12-20 is identical to H5N1.EPI_ISL_11633613.Anseriformes.china.19.2021-12-20 but kept for subsequent analysis
NOTE: H5N1.EPI_ISL_18132953.Accipitriformes.united_states.NA.2022-04-27 is identical to H5N1.EPI_ISL_14615027.Passeriformes.japan.2.2022-03-14 but kept for subsequent analysis
NOTE: H5N1.EPI_ISL_11633708.Anseriformes.china.NA.2021-12-20 is identical to H5N1.EPI_ISL_11633709.Anseriformes.china.19.2021-12-20 but kept for subsequent analysis
NOTE: H5N1.EPI_ISL_16831319.Galliformes.japan.NA.2022-03-25 is identical to H5N1.EPI_ISL_12174842.Carnivora.japan.2.2022-03-31 but kept for subsequent analysis
NOTE: H5N1.EPI_ISL_12572658.Anseriformes.china.110.2022-01-10 is identical to H5N1.EPI_ISL_12572653.Galliformes.china.110.2021-12-07 but kept for subsequent analysis
NOTE: H5N1.EPI_ISL_14065167.Accipitriformes.japan.2.2022-02-10 is identical to H5N1.EPI_ISL_14064697.Passeriformes.japan.2.2022-01-20 but kept for subsequent analysis
NOTE: H5N1.EPI_ISL_18284461.Galliformes.japan.NA.2022-10-28 is identical to H5N1.EPI_ISL_16698060.Galliformes.japan.15.2022-11-07 but kept for subsequent analysis
NOTE: H5N1.EPI_ISL_17766057.Carnivora.japan.15.2023-04-12 is identical to H5N1.EPI_ISL_17316489.Passeriformes.japan.15.2023-03-13 but kept for subsequent analysis
NOTE: H5N1.EPI_ISL_18373219.Anseriformes.south_korea.NA.2021-11-22 is identical to H5N1.EPI_ISL_17606819.Anseriformes.south_korea.22.2021-11-10 but kept for subsequent analysis
NOTE: H5N1.EPI_ISL_18373218.Anseriformes.south_korea.NA.2021-11-16 is identical to H5N1.EPI_ISL_17606820.Anseriformes.south_korea.22.2021-11-11 but kept for subsequent analysis
NOTE: H5N1.EPI_ISL_17606865.Anseriformes.south_korea.22.2021-11-14 is identical to H5N1.EPI_ISL_17606823.Galliformes.south_korea.22.2021-11-21 but kept for subsequent analysis
NOTE: H5N1.EPI_ISL_17606833.Galliformes.south_korea.22.2021-12-17 is identical to H5N1.EPI_ISL_17606824.Anseriformes.south_korea.22.2021-11-22 but kept for subsequent analysis
NOTE: H5N1.EPI_ISL_17606834.Galliformes.south_korea.22.2021-12-20 is identical to H5N1.EPI_ISL_17606828.Anseriformes.south_korea.22.2021-12-13 but kept for subsequent analysis
NOTE: H5N1.EPI_ISL_18373233.Anseriformes.south_korea.NA.2022-01-26 is identical to H5N1.EPI_ISL_17606842.Galliformes.south_korea.22.2022-01-21 but kept for subsequent analysis
NOTE: H5N1.EPI_ISL_17606850.Galliformes.south_korea.22.2022-02-04 is identical to H5N1.EPI_ISL_17606844.Anseriformes.south_korea.22.2022-01-25 but kept for subsequent analysis
NOTE: H5N1.EPI_ISL_18373228.Anseriformes.south_korea.NA.2022-01-19 is identical to H5N1.EPI_ISL_17606845.Anseriformes.south_korea.22.2022-01-29 but kept for subsequent analysis
NOTE: H5N1.EPI_ISL_17606860.Galliformes.south_korea.22.2022-02-12 is identical to H5N1.EPI_ISL_17606847.Anseriformes.south_korea.22.2022-01-31 but kept for subsequent analysis
NOTE: H5N1.EPI_ISL_18373244.Anseriformes.south_korea.NA.2022-02-16 is identical to H5N1.EPI_ISL_17606854.Galliformes.south_korea.19.2022-02-07 but kept for subsequent analysis
NOTE: H5N1.EPI_ISL_16955767.Anseriformes.japan.NA.2022-12-17 is identical to H5N1.EPI_ISL_china_19.NA.china.80.2023-01-02 but kept for subsequent analysis
NOTE: H5N1.EPI_ISL_china_44.Charadriiformes.china.19.2022-07-22 is identical to H5N1.EPI_ISL_china_28.Podicipediformes.china.19.2022-07-21 but kept for subsequent analysis
NOTE: H5N1.EPI_ISL_china_45.Charadriiformes.china.19.2022-07-22 is identical to H5N1.EPI_ISL_china_40.Podicipediformes.china.19.2022-07-21 but kept for subsequent analysis
NOTE: H5N1.EPI_ISL_13370626.Galliformes.united_kingdom.3.2021-12-30 is identical to H5N1.EPI_ISL_13370625.Anseriformes.united_kingdom.3.2021-12-30 but kept for subsequent analysis
NOTE: H5N1.EPI_ISL_13370631.Anseriformes.united_kingdom.3.2022-01-02 is identical to H5N1.EPI_ISL_13370632.Galliformes.united_kingdom.3.2022-01-02 but kept for subsequent analysis
NOTE: H1N1.EPI_ISL_16390395.environment.japan.NA.2021-01-25 is identical to H1N1.EPI_ISL_17805835.environment.japan.NA.2021-01-25 but kept for subsequent analysis
NOTE: H5N1.EPI_ISL_17260681.Carnivora.united_states.9.2022-06-15 is identical to H5N1.EPI_ISL_18132572.Anseriformes.united_states.NA.2022-04-27 but kept for subsequent analysis
NOTE: H5N1.EPI_ISL_17051432.Pelecaniformes.canada.NA.2022-11-28 is identical to H5N1.EPI_ISL_17051471.Passeriformes.canada.NA.2022-12-30 but kept for subsequent analysis
NOTE: H5N1.EPI_ISL_16243915.Anseriformes.united_states.9.2022-05-16 is identical to H5N1.EPI_ISL_16244006.Galliformes.united_states.9.2022-05-16 but kept for subsequent analysis
NOTE: H5N1.EPI_ISL_18241796.Galliformes.viet_nam.NA.2023-09-05 is identical to H5N1.EPI_ISL_18241797.Anseriformes.viet_nam.NA.2023-06-05 but kept for subsequent analysis
NOTE: H5N1.EPI_ISL_13352717.Anseriformes.china.NA.2021-12-17 is identical to H5N1.EPI_ISL_13352720.Anseriformes.china.NA.2021-12-17 but kept for subsequent analysis
NOTE: 19 identical sequences (see below) will be ignored for subsequent analysis
NOTE: H5N1.EPI_ISL_16831092.Passeriformes.japan.NA.2022-03-04 (identical to H5N1.EPI_ISL_12174842.Carnivora.japan.2.2022-03-31) is ignored but added at the end
NOTE: H5N1.EPI_ISL_16831077.Anseriformes.japan.NA.2022-02-12 (identical to H5N1.EPI_ISL_12174842.Carnivora.japan.2.2022-03-31) is ignored but added at the end
NOTE: H5N1.EPI_ISL_17964940.Charadriiformes.united_states.2.2023-04-13 (identical to H5N1.EPI_ISL_12174842.Carnivora.japan.2.2022-03-31) is ignored but added at the end
NOTE: H5N1.EPI_ISL_17964935.Charadriiformes.united_states.2.2023-04-07 (identical to H5N1.EPI_ISL_12174842.Carnivora.japan.2.2022-03-31) is ignored but added at the end
NOTE: H5N1.EPI_ISL_17964877.Accipitriformes.united_states.2.2023-02-14 (identical to H5N1.EPI_ISL_12174842.Carnivora.japan.2.2022-03-31) is ignored but added at the end
NOTE: H5N1.EPI_ISL_12572663.Columbiformes.china.110.2021-12-08 (identical to H5N1.EPI_ISL_12572653.Galliformes.china.110.2021-12-07) is ignored but added at the end
NOTE: H5N1.EPI_ISL_18066453.Passeriformes.japan.NA.2023-02-17 (identical to H5N1.EPI_ISL_17316489.Passeriformes.japan.15.2023-03-13) is ignored but added at the end
NOTE: H5N1.EPI_ISL_18007230.Passeriformes.japan.NA.2023-04-18 (identical to H5N1.EPI_ISL_17316489.Passeriformes.japan.15.2023-03-13) is ignored but added at the end
NOTE: H5N1.EPI_ISL_17857959.Carnivora.japan.NA.2023-02-20 (identical to H5N1.EPI_ISL_17316489.Passeriformes.japan.15.2023-03-13) is ignored but added at the end
NOTE: H5N1.EPI_ISL_15063423.Galliformes.japan.NA.2021-11-17 (identical to H5N1.EPI_ISL_17606819.Anseriformes.south_korea.22.2021-11-10) is ignored but added at the end
NOTE: H5N1.EPI_ISL_17051368.Accipitriformes.canada.NA.2022-06-17 (identical to H5N1.EPI_ISL_18132572.Anseriformes.united_states.NA.2022-04-27) is ignored but added at the end
NOTE: H5N1.EPI_ISL_17051351.Anseriformes.canada.NA.2022-05-31 (identical to H5N1.EPI_ISL_18132572.Anseriformes.united_states.NA.2022-04-27) is ignored but added at the end
NOTE: H5N1.EPI_ISL_17051342.Pelecaniformes.canada.NA.2022-06-02 (identical to H5N1.EPI_ISL_18132572.Anseriformes.united_states.NA.2022-04-27) is ignored but added at the end
NOTE: H5N1.EPI_ISL_17051341.Pelecaniformes.canada.9.2022-06-02 (identical to H5N1.EPI_ISL_18132572.Anseriformes.united_states.NA.2022-04-27) is ignored but added at the end
NOTE: H5N1.EPI_ISL_16240223.Galliformes.united_states.9.2022-05-09 (identical to H5N1.EPI_ISL_18132572.Anseriformes.united_states.NA.2022-04-27) is ignored but added at the end
NOTE: H5N1.EPI_ISL_16189912.Strigiformes.canada.9.2022-04-28 (identical to H5N1.EPI_ISL_18132572.Anseriformes.united_states.NA.2022-04-27) is ignored but added at the end
NOTE: H5N1.EPI_ISL_16183656.Anseriformes.canada.9.2022-04-27 (identical to H5N1.EPI_ISL_18132572.Anseriformes.united_states.NA.2022-04-27) is ignored but added at the end
NOTE: H5N1.EPI_ISL_16183504.Galliformes.canada.9.2022-05-16 (identical to H5N1.EPI_ISL_18132572.Anseriformes.united_states.NA.2022-04-27) is ignored but added at the end
NOTE: H5N1.EPI_ISL_16023376.Carnivora.canada.9.2022-05-31 (identical to H5N1.EPI_ISL_18132572.Anseriformes.united_states.NA.2022-04-27) is ignored but added at the end

For your convenience alignment with unique sequences printed to clade2344b_asia_N1_subsampled.fasta.uniqueseq.phy

Create initial parsimony tree by phylogenetic likelihood library (PLL)... 0.009 seconds
Generating 1000 samples for ultrafast bootstrap (seed: 470294)...

NOTE: 8 MB RAM (0 GB) is required!
Measuring multi-threading efficiency up to 6 CPU cores
Increase to 10 rounds for branch lengths
87 trees examined
Threads: 1 / Time: 6.041 sec / Speedup: 1.000 / Efficiency: 100% / LogL: -19030
Threads: 2 / Time: 4.076 sec / Speedup: 1.482 / Efficiency: 74% / LogL: -19030
Threads: 3 / Time: 3.550 sec / Speedup: 1.702 / Efficiency: 57% / LogL: -19030
Threads: 4 / Time: 3.659 sec / Speedup: 1.651 / Efficiency: 41% / LogL: -19030
BEST NUMBER OF THREADS: 3

Estimate model parameters (epsilon = 0.100)
1. Initial log-likelihood: -5724.986
2. Current log-likelihood: -5258.330
3. Current log-likelihood: -5258.198
Optimal log-likelihood: -5258.197
Rate parameters:  A-C: 1.00000  A-G: 12.69899  A-T: 1.00000  C-G: 1.00000  C-T: 12.69899  G-T: 1.00000
Base frequencies:  A: 0.290  C: 0.187  G: 0.257  T: 0.265
Gamma shape alpha: 0.403
Parameters optimization took 3 rounds (0.067 sec)
Computing ML distances based on estimated model parameters... 0.214 sec
Computing BIONJ tree...
0.021 seconds
Log-likelihood of BIONJ tree: -5270.358
--------------------------------------------------------------------
|             INITIALIZING CANDIDATE TREE SET                      |
--------------------------------------------------------------------
Generating 98 parsimony trees... 0.986 second
Computing log-likelihood of 98 initial trees ... 1.314 seconds
Current best score: -5258.197

Do NNI search on 20 best initial trees
Estimate model parameters (epsilon = 0.100)
BETTER TREE FOUND at iteration 1: -5258.194
Iteration 10 / LogL: -5262.155 / Time: 0h:0m:22s
BETTER TREE FOUND at iteration 15: -5258.193
Iteration 20 / LogL: -5259.417 / Time: 0h:0m:24s
Finish initializing candidate tree set (20)
Current best tree score: -5258.193 / CPU time: 7.517
Number of iterations: 20
--------------------------------------------------------------------
|               OPTIMIZING CANDIDATE TREE SET                      |
--------------------------------------------------------------------
Estimate model parameters (epsilon = 0.100)
BETTER TREE FOUND at iteration 24: -5258.173
BETTER TREE FOUND at iteration 29: -5258.173
Estimate model parameters (epsilon = 0.100)
BETTER TREE FOUND at iteration 30: -5258.087
Iteration 30 / LogL: -5258.087 / Time: 0h:0m:28s (0h:1m:36s left)
Iteration 40 / LogL: -5259.430 / Time: 0h:0m:31s (0h:1m:11s left)
Iteration 50 / LogL: -5261.495 / Time: 0h:0m:34s (0h:0m:55s left)
Log-likelihood cutoff on original alignment: -5290.020
BETTER TREE FOUND at iteration 55: -5258.084
Iteration 60 / LogL: -5275.624 / Time: 0h:0m:37s (0h:0m:59s left)
Estimate model parameters (epsilon = 0.100)
BETTER TREE FOUND at iteration 61: -5258.061
Iteration 70 / LogL: -5297.466 / Time: 0h:0m:40s (0h:0m:53s left)
Iteration 80 / LogL: -5259.534 / Time: 0h:0m:43s (0h:0m:44s left)
Iteration 90 / LogL: -5258.064 / Time: 0h:0m:46s (0h:0m:37s left)
BETTER TREE FOUND at iteration 99: -5258.061
Iteration 100 / LogL: -5259.300 / Time: 0h:0m:49s (0h:0m:49s left)
Log-likelihood cutoff on original alignment: -5290.086
NOTE: Bootstrap correlation coefficient of split occurrence frequencies: 0.997
Iteration 110 / LogL: -5279.492 / Time: 0h:0m:53s (0h:0m:44s left)
Iteration 120 / LogL: -5258.063 / Time: 0h:0m:56s (0h:0m:38s left)
BETTER TREE FOUND at iteration 123: -5258.059
Iteration 130 / LogL: -5258.061 / Time: 0h:1m:0s (0h:0m:43s left)
Iteration 140 / LogL: -5259.301 / Time: 0h:1m:3s (0h:0m:37s left)
Iteration 150 / LogL: -5258.064 / Time: 0h:1m:6s (0h:0m:32s left)
Log-likelihood cutoff on original alignment: -5290.086
Iteration 160 / LogL: -5311.025 / Time: 0h:1m:10s (0h:0m:27s left)
BETTER TREE FOUND at iteration 165: -5258.058
BETTER TREE FOUND at iteration 169: -5258.058
Iteration 170 / LogL: -5259.298 / Time: 0h:1m:13s (0h:0m:43s left)
Iteration 180 / LogL: -5259.301 / Time: 0h:1m:17s (0h:0m:38s left)
Iteration 190 / LogL: -5258.059 / Time: 0h:1m:20s (0h:0m:33s left)
BETTER TREE FOUND at iteration 193: -5258.058
BETTER TREE FOUND at iteration 194: -5258.058
BETTER TREE FOUND at iteration 196: -5258.058
Iteration 200 / LogL: -5279.160 / Time: 0h:1m:23s (0h:0m:40s left)
Log-likelihood cutoff on original alignment: -5290.086
NOTE: Bootstrap correlation coefficient of split occurrence frequencies: 0.995
BETTER TREE FOUND at iteration 207: -5258.057
Iteration 210 / LogL: -5264.098 / Time: 0h:1m:27s (0h:0m:40s left)
Iteration 220 / LogL: -5290.530 / Time: 0h:1m:31s (0h:0m:36s left)
Iteration 230 / LogL: -5273.134 / Time: 0h:1m:34s (0h:0m:31s left)
Iteration 240 / LogL: -5258.061 / Time: 0h:1m:38s (0h:0m:27s left)
Iteration 250 / LogL: -5266.842 / Time: 0h:1m:42s (0h:0m:23s left)
Log-likelihood cutoff on original alignment: -5290.662
BETTER TREE FOUND at iteration 259: -5258.056
Iteration 260 / LogL: -5258.175 / Time: 0h:1m:46s (0h:0m:40s left)
Iteration 270 / LogL: -5258.057 / Time: 0h:1m:50s (0h:0m:36s left)
Iteration 280 / LogL: -5267.608 / Time: 0h:1m:54s (0h:0m:32s left)
Iteration 290 / LogL: -5274.932 / Time: 0h:1m:58s (0h:0m:28s left)
Iteration 300 / LogL: -5482.003 / Time: 0h:2m:1s (0h:0m:23s left)
Log-likelihood cutoff on original alignment: -5290.662
NOTE: Bootstrap correlation coefficient of split occurrence frequencies: 0.995
Iteration 310 / LogL: -5259.295 / Time: 0h:2m:6s (0h:0m:36s left)
Iteration 320 / LogL: -5258.057 / Time: 0h:2m:10s (0h:0m:32s left)
Iteration 330 / LogL: -5258.063 / Time: 0h:2m:14s (0h:0m:28s left)
Iteration 340 / LogL: -5258.061 / Time: 0h:2m:18s (0h:0m:24s left)
BETTER TREE FOUND at iteration 350: -5258.056
Iteration 350 / LogL: -5258.056 / Time: 0h:2m:22s (0h:0m:40s left)
Log-likelihood cutoff on original alignment: -5290.086
Iteration 360 / LogL: -5258.081 / Time: 0h:2m:26s (0h:0m:36s left)
Iteration 370 / LogL: -5303.802 / Time: 0h:2m:30s (0h:0m:32s left)
Iteration 380 / LogL: -5258.057 / Time: 0h:2m:34s (0h:0m:28s left)
Iteration 390 / LogL: -5259.295 / Time: 0h:2m:38s (0h:0m:24s left)
Iteration 400 / LogL: -5259.324 / Time: 0h:2m:42s (0h:0m:20s left)
Log-likelihood cutoff on original alignment: -5290.086
NOTE: Bootstrap correlation coefficient of split occurrence frequencies: 0.993
Iteration 410 / LogL: -5258.060 / Time: 0h:2m:46s (0h:0m:36s left)
BETTER TREE FOUND at iteration 416: -5258.055
Iteration 420 / LogL: -5258.155 / Time: 0h:2m:51s (0h:0m:39s left)
Iteration 430 / LogL: -5258.064 / Time: 0h:2m:55s (0h:0m:35s left)
Iteration 440 / LogL: -5263.124 / Time: 0h:2m:59s (0h:0m:31s left)
Iteration 450 / LogL: -5258.057 / Time: 0h:3m:3s (0h:0m:27s left)
Log-likelihood cutoff on original alignment: -5290.086
Iteration 460 / LogL: -5263.482 / Time: 0h:3m:8s (0h:0m:23s left)
BETTER TREE FOUND at iteration 462: -5258.055
Iteration 470 / LogL: -5258.059 / Time: 0h:3m:12s (0h:0m:37s left)
Iteration 480 / LogL: -5265.112 / Time: 0h:3m:17s (0h:0m:33s left)
Iteration 490 / LogL: -5263.586 / Time: 0h:3m:21s (0h:0m:29s left)
Iteration 500 / LogL: -5280.828 / Time: 0h:3m:25s (0h:0m:25s left)
Log-likelihood cutoff on original alignment: -5290.086
NOTE: Bootstrap correlation coefficient of split occurrence frequencies: 0.995
Iteration 510 / LogL: -5259.300 / Time: 0h:3m:30s (0h:0m:37s left)
Iteration 520 / LogL: -5283.818 / Time: 0h:3m:34s (0h:0m:33s left)
Iteration 530 / LogL: -5262.671 / Time: 0h:3m:38s (0h:0m:28s left)
BETTER TREE FOUND at iteration 532: -5258.054
Iteration 540 / LogL: -5275.597 / Time: 0h:3m:43s (0h:0m:38s left)
Iteration 550 / LogL: -5258.151 / Time: 0h:3m:47s (0h:0m:33s left)
Log-likelihood cutoff on original alignment: -5290.086
Iteration 560 / LogL: -5258.057 / Time: 0h:3m:52s (0h:0m:29s left)
Iteration 570 / LogL: -5280.831 / Time: 0h:3m:56s (0h:0m:25s left)
Iteration 580 / LogL: -5258.056 / Time: 0h:4m:1s (0h:0m:21s left)
Iteration 590 / LogL: -5269.793 / Time: 0h:4m:5s (0h:0m:17s left)
Iteration 600 / LogL: -5259.299 / Time: 0h:4m:10s (0h:0m:13s left)
Log-likelihood cutoff on original alignment: -5290.086
NOTE: Bootstrap correlation coefficient of split occurrence frequencies: 0.995
Iteration 610 / LogL: -5258.402 / Time: 0h:4m:15s (0h:0m:37s left)
BETTER TREE FOUND at iteration 616: -5258.051
Iteration 620 / LogL: -5258.056 / Time: 0h:4m:20s (0h:0m:40s left)
Iteration 630 / LogL: -5258.078 / Time: 0h:4m:24s (0h:0m:36s left)
Iteration 640 / LogL: -5298.416 / Time: 0h:4m:29s (0h:0m:32s left)
Iteration 650 / LogL: -5268.205 / Time: 0h:4m:33s (0h:0m:27s left)
Log-likelihood cutoff on original alignment: -5290.086
Iteration 660 / LogL: -5259.312 / Time: 0h:4m:39s (0h:0m:23s left)
Iteration 670 / LogL: -5258.052 / Time: 0h:4m:44s (0h:0m:19s left)
Iteration 680 / LogL: -5259.297 / Time: 0h:4m:49s (0h:0m:15s left)
Iteration 690 / LogL: -5291.875 / Time: 0h:4m:53s (0h:0m:11s left)
Iteration 700 / LogL: -5258.055 / Time: 0h:4m:58s (0h:0m:6s left)
Log-likelihood cutoff on original alignment: -5290.173
NOTE: Bootstrap correlation coefficient of split occurrence frequencies: 0.994
Iteration 710 / LogL: -5268.654 / Time: 0h:5m:3s (0h:0m:38s left)
TREE SEARCH COMPLETED AFTER 717 ITERATIONS / Time: 0h:5m:6s

--------------------------------------------------------------------
|                    FINALIZING TREE SEARCH                        |
--------------------------------------------------------------------
Performs final model parameters optimization
Estimate model parameters (epsilon = 0.010)
1. Initial log-likelihood: -5258.051
Optimal log-likelihood: -5258.051
Rate parameters:  A-C: 1.00000  A-G: 12.74918  A-T: 1.00000  C-G: 1.00000  C-T: 12.74918  G-T: 1.00000
Base frequencies:  A: 0.290  C: 0.187  G: 0.257  T: 0.265
Gamma shape alpha: 0.403
Parameters optimization took 1 rounds (0.011 sec)
BEST SCORE FOUND : -5258.051
Creating bootstrap support values...
Split supports printed to NEXUS file clade2344b_asia_N1_subsampled.fasta.splits.nex
Total tree length: 0.338

Total number of iterations: 717
CPU time used for tree search: 849.115 sec (0h:14m:9s)
Wall-clock time used for tree search: 289.200 sec (0h:4m:49s)
Total CPU time used: 891.482 sec (0h:14m:51s)
Total wall-clock time used: 307.391 sec (0h:5m:7s)

Computing bootstrap consensus tree...
Reading input file clade2344b_asia_N1_subsampled.fasta.splits.nex...
192 taxa and 4329 splits.
Consensus tree written to clade2344b_asia_N1_subsampled.fasta.contree
Reading input trees file clade2344b_asia_N1_subsampled.fasta.contree
Log-likelihood of consensus tree: -5259.329

Analysis results written to: 
  IQ-TREE report:                clade2344b_asia_N1_subsampled.fasta.iqtree
  Maximum-likelihood tree:       clade2344b_asia_N1_subsampled.fasta.treefile
  Likelihood distances:          clade2344b_asia_N1_subsampled.fasta.mldist

Ultrafast bootstrap approximation results written to:
  Split support values:          clade2344b_asia_N1_subsampled.fasta.splits.nex
  Consensus tree:                clade2344b_asia_N1_subsampled.fasta.contree
  Screen log file:               clade2344b_asia_N1_subsampled.fasta.log

Date and Time: Thu Jan 11 01:34:29 2024
