IQ-TREE multicore version 1.6.12 for Mac OS X 64-bit built Aug 15 2019
Developed by Bui Quang Minh, Nguyen Lam Tung, Olga Chernomor,
Heiko Schmidt, Dominik Schrempf, Michael Woodhams.

Host:    sce-bio-c05393 (AVX2, FMA3, 16 GB RAM)
Command: iqtree -s clade2344b_asia_PB1_subsampled.fasta -nt AUTO -m HKY+G4 -bb 1000
Seed:    5340 (Using SPRNG - Scalable Parallel Random Number Generator)
Time:    Thu Jan 11 02:29:26 2024
Kernel:  AVX+FMA - auto-detect threads (6 CPU cores detected)

Reading alignment file clade2344b_asia_PB1_subsampled.fasta ... Fasta format detected
Alignment most likely contains DNA/RNA sequences
Alignment has 659 sequences with 2274 columns, 1097 distinct patterns
893 parsimony-informative, 199 singleton sites, 1182 constant sites
                                                                   Gap/Ambiguity  Composition  p-value
   1  H5N8.EPI_ISL_615072.Anseriformes.kazakhstan.1.2020-09-25             0.00%    passed     99.15%
   2  H5N8.EPI_ISL_623074.Galliformes.iraq.1.2020-05-12                    0.00%    passed     98.91%
   3  H5N8.EPI_ISL_625671.Anseriformes.china.1.2020-10-17                  0.00%    passed     99.35%
   4  H5N8.EPI_ISL_682297.environment.japan.10.2020-11-09                  0.00%    passed     72.54%
   5  H5N8.EPI_ISL_738049.Galliformes.japan.16.2020-12-15                  0.00%    passed     98.05%
   6  H5N8.EPI_ISL_738052.Galliformes.japan.16.2020-12-15                  0.00%    passed     98.52%
   7  H5N8.EPI_ISL_738054.Galliformes.japan.16.2020-12-18                  0.00%    passed     98.41%
   8  H5N8.EPI_ISL_738059.Galliformes.japan.10.2020-12-18                  0.00%    passed     82.43%
   9  H5N8.EPI_ISL_739686.Galliformes.kazakhstan.1.2020-09-18              0.00%    passed     99.15%
  10  H5N8.EPI_ISL_681273.Galliformes.japan.10.2020-11-19                  0.04%    passed     80.28%
  11  H5N8.EPI_ISL_681281.Anseriformes.japan.10.2020-11-16                 0.00%    passed     75.71%
  12  H5N8.EPI_ISL_681282.Galliformes.japan.16.2020-11-24                  0.00%    passed     98.72%
  13  H5N8.EPI_ISL_697771.Anseriformes.japan.10.2020-10-24                 0.00%    passed     74.41%
  14  H5N8.EPI_ISL_710435.Galliformes.japan.16.2020-12-06                  0.00%    passed     98.37%
  15  H5N8.EPI_ISL_710436.Galliformes.japan.16.2020-12-06                  0.00%    passed     98.70%
  16  H5N8.EPI_ISL_710440.Galliformes.japan.16.2020-11-30                  0.00%    passed     98.10%
  17  H5N8.EPI_ISL_710441.Galliformes.japan.16.2020-11-30                  0.00%    passed     97.32%
  18  H5N8.EPI_ISL_710445.Galliformes.japan.16.2020-12-01                  0.00%    passed     98.37%
  19  H5N8.EPI_ISL_710450.Galliformes.japan.16.2020-12-05                  0.00%    passed     97.13%
  20  H5N8.EPI_ISL_710451.Galliformes.japan.16.2020-12-05                  0.00%    passed     97.68%
  21  H5N8.EPI_ISL_718115.Galliformes.japan.16.2020-12-09                  0.00%    passed     98.10%
  22  H5N8.EPI_ISL_718118.Galliformes.japan.16.2020-12-10                  0.00%    passed     98.64%
  23  H5N8.EPI_ISL_718119.Galliformes.japan.16.2020-12-10                  0.00%    passed     99.03%
  24  H5N8.EPI_ISL_718123.Galliformes.japan.16.2020-12-09                  0.00%    passed     97.34%
  25  H5N8.EPI_ISL_732930.Galliformes.japan.16.2020-12-13                  0.00%    passed     97.92%
  26  H5N8.EPI_ISL_732934.Galliformes.japan.16.2020-12-15                  0.00%    passed     98.70%
  27  H5N8.EPI_ISL_732935.Galliformes.japan.16.2020-12-13                  0.00%    passed     98.10%
  28  H5N8.EPI_ISL_732939.Galliformes.japan.16.2020-12-13                  0.00%    passed     98.72%
  29  H5N8.EPI_ISL_732946.Galliformes.japan.16.2020-12-12                  0.00%    passed     98.10%
  30  H5N8.EPI_ISL_4071019.Anseriformes.japan.10.2020-11-05                0.00%    passed     72.15%
  31  H5N8.EPI_ISL_1041129.Galliformes.japan.1.2021-02-10                  0.00%    passed     98.69%
  32  H5N8.EPI_ISL_1041132.Galliformes.japan.1.2021-02-08                  0.00%    passed     97.77%
  33  H5N8.EPI_ISL_1041133.Galliformes.japan.1.2021-02-08                  0.00%    passed     97.75%
  34  H5N8.EPI_ISL_1041142.Anseriformes.japan.1.2021-01-23                 0.00%    passed     96.70%
  35  H5N8.EPI_ISL_1041144.Anseriformes.japan.1.2021-01-23                 0.00%    passed     98.00%
  36  H5N8.EPI_ISL_1041154.Anseriformes.japan.1.2021-01-23                 0.00%    passed     97.17%
  37  H5N8.EPI_ISL_1041161.Galliformes.japan.1.2021-02-14                  0.00%    passed     98.37%
  38  H5N8.EPI_ISL_1041173.Accipitriformes.japan.16.2021-02-10             0.00%    passed     77.33%
  39  H5N8.EPI_ISL_1041177.Falconiformes.japan.10.2021-02-15               0.00%    passed     87.56%
  40  H5N8.EPI_ISL_1041180.Anseriformes.japan.10.2021-02-13                0.00%    passed     82.73%
  41  H5N8.EPI_ISL_1081353.Anseriformes.japan.1.2021-02-14                 0.00%    passed     97.62%
  42  H5N8.EPI_ISL_1098830.Gruiformes.japan.1.2021-01-19                   0.13%    passed     99.00%
  43  H5N8.EPI_ISL_1114725.Anseriformes.japan.1.2021-01-16                 0.00%    passed     98.37%
  44  H5N8.EPI_ISL_1184508.Galliformes.japan.16.2021-02-24                 0.00%    passed     78.38%
  45  H5N8.EPI_ISL_1184518.Accipitriformes.japan.16.2021-02-24             0.00%    passed     98.87%
  46  H5N8.EPI_ISL_1937891.Anseriformes.china.1.2020-11-10                 0.00%    passed     98.30%
  47  H5N8.EPI_ISL_1938309.Anseriformes.china.1.2020-11-10                 0.00%    passed     98.91%
  48  H5N8.EPI_ISL_2815336.Anseriformes.china.1.2020-10-11                 0.00%    passed     98.52%
  49  H5N8.EPI_ISL_5260416.Charadriiformes.china.1.2021-02-22              0.00%    passed     97.84%
  50  H5N8.EPI_ISL_5260417.Charadriiformes.china.1.2021-05-16              0.00%    passed     98.37%
  51  H5N8.EPI_ISL_5260418.Anseriformes.china.1.2021-01-25                 0.00%    passed     98.60%
  52  H5N8.EPI_ISL_5260420.Anseriformes.china.1.2021-02-01                 0.00%    passed     99.51%
  53  H5N8.EPI_ISL_5260426.Anseriformes.china.1.2021-05-10                 0.00%    passed     98.91%
  54  H5N8.EPI_ISL_5260435.Anseriformes.china.1.2021-04-22                 0.00%    passed     98.33%
  55  H5N8.EPI_ISL_5260444.Anseriformes.china.1.2021-03-09                 0.00%    passed     98.33%
  56  H5N8.EPI_ISL_5260445.Anseriformes.china.1.2021-04-27                 0.00%    passed     99.29%
  57  H5N8.EPI_ISL_5260448.Anseriformes.china.1.2021-03-19                 0.00%    passed     98.32%
  58  H5N8.EPI_ISL_5260450.Anseriformes.china.1.2021-03-09                 0.00%    passed     99.88%
  59  H5N8.EPI_ISL_5260452.Anseriformes.china.1.2021-01-20                 0.00%    passed     98.42%
  60  H5N8.EPI_ISL_5260454.Anseriformes.china.1.2021-02-22                 0.00%    passed     99.51%
  61  H5N8.EPI_ISL_5260457.Anseriformes.china.16.2021-01-23                0.00%    passed     77.43%
  62  H5N8.EPI_ISL_5260459.Anseriformes.china.1.2021-01-23                 0.00%    passed     98.33%
  63  H5N8.EPI_ISL_5260462.Anseriformes.china.1.2020-11-10                 0.00%    passed     99.28%
  64  H5N8.EPI_ISL_5260465.Pelecaniformes.china.1.2021-01-26               0.00%    passed     98.33%
  65  H5N8.EPI_ISL_5260466.Podicipediformes.china.1.2021-02-22             0.00%    passed     98.89%
  66  H5N8.EPI_ISL_5260467.Podicipediformes.china.1.2021-06-05             0.00%    passed     97.50%
  67  H5N8.EPI_ISL_5260468.Podicipediformes.china.1.2021-06-15             0.00%    passed     97.77%
  68  H5N8.EPI_ISL_5260469.Anseriformes.china.1.2021-01-26                 0.00%    passed     96.53%
  69  H5N8.EPI_ISL_6829497.Gruiformes.japan.1.2021-11-19                   0.00%    passed     95.76%
  70  H5N1.EPI_ISL_6829533.Galliformes.japan.22.2021-11-12                 0.00%    passed     94.51%
  71  H5N8.EPI_ISL_6829536.Galliformes.japan.1.2021-11-14                  0.00%    passed     93.63%
  72  H5N6.EPI_ISL_6914131.Galliformes.china.61.2021-06-10                 0.00%    passed     71.12%
  73  H5N8.EPI_ISL_7192735.Anseriformes.china.1.2021-01                    0.00%    passed     98.59%
  74  H5N8.EPI_ISL_7381026.Galliformes.china.1.2021-03                     0.00%    passed     99.47%
  75  H5N8.EPI_ISL_7381065.Anseriformes.china.1.2021-03                    0.00%    passed     99.37%
  76  H5N8.EPI_ISL_7381115.Anseriformes.china.1.2021-06                    0.00%    passed     98.96%
  77  H5N8.EPI_ISL_7381183.Anseriformes.china.279.2021-04                  0.00%    passed     98.00%
  78  H5N8.EPI_ISL_7381448.Galliformes.china.205.2021-07                   0.00%    passed     99.08%
  79  H5N6.EPI_ISL_7983813.NA.china.73.2021-12-22                          0.00%    passed     70.53%
  80  H5N6.EPI_ISL_16208999.NA.china.126.2021-09-19                        0.00%    passed     99.07%
  81  H5N8.EPI_ISL_17088884.Anseriformes.china.1.2021-01-29                0.00%    passed     99.29%
  82  H5N8.EPI_ISL_759850.Galliformes.japan.10.2020-12-23                  0.00%    passed     87.17%
  83  H5N8.EPI_ISL_759853.Galliformes.japan.10.2020-12-23                  0.00%    passed     86.67%
  84  H5N8.EPI_ISL_759856.Galliformes.japan.16.2020-12-22                  0.00%    passed     98.02%
  85  H5N8.EPI_ISL_854598.Galliformes.japan.10.2021-01-10                  0.00%    passed     85.92%
  86  H5N8.EPI_ISL_854603.Galliformes.japan.10.2021-01-01                  0.00%    passed     88.43%
  87  H5N8.EPI_ISL_854606.Galliformes.japan.16.2021-01-12                  0.04%    passed     97.77%
  88  H5N8.EPI_ISL_977582.Anseriformes.china.1.2020-12-29                  0.00%    passed     98.82%
  89  H5N8.EPI_ISL_985180.Galliformes.south_korea.10.2020-12-01            0.00%    passed     66.49%
  90  H5N8.EPI_ISL_985183.Galliformes.south_korea.16.2020-12-07            0.00%    passed     97.68%
  91  H5N8.EPI_ISL_985189.Anseriformes.south_korea.16.2020-12-11           0.00%    passed     80.10%
  92  H5N8.EPI_ISL_985190.Anseriformes.south_korea.10.2020-12-11           0.00%    passed     99.74%
  93  H5N8.EPI_ISL_985191.Galliformes.south_korea.1.2020-12-12             0.00%    passed     98.52%
  94  H5N8.EPI_ISL_985192.Galliformes.south_korea.16.2020-12-14            0.00%    passed     98.69%
  95  H5N8.EPI_ISL_985196.Anseriformes.south_korea.1.2020-12-16            0.00%    passed     97.94%
  96  H5N8.EPI_ISL_985200.Anseriformes.south_korea.79.2020-12-22           0.00%    passed     98.79%
  97  H5N8.EPI_ISL_985205.Anseriformes.south_korea.1.2020-12-24            0.00%    passed     98.70%
  98  H5N8.EPI_ISL_985206.Galliformes.south_korea.1.2020-12-25             0.00%    passed     97.20%
  99  H5N8.EPI_ISL_985209.Galliformes.south_korea.79.2020-12-28            0.00%    passed     98.38%
 100  H5N8.EPI_ISL_985210.Galliformes.south_korea.79.2020-12-28            0.00%    passed     97.97%
 101  H5N8.EPI_ISL_985231.Galliformes.japan.1.2021-02-06                   0.00%    passed     98.90%
 102  H5N8.EPI_ISL_985232.Anseriformes.japan.10.2021-02-08                 0.00%    passed     82.73%
 103  H5N8.EPI_ISL_1009690.Galliformes.south_korea.1.2021-01-04            0.00%    passed     98.37%
 104  H5N8.EPI_ISL_1009693.Galliformes.south_korea.1.2021-01-08            0.00%    passed     98.33%
 105  H5N8.EPI_ISL_1009694.Anseriformes.south_korea.1.2021-01-09           0.00%    passed     97.20%
 106  H5N8.EPI_ISL_1009697.NA.south_korea.16.2020-11-23                    0.00%    passed     98.41%
 107  H5N8.EPI_ISL_1009698.Anseriformes.south_korea.1.2020-11-25           0.00%    passed     97.94%
 108  H5N8.EPI_ISL_1009701.Anseriformes.south_korea.16.2020-11-26          0.00%    passed     98.69%
 109  H5N8.EPI_ISL_1009704.Anseriformes.south_korea.16.2020-12-01          0.00%    passed     98.99%
 110  H5N8.EPI_ISL_1009706.NA.south_korea.79.2020-12-02                    0.00%    passed     97.68%
 111  H5N8.EPI_ISL_1009707.NA.south_korea.1.2020-12-14                     0.00%    passed     98.52%
 112  H5N8.EPI_ISL_1273413.Galliformes.japan.10.2020-11-25                 0.00%    passed     74.12%
 113  H5N8.EPI_ISL_1273428.Galliformes.japan.10.2020-11-14                 0.00%    passed     74.12%
 114  H5N8.EPI_ISL_1273432.Galliformes.japan.10.2020-11-19                 0.00%    passed     76.52%
 115  H5N8.EPI_ISL_1273437.Galliformes.japan.16.2021-03-13                 0.00%    passed     95.47%
 116  H5N8.EPI_ISL_1760447.Anseriformes.china.1.2020-11-10                 0.00%    passed     98.91%
 117  H5N8.EPI_ISL_1760448.Anseriformes.china.1.2020-11-10                 0.00%    passed     98.52%
 118  H5N8.EPI_ISL_1760453.Anseriformes.china.1.2020-11-10                 0.00%    passed     98.95%
 119  H5N2.EPI_ISL_1760455.Anseriformes.china.286.2020-11-10               0.00%    passed     96.01%
 120  H5N8.EPI_ISL_1939617.Strigiformes.china.1.2020-11-11                 0.00%    passed     98.52%
 121  H5N8.EPI_ISL_2685848.Anseriformes.china.1.2020-11-16                 0.00%    passed     99.28%
 122  H5N8.EPI_ISL_2713314.Charadriiformes.china.1.2020-11-16              0.00%    passed     99.52%
 123  H5N8.EPI_ISL_2820250.Anseriformes.china.10.2020-10-15                0.00%    passed     77.98%
 124  H5N8.EPI_ISL_2820465.Anseriformes.china.10.2020-10-16                0.00%    passed     74.52%
 125  H5N8.EPI_ISL_2820501.Anseriformes.china.10.2020-10-16                0.00%    passed     75.12%
 126  H5N6.EPI_ISL_3090099.NA.china.61.2021-07-03                          0.00%    passed     73.71%
 127  H5N6.EPI_ISL_3770740.NA.china.73.2021-07-14                          0.00%    passed     77.60%
 128  H5N8.EPI_ISL_4061712.Anseriformes.japan.10.2021-02-17                0.00%    passed     75.92%
 129  H5N8.EPI_ISL_4061713.Anseriformes.japan.10.2021-02-08                0.00%    passed     87.56%
 130  H5N8.EPI_ISL_4061714.Accipitriformes.japan.10.2021-02-03             0.00%    passed     86.23%
 131  H5N8.EPI_ISL_4061715.Falconiformes.japan.10.2021-01-28               0.00%    passed     72.73%
 132  H5N8.EPI_ISL_4062112.Anseriformes.japan.16.2020-12-22                0.00%    passed     98.37%
 133  H5N8.EPI_ISL_5863089.Anseriformes.united_states.1.2020-10-12         0.00%    passed     98.18%
 134  H5N8.EPI_ISL_5863557.Anseriformes.united_states.1.2020-10-23         0.00%    passed     98.73%
 135  H5N8.EPI_ISL_5863615.Anseriformes.united_states.1.2020-10-20         0.00%    passed     97.75%
 136  H5N3.EPI_ISL_5863749.Anseriformes.united_states.289.2020-10-20       0.00%    passed     98.18%
 137  H5N6.EPI_ISL_6757629.Anseriformes.china.290.2021-03                  0.00%    passed     76.48%
 138  H5N6.EPI_ISL_6757631.Anseriformes.china.61.2021-04                   0.00%    passed     64.45%
 139  H5N6.EPI_ISL_6760679.Anseriformes.china.61.2021-07                   0.00%    passed     49.65%
 140  H5N6.EPI_ISL_6760682.Galliformes.china.61.2021-07                    0.00%    passed     70.32%
 141  H5N6.EPI_ISL_6760683.Anseriformes.china.61.2021-07                   0.44%    passed     17.62%
 142  H5N6.EPI_ISL_6760686.Galliformes.china.291.2021-06                   0.00%    passed     99.92%
 143  H5N6.EPI_ISL_6772737.Galliformes.china.127.2021-08                   0.00%    passed     97.77%
 144  H5N6.EPI_ISL_6772759.Galliformes.china.127.2021-08                   0.00%    passed     96.66%
 145  H5N6.EPI_ISL_6772898.Anseriformes.china.209.2021-08                  0.04%    passed     99.13%
 146  H5N8.EPI_ISL_7379465.Anseriformes.china.1.2021-01                    0.00%    passed     98.56%
 147  H5N6.EPI_ISL_7457654.Galliformes.china.209.2021-08                   0.00%    passed     98.96%
 148  H5N8.EPI_ISL_1273441.Accipitriformes.japan.10.2021-03-03             0.00%    passed     85.19%
 149  H5N8.EPI_ISL_2932600.Anseriformes.kazakhstan.1.2020-09-01            0.00%    passed     99.44%
 150  H5N8.EPI_ISL_2555536.Charadriiformes.china.1.2020-11-16              0.00%    passed     98.93%
 151  H5N8.EPI_ISL_2932619.Anseriformes.kazakhstan.1.2020-09-23            0.00%    passed     97.65%
 152  H5N8.EPI_ISL_978915.Anseriformes.japan.1.2021-02-01                  0.00%    passed     98.45%
 153  H5N8.EPI_ISL_2555543.Anseriformes.china.1.2020-11-12                 0.00%    passed     98.82%
 154  H5N8.EPI_ISL_2555542.Anseriformes.china.1.2020-11-12                 0.00%    passed     99.64%
 155  H5N8.EPI_ISL_2555538.Anseriformes.china.1.2020-11-16                 0.00%    passed     98.93%
 156  H5N8.EPI_ISL_2555534.Anseriformes.china.1.2020-11-04                 0.00%    passed     98.93%
 157  H5N8.EPI_ISL_2932617.Passeriformes.kazakhstan.1.2020-09-15           0.00%    passed     98.36%
 158  H5N8.EPI_ISL_1241004.Strigiformes.japan.10.2021-02-16                0.00%    passed     81.10%
 159  H5N8.EPI_ISL_1273420.Galliformes.japan.10.2020-11-07                 0.00%    passed     77.03%
 160  H5N8.EPI_ISL_978906.Galliformes.japan.16.2021-01-22                  0.00%    passed     98.87%
 161  H5N8.EPI_ISL_978901.Galliformes.japan.10.2021-02-01                  0.00%    passed     83.68%
 162  H5N8.EPI_ISL_978896.Galliformes.japan.1.2021-02-05                   0.00%    passed     98.45%
 163  H5N8.EPI_ISL_978894.Galliformes.japan.1.2021-02-05                   0.00%    passed     98.75%
 164  H5N8.EPI_ISL_978890.Galliformes.japan.1.2021-02-03                   0.00%    passed     98.96%
 165  H5N8.EPI_ISL_978912.Anseriformes.japan.1.2021-01-20                  0.00%    passed     97.64%
 166  H5N8.EPI_ISL_2932682.Columbiformes.kazakhstan.1.2020-09-15           0.00%    passed     98.36%
 167  H5N8.EPI_ISL_2932683.Galliformes.kazakhstan.1.2020-10-09             0.00%    passed     99.35%
 168  H5N8.EPI_ISL_2932616.Galliformes.kazakhstan.1.2020-09-19             0.00%    passed     98.82%
 169  H5N8.EPI_ISL_2932608.Galliformes.kazakhstan.1.2020-09-01             0.00%    passed     99.44%
 170  H5N8.EPI_ISL_1822597.Anseriformes.china.1.2020-11-10                 0.00%    passed     99.51%
 171  H5N8.EPI_ISL_1822592.Anseriformes.china.1.2020-11-10                 0.00%    passed     98.30%
 172  H5N1.EPI_ISL_11330431.Accipitriformes.japan.2.2022-01-02             0.00%    passed     96.52%
 173  H5N1.EPI_ISL_11633616.Anseriformes.china.19.2021-12-20               0.00%    passed     88.58%
 174  H5N1.EPI_ISL_13243350.Anseriformes.bangladesh.19.2022-03-09          0.04%    passed     99.44%
 175  H5N8.EPI_ISL_14819900.Anseriformes.china.1.2021-03-11                0.00%    passed     99.15%
 176  H5N8.EPI_ISL_14823812.Anseriformes.china.1.2020-11-09                0.00%    passed     97.77%
 177  H5N8.EPI_ISL_14824091.Anseriformes.china.1.2020-11-10                0.00%    passed     98.52%
 178  H5N8.EPI_ISL_14824095.Anseriformes.china.1.2020-11-10                0.00%    passed     99.15%
 179  H5N8.EPI_ISL_14835960.Anseriformes.china.1.2020-11-11                0.00%    passed     98.93%
 180  H5N8.EPI_ISL_14835964.Anseriformes.china.1.2020-11-11                0.00%    passed     97.66%
 181  H5N8.EPI_ISL_14836026.Anseriformes.china.1.2020-11-14                0.00%    passed     99.28%
 182  H5N8.EPI_ISL_14836078.Anseriformes.china.1.2020-11-16                0.04%    passed     98.78%
 183  H5N8.EPI_ISL_14836088.Anseriformes.china.1.2020-11-16                0.00%    passed     99.28%
 184  H5N8.EPI_ISL_14836098.Anseriformes.china.1.2020-11-16                0.04%    passed     98.92%
 185  H5N8.EPI_ISL_14836104.Anseriformes.china.1.2020-11-17                0.00%    passed     99.28%
 186  H5N8.EPI_ISL_15430209.Anseriformes.china.1.2021-01-15                5.01%    passed     94.95%
 187  H5N2.EPI_ISL_15732741.Passeriformes.japan.297.2022-10-28             0.00%    passed     93.77%
 188  H5N1.EPI_ISL_15732766.Anseriformes.japan.22.2022-10-23               0.00%    passed     95.00%
 189  H5N6.EPI_ISL_8517996.environment.china.73.2021-12-23                 0.00%    passed     70.53%
 190  H5N6.EPI_ISL_8517997.environment.china.73.2021-12-23                 0.00%    passed     81.32%
 191  H5N6.EPI_ISL_8518000.environment.china.73.2021-12-23                 0.00%    passed     72.34%
 192  H5N6.EPI_ISL_11208194.Anseriformes.china.213.2021-10-18              0.00%    passed     90.19%
 193  H5N6.EPI_ISL_11208195.Anseriformes.china.73.2021-12-02               0.00%    passed     70.00%
 194  H5N6.EPI_ISL_11208196.Anseriformes.china.126.2021-12-01              0.00%    passed     74.27%
 195  H5N6.EPI_ISL_11208197.Anseriformes.china.73.2021-12-01               0.00%    passed     62.00%
 196  H5N6.EPI_ISL_11208198.Anseriformes.china.61.2021-11-02               0.00%    passed     73.49%
 197  H5N6.EPI_ISL_11208199.Anseriformes.china.73.2021-12-03               0.00%    passed     72.34%
 198  H5N6.EPI_ISL_11208200.Anseriformes.china.126.2021-12-08              0.00%    passed     67.21%
 199  H5N1.EPI_ISL_12174842.Carnivora.japan.2.2022-03-31                   0.00%    passed     95.42%
 200  H5N1.EPI_ISL_12572652.Galliformes.china.110.2022-03-03               0.00%    passed     99.23%
 201  H5N1.EPI_ISL_12572653.Galliformes.china.110.2021-12-07               0.00%    passed     99.31%
 202  H5N1.EPI_ISL_12572655.Anseriformes.china.22.2021-12-08               0.00%    passed     96.38%
 203  H5N1.EPI_ISL_12572657.Anseriformes.china.110.2021-11-27              0.00%    passed     99.94%
 204  H5N1.EPI_ISL_12572659.Anseriformes.china.22.2022-01-10               0.00%    passed     93.88%
 205  H5N1.EPI_ISL_12572660.Anseriformes.china.110.2021-12-08              0.00%    passed     99.31%
 206  H5N1.EPI_ISL_12572661.Anseriformes.china.22.2022-02-22               0.00%    passed     92.83%
 207  H5N1.EPI_ISL_12572662.Anseriformes.china.19.2022-01-05               0.00%    passed     93.88%
 208  H5N1.EPI_ISL_12572663.Columbiformes.china.110.2021-12-08             0.00%    passed     99.31%
 209  H5N1.EPI_ISL_12572664.Anseriformes.china.2.2021-11-25                0.00%    passed     96.20%
 210  H5N1.EPI_ISL_13243698.Anseriformes.bangladesh.19.2021-12-22          0.04%    passed     89.35%
 211  H5N8.EPI_ISL_14874401.Galliformes.kazakhstan.1.2020-08-01            0.00%    passed     98.10%
 212  H5N1.EPI_ISL_14886825.Anseriformes.bangladesh.19.2021-12-19          0.00%    passed     86.77%
 213  H5N8.EPI_ISL_15435500.Anseriformes.china.1.2021-01-21                0.88%    passed     97.83%
 214  H5N1.EPI_ISL_15647834.Anseriformes.south_korea.19.2022-10-17         0.00%    passed     99.67%
 215  H5N1.EPI_ISL_15647835.Anseriformes.south_korea.9.2022-10-19          0.00%    passed     94.84%
 216  H5N1.EPI_ISL_15647836.Anseriformes.south_korea.80.2022-10-10         0.00%    passed     92.40%
 217  H5N1.EPI_ISL_15647837.Anseriformes.south_korea.19.2022-02-05         0.00%    passed     97.92%
 218  H5N1.EPI_ISL_15923322.Falconiformes.japan.22.2022-09-25              0.00%    passed     97.16%
 219  H5N1.EPI_ISL_15943015.NA.south_korea.128.2022-11-07                  0.00%    passed     97.38%
 220  H5N6.EPI_ISL_8518268.Galliformes.china.73.2021-12-23                 0.00%    passed     70.53%
 221  H5N8.EPI_ISL_11504587.Galliformes.viet_nam.205.2021-12-01            0.00%    passed     99.08%
 222  H5N1.EPI_ISL_12917757.Galliformes.israel.2.2021-10-29                0.00%    passed     93.59%
 223  H5N8.EPI_ISL_13295077.Anseriformes.canada.81.2021-09-16              1.01%    passed     91.10%
 224  H5N1.EPI_ISL_14064697.Passeriformes.japan.2.2022-01-20               0.00%    passed     93.41%
 225  H5N1.EPI_ISL_14064890.Passeriformes.japan.2.2022-04-01               0.00%    passed     93.63%
 226  H5N8.EPI_ISL_14822356.Anseriformes.china.1.2021-03-11                0.00%    passed     98.91%
 227  H5N8.EPI_ISL_14822357.Anseriformes.china.1.2021-03-11                0.04%    passed     98.92%
 228  H5N8.EPI_ISL_14822549.Anseriformes.china.1.2021-05-18                0.04%    passed     99.33%
 229  H5N1.EPI_ISL_15944667.Anseriformes.south_korea.128.2022-11-21        0.00%    passed     91.14%
 230  H5N8.EPI_ISL_14770166.Anseriformes.china.16.2020-11-23               0.00%    passed     98.72%
 231  H5N8.EPI_ISL_14770165.Gruiformes.china.1.2020-12-31                  0.00%    passed     97.66%
 232  H5N8.EPI_ISL_14770164.Gruiformes.china.1.2020-12-31                  0.00%    passed     98.38%
 233  H5N1.EPI_ISL_15072539.Casuariiformes.japan.2.2022-04-16              0.00%    passed     94.25%
 234  H5N1.EPI_ISL_14065167.Accipitriformes.japan.2.2022-02-10             0.00%    passed     94.25%
 235  H5N1.EPI_ISL_14064986.Passeriformes.japan.2.2022-02-14               0.00%    passed     93.63%
 236  H5N1.EPI_ISL_15072538.Galliformes.japan.2.2022-04-16                 0.00%    passed     92.17%
 237  H5N8.EPI_ISL_16215736.Galliformes.china.1.2020-12                    0.00%    passed     99.35%
 238  H5N1.EPI_ISL_15576616.Anseriformes.japan.2.2022-10-04                0.00%    passed     96.90%
 239  H5N8.EPI_ISL_13295170.Anseriformes.canada.81.2021-11-16              0.57%    passed     77.93%
 240  H5N1.EPI_ISL_16388458.Anseriformes.japan.80.2022-11-23               0.00%    passed     99.44%
 241  H5N8.EPI_ISL_16405651.environment.japan.10.2020-11-09                0.00%    passed     91.36%
 242  H5N8.EPI_ISL_16405652.environment.japan.10.2020-11-09                0.00%    passed     82.22%
 243  H5N8.EPI_ISL_16405656.environment.japan.10.2020-11-16                0.00%    passed     82.22%
 244  H5N8.EPI_ISL_16405657.environment.japan.10.2020-11-16                0.00%    passed     75.52%
 245  H5N8.EPI_ISL_16405658.environment.japan.10.2020-11-16                0.00%    passed     78.38%
 246  H5N8.EPI_ISL_16405663.environment.japan.10.2020-11-30                0.00%    passed     87.63%
 247  H5N8.EPI_ISL_16405667.environment.japan.10.2020-11-30                0.00%    passed     96.93%
 248  H5N8.EPI_ISL_16405669.environment.japan.10.2020-11-30                0.00%    passed     89.25%
 249  H5N8.EPI_ISL_16405670.environment.japan.10.2020-12-07                0.00%    passed     92.79%
 250  H5N8.EPI_ISL_16405671.environment.japan.10.2020-12-07                0.00%    passed     92.13%
 251  H5N8.EPI_ISL_16405672.environment.japan.10.2020-12-07                0.00%    passed     91.36%
 252  H5N8.EPI_ISL_16405673.environment.japan.10.2020-12-07                0.00%    passed     76.74%
 253  H5N8.EPI_ISL_16405674.environment.japan.10.2020-12-07                0.00%    passed     78.80%
 254  H5N8.EPI_ISL_16405676.environment.japan.10.2020-12-21                0.00%    passed     73.92%
 255  H5N8.EPI_ISL_16405678.environment.japan.10.2020-12-21                0.00%    passed     80.10%
 256  H5N6.EPI_ISL_16466440.NA.china.126.2022-11-11                        0.00%    passed     69.14%
 257  H5N1.EPI_ISL_17638141.Galliformes.japan.80.2023-03-27                0.00%    passed     98.96%
 258  H5N1.EPI_ISL_17638143.Galliformes.japan.80.2023-04-02                0.00%    passed     98.37%
 259  H5N8.EPI_ISL_17760581.Anseriformes.canada.81.2021-09-16              0.57%    passed     89.40%
 260  H5N8.EPI_ISL_17760582.Anseriformes.canada.81.2021-10-15              0.57%    passed     85.44%
 261  H5N8.EPI_ISL_17805814.environment.japan.10.2020-12-21                0.00%    passed     80.10%
 262  H5N8.EPI_ISL_17805816.environment.japan.10.2020-12-07                0.00%    passed     78.80%
 263  H5N8.EPI_ISL_17805822.NA.japan.16.2021-02-01                         0.00%    passed     97.72%
 264  H5N8.EPI_ISL_17805824.environment.japan.10.2020-12-07                0.00%    passed     76.74%
 265  H5N8.EPI_ISL_17805828.environment.japan.10.2020-12-07                0.00%    passed     92.79%
 266  H5N8.EPI_ISL_17805837.environment.japan.10.2020-11-16                0.00%    passed     78.38%
 267  H5N8.EPI_ISL_17805841.environment.japan.10.2020-11-30                0.00%    passed     96.93%
 268  H5N8.EPI_ISL_17805853.environment.japan.10.2020-11-09                0.00%    passed     82.22%
 269  H5N8.EPI_ISL_17805873.environment.japan.10.2020-11-30                0.00%    passed     87.63%
 270  H5N8.EPI_ISL_17805874.environment.japan.10.2020-12-07                0.00%    passed     91.36%
 271  H5N8.EPI_ISL_17805882.NA.japan.10.2021-02-03                         0.00%    passed     87.11%
 272  H5N8.EPI_ISL_17805894.environment.japan.10.2020-12-07                0.00%    passed     92.13%
 273  H5N8.EPI_ISL_17805898.environment.japan.10.2020-11-23                0.00%    passed     75.52%
 274  H5N8.EPI_ISL_17805901.NA.japan.10.2020-12-18                         0.00%    passed     76.86%
 275  H5N8.EPI_ISL_17805905.Anseriformes.japan.1.2021-01-16                0.00%    passed     98.37%
 276  H5N8.EPI_ISL_17805910.environment.japan.10.2020-11-09                0.00%    passed     91.36%
 277  H5N8.EPI_ISL_17805914.environment.japan.10.2020-12-21                0.00%    passed     73.92%
 278  H5N8.EPI_ISL_17805918.environment.japan.10.2020-11-30                0.00%    passed     89.25%
 279  H5N8.EPI_ISL_17805922.environment.japan.10.2020-11-16                0.00%    passed     82.22%
 280  H5N1.EPI_ISL_17949961.Passeriformes.japan.80.2023-03-10              0.04%    passed     98.59%
 281  H5N1.EPI_ISL_17949986.Passeriformes.japan.80.2023-02-07              0.00%    passed     99.13%
 282  H5N1.EPI_ISL_17949987.Anseriformes.japan.80.2022-11-26               0.00%    passed     96.65%
 283  H5N1.EPI_ISL_17950253.Passeriformes.japan.2.2023-03-30               0.00%    passed     94.46%
 284  H5N1.EPI_ISL_16698060.Galliformes.japan.15.2022-11-07                0.00%    passed     94.25%
 285  H5N1.EPI_ISL_16698477.Galliformes.japan.2.2023-01-11                 0.00%    passed     93.77%
 286  H5N1.EPI_ISL_16698546.Accipitriformes.japan.2.2022-10-21             0.00%    passed     94.90%
 287  H5N1.EPI_ISL_16698576.Gruiformes.japan.2.2022-11-20                  0.00%    passed     90.71%
 288  H5N1.EPI_ISL_16698579.Charadriiformes.japan.2.2022-11-06             0.00%    passed     95.48%
 289  H5N8.EPI_ISL_16718460.Accipitriformes.japan.16.2021-02-01            0.00%    passed     97.72%
 290  H5N8.EPI_ISL_16718463.Gruiformes.japan.10.2021-02-05                 0.04%    passed     87.00%
 291  H5N8.EPI_ISL_16718465.Gruiformes.japan.1.2021-01-16                  0.00%    passed     98.37%
 292  H5N8.EPI_ISL_16718466.Anseriformes.japan.10.2020-12-18               0.00%    passed     76.86%
 293  H5N1.EPI_ISL_16955748.Passeriformes.japan.2.2022-11-24               0.00%    passed     95.10%
 294  H5N1.EPI_ISL_16955765.Passeriformes.japan.2.2022-12-05               0.00%    passed     94.90%
 295  H5N1.EPI_ISL_16955798.Charadriiformes.japan.2.2022-11-16             0.00%    passed     93.63%
 296  H5N1.EPI_ISL_17075759.NA.china.19.2023-02-10                         0.00%    passed     96.22%
 297  H5N1.EPI_ISL_17316489.Passeriformes.japan.15.2023-03-13              0.00%    passed     92.82%
 298  H5N1.EPI_ISL_17606817.Anseriformes.south_korea.22.2022-01-13         0.00%    passed     80.21%
 299  H5N1.EPI_ISL_17606822.Anseriformes.south_korea.22.2021-11-17         0.00%    passed     88.86%
 300  H5N1.EPI_ISL_17606823.Galliformes.south_korea.22.2021-11-21          0.00%    passed     88.86%
 301  H5N1.EPI_ISL_17606826.Galliformes.south_korea.22.2021-12-05          0.00%    passed     88.38%
 302  H5N1.EPI_ISL_17606827.Galliformes.south_korea.22.2021-12-11          0.00%    passed     90.77%
 303  H5N1.EPI_ISL_17606841.Galliformes.south_korea.22.2022-01-21          0.00%    passed     81.01%
 304  H5N1.EPI_ISL_17606844.Anseriformes.south_korea.22.2022-01-25         0.00%    passed     73.22%
 305  H5N1.EPI_ISL_17606852.Anseriformes.south_korea.22.2022-02-07         0.00%    passed     81.01%
 306  H5N1.EPI_ISL_17606854.Galliformes.south_korea.19.2022-02-07          0.00%    passed     98.63%
 307  H5N1.EPI_ISL_17606855.Anseriformes.south_korea.22.2022-02-08         0.04%    passed     81.79%
 308  H5N1.EPI_ISL_17606859.Galliformes.south_korea.22.2022-02-13          0.04%    passed     79.58%
 309  H5N1.EPI_ISL_17606865.Anseriformes.south_korea.22.2021-11-14         0.00%    passed     89.85%
 310  H5N1.EPI_ISL_17766057.Carnivora.japan.15.2023-04-12                  0.00%    passed     92.82%
 311  H5N6.EPI_ISL_china_1.Galliformes.china.314.2022-02-28                0.00%    passed     57.38%
 312  H5N8.EPI_ISL_china_2.Galliformes.china.1.2021-05-31                  8.22%    passed     98.78%
 313  H5N8.EPI_ISL_china_4.Galliformes.china.1.2021-06-26                  8.22%    passed     98.78%
 314  H5N2.EPI_ISL_china_12.Anseriformes.china.101.2022-01-26              0.13%    passed     99.81%
 315  H5N1.EPI_ISL_china_18.NA.china.80.2023-01-01                         0.00%    passed     98.96%
 316  H5N1.EPI_ISL_china_26.Podicipediformes.china.19.2022-07-15           0.00%    passed     96.18%
 317  H5N1.EPI_ISL_china_27.Charadriiformes.china.19.2022-07-23            0.00%    passed     97.25%
 318  H5N1.EPI_ISL_china_28.Podicipediformes.china.19.2022-07-21           0.00%    passed     97.92%
 319  H5N1.EPI_ISL_china_29.Podicipediformes.china.19.2022-07-15           0.00%    passed     96.42%
 320  H5N1.EPI_ISL_china_30.Charadriiformes.china.19.2022-07-23            0.00%    passed     96.99%
 321  H5N1.EPI_ISL_china_34.Anseriformes.china.19.2022-06-18               0.00%    passed     96.98%
 322  H5N1.EPI_ISL_china_36.Anseriformes.china.19.2022-06-18               0.00%    passed     97.36%
 323  H5N1.EPI_ISL_china_37.Anseriformes.china.19.2022-06-18               0.00%    passed     96.65%
 324  H5N1.EPI_ISL_china_42.Charadriiformes.china.19.2022-07-21            0.00%    passed     95.24%
 325  H5N1.EPI_ISL_china_43.Charadriiformes.china.19.2022-07-21            0.00%    passed     97.92%
 326  H5N1.EPI_ISL_china_45.Charadriiformes.china.19.2022-07-22            0.00%    passed     96.65%
 327  H5N1.EPI_ISL_china_2023082.Anseriformes.china.19.2021-11-04          0.00%    passed     94.96%
 328  H5N1.EPI_ISL_china_2023083.Anseriformes.china.19.2021-11-04          0.00%    passed     94.75%
 329  H5N1.EPI_ISL_china_2023086.Anseriformes.china.22.2021-11-18          0.00%    passed     87.80%
 330  H5N1.EPI_ISL_china_20230819.Anseriformes.china.19.2021-11-16         0.00%    passed     90.29%
 331  H5N1.EPI_ISL_china_20230820.Anseriformes.china.2.2021-11-16          0.00%    passed     95.23%
 332  H5N1.EPI_ISL_china_20230831.Anseriformes.china.2.2021-10-20          0.00%    passed     92.76%
 333  H5N1.EPI_ISL_china_20230834.Anseriformes.china.22.2021-10-10         0.00%    passed     87.02%
 334  H5N1.EPI_ISL_china_20230838.Anseriformes.china.22.2021-10-16         0.00%    passed     86.08%
 335  H5N1.EPI_ISL_china_20230840.Anseriformes.china.19.2021-12-20         0.00%    passed     87.95%
 336  H5N1.EPI_ISL_china_20230843.Anseriformes.china.19.2021-11-25         0.00%    passed     90.90%
 337  H5N1.EPI_ISL_china_20230847.Anseriformes.china.22.2021-12-02         0.00%    passed     89.29%
 338  H5N1.EPI_ISL_china_20230848.Anseriformes.china.19.2021-12-02         0.00%    passed     93.15%
 339  H5N1.EPI_ISL_china_20230849.Anseriformes.china.19.2021-11-26         0.00%    passed     91.95%
 340  H5N1.EPI_ISL_china_20230854.Suliformes.china.19.2021-12-01           0.00%    passed     93.34%
 341  H5N8.EPI_ISL_17086228.environment.japan.NA.2020-11-25                0.00%    passed     74.12%
 342  H5N8.EPI_ISL_17086225.environment.japan.NA.2020-11-11                0.00%    passed     74.12%
 343  H6N6.EPI_ISL_17104314.environment.china.NA.2019-03-28                0.00%    passed     94.09%
 344  H6N6.EPI_ISL_2825296.Galliformes.china.NA.2018-04-10                 0.00%    passed     91.48%
 345  H6N6.EPI_ISL_199265.Anseriformes.china.NA.2015-04-22                 0.00%    passed     90.17%
 346  H6N6.EPI_ISL_200594.Anseriformes.china.NA.2015-02-11                 0.00%    passed     92.26%
 347  H6N6.EPI_ISL_200589.Anseriformes.china.NA.2015-02-11                 0.00%    passed     93.42%
 348  H3N2.EPI_ISL_15723969.environment.china.NA.2021-08-30                0.00%    passed     74.38%
 349  H3N2.EPI_ISL_15723965.environment.china.NA.2021-03-18                0.00%    passed     84.48%
 350  H5N6.EPI_ISL_18000337.NA.china.NA.2022-02-27                         0.00%    passed     81.22%
 351  H3N2.EPI_ISL_15723976.environment.china.NA.2022-01-25                0.00%    passed     68.36%
 352  H5N6.EPI_ISL_18058055.Anseriformes.china.NA.2021-05-01               0.00%    passed     68.47%
 353  H9N2.EPI_ISL_398141.NA.china.NA.2019-01-18                           0.00%    passed     85.05%
 354  H3N2.EPI_ISL_9572777.Anseriformes.viet_nam.NA.2020-07-29             0.00%    passed     67.36%
 355  H6N3.EPI_ISL_400278.Anseriformes.russia.NA.2019-10-12                0.00%    passed     78.51%
 356  H10N7.EPI_ISL_16886897.Anseriformes.south_korea.NA.2022-01-11        0.00%    passed     85.71%
 357  H3N2.EPI_ISL_9572810.Anseriformes.viet_nam.NA.2020-09-25             0.00%    passed     67.36%
 358  H5N3.EPI_ISL_11211428.Anseriformes.bangladesh.211.2022-01-30         0.09%    passed     79.96%
 359  H11N9.EPI_ISL_696568.Anseriformes.south_korea.NA.2019-11-19          0.00%    passed     88.26%
 360  H3N8.EPI_ISL_16166669.Anseriformes.china.NA.2019-10-08               0.00%    passed     82.32%
 361  H5N8.EPI_ISL_14749142.environment.japan.NA.2021-12-01                0.00%    passed     59.11%
 362  H7N7.EPI_ISL_1081358.Anseriformes.russia.NA.2020-08-13               0.00%    passed     72.49%
 363  H4N6.EPI_ISL_7622863.Anseriformes.belgium.NA.2020-09-19              0.00%    passed     85.56%
 364  H3N8.EPI_ISL_4031548.Charadriiformes.china.NA.2019-06-11             0.18%    passed     80.99%
 365  H9N2.EPI_ISL_1184529.Anseriformes.russia.NA.2020-09-08               0.00%    passed     97.92%
 366  H5N8.EPI_ISL_17086334.Galliformes.japan.NA.2020-12-12                0.00%    passed     98.70%
 367  H5N1.EPI_ISL_15063429.Galliformes.japan.NA.2021-11-13                0.00%    passed     95.75%
 368  H5N1.EPI_ISL_17371283.Anseriformes.indonesia.NA.2022-04-04           0.00%    passed     95.90%
 369  H5N1.EPI_ISL_16831299.Galliformes.japan.NA.2022-04-19                0.00%    passed     94.29%
 370  H5N1.EPI_ISL_15063425.Galliformes.japan.NA.2021-12-07                0.00%    passed     90.69%
 371  H5N1.EPI_ISL_5463795.Galliformes.russia.2.2021-10-06                 0.00%    passed     86.64%
 372  H5N1.EPI_ISL_16831328.Casuariiformes.japan.NA.2022-04-16             0.00%    passed     94.25%
 373  H5N1.EPI_ISL_5463794.Galliformes.russia.2.2021-10-06                 0.00%    passed     85.73%
 374  H5N1.EPI_ISL_17529372.Anseriformes.egypt.3.2021-12-15                0.00%    passed     93.59%
 375  H5N1.EPI_ISL_13370613.Galliformes.united_kingdom.3.2021-12-17        0.00%    passed     93.59%
 376  H5N1.EPI_ISL_13370511.Galliformes.united_kingdom.2.2021-12-02        0.00%    passed     89.59%
 377  H5N1.EPI_ISL_13369772.Galliformes.united_kingdom.3.2021-11-22        0.00%    passed     94.90%
 378  H5N1.EPI_ISL_10943657.Accipitriformes.sweden.2.2022-01-25            0.00%    passed     88.68%
 379  H5N1.EPI_ISL_5463801.Galliformes.russia.3.2021-09-30                 0.00%    passed     95.40%
 380  H5N1.EPI_ISL_5463798.Anseriformes.russia.3.2021-09-30                0.00%    passed     95.40%
 381  H5N1.EPI_ISL_16831077.Anseriformes.japan.NA.2022-02-12               0.00%    passed     94.90%
 382  H5N1.EPI_ISL_16676481.Charadriiformes.belgium.3.2022-06-16           0.00%    passed     93.17%
 383  H7N3.EPI_ISL_331289.Anseriformes.russia.NA.2018-01-23                0.00%    passed     64.12%
 384  H6N8.EPI_ISL_462609.Anseriformes.china.NA.2019-11-19                 0.00%    passed     81.51%
 385  H5N1.EPI_ISL_16240224.Galliformes.united_states.9.2022-05-09         0.00%    passed     97.63%
 386  H5N1.EPI_ISL_16189912.Strigiformes.canada.9.2022-04-28               0.00%    passed     97.63%
 387  H5N1.EPI_ISL_16183656.Anseriformes.canada.9.2022-04-27               0.00%    passed     97.63%
 388  H5N1.EPI_ISL_16183504.Galliformes.canada.9.2022-05-16                0.00%    passed     97.63%
 389  H5N1.EPI_ISL_18133185.NA.united_states.NA.2022-04-11                 0.00%    passed     98.04%
 390  H5N1.EPI_ISL_18132762.Galliformes.united_states.NA.2022-03-21        0.00%    passed     98.04%
 391  H5N1.EPI_ISL_18132418.Anseriformes.united_states.NA.2022-04-14       0.00%    passed     97.91%
 392  H5N1.EPI_ISL_18132388.Accipitriformes.united_states.NA.2022-04-06    0.00%    passed     98.04%
 393  H5N1.EPI_ISL_16244014.Galliformes.united_states.9.2022-05-17         0.00%    passed     96.78%
 394  H5N1.EPI_ISL_16243926.Anseriformes.united_states.9.2022-05-16        0.00%    passed     96.78%
 395  H5N1.EPI_ISL_16240353.Anseriformes.united_states.9.2022-05-07        0.00%    passed     98.04%
 396  H5N1.EPI_ISL_16023376.Carnivora.canada.9.2022-05-31                  0.00%    passed     96.78%
 397  H5N1.EPI_ISL_15004377.Galliformes.united_states.9.2022-04-11         0.00%    passed     98.04%
 398  H5N1.EPI_ISL_13052720.Carnivora.united_states.9.2022-04-22           0.00%    passed     98.04%
 399  H5N1.EPI_ISL_11971481.Galliformes.united_states.9.2022-03-21         0.00%    passed     98.04%
 400  H5N1.EPI_ISL_16189981.Charadriiformes.canada.9.2022-04-28            0.04%    passed     97.76%
 401  H5N1.EPI_ISL_18284462.Galliformes.japan.NA.2022-11-07                0.00%    passed     92.24%
 402  H5N1.EPI_ISL_17999470.Falconiformes.japan.NA.2022-10-16              0.00%    passed     92.24%
 403  H5N1.EPI_ISL_18284477.Galliformes.japan.NA.2023-03-14                0.00%    passed     93.40%
 404  H5N2.EPI_ISL_18284476.Galliformes.japan.NA.2023-01-17                0.00%    passed     95.13%
 405  H5N1.EPI_ISL_16831319.Galliformes.japan.NA.2022-03-25                0.00%    passed     95.48%
 406  H5N1.EPI_ISL_16831092.Passeriformes.japan.NA.2022-03-04              0.00%    passed     94.90%
 407  H5N1.EPI_ISL_15843373.Accipitriformes.canada.2.2022-02-03            0.00%    passed     95.48%
 408  H5N1.EPI_ISL_16831664.Casuariiformes.japan.NA.2022-05-12             0.00%    passed     94.24%
 409  H5N1.EPI_ISL_18284474.Anseriformes.japan.NA.2022-12-20               0.00%    passed     96.12%
 410  H6N1.EPI_ISL_237137.Anseriformes.japan.NA.2013-11-01                 0.00%    passed     94.95%
 411  H5N3.EPI_ISL_369308.environment.south_korea.NA.2015-11-19            0.00%    passed     87.59%
 412  H6N2.EPI_ISL_244542.Anseriformes.china.NA.2014-12-22                 0.00%    passed     96.41%
 413  H2N8.EPI_ISL_229211.Anseriformes.china.NA.2013-12-14                 0.00%    passed     97.77%
 414  H1N1.EPI_ISL_302712.Anseriformes.china.NA.2015-02-05                 0.00%    passed     94.75%
 415  H1N1.EPI_ISL_266409.Anseriformes.china.NA.2014-12-22                 0.00%    passed     93.52%
 416  H1N1.EPI_ISL_257730.NA.south_korea.NA.2014-12-02                     0.00%    passed     93.52%
 417  H5N1.EPI_ISL_18242686.Pelecaniformes.south_korea.NA.2023-03-06       0.00%    passed     92.23%
 418  H5N1.EPI_ISL_18284469.Galliformes.japan.NA.2022-11-22                0.00%    passed     89.68%
 419  H5N1.EPI_ISL_18284475.Galliformes.japan.NA.2022-12-21                0.00%    passed     92.39%
 420  H5N1.EPI_ISL_18066450.Passeriformes.japan.NA.2023-01-06              0.00%    passed     92.86%
 421  H5N1.EPI_ISL_18373254.Anseriformes.south_korea.NA.2022-03-04         0.00%    passed     80.25%
 422  H5N1.EPI_ISL_18373253.Anseriformes.south_korea.NA.2022-03-07         0.00%    passed     82.03%
 423  H5N1.EPI_ISL_18373247.Gruiformes.south_korea.NA.2022-02-25           0.00%    passed     85.31%
 424  H6N6.EPI_ISL_17104351.environment.china.NA.2018-08-13                0.00%    passed     98.98%
 425  H9N2.EPI_ISL_15854273.Galliformes.china.NA.2019-12-11                0.00%    passed     97.10%
 426  H9N2.EPI_ISL_698000.Galliformes.china.NA.2017-07-02                  0.00%    passed     97.82%
 427  H6N6.EPI_ISL_697002.Anseriformes.china.NA.2017-07-02                 0.04%    passed     98.19%
 428  H6N6.EPI_ISL_17104476.environment.china.NA.2018-03-06                0.00%    passed     99.58%
 429  H6N6.EPI_ISL_17104328.environment.china.NA.2018-12-11                0.00%    passed     83.96%
 430  H6N6.EPI_ISL_17104336.environment.china.NA.2018-12-26                0.00%    passed     95.53%
 431  H5N3.EPI_ISL_11207832.Anseriformes.bangladesh.294.2021-12-05         0.00%    passed     93.39%
 432  H3N6.EPI_ISL_17805885.environment.japan.NA.2020-12-14                0.00%    passed     98.22%
 433  H3N6.EPI_ISL_16390404.environment.japan.NA.2020-12-14                0.00%    passed     98.22%
 434  H3N6.EPI_ISL_17805829.environment.japan.NA.2020-11-23                0.00%    passed     99.70%
 435  H3N6.EPI_ISL_16390402.environment.japan.NA.2020-11-23                0.00%    passed     99.70%
 436  H3N8.EPI_ISL_400262.Anseriformes.russia.NA.2019-09-19                0.00%    passed     97.60%
 437  H6N2.EPI_ISL_239390.Anseriformes.japan.NA.2016-10-21                 0.04%    passed     99.91%
 438  H3N8.EPI_ISL_400263.Anseriformes.russia.NA.2019-09-19                0.00%    passed     97.60%
 439  H7N9.EPI_ISL_1634438.environment.japan.NA.2018-12-10                 0.00%    passed     98.57%
 440  H5N1.EPI_ISL_18284461.Galliformes.japan.NA.2022-10-28                0.00%    passed     94.25%
 441  H5N1.EPI_ISL_18066453.Passeriformes.japan.NA.2023-02-17              0.00%    passed     92.82%
 442  H5N1.EPI_ISL_18066451.Anseriformes.japan.NA.2023-02-09               0.00%    passed     92.82%
 443  H5N1.EPI_ISL_17857959.Carnivora.japan.NA.2023-02-20                  0.00%    passed     92.82%
 444  H5N1.EPI_ISL_18007230.Passeriformes.japan.NA.2023-04-18              0.00%    passed     92.82%
 445  H9N2.EPI_ISL_1760456.Anseriformes.china.NA.2020-11-10                0.00%    passed     96.89%
 446  H10N7.EPI_ISL_13985202.Charadriiformes.china.NA.2019-04-26           0.00%    passed     95.29%
 447  H10N6.EPI_ISL_13984564.Anseriformes.china.NA.2019-03-19              0.00%    passed     96.19%
 448  H10N7.EPI_ISL_13985200.Charadriiformes.china.NA.2019-04-26           0.00%    passed     96.19%
 449  H10N7.EPI_ISL_13985205.Charadriiformes.china.NA.2019-04-26           0.00%    passed     96.19%
 450  H3N8.EPI_ISL_4072269.Anseriformes.south_korea.NA.2019-10-28          0.00%    passed     99.11%
 451  H5N3.EPI_ISL_237173.Anseriformes.japan.NA.2015-10-01                 0.00%    passed     99.01%
 452  NA.EPI_ISL_4072263.Anseriformes.united_states.NA.2016-10-01          0.00%    passed     99.36%
 453  H1N2.EPI_ISL_239395.Anseriformes.japan.NA.2016-10-18                 0.00%    passed     99.75%
 454  H5N1.EPI_ISL_18373218.Anseriformes.south_korea.NA.2021-11-16         0.00%    passed     88.86%
 455  H5N1.EPI_ISL_16831015.Anseriformes.japan.NA.2022-01-27               0.00%    passed     91.74%
 456  H5N1.EPI_ISL_15063426.Galliformes.japan.NA.2021-12-12                0.00%    passed     87.71%
 457  H5N1.EPI_ISL_15063423.Galliformes.japan.NA.2021-11-17                0.00%    passed     85.52%
 458  H6N1.EPI_ISL_9955427.Anseriformes.bangladesh.NA.2021-01-10           0.00%    passed     93.23%
 459  H6N1.EPI_ISL_212406.NA.china.NA.2014-12-23                           0.00%    passed     96.41%
 460  H4N6.EPI_ISL_237176.Anseriformes.japan.NA.2013-12-01                 0.00%    passed     97.83%
 461  H3N8.EPI_ISL_237128.Anseriformes.japan.NA.2015-11-01                 0.00%    passed     87.59%
 462  NA.EPI_ISL_209113.Anseriformes.mongolia.NA.2015-08-30                0.00%    passed     92.34%
 463  H1N2.EPI_ISL_327462.Anseriformes.china.NA.2017-06-03                 0.00%    passed     89.91%
 464  H5N6.EPI_ISL_18231293.Anseriformes.laos.NA.2022-01-18                0.00%    passed     72.00%
 465  H5N8.EPI_ISL_4030493.environment.japan.NA.2020-12-09                 0.00%    passed     82.73%
 466  H5N8.EPI_ISL_1665263.Anseriformes.slovenia.1.2020-11-17              0.00%    passed     98.60%
 467  H5N8.EPI_ISL_739684.Anseriformes.russia.1.2020-09-15                 0.00%    passed     97.20%
 468  H5N8.EPI_ISL_644155.Galliformes.russia.1.2020-08-17                  0.00%    passed     97.20%
 469  H5N8.EPI_ISL_644154.Galliformes.russia.1.2020-08-17                  0.00%    passed     98.36%
 470  H5N8.EPI_ISL_3128523.Pelecaniformes.greece.1.2021-03-22              0.00%    passed     96.19%
 471  H5N8.EPI_ISL_1191587.Galliformes.czech_republic.1.2021-01-22         0.00%    passed     97.84%
 472  H5N8.EPI_ISL_683751.Anseriformes.italy.1.2020-11-21                  0.00%    passed     98.03%
 473  H5N8.EPI_ISL_644150.Galliformes.russia.1.2020-08-17                  0.00%    passed     98.82%
 474  H5N8.EPI_ISL_644132.Anseriformes.russia.1.2020-08-17                 0.00%    passed     98.82%
 475  H5N8.EPI_ISL_644127.Anseriformes.russia.1.2020-08-17                 0.00%    passed     98.82%
 476  H5N6.EPI_ISL_16886862.Rodentia.china.309.2021-10-01                  0.00%    passed     69.25%
 477  H5N6.EPI_ISL_221706.Anseriformes.china.NA.2016-01-01                 0.00%    passed     48.30%
 478  H5N6.EPI_ISL_221711.Anseriformes.china.NA.2016-01-01                 0.00%    passed     53.14%
 479  H5N6.EPI_ISL_707546.Anseriformes.china.NA.2016-11-29                 0.00%    passed     42.80%
 480  H5N6.EPI_ISL_372813.Anseriformes.china.NA.2016-04-16                 0.00%    passed     47.76%
 481  H5N6.EPI_ISL_293503.Anseriformes.japan.NA.2017-01-09                 0.00%    passed     27.68%
 482  H5N6.EPI_ISL_239423.Galliformes.japan.NA.2016-11-30                  0.00%    passed     24.47%
 483  H5N6.EPI_ISL_239260.Galliformes.south_korea.NA.2016-11-20            0.00%    passed     26.91%
 484  H5N6.EPI_ISL_397347.Anseriformes.japan.NA.2016-11-18                 0.00%    passed     32.18%
 485  H5N6.EPI_ISL_18231286.Galliformes.laos.NA.2022-07-13                 0.00%    passed     67.44%
 486  H5N6.EPI_ISL_18231307.Galliformes.laos.NA.2022-07-13                 0.00%    passed     70.24%
 487  H5N6.EPI_ISL_18231288.environment.laos.NA.2022-07-26                 0.00%    passed     70.24%
 488  H5N6.EPI_ISL_18231283.Anseriformes.laos.NA.2022-07-13                0.00%    passed     70.24%
 489  H5N6.EPI_ISL_18231282.Anseriformes.laos.NA.2022-07-13                0.00%    passed     66.36%
 490  H5N6.EPI_ISL_18231308.Anseriformes.laos.NA.2022-07-13                0.04%    passed     71.08%
 491  H7N9.EPI_ISL_1374065.Galliformes.china.NA.2019-04-01                 0.00%    passed     99.51%
 492  H7N9.EPI_ISL_1495970.Galliformes.china.NA.2021-02-10                 0.00%    passed     99.75%
 493  H7N9.EPI_ISL_1495153.Galliformes.china.NA.2021-02-10                 0.00%    passed     99.36%
 494  H7N9.EPI_ISL_1374055.Galliformes.china.NA.2018-02-01                 0.00%    passed     99.51%
 495  H7N9.EPI_ISL_1374067.Galliformes.china.NA.2019-04-01                 0.00%    passed     99.21%
 496  H7N9.EPI_ISL_1520374.Galliformes.china.NA.2021-02-10                 0.00%    passed     99.48%
 497  H7N9.EPI_ISL_379666.Galliformes.china.NA.2017-05-07                  0.00%    passed     99.28%
 498  H7N9.EPI_ISL_378716.Galliformes.china.NA.2017-05-14                  0.00%    passed     99.28%
 499  H7N9.EPI_ISL_274206.Galliformes.china.NA.2017-04-24                  0.00%    passed     99.28%
 500  H7N9.EPI_ISL_379672.Galliformes.china.NA.2017-06-06                  0.00%    passed     99.53%
 501  H7N9.EPI_ISL_379669.Galliformes.china.NA.2017-05-20                  0.00%    passed     99.01%
 502  H7N9.EPI_ISL_379667.Galliformes.china.NA.2017-05-01                  0.00%    passed     99.53%
 503  H7N9.EPI_ISL_285178.NA.china.NA.2017-06-05                           0.00%    passed     99.53%
 504  H7N9.EPI_ISL_276783.Galliformes.china.NA.2017-05-05                  0.00%    passed     99.42%
 505  H7N9.EPI_ISL_269522.environment.china.NA.2017-06-02                  0.00%    passed     99.53%
 506  H7N9.EPI_ISL_269516.NA.china.NA.2017-05-13                           0.00%    passed     99.53%
 507  H7N9.EPI_ISL_269514.environment.china.NA.2017-04-26                  0.00%    passed     99.35%
 508  H3N2.EPI_ISL_15723914.environment.china.NA.2019-10-18                0.00%    passed     82.66%
 509  H4N6.EPI_ISL_4071308.Anseriformes.mongolia.NA.2018-09-10             0.00%    passed     97.66%
 510  H4N6.EPI_ISL_280495.Anseriformes.china.NA.2016-04-01                 0.00%    passed     92.87%
 511  H7N7.EPI_ISL_278519.Anseriformes.china.NA.2017-02-24                 0.00%    passed     97.92%
 512  H3N2.EPI_ISL_15723342.environment.china.NA.2016-06-27                0.00%    passed     98.70%
 513  H4N6.EPI_ISL_503352.Anseriformes.mongolia.NA.2019-09-17              0.00%    passed     95.03%
 514  H5N6.EPI_ISL_6780544.Anseriformes.viet_nam.NA.2017-11-14             0.04%    passed     95.92%
 515  H3N2.EPI_ISL_17805831.environment.japan.NA.2020-12-07                0.00%    passed     94.60%
 516  H5N8.EPI_ISL_15063430.Galliformes.japan.NA.2021-11-15                0.00%    passed     94.61%
 517  H5N8.EPI_ISL_15063428.environment.japan.NA.2021-11-10                0.00%    passed     93.88%
 518  H5N8.EPI_ISL_17086349.Galliformes.japan.NA.2021-02-08                0.00%    passed     98.96%
 519  H5N8.EPI_ISL_15433349.Anseriformes.china.NA.2021-01-21               0.00%    passed     98.70%
 520  H5N8.EPI_ISL_18012466.Galliformes.china.NA.2021-11-09                0.00%    passed     98.70%
 521  H5N3.EPI_ISL_14161097.Anseriformes.south_korea.295.2022-03-15        0.00%    passed     98.55%
 522  H5N1.EPI_ISL_18284468.Galliformes.japan.NA.2022-12-05                0.00%    passed     98.96%
 523  H5N1.EPI_ISL_18007232.Passeriformes.japan.NA.2023-03-24              0.00%    passed     98.96%
 524  H5N1.EPI_ISL_18007231.Passeriformes.japan.NA.2023-03-15              0.00%    passed     98.96%
 525  H5N1.EPI_ISL_18066452.Anseriformes.japan.NA.2023-02-17               0.00%    passed     99.15%
 526  H5N1.EPI_ISL_18130247.Passeriformes.japan.NA.2023-01-05              0.00%    passed     99.13%
 527  H5N1.EPI_ISL_18066454.Gruiformes.japan.NA.2023-02-23                 0.00%    passed     99.44%
 528  H5N1.EPI_ISL_17527085.Passeriformes.japan.NA.2022-12-26              0.00%    passed     99.79%
 529  H5N1.EPI_ISL_18102701.Carnivora.south_korea.NA.2023-07-04            0.00%    passed     98.96%
 530  H5N1.EPI_ISL_18066455.Accipitriformes.japan.NA.2023-01-07            0.00%    passed     98.96%
 531  H5N1.EPI_ISL_18241794.Anseriformes.viet_nam.NA.2023-06-05            0.00%    passed     99.53%
 532  H5N1.EPI_ISL_18066456.Passeriformes.japan.NA.2023-02-20              0.00%    passed     98.37%
 533  H5N1.EPI_ISL_18066457.Passeriformes.japan.NA.2023-02-06              0.00%    passed     99.15%
 534  H5N1.EPI_ISL_18241796.Galliformes.viet_nam.NA.2023-09-05             0.00%    passed     99.53%
 535  H5N1.EPI_ISL_18241793.Anseriformes.viet_nam.NA.2023-06-05            0.00%    passed     98.18%
 536  H3N8.EPI_ISL_6784911.NA.south_korea.NA.2020-10-05                    0.00%    passed     99.27%
 537  H3N8.EPI_ISL_6784880.Anseriformes.south_korea.NA.2020-10-05          0.00%    passed     99.27%
 538  H5N1.EPI_ISL_11633707.Anseriformes.china.NA.2021-12-20               0.00%    passed     88.58%
 539  H5N1.EPI_ISL_18132957.Accipitriformes.united_states.NA.2022-04-26    0.00%    passed     94.25%
 540  H5N1.EPI_ISL_16838580.Pelecaniformes.russia.2.2021-06-29             0.00%    passed     94.25%
 541  H5N1.EPI_ISL_16831140.Passeriformes.japan.NA.2022-04-09              0.00%    passed     93.63%
 542  H5N1.EPI_ISL_7996371.Galliformes.netherlands.2.2021-12-20            0.00%    passed     93.59%
 543  H5N1.EPI_ISL_7753406.Anseriformes.germany.2.2021-10-25               0.00%    passed     91.33%
 544  H5N1.EPI_ISL_18132953.Accipitriformes.united_states.NA.2022-04-27    0.00%    passed     92.17%
 545  H5N1.EPI_ISL_17260669.Carnivora.united_states.2.2022-05-10           0.00%    passed     95.89%
 546  H5N1.EPI_ISL_16838578.Anseriformes.canada.2.2021-08-08               0.00%    passed     93.34%
 547  H12N5.EPI_ISL_499094.Anseriformes.china.NA.2018-01-12                0.18%    passed     99.56%
 548  H5N7.EPI_ISL_2727644.Anseriformes.china.NA.2016-12-28                0.00%    passed     99.93%
 549  H6N1.EPI_ISL_278510.Anseriformes.china.NA.2016-11-28                 0.00%    passed     99.98%
 550  H6N1.EPI_ISL_381801.Anseriformes.south_korea.NA.2016-12-29           0.00%    passed     99.92%
 551  H5N7.EPI_ISL_295495.Anseriformes.china.NA.2016-12-28                 0.00%    passed     99.81%
 552  H1N1.EPI_ISL_337394.Anseriformes.russia.NA.2018-04-14                0.00%    passed     99.91%
 553  H5N8.EPI_ISL_4105052.Anseriformes.japan.NA.2020-01-01                0.00%    passed     75.71%
 554  H5N8.EPI_ISL_17086335.environment.japan.NA.2020-12-19                0.00%    passed     82.43%
 555  H5N8.EPI_ISL_17086222.Anseriformes.japan.NA.2020-11-30               0.00%    passed     84.17%
 556  H5N8.EPI_ISL_17086221.Accipitriformes.japan.NA.2020-12-20            0.00%    passed     80.10%
 557  H5N8.EPI_ISL_17086342.environment.japan.NA.2020-11-16                0.00%    passed     83.85%
 558  H5N8.EPI_ISL_17086336.Galliformes.japan.NA.2021-01-02                0.00%    passed     88.43%
 559  H5N8.EPI_ISL_419239.Anseriformes.hungary.10.2020-01-10               0.00%    passed     91.14%
 560  H5N8.EPI_ISL_525441.Galliformes.poland.10.2020-01-02                 0.04%    passed     91.42%
 561  H5N8.EPI_ISL_17086340.Galliformes.japan.NA.2021-02-02                0.00%    passed     82.95%
 562  H5N8.EPI_ISL_405391.Galliformes.czech_republic.10.2020-01-17         0.00%    passed     90.38%
 563  H5N8.EPI_ISL_503361.Galliformes.slovakia.NA.2020-01-03               0.00%    passed     91.14%
 564  H5N8.EPI_ISL_525439.Galliformes.poland.10.2020-01-01                 0.04%    passed     93.05%
 565  H5N8.EPI_ISL_417415.Galliformes.germany.10.2020-03-20                0.04%    passed     89.07%
 566  H5N8.EPI_ISL_419220.Galliformes.hungary.10.2020-01-09                0.00%    passed     92.77%
 567  H5N8.EPI_ISL_417414.Accipitriformes.germany.10.2020-03-20            0.00%    passed     92.39%
 568  H5N8.EPI_ISL_405813.Accipitriformes.poland.10.2020-01-06             0.00%    passed     93.52%
 569  H5N8.EPI_ISL_402134.Galliformes.poland.NA.2019-12-30                 0.00%    passed     93.52%
 570  H5N8.EPI_ISL_17086348.environment.japan.NA.2020-12-19                0.00%    passed     98.41%
 571  H5N8.EPI_ISL_17086333.environment.japan.NA.2020-12-12                0.00%    passed     97.68%
 572  H5N8.EPI_ISL_17086227.environment.japan.NA.2020-11-25                0.00%    passed     98.72%
 573  H5N8.EPI_ISL_17086337.environment.japan.NA.2021-01-13                0.00%    passed     98.00%
 574  H5N8.EPI_ISL_17086343.Anseriformes.japan.NA.2020-12-03               0.00%    passed     97.16%
 575  H5N8.EPI_ISL_17086344.Falconiformes.japan.NA.2020-12-04              0.00%    passed     98.41%
 576  H5N8.EPI_ISL_17086339.Galliformes.japan.NA.2021-01-23                0.00%    passed     98.87%
 577  H5N8.EPI_ISL_17086303.environment.japan.NA.2020-12-10                0.00%    passed     97.34%
 578  H5N8.EPI_ISL_17086231.environment.japan.NA.2020-12-07                0.00%    passed     98.37%
 579  H5N8.EPI_ISL_17086220.Accipitriformes.japan.NA.2020-12-08            0.00%    passed     97.28%
 580  H5N8.EPI_ISL_15613490.Anseriformes.japan.NA.2021-01-24               0.00%    passed     98.73%
 581  H5N8.EPI_ISL_17086354.Anseriformes.japan.NA.2021-01-29               0.04%    passed     98.68%
 582  H5N8.EPI_ISL_17086230.environment.japan.NA.2020-12-06                0.00%    passed     97.92%
 583  H5N8.EPI_ISL_17086229.environment.japan.NA.2020-12-02                0.00%    passed     98.35%
 584  H5N8.EPI_ISL_17086353.environment.japan.NA.2021-03-13                0.00%    passed     95.47%
 585  H6N2.EPI_ISL_1184535.Anseriformes.russia.NA.2020-09-06               0.00%    passed     97.43%
 586  H12N2.EPI_ISL_370663.Anseriformes.japan.NA.2017-10-31                0.00%    passed     97.27%
 587  H6N1.EPI_ISL_397334.Anseriformes.china.NA.2017-01-19                 0.04%    passed     94.23%
 588  H10N7.EPI_ISL_206695.Anseriformes.mongolia.NA.2015-08-31             0.00%    passed     95.99%
 589  H3N8.EPI_ISL_1241003.Anseriformes.russia.NA.2020-10-03               0.00%    passed     98.14%
 590  H6N1.EPI_ISL_217485.Anseriformes.china.NA.2016-01-27                 0.00%    passed     92.39%
 591  H5N8.EPI_ISL_1114756.Galliformes.russia.1.2021-01-29                 0.00%    passed     96.89%
 592  H5N6.EPI_ISL_18058054.Anseriformes.china.NA.2021-03-12               0.00%    passed     98.95%
 593  H5N8.EPI_ISL_1114758.Galliformes.russia.1.2021-01-29                 0.00%    passed     97.61%
 594  H5N8.EPI_ISL_644123.Galliformes.russia.1.2020-08-13                  0.00%    passed     97.94%
 595  H5N8.EPI_ISL_14778363.NA.china.NA.2020-11-25                         0.09%    passed     98.96%
 596  H5N8.EPI_ISL_17086355.environment.japan.NA.2021-02-14                0.04%    passed     98.57%
 597  H5N8.EPI_ISL_1139015.NA.netherlands.1.2020-10-26                     0.00%    passed     98.70%
 598  H5N8.EPI_ISL_779129.Galliformes.poland.1.2020-12-01                  0.04%    passed     97.16%
 599  H5N8.EPI_ISL_17086351.Galliformes.japan.NA.2021-02-11                0.00%    passed     98.69%
 600  H5N8.EPI_ISL_3102077.Anseriformes.poland.1.2021-04-07                0.00%    passed     99.44%
 601  H5N8.EPI_ISL_1139014.Anseriformes.netherlands.1.2020-10-27           0.00%    passed     99.15%
 602  H5N8.EPI_ISL_1114738.Galliformes.russia.1.2020-10-17                 0.00%    passed     99.53%
 603  H5N8.EPI_ISL_739689.Galliformes.russia.1.2020-09-22                  0.00%    passed     94.61%
 604  H5N8.EPI_ISL_18012465.Anseriformes.china.NA.2021-11-05               0.00%    passed     99.15%
 605  H5N8.EPI_ISL_9572697.Anseriformes.china.NA.2020-11-19                0.53%    passed     97.64%
 606  H5N8.EPI_ISL_8215662.Anseriformes.china.NA.2021-05-17                0.00%    passed     99.32%
 607  H5N8.EPI_ISL_1185026.Galliformes.russia.1.2020-12-07                 0.00%    passed     98.93%
 608  H5N8.EPI_ISL_1038924.NA.russia.1.2020-12-12                          0.00%    passed     98.93%
 609  H5N8.EPI_ISL_710508.Anseriformes.united_kingdom.1.2020-10-30         0.00%    passed     94.07%
 610  H5N8.EPI_ISL_668457.Anseriformes.sweden.1.2020-11-12                 0.00%    passed     93.48%
 611  H5N8.EPI_ISL_653918.Anseriformes.netherlands.1.2020-10-26            0.00%    passed     99.58%
 612  H5N8.EPI_ISL_644130.Anseriformes.russia.1.2020-08-17                 0.00%    passed     98.82%
 613  H5N8.EPI_ISL_603136.Anseriformes.netherlands.1.2020-10-16            0.00%    passed     99.58%
 614  H5N8.EPI_ISL_17086338.Anseriformes.japan.NA.2021-01-21               0.09%    passed     97.75%
 615  H5N8.EPI_ISL_17086341.environment.japan.NA.2021-02-09                0.00%    passed     97.75%
 616  H5N8.EPI_ISL_15613489.Anseriformes.japan.NA.2021-01-24               0.00%    passed     98.90%
 617  H5N8.EPI_ISL_13175606.Galliformes.sweden.1.2021-03-15                0.00%    passed     98.82%
 618  H5N8.EPI_ISL_7778770.Anseriformes.finland.1.2021-01-01               0.00%    passed     99.15%
 619  H5N8.EPI_ISL_7622619.Anseriformes.belgium.1.2020-12-03               0.00%    passed     99.37%
 620  H5N1.EPI_ISL_18245816.Anseriformes.poland.NA.2022-04-07              0.00%    passed     89.29%
 621  H5N1.EPI_ISL_15063424.Anseriformes.japan.NA.2021-12-05               0.00%    passed     90.63%
 622  H5N1.EPI_ISL_17371284.Anseriformes.indonesia.NA.2022-04-04           0.00%    passed     96.04%
 623  H5N1.EPI_ISL_8215689.Anseriformes.china.NA.2021-05-20                0.00%    passed     94.10%
 624  H14N3.EPI_ISL_400267.Anseriformes.russia.NA.2019-09-07               0.00%    passed     93.85%
 625  H5N1.EPI_ISL_18284466.Galliformes.japan.NA.2022-10-28                0.00%    passed     98.01%
 626  H4N6.EPI_ISL_403716.Anseriformes.russia.NA.2019-09-29                0.00%    passed     95.45%
 627  H5N8.EPI_ISL_833580.Galliformes.hungary.10.2020-04-18                0.00%    passed     94.30%
 628  H5N8.EPI_ISL_833482.Anseriformes.hungary.10.2020-04-10               0.00%    passed     94.30%
 629  H5N8.EPI_ISL_796011.Anseriformes.hungary.10.2020-03-26               0.00%    passed     94.64%
 630  H5N1.EPI_ISL_18445705.Anseriformes.france.NA.2022-01-24              0.00%    passed     93.54%
 631  H5N1.EPI_ISL_18071580.Anseriformes.russia.NA.2022-10-09              0.00%    passed     94.12%
 632  H5N1.EPI_ISL_18284473.Galliformes.japan.NA.2022-12-16                0.00%    passed     93.39%
 633  H5N1.EPI_ISL_16831329.Galliformes.japan.NA.2022-04-18                0.00%    passed     91.66%
 634  H5N1.EPI_ISL_9029957.Galliformes.united_kingdom.2.2021-11-16         0.00%    passed     92.77%
 635  H5N1.EPI_ISL_7952126.Anseriformes.netherlands.2.2021-11-07           0.00%    passed     93.59%
 636  H5N1.EPI_ISL_7753443.Accipitriformes.germany.2.2021-10-26            0.00%    passed     91.19%
 637  H5N1.EPI_ISL_6931288.Galliformes.poland.2.2021-11-05                 0.00%    passed     94.90%
 638  H5N1.EPI_ISL_6761012.Anseriformes.netherlands.2.2021-11-02           0.00%    passed     87.66%
 639  H5N1.EPI_ISL_18007229.Passeriformes.japan.NA.2023-04-17              0.00%    passed     92.86%
 640  H5N1.EPI_ISL_16831327.Galliformes.japan.NA.2022-04-16                0.00%    passed     92.17%
 641  H5N1.EPI_ISL_16831229.Passeriformes.japan.NA.2022-04-19              0.00%    passed     93.27%
 642  H5N1.EPI_ISL_14571443.Anseriformes.germany.NA.2021-10-30             0.00%    passed     87.79%
 643  H5N1.EPI_ISL_13486975.Anseriformes.united_kingdom.2.2021-12-11       0.00%    passed     87.79%
 644  H5N1.EPI_ISL_13370702.Anseriformes.united_kingdom.2.2022-01-27       0.00%    passed     89.59%
 645  H5N1.EPI_ISL_13370696.Galliformes.united_kingdom.2.2022-01-23        0.00%    passed     87.79%
 646  H5N1.EPI_ISL_13370513.Anseriformes.united_kingdom.2.2021-12-04       0.00%    passed     86.67%
 647  H5N1.EPI_ISL_11798571.Anseriformes.denmark.2.2021-10-25              0.00%    passed     87.79%
 648  H5N1.EPI_ISL_11798570.Galliformes.denmark.2.2021-11-02               0.00%    passed     87.79%
 649  H5N1.EPI_ISL_10255581.Carnivora.netherlands.2.2022-02-11             0.00%    passed     85.54%
 650  H5N1.EPI_ISL_10255580.NA.netherlands.2.2022-02-04                    0.00%    passed     87.79%
 651  H5N1.EPI_ISL_9603819.Anseriformes.czech_republic.2.2021-11-18        0.00%    passed     87.43%
 652  H5N1.EPI_ISL_9261751.Anseriformes.netherlands.2.2022-01-14           0.00%    passed     85.54%
 653  H5N1.EPI_ISL_9160206.Anseriformes.belgium.2.2021-11-21               0.00%    passed     85.54%
 654  H5N1.EPI_ISL_7952121.Charadriiformes.netherlands.2.2021-11-22        0.00%    passed     85.54%
 655  H5N1.EPI_ISL_7952119.Charadriiformes.netherlands.2.2021-11-28        0.00%    passed     86.67%
 656  H5N1.EPI_ISL_7753329.Ciconiiformes.germany.2.2021-10-20              0.00%    passed     87.79%
 657  H5N1.EPI_ISL_7753309.Anseriformes.germany.2.2021-10-20               0.00%    passed     87.79%
 658  H5N1.EPI_ISL_7753290.Galliformes.germany.2.2021-10-20                0.00%    passed     87.79%
 659  H5N1.EPI_ISL_7753272.Accipitriformes.germany.2.2021-10-20            0.00%    passed     87.79%
****  TOTAL                                                                0.04%  0 sequences failed composition chi2 test (p-value<5%; df=3)
NOTE: H5N8.EPI_ISL_17086348.environment.japan.NA.2020-12-19 is identical to H5N8.EPI_ISL_738054.Galliformes.japan.16.2020-12-18 but kept for subsequent analysis
NOTE: H5N8.EPI_ISL_17086335.environment.japan.NA.2020-12-19 is identical to H5N8.EPI_ISL_738059.Galliformes.japan.10.2020-12-18 but kept for subsequent analysis
NOTE: H5N8.EPI_ISL_7778770.Anseriformes.finland.1.2021-01-01 is identical to H5N8.EPI_ISL_739686.Galliformes.kazakhstan.1.2020-09-18 but kept for subsequent analysis
NOTE: H5N8.EPI_ISL_4105052.Anseriformes.japan.NA.2020-01-01 is identical to H5N8.EPI_ISL_681281.Anseriformes.japan.10.2020-11-16 but kept for subsequent analysis
NOTE: H5N8.EPI_ISL_17086227.environment.japan.NA.2020-11-25 is identical to H5N8.EPI_ISL_681282.Galliformes.japan.16.2020-11-24 but kept for subsequent analysis
NOTE: H5N8.EPI_ISL_732935.Galliformes.japan.16.2020-12-13 is identical to H5N8.EPI_ISL_718115.Galliformes.japan.16.2020-12-09 but kept for subsequent analysis
NOTE: H5N8.EPI_ISL_17086303.environment.japan.NA.2020-12-10 is identical to H5N8.EPI_ISL_718123.Galliformes.japan.16.2020-12-09 but kept for subsequent analysis
NOTE: H5N8.EPI_ISL_17086334.Galliformes.japan.NA.2020-12-12 is identical to H5N8.EPI_ISL_732934.Galliformes.japan.16.2020-12-15 but kept for subsequent analysis
NOTE: H5N8.EPI_ISL_17086351.Galliformes.japan.NA.2021-02-11 is identical to H5N8.EPI_ISL_1041129.Galliformes.japan.1.2021-02-10 but kept for subsequent analysis
NOTE: H5N8.EPI_ISL_17086341.environment.japan.NA.2021-02-09 is identical to H5N8.EPI_ISL_1041133.Galliformes.japan.1.2021-02-08 but kept for subsequent analysis
NOTE: H5N8.EPI_ISL_17805905.Anseriformes.japan.1.2021-01-16 is identical to H5N8.EPI_ISL_1114725.Anseriformes.japan.1.2021-01-16 but kept for subsequent analysis
NOTE: H5N8.EPI_ISL_978906.Galliformes.japan.16.2021-01-22 is identical to H5N8.EPI_ISL_1184518.Accipitriformes.japan.16.2021-02-24 but kept for subsequent analysis
NOTE: H5N8.EPI_ISL_1822592.Anseriformes.china.1.2020-11-10 is identical to H5N8.EPI_ISL_1937891.Anseriformes.china.1.2020-11-10 but kept for subsequent analysis
NOTE: H5N8.EPI_ISL_1760447.Anseriformes.china.1.2020-11-10 is identical to H5N8.EPI_ISL_1938309.Anseriformes.china.1.2020-11-10 but kept for subsequent analysis
NOTE: H5N8.EPI_ISL_1760448.Anseriformes.china.1.2020-11-10 is identical to H5N8.EPI_ISL_2815336.Anseriformes.china.1.2020-10-11 but kept for subsequent analysis
NOTE: H5N8.EPI_ISL_5260444.Anseriformes.china.1.2021-03-09 is identical to H5N8.EPI_ISL_5260435.Anseriformes.china.1.2021-04-22 but kept for subsequent analysis
NOTE: H5N8.EPI_ISL_2685848.Anseriformes.china.1.2020-11-16 is identical to H5N8.EPI_ISL_5260462.Anseriformes.china.1.2020-11-10 but kept for subsequent analysis
NOTE: H5N6.EPI_ISL_8517996.environment.china.73.2021-12-23 is identical to H5N6.EPI_ISL_7983813.NA.china.73.2021-12-22 but kept for subsequent analysis
NOTE: H5N8.EPI_ISL_17086336.Galliformes.japan.NA.2021-01-02 is identical to H5N8.EPI_ISL_854603.Galliformes.japan.10.2021-01-01 but kept for subsequent analysis
NOTE: H5N8.EPI_ISL_1009701.Anseriformes.south_korea.16.2020-11-26 is identical to H5N8.EPI_ISL_985192.Galliformes.south_korea.16.2020-12-14 but kept for subsequent analysis
NOTE: H5N8.EPI_ISL_1009694.Anseriformes.south_korea.1.2021-01-09 is identical to H5N8.EPI_ISL_985206.Galliformes.south_korea.1.2020-12-25 but kept for subsequent analysis
NOTE: H5N8.EPI_ISL_4030493.environment.japan.NA.2020-12-09 is identical to H5N8.EPI_ISL_985232.Anseriformes.japan.10.2021-02-08 but kept for subsequent analysis
NOTE: H5N8.EPI_ISL_1273428.Galliformes.japan.10.2020-11-14 is identical to H5N8.EPI_ISL_1273413.Galliformes.japan.10.2020-11-25 but kept for subsequent analysis
NOTE: H5N8.EPI_ISL_17086353.environment.japan.NA.2021-03-13 is identical to H5N8.EPI_ISL_1273437.Galliformes.japan.16.2021-03-13 but kept for subsequent analysis
NOTE: H5N3.EPI_ISL_5863749.Anseriformes.united_states.289.2020-10-20 is identical to H5N8.EPI_ISL_5863089.Anseriformes.united_states.1.2020-10-12 but kept for subsequent analysis
NOTE: H5N8.EPI_ISL_2932608.Galliformes.kazakhstan.1.2020-09-01 is identical to H5N8.EPI_ISL_2932600.Anseriformes.kazakhstan.1.2020-09-01 but kept for subsequent analysis
NOTE: H5N8.EPI_ISL_2555538.Anseriformes.china.1.2020-11-16 is identical to H5N8.EPI_ISL_2555536.Charadriiformes.china.1.2020-11-16 but kept for subsequent analysis
NOTE: H5N8.EPI_ISL_2932616.Galliformes.kazakhstan.1.2020-09-19 is identical to H5N8.EPI_ISL_2555543.Anseriformes.china.1.2020-11-12 but kept for subsequent analysis
NOTE: H5N8.EPI_ISL_17086349.Galliformes.japan.NA.2021-02-08 is identical to H5N8.EPI_ISL_978890.Galliformes.japan.1.2021-02-03 but kept for subsequent analysis
NOTE: H5N1.EPI_ISL_11633707.Anseriformes.china.NA.2021-12-20 is identical to H5N1.EPI_ISL_11633616.Anseriformes.china.19.2021-12-20 but kept for subsequent analysis
NOTE: H5N8.EPI_ISL_14824095.Anseriformes.china.1.2020-11-10 is identical to H5N8.EPI_ISL_14819900.Anseriformes.china.1.2021-03-11 but kept for subsequent analysis
NOTE: H5N8.EPI_ISL_14822357.Anseriformes.china.1.2021-03-11 is identical to H5N8.EPI_ISL_14836098.Anseriformes.china.1.2020-11-16 but kept for subsequent analysis
NOTE: H5N1.EPI_ISL_16698477.Galliformes.japan.2.2023-01-11 is identical to H5N2.EPI_ISL_15732741.Passeriformes.japan.297.2022-10-28 but kept for subsequent analysis
NOTE: H5N6.EPI_ISL_11208199.Anseriformes.china.73.2021-12-03 is identical to H5N6.EPI_ISL_8518000.environment.china.73.2021-12-23 but kept for subsequent analysis
NOTE: H5N1.EPI_ISL_12572660.Anseriformes.china.110.2021-12-08 is identical to H5N1.EPI_ISL_12572653.Galliformes.china.110.2021-12-07 but kept for subsequent analysis
NOTE: H5N1.EPI_ISL_14065167.Accipitriformes.japan.2.2022-02-10 is identical to H5N1.EPI_ISL_15072539.Casuariiformes.japan.2.2022-04-16 but kept for subsequent analysis
NOTE: H5N1.EPI_ISL_16831327.Galliformes.japan.NA.2022-04-16 is identical to H5N1.EPI_ISL_15072538.Galliformes.japan.2.2022-04-16 but kept for subsequent analysis
NOTE: H5N8.EPI_ISL_17805910.environment.japan.10.2020-11-09 is identical to H5N8.EPI_ISL_16405651.environment.japan.10.2020-11-09 but kept for subsequent analysis
NOTE: H5N8.EPI_ISL_17805853.environment.japan.10.2020-11-09 is identical to H5N8.EPI_ISL_16405652.environment.japan.10.2020-11-09 but kept for subsequent analysis
NOTE: H5N8.EPI_ISL_17805922.environment.japan.10.2020-11-16 is identical to H5N8.EPI_ISL_16405656.environment.japan.10.2020-11-16 but kept for subsequent analysis
NOTE: H5N8.EPI_ISL_17805898.environment.japan.10.2020-11-23 is identical to H5N8.EPI_ISL_16405657.environment.japan.10.2020-11-16 but kept for subsequent analysis
NOTE: H5N8.EPI_ISL_17805837.environment.japan.10.2020-11-16 is identical to H5N8.EPI_ISL_16405658.environment.japan.10.2020-11-16 but kept for subsequent analysis
NOTE: H5N8.EPI_ISL_17805873.environment.japan.10.2020-11-30 is identical to H5N8.EPI_ISL_16405663.environment.japan.10.2020-11-30 but kept for subsequent analysis
NOTE: H5N8.EPI_ISL_17805841.environment.japan.10.2020-11-30 is identical to H5N8.EPI_ISL_16405667.environment.japan.10.2020-11-30 but kept for subsequent analysis
NOTE: H5N8.EPI_ISL_17805918.environment.japan.10.2020-11-30 is identical to H5N8.EPI_ISL_16405669.environment.japan.10.2020-11-30 but kept for subsequent analysis
NOTE: H5N8.EPI_ISL_17805828.environment.japan.10.2020-12-07 is identical to H5N8.EPI_ISL_16405670.environment.japan.10.2020-12-07 but kept for subsequent analysis
NOTE: H5N8.EPI_ISL_17805894.environment.japan.10.2020-12-07 is identical to H5N8.EPI_ISL_16405671.environment.japan.10.2020-12-07 but kept for subsequent analysis
NOTE: H5N8.EPI_ISL_17805874.environment.japan.10.2020-12-07 is identical to H5N8.EPI_ISL_16405672.environment.japan.10.2020-12-07 but kept for subsequent analysis
NOTE: H5N8.EPI_ISL_17805824.environment.japan.10.2020-12-07 is identical to H5N8.EPI_ISL_16405673.environment.japan.10.2020-12-07 but kept for subsequent analysis
NOTE: H5N8.EPI_ISL_17805816.environment.japan.10.2020-12-07 is identical to H5N8.EPI_ISL_16405674.environment.japan.10.2020-12-07 but kept for subsequent analysis
NOTE: H5N8.EPI_ISL_17805914.environment.japan.10.2020-12-21 is identical to H5N8.EPI_ISL_16405676.environment.japan.10.2020-12-21 but kept for subsequent analysis
NOTE: H5N8.EPI_ISL_17805814.environment.japan.10.2020-12-21 is identical to H5N8.EPI_ISL_16405678.environment.japan.10.2020-12-21 but kept for subsequent analysis
NOTE: H5N8.EPI_ISL_16718460.Accipitriformes.japan.16.2021-02-01 is identical to H5N8.EPI_ISL_17805822.NA.japan.16.2021-02-01 but kept for subsequent analysis
NOTE: H5N8.EPI_ISL_16718466.Anseriformes.japan.10.2020-12-18 is identical to H5N8.EPI_ISL_17805901.NA.japan.10.2020-12-18 but kept for subsequent analysis
NOTE: H5N1.EPI_ISL_18284461.Galliformes.japan.NA.2022-10-28 is identical to H5N1.EPI_ISL_16698060.Galliformes.japan.15.2022-11-07 but kept for subsequent analysis
NOTE: H5N1.EPI_ISL_17766057.Carnivora.japan.15.2023-04-12 is identical to H5N1.EPI_ISL_17316489.Passeriformes.japan.15.2023-03-13 but kept for subsequent analysis
NOTE: H5N1.EPI_ISL_18373218.Anseriformes.south_korea.NA.2021-11-16 is identical to H5N1.EPI_ISL_17606822.Anseriformes.south_korea.22.2021-11-17 but kept for subsequent analysis
NOTE: H5N1.EPI_ISL_17606852.Anseriformes.south_korea.22.2022-02-07 is identical to H5N1.EPI_ISL_17606841.Galliformes.south_korea.22.2022-01-21 but kept for subsequent analysis
NOTE: H5N1.EPI_ISL_5463798.Anseriformes.russia.3.2021-09-30 is identical to H5N1.EPI_ISL_5463801.Galliformes.russia.3.2021-09-30 but kept for subsequent analysis
NOTE: H5N1.EPI_ISL_16831092.Passeriformes.japan.NA.2022-03-04 is identical to H5N1.EPI_ISL_16831077.Anseriformes.japan.NA.2022-02-12 but kept for subsequent analysis
NOTE: H5N1.EPI_ISL_16189912.Strigiformes.canada.9.2022-04-28 is identical to H5N1.EPI_ISL_16240224.Galliformes.united_states.9.2022-05-09 but kept for subsequent analysis
NOTE: H5N1.EPI_ISL_18132762.Galliformes.united_states.NA.2022-03-21 is identical to H5N1.EPI_ISL_18133185.NA.united_states.NA.2022-04-11 but kept for subsequent analysis
NOTE: H3N6.EPI_ISL_16390404.environment.japan.NA.2020-12-14 is identical to H3N6.EPI_ISL_17805885.environment.japan.NA.2020-12-14 but kept for subsequent analysis
NOTE: H3N6.EPI_ISL_16390402.environment.japan.NA.2020-11-23 is identical to H3N6.EPI_ISL_17805829.environment.japan.NA.2020-11-23 but kept for subsequent analysis
NOTE: H10N7.EPI_ISL_13985200.Charadriiformes.china.NA.2019-04-26 is identical to H10N6.EPI_ISL_13984564.Anseriformes.china.NA.2019-03-19 but kept for subsequent analysis
NOTE: H5N8.EPI_ISL_644127.Anseriformes.russia.1.2020-08-17 is identical to H5N8.EPI_ISL_644150.Galliformes.russia.1.2020-08-17 but kept for subsequent analysis
NOTE: H5N6.EPI_ISL_18231283.Anseriformes.laos.NA.2022-07-13 is identical to H5N6.EPI_ISL_18231307.Galliformes.laos.NA.2022-07-13 but kept for subsequent analysis
NOTE: H7N9.EPI_ISL_378716.Galliformes.china.NA.2017-05-14 is identical to H7N9.EPI_ISL_379666.Galliformes.china.NA.2017-05-07 but kept for subsequent analysis
NOTE: H7N9.EPI_ISL_379667.Galliformes.china.NA.2017-05-01 is identical to H7N9.EPI_ISL_379672.Galliformes.china.NA.2017-06-06 but kept for subsequent analysis
NOTE: H5N1.EPI_ISL_18007232.Passeriformes.japan.NA.2023-03-24 is identical to H5N1.EPI_ISL_18284468.Galliformes.japan.NA.2022-12-05 but kept for subsequent analysis
NOTE: H3N8.EPI_ISL_6784880.Anseriformes.south_korea.NA.2020-10-05 is identical to H3N8.EPI_ISL_6784911.NA.south_korea.NA.2020-10-05 but kept for subsequent analysis
NOTE: H5N8.EPI_ISL_402134.Galliformes.poland.NA.2019-12-30 is identical to H5N8.EPI_ISL_405813.Accipitriformes.poland.10.2020-01-06 but kept for subsequent analysis
NOTE: H5N8.EPI_ISL_1038924.NA.russia.1.2020-12-12 is identical to H5N8.EPI_ISL_1185026.Galliformes.russia.1.2020-12-07 but kept for subsequent analysis
NOTE: H5N8.EPI_ISL_833482.Anseriformes.hungary.10.2020-04-10 is identical to H5N8.EPI_ISL_833580.Galliformes.hungary.10.2020-04-18 but kept for subsequent analysis
NOTE: H5N1.EPI_ISL_13486975.Anseriformes.united_kingdom.2.2021-12-11 is identical to H5N1.EPI_ISL_14571443.Anseriformes.germany.NA.2021-10-30 but kept for subsequent analysis
NOTE: H5N1.EPI_ISL_7952119.Charadriiformes.netherlands.2.2021-11-28 is identical to H5N1.EPI_ISL_13370513.Anseriformes.united_kingdom.2.2021-12-04 but kept for subsequent analysis
NOTE: H5N1.EPI_ISL_9261751.Anseriformes.netherlands.2.2022-01-14 is identical to H5N1.EPI_ISL_10255581.Carnivora.netherlands.2.2022-02-11 but kept for subsequent analysis
NOTE: 35 identical sequences (see below) will be ignored for subsequent analysis
NOTE: H5N8.EPI_ISL_732946.Galliformes.japan.16.2020-12-12 (identical to H5N8.EPI_ISL_718115.Galliformes.japan.16.2020-12-09) is ignored but added at the end
NOTE: H5N8.EPI_ISL_16718465.Gruiformes.japan.1.2021-01-16 (identical to H5N8.EPI_ISL_1114725.Anseriformes.japan.1.2021-01-16) is ignored but added at the end
NOTE: H5N8.EPI_ISL_17086339.Galliformes.japan.NA.2021-01-23 (identical to H5N8.EPI_ISL_1184518.Accipitriformes.japan.16.2021-02-24) is ignored but added at the end
NOTE: H5N8.EPI_ISL_1939617.Strigiformes.china.1.2020-11-11 (identical to H5N8.EPI_ISL_2815336.Anseriformes.china.1.2020-10-11) is ignored but added at the end
NOTE: H5N8.EPI_ISL_14824091.Anseriformes.china.1.2020-11-10 (identical to H5N8.EPI_ISL_2815336.Anseriformes.china.1.2020-10-11) is ignored but added at the end
NOTE: H5N8.EPI_ISL_5260465.Pelecaniformes.china.1.2021-01-26 (identical to H5N8.EPI_ISL_5260435.Anseriformes.china.1.2021-04-22) is ignored but added at the end
NOTE: H5N8.EPI_ISL_14836026.Anseriformes.china.1.2020-11-14 (identical to H5N8.EPI_ISL_5260462.Anseriformes.china.1.2020-11-10) is ignored but added at the end
NOTE: H5N6.EPI_ISL_8518268.Galliformes.china.73.2021-12-23 (identical to H5N6.EPI_ISL_7983813.NA.china.73.2021-12-22) is ignored but added at the end
NOTE: H5N8.EPI_ISL_17086228.environment.japan.NA.2020-11-25 (identical to H5N8.EPI_ISL_1273413.Galliformes.japan.10.2020-11-25) is ignored but added at the end
NOTE: H5N8.EPI_ISL_17086225.environment.japan.NA.2020-11-11 (identical to H5N8.EPI_ISL_1273413.Galliformes.japan.10.2020-11-25) is ignored but added at the end
NOTE: H5N1.EPI_ISL_12572663.Columbiformes.china.110.2021-12-08 (identical to H5N1.EPI_ISL_12572653.Galliformes.china.110.2021-12-07) is ignored but added at the end
NOTE: H5N1.EPI_ISL_16831328.Casuariiformes.japan.NA.2022-04-16 (identical to H5N1.EPI_ISL_15072539.Casuariiformes.japan.2.2022-04-16) is ignored but added at the end
NOTE: H5N1.EPI_ISL_18132957.Accipitriformes.united_states.NA.2022-04-26 (identical to H5N1.EPI_ISL_15072539.Casuariiformes.japan.2.2022-04-16) is ignored but added at the end
NOTE: H5N1.EPI_ISL_18066453.Passeriformes.japan.NA.2023-02-17 (identical to H5N1.EPI_ISL_17316489.Passeriformes.japan.15.2023-03-13) is ignored but added at the end
NOTE: H5N1.EPI_ISL_18066451.Anseriformes.japan.NA.2023-02-09 (identical to H5N1.EPI_ISL_17316489.Passeriformes.japan.15.2023-03-13) is ignored but added at the end
NOTE: H5N1.EPI_ISL_17857959.Carnivora.japan.NA.2023-02-20 (identical to H5N1.EPI_ISL_17316489.Passeriformes.japan.15.2023-03-13) is ignored but added at the end
NOTE: H5N1.EPI_ISL_18007230.Passeriformes.japan.NA.2023-04-18 (identical to H5N1.EPI_ISL_17316489.Passeriformes.japan.15.2023-03-13) is ignored but added at the end
NOTE: H5N1.EPI_ISL_16183656.Anseriformes.canada.9.2022-04-27 (identical to H5N1.EPI_ISL_16240224.Galliformes.united_states.9.2022-05-09) is ignored but added at the end
NOTE: H5N1.EPI_ISL_16183504.Galliformes.canada.9.2022-05-16 (identical to H5N1.EPI_ISL_16240224.Galliformes.united_states.9.2022-05-09) is ignored but added at the end
NOTE: H5N1.EPI_ISL_18132388.Accipitriformes.united_states.NA.2022-04-06 (identical to H5N1.EPI_ISL_18133185.NA.united_states.NA.2022-04-11) is ignored but added at the end
NOTE: H5N1.EPI_ISL_16240353.Anseriformes.united_states.9.2022-05-07 (identical to H5N1.EPI_ISL_18133185.NA.united_states.NA.2022-04-11) is ignored but added at the end
NOTE: H5N1.EPI_ISL_15004377.Galliformes.united_states.9.2022-04-11 (identical to H5N1.EPI_ISL_18133185.NA.united_states.NA.2022-04-11) is ignored but added at the end
NOTE: H5N1.EPI_ISL_13052720.Carnivora.united_states.9.2022-04-22 (identical to H5N1.EPI_ISL_18133185.NA.united_states.NA.2022-04-11) is ignored but added at the end
NOTE: H5N1.EPI_ISL_11971481.Galliformes.united_states.9.2022-03-21 (identical to H5N1.EPI_ISL_18133185.NA.united_states.NA.2022-04-11) is ignored but added at the end
NOTE: H7N9.EPI_ISL_274206.Galliformes.china.NA.2017-04-24 (identical to H7N9.EPI_ISL_379666.Galliformes.china.NA.2017-05-07) is ignored but added at the end
NOTE: H7N9.EPI_ISL_269522.environment.china.NA.2017-06-02 (identical to H7N9.EPI_ISL_379672.Galliformes.china.NA.2017-06-06) is ignored but added at the end
NOTE: H5N1.EPI_ISL_18007231.Passeriformes.japan.NA.2023-03-15 (identical to H5N1.EPI_ISL_18284468.Galliformes.japan.NA.2022-12-05) is ignored but added at the end
NOTE: H5N1.EPI_ISL_13370696.Galliformes.united_kingdom.2.2022-01-23 (identical to H5N1.EPI_ISL_14571443.Anseriformes.germany.NA.2021-10-30) is ignored but added at the end
NOTE: H5N1.EPI_ISL_11798571.Anseriformes.denmark.2.2021-10-25 (identical to H5N1.EPI_ISL_14571443.Anseriformes.germany.NA.2021-10-30) is ignored but added at the end
NOTE: H5N1.EPI_ISL_11798570.Galliformes.denmark.2.2021-11-02 (identical to H5N1.EPI_ISL_14571443.Anseriformes.germany.NA.2021-10-30) is ignored but added at the end
NOTE: H5N1.EPI_ISL_10255580.NA.netherlands.2.2022-02-04 (identical to H5N1.EPI_ISL_14571443.Anseriformes.germany.NA.2021-10-30) is ignored but added at the end
NOTE: H5N1.EPI_ISL_7753329.Ciconiiformes.germany.2.2021-10-20 (identical to H5N1.EPI_ISL_14571443.Anseriformes.germany.NA.2021-10-30) is ignored but added at the end
NOTE: H5N1.EPI_ISL_7753309.Anseriformes.germany.2.2021-10-20 (identical to H5N1.EPI_ISL_14571443.Anseriformes.germany.NA.2021-10-30) is ignored but added at the end
NOTE: H5N1.EPI_ISL_7753290.Galliformes.germany.2.2021-10-20 (identical to H5N1.EPI_ISL_14571443.Anseriformes.germany.NA.2021-10-30) is ignored but added at the end
NOTE: H5N1.EPI_ISL_7753272.Accipitriformes.germany.2.2021-10-20 (identical to H5N1.EPI_ISL_14571443.Anseriformes.germany.NA.2021-10-30) is ignored but added at the end

For your convenience alignment with unique sequences printed to clade2344b_asia_PB1_subsampled.fasta.uniqueseq.phy

Create initial parsimony tree by phylogenetic likelihood library (PLL)... 0.142 seconds
Generating 1000 samples for ultrafast bootstrap (seed: 5340)...

NOTE: 93 MB RAM (0 GB) is required!
Measuring multi-threading efficiency up to 6 CPU cores
Increase to 10 rounds for branch lengths
7 trees examined
Threads: 1 / Time: 7.082 sec / Speedup: 1.000 / Efficiency: 100% / LogL: -223167
Threads: 2 / Time: 4.360 sec / Speedup: 1.624 / Efficiency: 81% / LogL: -223167
Threads: 3 / Time: 3.508 sec / Speedup: 2.019 / Efficiency: 67% / LogL: -223167
Threads: 4 / Time: 3.143 sec / Speedup: 2.253 / Efficiency: 56% / LogL: -223167
Threads: 5 / Time: 2.983 sec / Speedup: 2.374 / Efficiency: 47% / LogL: -223167
BEST NUMBER OF THREADS: 4

Estimate model parameters (epsilon = 0.100)
1. Initial log-likelihood: -32682.044
2. Current log-likelihood: -29462.277
3. Current log-likelihood: -29445.498
4. Current log-likelihood: -29445.167
Optimal log-likelihood: -29445.139
Rate parameters:  A-C: 1.00000  A-G: 11.94430  A-T: 1.00000  C-G: 1.00000  C-T: 11.94430  G-T: 1.00000
Base frequencies:  A: 0.345  C: 0.201  G: 0.236  T: 0.217
Gamma shape alpha: 0.329
Parameters optimization took 4 rounds (1.167 sec)
Computing ML distances based on estimated model parameters... 5.562 sec
Computing BIONJ tree...
0.461 seconds
Log-likelihood of BIONJ tree: -29816.659
--------------------------------------------------------------------
|             INITIALIZING CANDIDATE TREE SET                      |
--------------------------------------------------------------------
Generating 98 parsimony trees... 13.720 second
Computing log-likelihood of 98 initial trees ... 10.825 seconds
Current best score: -29389.290

Do NNI search on 20 best initial trees
Estimate model parameters (epsilon = 0.100)
BETTER TREE FOUND at iteration 1: -29378.127
Estimate model parameters (epsilon = 0.100)
BETTER TREE FOUND at iteration 4: -29373.199
Iteration 10 / LogL: -29379.573 / Time: 0h:1m:21s
Estimate model parameters (epsilon = 0.100)
BETTER TREE FOUND at iteration 11: -29370.250
Iteration 20 / LogL: -29410.015 / Time: 0h:1m:53s
Finish initializing candidate tree set (20)
Current best tree score: -29370.250 / CPU time: 88.898
Number of iterations: 20
--------------------------------------------------------------------
|               OPTIMIZING CANDIDATE TREE SET                      |
--------------------------------------------------------------------
Iteration 30 / LogL: -29383.854 / Time: 0h:2m:15s (0h:6m:18s left)
Estimate model parameters (epsilon = 0.100)
BETTER TREE FOUND at iteration 31: -29370.228
Estimate model parameters (epsilon = 0.100)
BETTER TREE FOUND at iteration 39: -29369.153
Iteration 40 / LogL: -29436.653 / Time: 0h:2m:39s (0h:6m:44s left)
Iteration 50 / LogL: -29387.285 / Time: 0h:3m:4s (0h:5m:35s left)
Log-likelihood cutoff on original alignment: -29445.717
Iteration 60 / LogL: -29654.291 / Time: 0h:3m:35s (0h:4m:48s left)
Estimate model parameters (epsilon = 0.100)
BETTER TREE FOUND at iteration 67: -29369.105
Iteration 70 / LogL: -29440.935 / Time: 0h:4m:0s (0h:5m:38s left)
Estimate model parameters (epsilon = 0.100)
BETTER TREE FOUND at iteration 77: -29369.094
Iteration 80 / LogL: -29369.354 / Time: 0h:4m:27s (0h:5m:28s left)
Iteration 90 / LogL: -29369.160 / Time: 0h:4m:54s (0h:4m:47s left)
Iteration 100 / LogL: -29381.646 / Time: 0h:5m:17s (0h:4m:6s left)
Log-likelihood cutoff on original alignment: -29445.717
NOTE: Bootstrap correlation coefficient of split occurrence frequencies: 0.993
Iteration 110 / LogL: -29405.189 / Time: 0h:5m:45s (0h:4m:44s left)
Iteration 120 / LogL: -29387.294 / Time: 0h:6m:10s (0h:4m:8s left)
Iteration 130 / LogL: -29446.957 / Time: 0h:6m:32s (0h:3m:33s left)
BETTER TREE FOUND at iteration 131: -29369.093
Estimate model parameters (epsilon = 0.100)
BETTER TREE FOUND at iteration 137: -29369.073
Estimate model parameters (epsilon = 0.100)
BETTER TREE FOUND at iteration 140: -29369.000
Iteration 140 / LogL: -29369.000 / Time: 0h:6m:56s (0h:4m:59s left)
Iteration 150 / LogL: -29390.180 / Time: 0h:7m:20s (0h:4m:25s left)
Log-likelihood cutoff on original alignment: -29445.717
Iteration 160 / LogL: -29369.117 / Time: 0h:7m:48s (0h:3m:55s left)
Estimate model parameters (epsilon = 0.100)
BETTER TREE FOUND at iteration 168: -29368.822
Iteration 170 / LogL: -29515.414 / Time: 0h:8m:13s (0h:4m:46s left)
Iteration 180 / LogL: -29534.015 / Time: 0h:8m:37s (0h:4m:14s left)
Iteration 190 / LogL: -29368.834 / Time: 0h:9m:7s (0h:3m:45s left)
Iteration 200 / LogL: -29413.309 / Time: 0h:9m:31s (0h:3m:15s left)
Log-likelihood cutoff on original alignment: -29445.717
NOTE: Bootstrap correlation coefficient of split occurrence frequencies: 0.996
Estimate model parameters (epsilon = 0.100)
BETTER TREE FOUND at iteration 201: -29368.545
Iteration 210 / LogL: -29386.445 / Time: 0h:9m:58s (0h:4m:20s left)
Estimate model parameters (epsilon = 0.100)
BETTER TREE FOUND at iteration 218: -29368.533
Iteration 220 / LogL: -29399.368 / Time: 0h:10m:21s (0h:4m:38s left)
Iteration 230 / LogL: -29368.597 / Time: 0h:10m:46s (0h:4m:8s left)
Iteration 240 / LogL: -29380.243 / Time: 0h:11m:10s (0h:3m:38s left)
Iteration 250 / LogL: -29431.251 / Time: 0h:11m:37s (0h:3m:10s left)
Log-likelihood cutoff on original alignment: -29445.717
Iteration 260 / LogL: -29373.040 / Time: 0h:12m:2s (0h:2m:41s left)
Iteration 270 / LogL: -29368.598 / Time: 0h:12m:26s (0h:2m:13s left)
Iteration 280 / LogL: -29372.673 / Time: 0h:12m:54s (0h:1m:45s left)
Iteration 290 / LogL: -29370.629 / Time: 0h:13m:20s (0h:1m:17s left)
Iteration 300 / LogL: -29401.553 / Time: 0h:13m:48s (0h:0m:49s left)
Log-likelihood cutoff on original alignment: -29445.717
NOTE: Bootstrap correlation coefficient of split occurrence frequencies: 0.995
Iteration 310 / LogL: -29374.976 / Time: 0h:14m:16s (0h:4m:9s left)
TREE SEARCH COMPLETED AFTER 319 ITERATIONS / Time: 0h:14m:41s

--------------------------------------------------------------------
|                    FINALIZING TREE SEARCH                        |
--------------------------------------------------------------------
Performs final model parameters optimization
Estimate model parameters (epsilon = 0.010)
1. Initial log-likelihood: -29368.533
Optimal log-likelihood: -29368.533
Rate parameters:  A-C: 1.00000  A-G: 12.03907  A-T: 1.00000  C-G: 1.00000  C-T: 12.03907  G-T: 1.00000
Base frequencies:  A: 0.345  C: 0.201  G: 0.236  T: 0.217
Gamma shape alpha: 0.329
Parameters optimization took 1 rounds (0.148 sec)
BEST SCORE FOUND : -29368.533
Creating bootstrap support values...
Split supports printed to NEXUS file clade2344b_asia_PB1_subsampled.fasta.splits.nex
Total tree length: 2.062

Total number of iterations: 319
CPU time used for tree search: 3300.325 sec (0h:55m:0s)
Wall-clock time used for tree search: 856.560 sec (0h:14m:16s)
Total CPU time used: 3371.251 sec (0h:56m:11s)
Total wall-clock time used: 883.389 sec (0h:14m:43s)

Computing bootstrap consensus tree...
Reading input file clade2344b_asia_PB1_subsampled.fasta.splits.nex...
624 taxa and 9234 splits.
Consensus tree written to clade2344b_asia_PB1_subsampled.fasta.contree
Reading input trees file clade2344b_asia_PB1_subsampled.fasta.contree
Log-likelihood of consensus tree: -29368.608

Analysis results written to: 
  IQ-TREE report:                clade2344b_asia_PB1_subsampled.fasta.iqtree
  Maximum-likelihood tree:       clade2344b_asia_PB1_subsampled.fasta.treefile
  Likelihood distances:          clade2344b_asia_PB1_subsampled.fasta.mldist

Ultrafast bootstrap approximation results written to:
  Split support values:          clade2344b_asia_PB1_subsampled.fasta.splits.nex
  Consensus tree:                clade2344b_asia_PB1_subsampled.fasta.contree
  Screen log file:               clade2344b_asia_PB1_subsampled.fasta.log

Date and Time: Thu Jan 11 02:44:11 2024
