IQ-TREE multicore version 1.6.12 for Mac OS X 64-bit built Aug 15 2019
Developed by Bui Quang Minh, Nguyen Lam Tung, Olga Chernomor,
Heiko Schmidt, Dominik Schrempf, Michael Woodhams.

Host:    sce-bio-c05393 (AVX2, FMA3, 16 GB RAM)
Command: iqtree -s clade2344b_asia_N3_subsampled.fasta -nt AUTO -m HKY+G4 -bb 1000
Seed:    457073 (Using SPRNG - Scalable Parallel Random Number Generator)
Time:    Thu Jan 11 01:34:46 2024
Kernel:  AVX+FMA - auto-detect threads (6 CPU cores detected)

Reading alignment file clade2344b_asia_N3_subsampled.fasta ... Fasta format detected
Alignment most likely contains DNA/RNA sequences
Alignment has 14 sequences with 1410 columns, 80 distinct patterns
37 parsimony-informative, 77 singleton sites, 1296 constant sites
                                                                Gap/Ambiguity  Composition  p-value
   1  H5N3.EPI_ISL_5863749.Anseriformes.united_states.289.2020-10-20    4.33%    passed     88.00%
   2  H7N3.EPI_ISL_706194.Anseriformes.south_korea.NA.2019-03-15        0.00%    passed     99.93%
   3  H7N3.EPI_ISL_387968.Anseriformes.egypt.NA.2016-01-28              0.00%    passed     99.91%
   4  H7N3.EPI_ISL_387970.Anseriformes.egypt.NA.2016-03-17              0.00%    passed     99.78%
   5  H7N3.EPI_ISL_331289.Anseriformes.russia.NA.2018-01-23             0.00%    passed     99.72%
   6  H10N3.EPI_ISL_1096153.environment.china.NA.2015-11-19             0.00%    passed     99.95%
   7  H2N3.EPI_ISL_209132.Anseriformes.mongolia.NA.2015-08-31           0.00%    passed     99.75%
   8  NA.EPI_ISL_387335.Anseriformes.viet_nam.NA.2016-02-10             0.00%    passed     99.54%
   9  H5N3.EPI_ISL_240680.Anseriformes.russia.NA.2014-09-11             0.00%    passed     99.96%
  10  H7N3.EPI_ISL_328157.Anseriformes.mongolia.NA.2017-09-01           0.00%    passed     99.49%
  11  H2N3.EPI_ISL_333089.Anseriformes.bangladesh.NA.2017-01-23         0.00%    passed     99.54%
  12  NA.EPI_ISL_328982.Charadriiformes.netherlands.NA.2016-07-15       0.00%    passed     99.87%
  13  H2N3.EPI_ISL_189729.Anseriformes.united_states.NA.2012-12-22      0.00%    passed     99.87%
  14  H1N3.EPI_ISL_339038.Anseriformes.russia.NA.2018-09-06             0.00%    passed     99.19%
****  TOTAL                                                             0.31%  0 sequences failed composition chi2 test (p-value<5%; df=3)
NOTE: H2N3.EPI_ISL_189729.Anseriformes.united_states.NA.2012-12-22 is identical to NA.EPI_ISL_328982.Charadriiformes.netherlands.NA.2016-07-15 but kept for subsequent analysis

Create initial parsimony tree by phylogenetic likelihood library (PLL)... 0.000 seconds
Generating 1000 samples for ultrafast bootstrap (seed: 457073)...

NOTE: 0 MB RAM (0 GB) is required!
Measuring multi-threading efficiency up to 6 CPU cores
Increase to 10 rounds for branch lengths
8210 trees examined
Threads: 1 / Time: 6.000 sec / Speedup: 1.000 / Efficiency: 100% / LogL: -3092
Threads: 2 / Time: 5.192 sec / Speedup: 1.156 / Efficiency: 58% / LogL: -3092
Threads: 3 / Time: 5.183 sec / Speedup: 1.158 / Efficiency: 39% / LogL: -3092
BEST NUMBER OF THREADS: 2

Estimate model parameters (epsilon = 0.100)
1. Initial log-likelihood: -2849.025
2. Current log-likelihood: -2758.506
Optimal log-likelihood: -2758.441
Rate parameters:  A-C: 1.00000  A-G: 72.62948  A-T: 1.00000  C-G: 1.00000  C-T: 72.62948  G-T: 1.00000
Base frequencies:  A: 0.319  C: 0.198  G: 0.239  T: 0.244
Gamma shape alpha: 0.251
Parameters optimization took 2 rounds (0.002 sec)
Computing ML distances based on estimated model parameters... 0.002 sec
Computing BIONJ tree...
0.009 seconds
Log-likelihood of BIONJ tree: -2758.436
--------------------------------------------------------------------
|             INITIALIZING CANDIDATE TREE SET                      |
--------------------------------------------------------------------
Generating 99 parsimony trees... 0.030 second
Computing log-likelihood of 99 initial trees ... 0.045 seconds
Current best score: -2758.436

Do NNI search on 20 best initial trees
Estimate model parameters (epsilon = 0.100)
BETTER TREE FOUND at iteration 1: -2758.422
Iteration 10 / LogL: -2758.430 / Time: 0h:0m:16s
Iteration 20 / LogL: -2758.426 / Time: 0h:0m:16s
Finish initializing candidate tree set (1)
Current best tree score: -2758.422 / CPU time: 0.147
Number of iterations: 20
--------------------------------------------------------------------
|               OPTIMIZING CANDIDATE TREE SET                      |
--------------------------------------------------------------------
Iteration 30 / LogL: -2758.422 / Time: 0h:0m:16s (0h:0m:40s left)
Iteration 40 / LogL: -2758.422 / Time: 0h:0m:16s (0h:0m:26s left)
UPDATE BEST LOG-LIKELIHOOD: -2758.422
UPDATE BEST LOG-LIKELIHOOD: -2758.422
Iteration 50 / LogL: -2758.422 / Time: 0h:0m:16s (0h:0m:17s left)
Log-likelihood cutoff on original alignment: -2790.501
UPDATE BEST LOG-LIKELIHOOD: -2758.422
Iteration 60 / LogL: -2758.422 / Time: 0h:0m:16s (0h:0m:11s left)
Iteration 70 / LogL: -2758.422 / Time: 0h:0m:16s (0h:0m:7s left)
Iteration 80 / LogL: -2758.422 / Time: 0h:0m:16s (0h:0m:4s left)
Iteration 90 / LogL: -2758.422 / Time: 0h:0m:16s (0h:0m:2s left)
Iteration 100 / LogL: -2758.426 / Time: 0h:0m:17s (0h:0m:0s left)
Log-likelihood cutoff on original alignment: -2791.261
NOTE: Bootstrap correlation coefficient of split occurrence frequencies: 0.999
TREE SEARCH COMPLETED AFTER 102 ITERATIONS / Time: 0h:0m:17s

--------------------------------------------------------------------
|                    FINALIZING TREE SEARCH                        |
--------------------------------------------------------------------
Performs final model parameters optimization
Estimate model parameters (epsilon = 0.010)
1. Initial log-likelihood: -2758.422
2. Current log-likelihood: -2758.408
3. Current log-likelihood: -2758.394
4. Current log-likelihood: -2758.380
5. Current log-likelihood: -2758.367
6. Current log-likelihood: -2758.353
7. Current log-likelihood: -2758.339
8. Current log-likelihood: -2758.325
9. Current log-likelihood: -2758.311
10. Current log-likelihood: -2758.297
11. Current log-likelihood: -2758.283
12. Current log-likelihood: -2758.269
13. Current log-likelihood: -2758.255
14. Current log-likelihood: -2758.241
15. Current log-likelihood: -2758.227
16. Current log-likelihood: -2758.213
17. Current log-likelihood: -2758.199
18. Current log-likelihood: -2758.185
19. Current log-likelihood: -2758.171
20. Current log-likelihood: -2758.156
21. Current log-likelihood: -2758.142
22. Current log-likelihood: -2758.128
23. Current log-likelihood: -2758.114
24. Current log-likelihood: -2758.099
25. Current log-likelihood: -2758.085
26. Current log-likelihood: -2758.071
27. Current log-likelihood: -2758.056
28. Current log-likelihood: -2758.042
29. Current log-likelihood: -2758.027
30. Current log-likelihood: -2758.013
31. Current log-likelihood: -2757.998
32. Current log-likelihood: -2757.984
33. Current log-likelihood: -2757.969
34. Current log-likelihood: -2757.955
35. Current log-likelihood: -2757.940
36. Current log-likelihood: -2757.925
37. Current log-likelihood: -2757.911
38. Current log-likelihood: -2757.896
39. Current log-likelihood: -2757.881
40. Current log-likelihood: -2757.866
41. Current log-likelihood: -2757.852
42. Current log-likelihood: -2757.837
43. Current log-likelihood: -2757.822
44. Current log-likelihood: -2757.807
45. Current log-likelihood: -2757.792
46. Current log-likelihood: -2757.777
47. Current log-likelihood: -2757.762
48. Current log-likelihood: -2757.747
49. Current log-likelihood: -2757.732
50. Current log-likelihood: -2757.717
51. Current log-likelihood: -2757.702
52. Current log-likelihood: -2757.687
53. Current log-likelihood: -2757.671
54. Current log-likelihood: -2757.656
55. Current log-likelihood: -2757.641
56. Current log-likelihood: -2757.626
57. Current log-likelihood: -2757.610
58. Current log-likelihood: -2757.595
59. Current log-likelihood: -2757.580
60. Current log-likelihood: -2757.564
61. Current log-likelihood: -2757.549
62. Current log-likelihood: -2757.534
63. Current log-likelihood: -2757.518
64. Current log-likelihood: -2757.503
65. Current log-likelihood: -2757.487
66. Current log-likelihood: -2757.471
67. Current log-likelihood: -2757.456
68. Current log-likelihood: -2757.440
69. Current log-likelihood: -2757.424
70. Current log-likelihood: -2757.409
71. Current log-likelihood: -2757.393
72. Current log-likelihood: -2757.377
73. Current log-likelihood: -2757.361
74. Current log-likelihood: -2757.346
75. Current log-likelihood: -2757.330
76. Current log-likelihood: -2757.314
77. Current log-likelihood: -2757.298
78. Current log-likelihood: -2757.282
79. Current log-likelihood: -2757.266
80. Current log-likelihood: -2757.250
81. Current log-likelihood: -2757.234
82. Current log-likelihood: -2757.218
83. Current log-likelihood: -2757.202
84. Current log-likelihood: -2757.185
85. Current log-likelihood: -2757.169
86. Current log-likelihood: -2757.153
87. Current log-likelihood: -2757.137
88. Current log-likelihood: -2757.120
89. Current log-likelihood: -2757.104
90. Current log-likelihood: -2757.088
91. Current log-likelihood: -2757.071
92. Current log-likelihood: -2757.055
93. Current log-likelihood: -2757.038
94. Current log-likelihood: -2757.022
95. Current log-likelihood: -2757.005
96. Current log-likelihood: -2756.989
97. Current log-likelihood: -2756.972
98. Current log-likelihood: -2756.955
99. Current log-likelihood: -2756.939
Optimal log-likelihood: -2756.939
Rate parameters:  A-C: 1.00000  A-G: 60.46609  A-T: 1.00000  C-G: 1.00000  C-T: 60.46609  G-T: 1.00000
Base frequencies:  A: 0.319  C: 0.198  G: 0.239  T: 0.244
Gamma shape alpha: 0.252
Parameters optimization took 99 rounds (0.051 sec)
BEST SCORE FOUND : -2756.939
Creating bootstrap support values...
Split supports printed to NEXUS file clade2344b_asia_N3_subsampled.fasta.splits.nex
Total tree length: 0.094

Total number of iterations: 102
CPU time used for tree search: 1.547 sec (0h:0m:1s)
Wall-clock time used for tree search: 0.691 sec (0h:0m:0s)
Total CPU time used: 34.554 sec (0h:0m:34s)
Total wall-clock time used: 17.169 sec (0h:0m:17s)

Computing bootstrap consensus tree...
Reading input file clade2344b_asia_N3_subsampled.fasta.splits.nex...
14 taxa and 87 splits.
Consensus tree written to clade2344b_asia_N3_subsampled.fasta.contree
Reading input trees file clade2344b_asia_N3_subsampled.fasta.contree
Log-likelihood of consensus tree: -2756.943

Analysis results written to: 
  IQ-TREE report:                clade2344b_asia_N3_subsampled.fasta.iqtree
  Maximum-likelihood tree:       clade2344b_asia_N3_subsampled.fasta.treefile
  Likelihood distances:          clade2344b_asia_N3_subsampled.fasta.mldist

Ultrafast bootstrap approximation results written to:
  Split support values:          clade2344b_asia_N3_subsampled.fasta.splits.nex
  Consensus tree:                clade2344b_asia_N3_subsampled.fasta.contree
  Screen log file:               clade2344b_asia_N3_subsampled.fasta.log

Date and Time: Thu Jan 11 01:35:03 2024
