IQ-TREE multicore version 1.6.12 for Mac OS X 64-bit built Aug 15 2019
Developed by Bui Quang Minh, Nguyen Lam Tung, Olga Chernomor,
Heiko Schmidt, Dominik Schrempf, Michael Woodhams.

Host:    sce-bio-c05393 (AVX2, FMA3, 16 GB RAM)
Command: iqtree -s clade2344b_asia_PB2_subsampled.fasta -nt AUTO -m HKY+G4 -bb 1000
Seed:    806895 (Using SPRNG - Scalable Parallel Random Number Generator)
Time:    Thu Jan 11 02:44:11 2024
Kernel:  AVX+FMA - auto-detect threads (6 CPU cores detected)

Reading alignment file clade2344b_asia_PB2_subsampled.fasta ... Fasta format detected
Alignment most likely contains DNA/RNA sequences
Alignment has 619 sequences with 2280 columns, 1145 distinct patterns
934 parsimony-informative, 188 singleton sites, 1158 constant sites
                                                                   Gap/Ambiguity  Composition  p-value
   1  H5N8.EPI_ISL_615065.Anseriformes.kazakhstan.1.2020-09-22             0.66%    passed     94.15%
   2  H5N8.EPI_ISL_615072.Anseriformes.kazakhstan.1.2020-09-25             0.04%    passed     99.07%
   3  H5N8.EPI_ISL_623074.Galliformes.iraq.1.2020-05-12                    0.00%    passed     98.21%
   4  H5N8.EPI_ISL_625671.Anseriformes.china.1.2020-10-17                  0.00%    passed     98.77%
   5  H5N8.EPI_ISL_666687.Anseriformes.south_korea.10.2020-10-24           0.00%    passed     97.05%
   6  H5N8.EPI_ISL_708717.Galliformes.japan.10.2020-12-01                  0.00%    passed     96.87%
   7  H5N8.EPI_ISL_738050.Galliformes.japan.16.2020-12-15                  0.00%    passed     90.61%
   8  H5N8.EPI_ISL_738056.Galliformes.japan.16.2020-12-18                  0.00%    passed     92.31%
   9  H5N8.EPI_ISL_738060.Galliformes.japan.10.2020-12-18                  0.00%    passed     97.75%
  10  H5N8.EPI_ISL_739687.Galliformes.kazakhstan.1.2020-09-18              0.13%    passed     95.03%
  11  H5N8.EPI_ISL_681284.Galliformes.japan.10.2020-11-25                  0.00%    passed     95.90%
  12  H5N8.EPI_ISL_681286.Galliformes.japan.10.2020-11-04                  0.00%    passed     96.00%
  13  H5N8.EPI_ISL_681288.Galliformes.japan.10.2020-11-07                  0.00%    passed     95.69%
  14  H5N8.EPI_ISL_681291.Galliformes.japan.10.2020-11-10                  0.00%    passed     95.90%
  15  H5N8.EPI_ISL_681296.Galliformes.japan.10.2020-11-14                  0.00%    passed     95.90%
  16  H5N8.EPI_ISL_697771.Anseriformes.japan.10.2020-10-24                 0.00%    passed     96.71%
  17  H5N8.EPI_ISL_710434.Galliformes.japan.16.2020-12-06                  0.00%    passed     90.00%
  18  H5N8.EPI_ISL_710436.Galliformes.japan.16.2020-12-06                  0.04%    passed     91.55%
  19  H5N8.EPI_ISL_710442.Galliformes.japan.16.2020-12-01                  0.00%    passed     90.00%
  20  H5N8.EPI_ISL_710448.Galliformes.japan.16.2020-12-02                  0.00%    passed     91.46%
  21  H5N8.EPI_ISL_710453.Galliformes.japan.16.2020-12-05                  0.00%    passed     91.50%
  22  H5N8.EPI_ISL_718114.Galliformes.japan.16.2020-12-09                  0.00%    passed     91.68%
  23  H5N8.EPI_ISL_718115.Galliformes.japan.16.2020-12-09                  0.00%    passed     93.66%
  24  H5N8.EPI_ISL_718116.Galliformes.japan.16.2020-12-10                  0.00%    passed     91.68%
  25  H5N8.EPI_ISL_718121.Galliformes.japan.16.2020-12-09                  0.00%    passed     93.66%
  26  H5N8.EPI_ISL_732927.Galliformes.japan.16.2020-12-13                  0.00%    passed     93.22%
  27  H5N8.EPI_ISL_732928.Galliformes.japan.16.2020-12-13                  0.00%    passed     93.11%
  28  H5N8.EPI_ISL_732931.Galliformes.japan.16.2020-12-15                  0.00%    passed     95.00%
  29  H5N8.EPI_ISL_732932.Galliformes.japan.16.2020-12-15                  0.00%    passed     94.13%
  30  H5N8.EPI_ISL_732936.Galliformes.japan.16.2020-12-13                  0.00%    passed     90.20%
  31  H5N8.EPI_ISL_732941.Galliformes.japan.16.2020-12-13                  0.00%    passed     92.06%
  32  H5N8.EPI_ISL_732943.Galliformes.japan.16.2020-12-12                  0.00%    passed     91.68%
  33  H5N8.EPI_ISL_732944.Galliformes.japan.16.2020-12-12                  0.00%    passed     90.00%
  34  H5N8.EPI_ISL_4071019.Anseriformes.japan.10.2020-11-05                0.00%    passed     94.70%
  35  H5N8.EPI_ISL_1041120.Anseriformes.japan.1.2021-01-23                 0.00%    passed     97.78%
  36  H5N8.EPI_ISL_1041130.Galliformes.japan.1.2021-02-10                  0.00%    passed     96.93%
  37  H5N8.EPI_ISL_1041132.Galliformes.japan.1.2021-02-08                  0.00%    passed     94.76%
  38  H5N8.EPI_ISL_1041135.Galliformes.japan.1.2021-02-08                  0.00%    passed     95.84%
  39  H5N8.EPI_ISL_1041147.Anseriformes.japan.1.2021-01-23                 0.00%    passed     96.93%
  40  H5N8.EPI_ISL_1041173.Accipitriformes.japan.16.2021-02-10             0.00%    passed     99.48%
  41  H5N8.EPI_ISL_1041176.Strigiformes.japan.10.2021-02-16                0.00%    passed     94.91%
  42  H5N8.EPI_ISL_1041178.Falconiformes.japan.10.2021-02-15               0.00%    passed     97.09%
  43  H5N8.EPI_ISL_1041180.Anseriformes.japan.10.2021-02-13                0.00%    passed     96.12%
  44  H5N8.EPI_ISL_1081353.Anseriformes.japan.1.2021-02-14                 0.00%    passed     95.25%
  45  H5N8.EPI_ISL_1114725.Anseriformes.japan.1.2021-01-16                 0.09%    passed     96.16%
  46  H5N8.EPI_ISL_1184510.Galliformes.japan.16.2021-02-24                 0.00%    passed     99.49%
  47  H5N8.EPI_ISL_1184518.Accipitriformes.japan.16.2021-02-24             0.04%    passed     93.17%
  48  H5N8.EPI_ISL_1938309.Anseriformes.china.1.2020-11-10                 0.00%    passed     98.42%
  49  H5N8.EPI_ISL_1938478.Anseriformes.china.1.2020-11-10                 0.00%    passed     97.27%
  50  H5N8.EPI_ISL_2815336.Anseriformes.china.1.2020-10-11                 0.00%    passed     97.27%
  51  H5N8.EPI_ISL_5260416.Charadriiformes.china.1.2021-02-22              0.00%    passed     96.37%
  52  H5N8.EPI_ISL_5260417.Charadriiformes.china.1.2021-05-16              0.00%    passed     93.63%
  53  H5N8.EPI_ISL_5260426.Anseriformes.china.1.2021-05-10                 0.00%    passed     93.29%
  54  H5N8.EPI_ISL_5260444.Anseriformes.china.1.2021-03-09                 0.00%    passed     98.21%
  55  H5N8.EPI_ISL_5260445.Anseriformes.china.1.2021-04-27                 0.00%    passed     95.25%
  56  H5N8.EPI_ISL_5260446.Anseriformes.china.1.2021-05-11                 0.00%    passed     93.88%
  57  H5N8.EPI_ISL_5260448.Anseriformes.china.1.2021-03-19                 0.00%    passed     97.19%
  58  H5N8.EPI_ISL_5260449.Anseriformes.china.1.2021-03-24                 0.00%    passed     96.93%
  59  H5N8.EPI_ISL_5260450.Anseriformes.china.1.2021-03-09                 0.00%    passed     96.93%
  60  H5N8.EPI_ISL_5260451.Anseriformes.china.1.2021-04-13                 0.00%    passed     94.51%
  61  H5N8.EPI_ISL_5260455.Anseriformes.china.1.2021-02-22                 0.00%    passed     95.56%
  62  H5N8.EPI_ISL_5260462.Anseriformes.china.1.2020-11-10                 0.00%    passed     98.42%
  63  H5N8.EPI_ISL_5260464.Anseriformes.china.1.2021-01-23                 0.00%    passed     96.62%
  64  H5N8.EPI_ISL_5260465.Pelecaniformes.china.1.2021-01-26               0.00%    passed     98.26%
  65  H5N8.EPI_ISL_5260466.Podicipediformes.china.1.2021-02-22             0.00%    passed     96.72%
  66  H5N8.EPI_ISL_5260467.Podicipediformes.china.1.2021-06-05             0.00%    passed     93.63%
  67  H5N8.EPI_ISL_5260468.Podicipediformes.china.1.2021-06-15             0.00%    passed     93.29%
  68  H5N8.EPI_ISL_5260469.Anseriformes.china.1.2021-01-26                 0.00%    passed     98.26%
  69  H5N8.EPI_ISL_5865550.Anseriformes.united_states.1.2020-10-02         0.26%    passed     99.58%
  70  H5N8.EPI_ISL_5865682.Anseriformes.united_states.1.2020-10-02         0.00%    passed     96.91%
  71  H5N8.EPI_ISL_6829497.Gruiformes.japan.1.2021-11-19                   0.00%    passed     88.10%
  72  H5N1.EPI_ISL_6829533.Galliformes.japan.22.2021-11-12                 0.00%    passed     92.72%
  73  H5N8.EPI_ISL_6829536.Galliformes.japan.1.2021-11-14                  0.00%    passed     91.10%
  74  H5N6.EPI_ISL_6914131.Galliformes.china.61.2021-06-10                 0.00%    passed     81.00%
  75  H5N1.EPI_ISL_6959593.Galliformes.south_korea.22.2021-11-08           0.00%    passed     95.42%
  76  H5N8.EPI_ISL_7192735.Anseriformes.china.1.2021-01                    0.00%    passed     98.17%
  77  H5N8.EPI_ISL_7381026.Galliformes.china.1.2021-03                     0.00%    passed     94.52%
  78  H5N8.EPI_ISL_7381065.Anseriformes.china.1.2021-03                    0.00%    passed     95.25%
  79  H5N8.EPI_ISL_7381103.Anseriformes.china.1.2021-03                    0.00%    passed     91.30%
  80  H5N8.EPI_ISL_7381115.Anseriformes.china.1.2021-06                    0.00%    passed     95.68%
  81  H5N8.EPI_ISL_7381183.Anseriformes.china.279.2021-04                  0.00%    passed     97.27%
  82  H5N8.EPI_ISL_7381438.Anseriformes.china.1.2021-08                    0.00%    passed     95.31%
  83  H5N8.EPI_ISL_7381448.Galliformes.china.205.2021-07                   0.00%    passed     97.77%
  84  H5N6.EPI_ISL_7983813.NA.china.73.2021-12-22                          0.00%    passed     49.27%
  85  H5N6.EPI_ISL_16208999.NA.china.126.2021-09-19                        0.00%    passed     96.25%
  86  H5N8.EPI_ISL_17088884.Anseriformes.china.1.2021-01-29                0.00%    passed     92.58%
  87  H5N8.EPI_ISL_759850.Galliformes.japan.10.2020-12-23                  0.00%    passed     98.37%
  88  H5N8.EPI_ISL_759851.Galliformes.japan.10.2020-12-23                  0.00%    passed     98.47%
  89  H5N8.EPI_ISL_759857.Galliformes.japan.16.2020-12-22                  0.00%    passed     89.22%
  90  H5N8.EPI_ISL_854597.Galliformes.japan.10.2021-01-10                  0.00%    passed     98.85%
  91  H5N8.EPI_ISL_854601.Galliformes.japan.10.2021-01-01                  0.00%    passed     96.10%
  92  H5N8.EPI_ISL_854607.Galliformes.japan.16.2021-01-12                  0.00%    passed     89.22%
  93  H5N8.EPI_ISL_854608.Galliformes.japan.16.2021-01-12                  0.00%    passed     91.11%
  94  H5N8.EPI_ISL_854612.Galliformes.japan.16.2020-12-29                  0.00%    passed     90.20%
  95  H5N8.EPI_ISL_977595.Anseriformes.china.1.2020-12-31                  0.00%    passed     98.17%
  96  H5N8.EPI_ISL_977599.Anseriformes.china.1.2020-12-21                  0.00%    passed     96.93%
  97  H5N8.EPI_ISL_985180.Galliformes.south_korea.10.2020-12-01            0.00%    passed     97.80%
  98  H5N8.EPI_ISL_985182.Galliformes.south_korea.79.2020-12-06            0.00%    passed     99.74%
  99  H5N8.EPI_ISL_985183.Galliformes.south_korea.16.2020-12-07            0.00%    passed     92.86%
 100  H5N8.EPI_ISL_985192.Galliformes.south_korea.16.2020-12-14            0.00%    passed     91.11%
 101  H5N8.EPI_ISL_985200.Anseriformes.south_korea.79.2020-12-22           0.00%    passed     99.70%
 102  H5N8.EPI_ISL_985203.Anseriformes.south_korea.16.2020-12-23           0.00%    passed     91.11%
 103  H5N8.EPI_ISL_985204.Anseriformes.south_korea.10.2020-12-23           0.00%    passed     97.06%
 104  H5N8.EPI_ISL_985210.Galliformes.south_korea.79.2020-12-28            0.00%    passed     99.51%
 105  H5N8.EPI_ISL_985211.Anseriformes.south_korea.1.2020-12-28            0.00%    passed     96.37%
 106  H5N8.EPI_ISL_985221.Galliformes.japan.1.2021-02-06                   0.00%    passed     95.25%
 107  H5N8.EPI_ISL_985225.Galliformes.japan.1.2021-02-07                   0.00%    passed     95.84%
 108  H5N8.EPI_ISL_985233.Anseriformes.japan.10.2021-02-08                 0.00%    passed     97.09%
 109  H5N8.EPI_ISL_1009683.Anseriformes.south_korea.1.2020-12-29           0.00%    passed     95.25%
 110  H5N8.EPI_ISL_1009684.Anseriformes.south_korea.16.2020-12-30          0.04%    passed     92.45%
 111  H5N8.EPI_ISL_1009686.Galliformes.south_korea.1.2020-12-31            0.00%    passed     96.93%
 112  H5N8.EPI_ISL_1009689.Galliformes.south_korea.1.2021-01-03            0.00%    passed     95.95%
 113  H5N8.EPI_ISL_1009693.Galliformes.south_korea.1.2021-01-08            0.00%    passed     96.20%
 114  H5N8.EPI_ISL_1009697.NA.south_korea.16.2020-11-23                    0.00%    passed     91.11%
 115  H5N8.EPI_ISL_1009698.Anseriformes.south_korea.1.2020-11-25           0.00%    passed     94.52%
 116  H5N8.EPI_ISL_1009699.Anseriformes.south_korea.16.2020-11-25          0.00%    passed     92.06%
 117  H5N8.EPI_ISL_1009703.Anseriformes.south_korea.16.2020-12-01          0.00%    passed     92.86%
 118  H5N8.EPI_ISL_1009706.NA.south_korea.79.2020-12-02                    0.00%    passed     99.52%
 119  H5N8.EPI_ISL_1009707.NA.south_korea.1.2020-12-14                     0.00%    passed     93.10%
 120  H5N8.EPI_ISL_1273411.Galliformes.japan.16.2020-11-24                 0.00%    passed     91.11%
 121  H5N8.EPI_ISL_1273438.Galliformes.japan.16.2021-03-13                 0.00%    passed     93.11%
 122  H5N8.EPI_ISL_1760446.Anseriformes.china.1.2020-11-09                 0.00%    passed     97.95%
 123  H5N8.EPI_ISL_1760447.Anseriformes.china.1.2020-11-10                 0.00%    passed     98.42%
 124  H5N8.EPI_ISL_1760448.Anseriformes.china.1.2020-11-10                 0.00%    passed     97.95%
 125  H5N8.EPI_ISL_1760450.Anseriformes.china.1.2020-11-10                 0.00%    passed     97.78%
 126  H5N8.EPI_ISL_1760453.Anseriformes.china.1.2020-11-10                 0.00%    passed     98.42%
 127  H5N2.EPI_ISL_1760455.Anseriformes.china.286.2020-11-10               0.00%    passed     86.55%
 128  H5N8.EPI_ISL_1939080.Anseriformes.china.1.2020-11-10                 0.00%    passed     97.95%
 129  H5N8.EPI_ISL_1939617.Strigiformes.china.1.2020-11-11                 0.00%    passed     97.27%
 130  H5N8.EPI_ISL_2685842.Anseriformes.china.1.2020-11-04                 0.00%    passed     98.42%
 131  H5N8.EPI_ISL_2685847.Anseriformes.china.1.2020-11-11                 0.00%    passed     98.70%
 132  H5N8.EPI_ISL_2685848.Anseriformes.china.1.2020-11-16                 0.00%    passed     97.95%
 133  H5N8.EPI_ISL_2685947.Anseriformes.china.1.2020-11-16                 0.00%    passed     97.24%
 134  H5N8.EPI_ISL_2820261.Anseriformes.china.10.2020-10-15                0.00%    passed     94.67%
 135  H5N8.EPI_ISL_2820501.Anseriformes.china.10.2020-10-16                0.00%    passed     96.14%
 136  H5N6.EPI_ISL_3090099.NA.china.61.2021-07-03                          0.09%    passed     86.50%
 137  H5N6.EPI_ISL_3770740.NA.china.73.2021-07-14                          0.00%    passed     51.96%
 138  H5N8.EPI_ISL_4061712.Anseriformes.japan.10.2021-02-17                0.00%    passed     94.95%
 139  H5N8.EPI_ISL_4061713.Anseriformes.japan.10.2021-02-08                0.00%    passed     98.48%
 140  H5N8.EPI_ISL_4061714.Accipitriformes.japan.10.2021-02-03             0.00%    passed     97.02%
 141  H5N8.EPI_ISL_4061715.Falconiformes.japan.10.2021-01-28               0.00%    passed     96.96%
 142  H5N8.EPI_ISL_4062112.Anseriformes.japan.16.2020-12-22                0.04%    passed     96.00%
 143  H5N8.EPI_ISL_5863557.Anseriformes.united_states.1.2020-10-23         0.00%    passed     96.53%
 144  H5N3.EPI_ISL_5863749.Anseriformes.united_states.289.2020-10-20       0.00%    passed     96.91%
 145  H5N6.EPI_ISL_6757629.Anseriformes.china.290.2021-03                  0.04%    passed     52.31%
 146  H5N6.EPI_ISL_6760682.Galliformes.china.61.2021-07                    0.00%    passed     83.03%
 147  H5N6.EPI_ISL_6760685.Anseriformes.china.61.2021-07                   0.00%    passed     80.67%
 148  H5N6.EPI_ISL_6760686.Galliformes.china.291.2021-06                   0.00%    passed     96.71%
 149  H5N6.EPI_ISL_6772736.Galliformes.china.127.2021-08                   0.00%    passed     74.65%
 150  H5N6.EPI_ISL_6772737.Galliformes.china.127.2021-08                   0.00%    passed     75.88%
 151  H5N6.EPI_ISL_6772898.Anseriformes.china.209.2021-08                  0.00%    passed     98.73%
 152  H5N8.EPI_ISL_7379464.Anseriformes.china.1.2021-01                    0.00%    passed     98.85%
 153  H5N8.EPI_ISL_7379465.Anseriformes.china.1.2021-01                    0.00%    passed     96.93%
 154  H5N6.EPI_ISL_7457654.Galliformes.china.209.2021-08                   0.04%    passed     98.50%
 155  H5N8.EPI_ISL_1240997.Accipitriformes.japan.10.2021-03-03             0.00%    passed     97.09%
 156  H5N8.EPI_ISL_2932600.Anseriformes.kazakhstan.1.2020-09-01            0.00%    passed     96.31%
 157  H5N8.EPI_ISL_2555536.Charadriiformes.china.1.2020-11-16              0.00%    passed     92.35%
 158  H5N8.EPI_ISL_2932619.Anseriformes.kazakhstan.1.2020-09-23            0.00%    passed     98.45%
 159  H5N8.EPI_ISL_978915.Anseriformes.japan.1.2021-02-01                  0.00%    passed     94.11%
 160  H5N8.EPI_ISL_2555541.Anseriformes.china.1.2020-11-16                 0.00%    passed     97.78%
 161  H5N8.EPI_ISL_2932617.Passeriformes.kazakhstan.1.2020-09-15           0.04%    passed     96.21%
 162  H5N8.EPI_ISL_1273440.Galliformes.japan.16.2021-03-13                 0.00%    passed     94.30%
 163  H5N8.EPI_ISL_1273417.Galliformes.japan.10.2020-11-04                 0.00%    passed     96.96%
 164  H5N8.EPI_ISL_978909.Galliformes.japan.16.2021-01-22                  0.00%    passed     93.66%
 165  H5N8.EPI_ISL_978904.Galliformes.japan.1.2021-01-30                   0.00%    passed     95.56%
 166  H5N8.EPI_ISL_978901.Galliformes.japan.10.2021-02-01                  0.00%    passed     95.95%
 167  H5N8.EPI_ISL_978898.Galliformes.japan.10.2021-02-01                  0.00%    passed     96.10%
 168  H5N8.EPI_ISL_978892.Galliformes.japan.1.2021-02-03                   0.00%    passed     96.93%
 169  H5N8.EPI_ISL_2932609.Anseriformes.kazakhstan.1.2020-09-15            0.00%    passed     96.41%
 170  H5N8.EPI_ISL_7458702.Anseriformes.china.1.2021-03                    0.00%    passed     95.68%
 171  H5N8.EPI_ISL_7380813.Anseriformes.china.1.2021-03                    0.00%    passed     93.88%
 172  H5N8.EPI_ISL_978910.Anseriformes.japan.1.2021-01-20                  0.00%    passed     97.36%
 173  H5N8.EPI_ISL_2932682.Columbiformes.kazakhstan.1.2020-09-15           0.00%    passed     97.01%
 174  H5N8.EPI_ISL_2932683.Galliformes.kazakhstan.1.2020-10-09             0.04%    passed     96.66%
 175  H5N8.EPI_ISL_2932616.Galliformes.kazakhstan.1.2020-09-19             0.00%    passed     97.78%
 176  H5N8.EPI_ISL_2932608.Galliformes.kazakhstan.1.2020-09-01             0.00%    passed     96.31%
 177  H5N8.EPI_ISL_1822598.Anseriformes.china.1.2020-11-10                 0.00%    passed     98.42%
 178  H5N8.EPI_ISL_1822593.Anseriformes.china.1.2020-11-10                 0.00%    passed     98.17%
 179  H5N1.EPI_ISL_11330431.Accipitriformes.japan.2.2022-01-02             0.00%    passed     90.62%
 180  H5N1.EPI_ISL_11633614.Anseriformes.china.19.2021-12-20               0.00%    passed     93.77%
 181  H5N8.EPI_ISL_13632084.Galliformes.kazakhstan.1.2020-08-01            0.00%    passed     97.83%
 182  H5N1.EPI_ISL_14070455.Carnivora.japan.2.2022-04-01                   0.00%    passed     92.55%
 183  H5N8.EPI_ISL_14819900.Anseriformes.china.1.2021-03-11                0.00%    passed     98.42%
 184  H5N8.EPI_ISL_14823811.Anseriformes.china.1.2020-11-08                0.00%    passed     95.38%
 185  H5N8.EPI_ISL_14824095.Anseriformes.china.1.2020-11-10                0.00%    passed     98.42%
 186  H5N8.EPI_ISL_14835974.Anseriformes.china.1.2020-11-13                0.00%    passed     95.72%
 187  H5N8.EPI_ISL_14835976.Anseriformes.china.1.2020-11-13                0.00%    passed     98.92%
 188  H5N8.EPI_ISL_14836026.Anseriformes.china.1.2020-11-14                0.00%    passed     97.78%
 189  H5N8.EPI_ISL_14836079.Anseriformes.china.1.2020-11-16                0.00%    passed     95.38%
 190  H5N8.EPI_ISL_14836080.Anseriformes.china.1.2020-11-16                0.00%    passed     98.42%
 191  H5N8.EPI_ISL_14836088.Anseriformes.china.1.2020-11-16                0.00%    passed     97.78%
 192  H5N8.EPI_ISL_14836374.Anseriformes.china.1.2020-11-18                0.00%    passed     97.95%
 193  H5N8.EPI_ISL_15430209.Anseriformes.china.1.2021-01-15               10.44%    passed     79.20%
 194  H5N2.EPI_ISL_15732741.Passeriformes.japan.297.2022-10-28             0.00%    passed     99.71%
 195  H5N6.EPI_ISL_8517996.environment.china.73.2021-12-23                 0.00%    passed     49.27%
 196  H5N6.EPI_ISL_8517998.environment.china.73.2021-12-23                 0.00%    passed     47.94%
 197  H5N6.EPI_ISL_8518000.environment.china.73.2021-12-23                 0.00%    passed     43.96%
 198  H5N6.EPI_ISL_11208193.Anseriformes.china.213.2021-10-19              0.00%    passed     95.70%
 199  H5N6.EPI_ISL_11208195.Anseriformes.china.73.2021-12-02               0.00%    passed     52.93%
 200  H5N6.EPI_ISL_11208196.Anseriformes.china.126.2021-12-01              0.00%    passed     94.85%
 201  H5N6.EPI_ISL_11208197.Anseriformes.china.73.2021-12-01               0.00%    passed     50.02%
 202  H5N6.EPI_ISL_11208198.Anseriformes.china.61.2021-11-02               0.00%    passed     84.22%
 203  H5N6.EPI_ISL_11208199.Anseriformes.china.73.2021-12-03               0.00%    passed     43.96%
 204  H5N6.EPI_ISL_11208200.Anseriformes.china.126.2021-12-08              0.00%    passed     96.02%
 205  H5N1.EPI_ISL_12572652.Galliformes.china.110.2022-03-03               0.00%    passed     97.87%
 206  H5N1.EPI_ISL_12572653.Galliformes.china.110.2021-12-07               0.00%    passed     97.36%
 207  H5N1.EPI_ISL_12572654.Anseriformes.china.22.2021-12-08               0.00%    passed     95.14%
 208  H5N1.EPI_ISL_12572657.Anseriformes.china.110.2021-11-27              0.00%    passed     98.42%
 209  H5N1.EPI_ISL_12572658.Anseriformes.china.110.2022-01-10              0.00%    passed     98.17%
 210  H5N1.EPI_ISL_12572660.Anseriformes.china.110.2021-12-08              0.00%    passed     96.65%
 211  H5N1.EPI_ISL_12572661.Anseriformes.china.22.2022-02-22               0.00%    passed     96.47%
 212  H5N1.EPI_ISL_12572662.Anseriformes.china.19.2022-01-05               0.00%    passed     97.51%
 213  H5N1.EPI_ISL_12572663.Columbiformes.china.110.2021-12-08             0.00%    passed     96.65%
 214  H5N1.EPI_ISL_12572664.Anseriformes.china.2.2021-11-25                0.00%    passed     92.72%
 215  H5N1.EPI_ISL_13243698.Anseriformes.bangladesh.19.2021-12-22          0.13%    passed     90.95%
 216  H5N1.EPI_ISL_14886675.Anseriformes.bangladesh.19.2021-12-19          0.00%    passed     79.40%
 217  H5N8.EPI_ISL_15435511.Anseriformes.china.1.2021-01-21                0.00%    passed     99.35%
 218  H5N1.EPI_ISL_15647834.Anseriformes.south_korea.19.2022-10-17         0.00%    passed     96.82%
 219  H5N1.EPI_ISL_15647835.Anseriformes.south_korea.9.2022-10-19          0.00%    passed     65.63%
 220  H5N1.EPI_ISL_15647836.Anseriformes.south_korea.80.2022-10-10         0.00%    passed     99.09%
 221  H5N1.EPI_ISL_15923322.Falconiformes.japan.22.2022-09-25              0.00%    passed     95.24%
 222  H5N1.EPI_ISL_15943015.NA.south_korea.128.2022-11-07                  0.00%    passed     97.03%
 223  H5N8.EPI_ISL_16209048.Anseriformes.canada.81.2021-09-16              0.13%    passed     86.89%
 224  H5N6.EPI_ISL_8518268.Galliformes.china.73.2021-12-23                 0.00%    passed     49.27%
 225  H5N8.EPI_ISL_11504587.Galliformes.viet_nam.205.2021-12-01            0.00%    passed     86.50%
 226  H5N1.EPI_ISL_12749687.Galliformes.israel.2.2021-10-12                0.00%    passed     92.37%
 227  H5N8.EPI_ISL_13295078.Anseriformes.canada.81.2021-10-15              0.00%    passed     97.25%
 228  H5N1.EPI_ISL_14064697.Passeriformes.japan.2.2022-01-20               0.00%    passed     92.55%
 229  H5N8.EPI_ISL_14822356.Anseriformes.china.1.2021-03-11                0.00%    passed     97.78%
 230  H5N8.EPI_ISL_14822357.Anseriformes.china.1.2021-03-11                0.00%    passed     98.92%
 231  H5N8.EPI_ISL_14822549.Anseriformes.china.1.2021-05-18                0.04%    passed     94.31%
 232  H5N1.EPI_ISL_15944665.Anseriformes.south_korea.128.2022-11-17        0.00%    passed     95.62%
 233  H5N1.EPI_ISL_15944667.Anseriformes.south_korea.128.2022-11-21        0.39%    passed     98.11%
 234  H5N8.EPI_ISL_14770166.Anseriformes.china.16.2020-11-23               0.00%    passed     91.68%
 235  H5N8.EPI_ISL_14770165.Gruiformes.china.1.2020-12-31                  0.00%    passed     96.37%
 236  H5N1.EPI_ISL_15072539.Casuariiformes.japan.2.2022-04-16              0.00%    passed     93.11%
 237  H5N1.EPI_ISL_15072538.Galliformes.japan.2.2022-04-16                 0.00%    passed     90.52%
 238  H5N8.EPI_ISL_16215736.Galliformes.china.1.2020-12                    0.00%    passed     97.89%
 239  H5N1.EPI_ISL_15576617.Anseriformes.japan.22.2022-10-08               0.00%    passed     97.77%
 240  H5N1.EPI_ISL_15576616.Anseriformes.japan.2.2022-10-04                0.00%    passed     89.49%
 241  H5N8.EPI_ISL_13295170.Anseriformes.canada.81.2021-11-16              0.00%    passed     99.07%
 242  H5N1.EPI_ISL_16388458.Anseriformes.japan.80.2022-11-23               0.00%    passed     92.65%
 243  H5N8.EPI_ISL_16405650.environment.japan.10.2020-11-09                0.00%    passed     97.01%
 244  H5N8.EPI_ISL_16405651.environment.japan.10.2020-11-09                0.00%    passed     96.14%
 245  H5N8.EPI_ISL_16405654.environment.japan.10.2020-11-09                0.00%    passed     97.05%
 246  H5N8.EPI_ISL_16405655.environment.japan.10.2020-11-16                0.00%    passed     97.09%
 247  H5N8.EPI_ISL_16405657.environment.japan.10.2020-11-16                0.00%    passed     97.04%
 248  H5N8.EPI_ISL_16405658.environment.japan.10.2020-11-16                0.00%    passed     97.87%
 249  H5N8.EPI_ISL_16405660.environment.japan.10.2020-11-23                0.00%    passed     97.06%
 250  H5N8.EPI_ISL_16405661.environment.japan.10.2020-11-23                0.00%    passed     96.54%
 251  H5N8.EPI_ISL_16405664.environment.japan.10.2020-11-30                0.00%    passed     97.09%
 252  H5N8.EPI_ISL_16405665.environment.japan.10.2020-11-30                0.00%    passed     96.10%
 253  H5N8.EPI_ISL_16405666.environment.japan.10.2020-11-30                0.00%    passed     96.10%
 254  H5N8.EPI_ISL_16405667.environment.japan.10.2020-11-30                0.00%    passed     97.80%
 255  H5N8.EPI_ISL_16405668.environment.japan.10.2020-11-30                0.00%    passed     98.91%
 256  H5N8.EPI_ISL_16405669.environment.japan.10.2020-11-30                0.00%    passed     98.50%
 257  H5N8.EPI_ISL_16405670.environment.japan.10.2020-12-07                0.00%    passed     96.14%
 258  H5N8.EPI_ISL_16405671.environment.japan.10.2020-12-07                0.00%    passed     97.04%
 259  H5N8.EPI_ISL_16405672.environment.japan.10.2020-12-07                0.00%    passed     99.23%
 260  H5N8.EPI_ISL_16405673.environment.japan.10.2020-12-07                0.00%    passed     95.95%
 261  H5N8.EPI_ISL_16405674.environment.japan.10.2020-12-07                0.00%    passed     98.34%
 262  H5N8.EPI_ISL_16405675.environment.japan.10.2020-12-21                0.00%    passed     94.75%
 263  H5N8.EPI_ISL_16405676.environment.japan.10.2020-12-21                0.00%    passed     98.79%
 264  H5N8.EPI_ISL_16405677.environment.japan.10.2020-12-21                0.00%    passed     96.96%
 265  H5N8.EPI_ISL_16405678.environment.japan.10.2020-12-21                0.00%    passed     96.12%
 266  H5N6.EPI_ISL_16466440.NA.china.126.2022-11-11                        0.00%    passed     96.25%
 267  H5N1.EPI_ISL_17638448.Galliformes.japan.80.2023-04-06                0.00%    passed     91.34%
 268  H5N8.EPI_ISL_17760581.Anseriformes.canada.81.2021-09-16              0.00%    passed     98.62%
 269  H5N8.EPI_ISL_17805814.environment.japan.10.2020-12-21                0.00%    passed     96.12%
 270  H5N8.EPI_ISL_17805816.environment.japan.10.2020-12-07                0.00%    passed     98.34%
 271  H5N8.EPI_ISL_17805822.NA.japan.16.2021-02-01                         0.00%    passed     89.22%
 272  H5N8.EPI_ISL_17805824.environment.japan.10.2020-12-07                0.00%    passed     95.95%
 273  H5N8.EPI_ISL_17805826.environment.japan.10.2020-11-30                0.00%    passed     96.10%
 274  H5N8.EPI_ISL_17805828.environment.japan.10.2020-12-07                0.00%    passed     96.14%
 275  H5N8.EPI_ISL_17805837.environment.japan.10.2020-11-16                0.00%    passed     97.87%
 276  H5N8.EPI_ISL_17805841.environment.japan.10.2020-11-30                0.00%    passed     97.80%
 277  H5N8.EPI_ISL_17805844.environment.japan.10.2020-12-21                0.00%    passed     94.75%
 278  H5N8.EPI_ISL_17805845.environment.japan.10.2020-12-21                0.00%    passed     96.96%
 279  H5N8.EPI_ISL_17805848.environment.japan.10.2020-11-09                0.00%    passed     97.01%
 280  H5N8.EPI_ISL_17805849.environment.japan.10.2020-11-30                0.00%    passed     98.91%
 281  H5N8.EPI_ISL_17805857.environment.japan.10.2020-11-09                0.00%    passed     97.05%
 282  H5N8.EPI_ISL_17805860.environment.japan.10.2020-11-16                0.00%    passed     97.09%
 283  H5N8.EPI_ISL_17805861.environment.japan.10.2020-11-23                0.00%    passed     96.54%
 284  H5N8.EPI_ISL_17805866.environment.japan.10.2020-11-16                0.00%    passed     97.04%
 285  H5N8.EPI_ISL_17805868.environment.japan.10.2020-11-30                0.00%    passed     97.09%
 286  H5N8.EPI_ISL_17805870.environment.japan.10.2020-11-30                0.00%    passed     96.10%
 287  H5N8.EPI_ISL_17805874.environment.japan.10.2020-12-07                0.00%    passed     99.23%
 288  H5N8.EPI_ISL_17805882.NA.japan.10.2021-02-03                         0.00%    passed     95.05%
 289  H5N8.EPI_ISL_17805894.environment.japan.10.2020-12-07                0.00%    passed     97.04%
 290  H5N8.EPI_ISL_17805898.environment.japan.10.2020-11-23                0.00%    passed     97.06%
 291  H5N8.EPI_ISL_17805901.NA.japan.10.2020-12-18                         0.00%    passed     91.72%
 292  H5N8.EPI_ISL_17805905.Anseriformes.japan.1.2021-01-16                0.09%    passed     96.16%
 293  H5N8.EPI_ISL_17805910.environment.japan.10.2020-11-09                0.00%    passed     96.14%
 294  H5N8.EPI_ISL_17805914.environment.japan.10.2020-12-21                0.00%    passed     98.79%
 295  H5N8.EPI_ISL_17805918.environment.japan.10.2020-11-30                0.00%    passed     98.50%
 296  H5N1.EPI_ISL_17949961.Passeriformes.japan.80.2023-03-10              0.00%    passed     92.21%
 297  H5N1.EPI_ISL_17949986.Passeriformes.japan.80.2023-02-07              0.00%    passed     92.44%
 298  H5N1.EPI_ISL_17949987.Anseriformes.japan.80.2022-11-26               0.00%    passed     98.72%
 299  H5N1.EPI_ISL_17950254.Passeriformes.japan.15.2023-04-11              0.00%    passed     98.44%
 300  H5N1.EPI_ISL_16698060.Galliformes.japan.15.2022-11-07                0.00%    passed     99.84%
 301  H5N1.EPI_ISL_16698546.Accipitriformes.japan.2.2022-10-21             0.00%    passed     93.11%
 302  H5N1.EPI_ISL_16698576.Gruiformes.japan.2.2022-11-20                  0.00%    passed     93.11%
 303  H5N1.EPI_ISL_16698579.Charadriiformes.japan.2.2022-11-06             0.00%    passed     90.62%
 304  H5N8.EPI_ISL_16718460.Accipitriformes.japan.16.2021-02-01            0.00%    passed     89.22%
 305  H5N8.EPI_ISL_16718461.Gruiformes.japan.10.2021-02-03                 0.00%    passed     95.05%
 306  H5N8.EPI_ISL_16718465.Gruiformes.japan.1.2021-01-16                  0.09%    passed     96.16%
 307  H5N8.EPI_ISL_16718466.Anseriformes.japan.10.2020-12-18               0.00%    passed     91.72%
 308  H5N1.EPI_ISL_17075759.NA.china.19.2023-02-10                         0.00%    passed     91.23%
 309  H5N1.EPI_ISL_17267420.Galliformes.japan.2.2022-11-06                 0.00%    passed     93.11%
 310  H5N1.EPI_ISL_17267428.Passeriformes.japan.2.2022-12-21               0.00%    passed     91.66%
 311  H5N1.EPI_ISL_17316075.Passeriformes.japan.15.2023-02-04              0.00%    passed     98.16%
 312  H5N1.EPI_ISL_17316489.Passeriformes.japan.15.2023-03-13              0.00%    passed     98.83%
 313  H5N1.EPI_ISL_17317372.Passeriformes.japan.15.2022-12-18              0.00%    passed     98.67%
 314  H5N1.EPI_ISL_17606819.Anseriformes.south_korea.22.2021-11-10         0.00%    passed     96.12%
 315  H5N1.EPI_ISL_17606828.Anseriformes.south_korea.22.2021-12-13         0.00%    passed     95.42%
 316  H5N1.EPI_ISL_17606830.Galliformes.south_korea.22.2021-12-14          0.00%    passed     94.20%
 317  H5N1.EPI_ISL_17606842.Galliformes.south_korea.22.2022-01-21          0.00%    passed     94.74%
 318  H5N1.EPI_ISL_17606843.Galliformes.south_korea.22.2022-01-24          0.00%    passed     96.47%
 319  H5N1.EPI_ISL_17606851.Galliformes.south_korea.19.2022-02-06          0.00%    passed     98.37%
 320  H5N1.EPI_ISL_17606852.Anseriformes.south_korea.22.2022-02-07         0.00%    passed     96.01%
 321  H5N1.EPI_ISL_17606853.Galliformes.south_korea.22.2022-02-07          0.00%    passed     94.20%
 322  H5N1.EPI_ISL_17606856.Galliformes.south_korea.22.2022-02-08          0.00%    passed     93.73%
 323  H5N1.EPI_ISL_17606857.Galliformes.south_korea.22.2022-02-09          0.00%    passed     95.60%
 324  H5N1.EPI_ISL_17606858.Anseriformes.south_korea.22.2022-02-12         0.00%    passed     96.21%
 325  H5N1.EPI_ISL_17766057.Carnivora.japan.15.2023-04-12                  0.00%    passed     98.44%
 326  H5N6.EPI_ISL_china_1.Galliformes.china.314.2022-02-28                0.04%    passed     34.63%
 327  H5N8.EPI_ISL_china_2.Galliformes.china.1.2021-05-31                  6.36%    passed     88.52%
 328  H5N8.EPI_ISL_china_3.Galliformes.china.1.2021-06-26                  6.36%    passed     88.52%
 329  H5N2.EPI_ISL_china_10.Anseriformes.china.101.2022-01-26              6.36%    passed     93.65%
 330  H5N2.EPI_ISL_china_13.Anseriformes.china.101.2022-01-26              6.36%    passed     92.09%
 331  H5N1.EPI_ISL_china_19.NA.china.80.2023-01-02                         0.09%    passed     92.73%
 332  H5N1.EPI_ISL_china_25.Charadriiformes.china.19.2022-07-20            0.00%    passed     95.59%
 333  H5N1.EPI_ISL_china_26.Podicipediformes.china.19.2022-07-15           0.00%    passed     93.27%
 334  H5N1.EPI_ISL_china_28.Podicipediformes.china.19.2022-07-21           0.00%    passed     96.83%
 335  H5N1.EPI_ISL_china_32.Anseriformes.china.19.2022-06-18               0.00%    passed     96.60%
 336  H5N1.EPI_ISL_china_36.Anseriformes.china.19.2022-06-18               0.00%    passed     96.00%
 337  H5N1.EPI_ISL_china_37.Anseriformes.china.19.2022-06-18               0.00%    passed     96.49%
 338  H5N1.EPI_ISL_china_38.Anseriformes.china.19.2022-06-18               0.00%    passed     95.59%
 339  H5N1.EPI_ISL_china_40.Podicipediformes.china.19.2022-07-21           0.00%    passed     97.64%
 340  H5N1.EPI_ISL_china_43.Charadriiformes.china.19.2022-07-21            0.00%    passed     94.59%
 341  H5N1.EPI_ISL_china_44.Charadriiformes.china.19.2022-07-22            0.00%    passed     97.64%
 342  H5N1.EPI_ISL_china_2023085.Anseriformes.china.19.2021-11-04          0.00%    passed     99.16%
 343  H5N1.EPI_ISL_china_2023086.Anseriformes.china.22.2021-11-18          0.00%    passed     94.46%
 344  H5N1.EPI_ISL_china_20230811.Anseriformes.china.19.2021-11-18         0.00%    passed     96.66%
 345  H5N1.EPI_ISL_china_20230820.Anseriformes.china.2.2021-11-16          0.00%    passed     92.55%
 346  H5N1.EPI_ISL_china_20230829.Anseriformes.china.19.2021-11-22         0.00%    passed     99.16%
 347  H5N1.EPI_ISL_china_20230832.Anseriformes.china.2.2021-10-20          0.00%    passed     92.55%
 348  H5N1.EPI_ISL_china_20230834.Anseriformes.china.22.2021-10-10         0.00%    passed     95.60%
 349  H5N1.EPI_ISL_china_20230835.Anseriformes.china.22.2021-10-08         0.00%    passed     97.53%
 350  H5N1.EPI_ISL_china_20230837.Anseriformes.china.22.2021-10-16         0.00%    passed     94.74%
 351  H5N1.EPI_ISL_china_20230840.Anseriformes.china.19.2021-12-20         0.00%    passed     97.92%
 352  H5N1.EPI_ISL_china_20230844.Anseriformes.china.19.2021-11-25         0.00%    passed     97.29%
 353  H5N1.EPI_ISL_china_20230847.Anseriformes.china.22.2021-12-02         0.00%    passed     94.68%
 354  H5N1.EPI_ISL_china_20230849.Anseriformes.china.19.2021-11-26         0.00%    passed     95.79%
 355  H5N1.EPI_ISL_china_20230850.Anseriformes.china.19.2021-12-03         0.00%    passed     97.29%
 356  H5N1.EPI_ISL_china_20230852.Anseriformes.china.19.2021-12-02         0.00%    passed     97.64%
 357  H5N1.EPI_ISL_china_20230854.Suliformes.china.19.2021-12-01           0.00%    passed     96.46%
 358  H6N2.EPI_ISL_1184535.Anseriformes.russia.NA.2020-09-06               0.00%    passed     98.93%
 359  H3N2.EPI_ISL_17805831.environment.japan.NA.2020-12-07                0.00%    passed     98.56%
 360  H3N2.EPI_ISL_16390400.environment.japan.NA.2020-12-07                0.00%    passed     98.56%
 361  H5N8.EPI_ISL_14840034.Anseriformes.china.NA.2021-01-15               0.09%    passed     97.92%
 362  H5N8.EPI_ISL_14819898.Anseriformes.china.NA.2021-03-09               0.09%    passed     97.92%
 363  H3N2.EPI_ISL_15723905.environment.china.NA.2019-03-27                0.00%    passed     53.08%
 364  H5N6.EPI_ISL_18000337.NA.china.NA.2022-02-27                         0.00%    passed     52.60%
 365  H3N2.EPI_ISL_15723893.environment.china.NA.2018-12-26                0.00%    passed     68.36%
 366  H3N2.EPI_ISL_15723495.environment.china.NA.2018-08-21                0.00%    passed     68.25%
 367  H3N2.EPI_ISL_15723925.environment.china.NA.2020-01-06                0.00%    passed     72.30%
 368  H5N8.EPI_ISL_644135.Galliformes.russia.1.2020-08-17                  0.00%    passed     98.77%
 369  H5N8.EPI_ISL_17086346.Anseriformes.japan.NA.2021-01-24               0.00%    passed     96.37%
 370  H5N8.EPI_ISL_644154.Galliformes.russia.1.2020-08-17                  0.00%    passed     98.42%
 371  H5N8.EPI_ISL_644150.Galliformes.russia.1.2020-08-17                  0.00%    passed     98.17%
 372  H5N8.EPI_ISL_644132.Anseriformes.russia.1.2020-08-17                 0.00%    passed     98.42%
 373  H5N8.EPI_ISL_644127.Anseriformes.russia.1.2020-08-17                 0.00%    passed     98.17%
 374  H5N8.EPI_ISL_17086355.environment.japan.NA.2021-02-14                0.00%    passed     95.25%
 375  H5N8.EPI_ISL_17086352.Galliformes.japan.NA.2021-02-15                0.00%    passed     96.93%
 376  H5N3.EPI_ISL_7987343.Anseriformes.italy.169.2021-10-29               0.00%    passed     97.44%
 377  H5N1.EPI_ISL_15613496.Galliformes.japan.NA.2022-01-04                0.00%    passed     94.20%
 378  H12N5.EPI_ISL_1241001.Anseriformes.russia.NA.2020-08-29              0.04%    passed     97.55%
 379  H5N1.EPI_ISL_15063425.Galliformes.japan.NA.2021-12-07                0.00%    passed     94.45%
 380  H5N1.EPI_ISL_18219237.Anseriformes.france.NA.2022-02-03              0.00%    passed     97.52%
 381  H5N1.EPI_ISL_16831291.Galliformes.japan.NA.2022-04-13                0.00%    passed     96.14%
 382  H5N1.EPI_ISL_16831015.Anseriformes.japan.NA.2022-01-27               0.00%    passed     96.14%
 383  H5N1.EPI_ISL_15063423.Galliformes.japan.NA.2021-11-17                0.00%    passed     93.84%
 384  H5N1.EPI_ISL_15063429.Galliformes.japan.NA.2021-11-13                0.00%    passed     91.76%
 385  H5N1.EPI_ISL_15063426.Galliformes.japan.NA.2021-12-12                0.00%    passed     92.81%
 386  H5N1.EPI_ISL_11922818.Anseriformes.romania.143.2022-02-09            0.00%    passed     97.70%
 387  H5N1.EPI_ISL_7987340.Galliformes.italy.142.2021-10-16                0.00%    passed     96.53%
 388  H5N1.EPI_ISL_17371282.Anseriformes.indonesia.NA.2022-04-04           0.00%    passed     88.36%
 389  H5N1.EPI_ISL_18373246.Pelecaniformes.south_korea.NA.2022-02-15       0.00%    passed     94.74%
 390  H5N1.EPI_ISL_18373231.Anseriformes.south_korea.NA.2022-01-25         0.00%    passed     94.74%
 391  H5N1.EPI_ISL_18373228.Anseriformes.south_korea.NA.2022-01-19         0.00%    passed     93.53%
 392  H5N1.EPI_ISL_18373236.Anseriformes.south_korea.NA.2022-01-25         0.00%    passed     94.20%
 393  H4N6.EPI_ISL_237148.Anseriformes.japan.NA.2015-10-01                 0.04%    passed     86.37%
 394  H5N1.EPI_ISL_18285996.Anseriformes.netherlands.NA.2023-08-30         0.04%    passed     91.09%
 395  H3N8.EPI_ISL_243486.Charadriiformes.netherlands.NA.2010-10-09        0.00%    passed     94.93%
 396  H5N1.EPI_ISL_15878544.Galliformes.spain.3.2022-09-09                 0.00%    passed     88.82%
 397  H5N1.EPI_ISL_16881186.Anseriformes.netherlands.308.2023-01-18        0.04%    passed     91.43%
 398  H5N1.EPI_ISL_15878545.Galliformes.spain.3.2022-09-19                 0.00%    passed     84.45%
 399  H5N1.EPI_ISL_15542438.NA.spain.3.2022-09-23                          0.00%    passed     84.45%
 400  H6N2.EPI_ISL_9572751.Anseriformes.viet_nam.NA.2020-01-20             0.00%    passed     99.87%
 401  H3N8.EPI_ISL_16166663.Anseriformes.china.NA.2019-10-08               0.00%    passed     99.94%
 402  H5N1.EPI_ISL_18132418.Anseriformes.united_states.NA.2022-04-14       0.00%    passed     63.34%
 403  H5N1.EPI_ISL_16243915.Anseriformes.united_states.9.2022-05-16        0.00%    passed     63.34%
 404  H5N1.EPI_ISL_16243202.Galliformes.united_states.9.2022-05-11         0.00%    passed     63.34%
 405  H5N1.EPI_ISL_16023376.Carnivora.canada.9.2022-05-31                  0.00%    passed     63.34%
 406  H5N1.EPI_ISL_18133037.Passeriformes.united_states.NA.2022-04-07      0.00%    passed     63.17%
 407  H5N1.EPI_ISL_18132572.Anseriformes.united_states.NA.2022-04-27       0.00%    passed     65.63%
 408  H5N1.EPI_ISL_18132223.Anseriformes.united_states.NA.2022-03-23       0.00%    passed     63.17%
 409  H5N1.EPI_ISL_17051393.Pelecaniformes.canada.9.2022-08-12             0.00%    passed     63.38%
 410  H5N1.EPI_ISL_17051343.Pelecaniformes.canada.NA.2022-06-02            0.00%    passed     63.38%
 411  H5N1.EPI_ISL_16244012.Galliformes.united_states.9.2022-05-17         0.00%    passed     63.17%
 412  H5N1.EPI_ISL_16240223.Galliformes.united_states.9.2022-05-09         0.00%    passed     64.65%
 413  H5N1.EPI_ISL_16189912.Strigiformes.canada.9.2022-04-28               0.00%    passed     65.63%
 414  H5N1.EPI_ISL_16183656.Anseriformes.canada.9.2022-04-27               0.00%    passed     65.63%
 415  H5N1.EPI_ISL_16183504.Galliformes.canada.9.2022-05-16                0.00%    passed     63.38%
 416  H5N1.EPI_ISL_16023372.Carnivora.canada.9.2022-06-28                  0.00%    passed     63.17%
 417  H5N1.EPI_ISL_15078254.Carnivora.united_states.9.2022-06-07           0.00%    passed     59.60%
 418  H5N1.EPI_ISL_18133136.Passeriformes.united_states.NA.2022-04-21      0.00%    passed     63.34%
 419  H5N1.EPI_ISL_18133093.Passeriformes.united_states.NA.2022-04-25      0.00%    passed     63.34%
 420  H5N1.EPI_ISL_18133033.Passeriformes.united_states.NA.2022-04-21      0.00%    passed     62.87%
 421  H5N1.EPI_ISL_18132388.Accipitriformes.united_states.NA.2022-04-06    0.00%    passed     64.42%
 422  H5N1.EPI_ISL_17260689.Carnivora.united_states.9.2022-07-22           0.00%    passed     63.34%
 423  H5N2.EPI_ISL_18284476.Galliformes.japan.NA.2023-01-17                0.00%    passed     99.84%
 424  H1N4.EPI_ISL_237132.Anseriformes.japan.NA.2014-11-01                 0.00%    passed     95.92%
 425  H8N4.EPI_ISL_239392.Anseriformes.japan.NA.2016-10-18                 0.00%    passed     98.92%
 426  H3N8.EPI_ISL_284646.Anseriformes.japan.NA.2015-10-09                 0.00%    passed     96.93%
 427  H1N1.EPI_ISL_302712.Anseriformes.china.NA.2015-02-05                 0.00%    passed     99.19%
 428  H5N3.EPI_ISL_369292.environment.south_korea.NA.2015-01-07            0.31%    passed     95.44%
 429  H5N1.EPI_ISL_18042995.Falconiformes.japan.NA.2022-10-11              0.00%    passed     98.07%
 430  H5N1.EPI_ISL_18284474.Anseriformes.japan.NA.2022-12-20               0.00%    passed     98.06%
 431  H5N1.EPI_ISL_18284463.Galliformes.japan.NA.2022-11-13                0.00%    passed     98.58%
 432  H5N1.EPI_ISL_18242686.Pelecaniformes.south_korea.NA.2023-03-06       0.00%    passed     97.96%
 433  H5N1.EPI_ISL_18284465.Galliformes.japan.NA.2022-11-01                0.00%    passed     96.99%
 434  H5N1.EPI_ISL_17414669.Falconiformes.china.NA.2022-10-09              0.00%    passed     98.66%
 435  H5N1.EPI_ISL_18066450.Passeriformes.japan.NA.2023-01-06              0.00%    passed     98.58%
 436  H5N1.EPI_ISL_13352725.Anseriformes.china.NA.2021-12-17               0.00%    passed     96.66%
 437  H5N8.EPI_ISL_17086342.environment.japan.NA.2020-11-16                0.00%    passed     96.12%
 438  H5N8.EPI_ISL_17086336.Galliformes.japan.NA.2021-01-02                0.00%    passed     96.10%
 439  H5N8.EPI_ISL_17086222.Anseriformes.japan.NA.2020-11-30               0.00%    passed     97.86%
 440  H5N8.EPI_ISL_4030493.environment.japan.NA.2020-12-09                 0.00%    passed     97.80%
 441  H12N2.EPI_ISL_499097.Anseriformes.china.NA.2018-11-01                0.44%    passed     94.71%
 442  H5N8.EPI_ISL_17086345.Anseriformes.japan.NA.2021-01-06               0.00%    passed     95.53%
 443  H5N1.EPI_ISL_18284461.Galliformes.japan.NA.2022-10-28                0.00%    passed     99.84%
 444  H3N8.EPI_ISL_400264.Anseriformes.russia.NA.2019-09-20                0.00%    passed     99.26%
 445  H3N8.EPI_ISL_400263.Anseriformes.russia.NA.2019-09-19                0.00%    passed     98.87%
 446  H6N2.EPI_ISL_239390.Anseriformes.japan.NA.2016-10-21                 0.04%    passed     98.91%
 447  H3N8.EPI_ISL_1241003.Anseriformes.russia.NA.2020-10-03               0.00%    passed     99.96%
 448  H6N8.EPI_ISL_681277.Anseriformes.japan.NA.2020-11-16                 0.00%    passed     99.88%
 449  H3N8.EPI_ISL_13417555.environment.japan.NA.2019-12-02                0.00%    passed     97.96%
 450  H3N8.EPI_ISL_239581.Anseriformes.japan.NA.2016-10-05                 0.00%    passed     98.90%
 451  H7N7.EPI_ISL_240614.Anseriformes.japan.NA.2016-12-14                 0.00%    passed     99.84%
 452  H3N2.EPI_ISL_368626.Anseriformes.japan.NA.2015-10-22                 0.00%    passed     97.67%
 453  H1N1.EPI_ISL_237158.Anseriformes.japan.NA.2016-03-01                 0.00%    passed     97.85%
 454  H3N8.EPI_ISL_239582.Anseriformes.japan.NA.2016-12-05                 0.00%    passed     97.33%
 455  H3N2.EPI_ISL_17805893.environment.japan.NA.2020-11-23                0.00%    passed     99.51%
 456  H9N2.EPI_ISL_1760456.Anseriformes.china.NA.2020-11-10                0.00%    passed     87.11%
 457  H11N2.EPI_ISL_9572797.Anseriformes.viet_nam.NA.2019-12-30            0.00%    passed     98.00%
 458  H10N4.EPI_ISL_14770161.Gruiformes.china.NA.2020-11-29                0.00%    passed     91.28%
 459  H1N1.EPI_ISL_17805833.environment.japan.NA.2021-01-25                0.00%    passed     85.33%
 460  H1N1.EPI_ISL_16390396.environment.japan.NA.2021-01-25                0.00%    passed     85.33%
 461  H7N7.EPI_ISL_12627551.NA.china.NA.2020-03-15                         0.00%    passed     96.31%
 462  H4N2.EPI_ISL_4071725.Anseriformes.bangladesh.NA.2019-12-08           0.00%    passed     92.19%
 463  H9N2.EPI_ISL_4062017.NA.china.NA.2019-12-15                          0.04%    passed     96.40%
 464  H10N4.EPI_ISL_14770171.Anseriformes.china.NA.2020-11-23              0.00%    passed     91.27%
 465  H3N8.EPI_ISL_4031551.Charadriiformes.china.NA.2019-06-11             0.39%    passed     95.17%
 466  H3N8.EPI_ISL_400279.Anseriformes.russia.NA.2019-10-12                0.00%    passed     97.66%
 467  H7N7.EPI_ISL_1081358.Anseriformes.russia.NA.2020-08-13               0.00%    passed     94.76%
 468  H5N1.EPI_ISL_18066453.Passeriformes.japan.NA.2023-02-17              0.00%    passed     98.44%
 469  H5N1.EPI_ISL_18066451.Anseriformes.japan.NA.2023-02-09               0.00%    passed     98.44%
 470  H5N1.EPI_ISL_17857959.Carnivora.japan.NA.2023-02-20                  0.00%    passed     98.67%
 471  H5N1.EPI_ISL_18007230.Passeriformes.japan.NA.2023-04-18              0.00%    passed     98.83%
 472  H6N1.EPI_ISL_11112543.Anseriformes.south_korea.NA.2017-03-14         0.00%    passed     98.45%
 473  H6N2.EPI_ISL_363761.NA.china.NA.2017-01-18                           0.00%    passed     98.12%
 474  H2N8.EPI_ISL_4071306.Anseriformes.mongolia.NA.2018-09-15             0.00%    passed     98.34%
 475  H6N1.EPI_ISL_278512.Anseriformes.china.NA.2016-11-28                 0.00%    passed     98.69%
 476  H5N2.EPI_ISL_3229401.Anseriformes.china.NA.2018-12-20                0.00%    passed     96.48%
 477  H1N2.EPI_ISL_327462.Anseriformes.china.NA.2017-06-03                 0.00%    passed     66.28%
 478  H3N2.EPI_ISL_266406.Galliformes.china.NA.2014-04-01                  0.00%    passed     61.37%
 479  H5N8.EPI_ISL_17086225.environment.japan.NA.2020-11-11                0.00%    passed     95.90%
 480  H5N8.EPI_ISL_17086224.environment.japan.NA.2020-11-05                0.00%    passed     95.90%
 481  H5N8.EPI_ISL_683752.Anseriformes.italy.NA.2020-11-21                 0.00%    passed     96.53%
 482  H5N8.EPI_ISL_1665263.Anseriformes.slovenia.1.2020-11-17              0.00%    passed     96.93%
 483  H5N8.EPI_ISL_683751.Anseriformes.italy.1.2020-11-21                  0.00%    passed     95.75%
 484  H5N8.EPI_ISL_739684.Anseriformes.russia.1.2020-09-15                 0.13%    passed     98.47%
 485  H5N8.EPI_ISL_3128523.Pelecaniformes.greece.1.2021-03-22              0.00%    passed     95.52%
 486  H5N8.EPI_ISL_2111625.Anseriformes.poland.1.2021-02-15                0.00%    passed     99.02%
 487  H5N8.EPI_ISL_1399235.Galliformes.czech_republic.1.2021-03-06         0.00%    passed     98.17%
 488  H5N8.EPI_ISL_1191587.Galliformes.czech_republic.1.2021-01-22         0.00%    passed     97.55%
 489  H5N6.EPI_ISL_16886862.Rodentia.china.309.2021-10-01                  0.00%    passed     71.61%
 490  H5N6.EPI_ISL_372804.Anseriformes.china.NA.2016-04-10                 0.00%    passed     80.16%
 491  H5N6.EPI_ISL_707453.Anseriformes.china.NA.2016-11-18                 0.00%    passed     80.16%
 492  H5N6.EPI_ISL_340857.Anseriformes.china.NA.2017-07-12                 0.00%    passed     68.84%
 493  H5N6.EPI_ISL_707646.Anseriformes.china.NA.2017-10-26                 0.00%    passed     72.88%
 494  H5N6.EPI_ISL_18058056.Anseriformes.china.NA.2021-05-01               0.00%    passed     89.40%
 495  H5N6.EPI_ISL_18231293.Anseriformes.laos.NA.2022-01-18                0.04%    passed     87.53%
 496  H5N6.EPI_ISL_18231282.Anseriformes.laos.NA.2022-07-13                0.00%    passed     92.55%
 497  H5N6.EPI_ISL_18231307.Galliformes.laos.NA.2022-07-13                 0.00%    passed     91.07%
 498  H5N6.EPI_ISL_18231283.Anseriformes.laos.NA.2022-07-13                0.04%    passed     90.47%
 499  H5N6.EPI_ISL_18231288.environment.laos.NA.2022-07-26                 0.00%    passed     93.36%
 500  H5N6.EPI_ISL_18231286.Galliformes.laos.NA.2022-07-13                 0.00%    passed     93.36%
 501  H7N9.EPI_ISL_1495971.Galliformes.china.NA.2021-02-23                 0.00%    passed     96.73%
 502  H7N9.EPI_ISL_1520374.Galliformes.china.NA.2021-02-10                 0.00%    passed     89.85%
 503  H7N9.EPI_ISL_1495152.Galliformes.china.NA.2021-02-10                 0.00%    passed     96.87%
 504  H7N9.EPI_ISL_1374065.Galliformes.china.NA.2019-04-01                 0.00%    passed     91.75%
 505  H7N9.EPI_ISL_1374066.Galliformes.china.NA.2019-04-01                 0.00%    passed     92.33%
 506  H7N9.EPI_ISL_1374062.Galliformes.china.NA.2018-10-01                 0.00%    passed     91.52%
 507  H7N9.EPI_ISL_1374055.Galliformes.china.NA.2018-02-01                 0.00%    passed     98.31%
 508  H7N9.EPI_ISL_17958292.environment.china.NA.2023-02-06                0.00%    passed     94.50%
 509  H7N9.EPI_ISL_379668.Galliformes.china.NA.2017-05-07                  0.00%    passed     97.63%
 510  H7N9.EPI_ISL_379667.Galliformes.china.NA.2017-05-01                  0.00%    passed     97.67%
 511  H7N9.EPI_ISL_274206.Galliformes.china.NA.2017-04-24                  0.00%    passed     98.05%
 512  H7N9.EPI_ISL_269522.environment.china.NA.2017-06-02                  0.00%    passed     97.67%
 513  H7N9.EPI_ISL_268507.NA.china.NA.2017-03-16                           0.04%    passed     97.38%
 514  H7N9.EPI_ISL_436711.Galliformes.china.NA.2017-05-01                  0.00%    passed     98.23%
 515  H7N9.EPI_ISL_379673.Galliformes.china.NA.2017-06-13                  0.00%    passed     98.06%
 516  H5N8.EPI_ISL_15063430.Galliformes.japan.NA.2021-11-15                0.00%    passed     91.10%
 517  H5N8.EPI_ISL_14749142.environment.japan.NA.2021-12-01                0.00%    passed     92.18%
 518  H5N8.EPI_ISL_15063428.environment.japan.NA.2021-11-10                0.00%    passed     93.63%
 519  H5N8.EPI_ISL_14822426.Anseriformes.china.NA.2021-03-11               0.00%    passed     97.27%
 520  H7N4.EPI_ISL_445051.Charadriiformes.china.NA.2019-04-26              0.00%    passed     99.62%
 521  H7N4.EPI_ISL_445093.Charadriiformes.china.NA.2019-04-26              0.00%    passed     99.62%
 522  H5N1.EPI_ISL_18284472.Anseriformes.japan.NA.2022-11-26               0.00%    passed     90.83%
 523  H5N1.EPI_ISL_17527100.Passeriformes.japan.NA.2023-01-28              0.00%    passed     91.70%
 524  H5N1.EPI_ISL_18284468.Galliformes.japan.NA.2022-12-05                0.00%    passed     94.72%
 525  H5N1.EPI_ISL_18241796.Galliformes.viet_nam.NA.2023-09-05             0.00%    passed     92.21%
 526  H5N1.EPI_ISL_18130247.Passeriformes.japan.NA.2023-01-05              0.00%    passed     91.34%
 527  H5N1.EPI_ISL_18241798.Anseriformes.viet_nam.NA.2023-06-04            0.04%    passed     89.91%
 528  H5N1.EPI_ISL_18102701.Carnivora.south_korea.NA.2023-07-04            0.00%    passed     88.71%
 529  H5N1.EPI_ISL_18007231.Passeriformes.japan.NA.2023-03-15              0.00%    passed     92.41%
 530  H5N1.EPI_ISL_18066456.Passeriformes.japan.NA.2023-02-20              0.00%    passed     91.34%
 531  H5N1.EPI_ISL_18066455.Accipitriformes.japan.NA.2023-01-07            0.00%    passed     88.21%
 532  H5N1.EPI_ISL_18066454.Gruiformes.japan.NA.2023-02-23                 0.00%    passed     92.21%
 533  H5N1.EPI_ISL_18066457.Passeriformes.japan.NA.2023-02-06              0.00%    passed     92.85%
 534  H5N1.EPI_ISL_18007232.Passeriformes.japan.NA.2023-03-24              0.00%    passed     88.54%
 535  H5N1.EPI_ISL_18066452.Anseriformes.japan.NA.2023-02-17               0.00%    passed     95.49%
 536  H5N1.EPI_ISL_18284475.Galliformes.japan.NA.2022-12-21                0.00%    passed     96.79%
 537  H5N1.EPI_ISL_15878546.Galliformes.spain.3.2022-09-19                 0.00%    passed     86.73%
 538  H2N3.EPI_ISL_189713.Anseriformes.united_states.NA.2012-01-29         0.00%    passed     88.88%
 539  H2N9.EPI_ISL_146343.Anseriformes.china.NA.2013-01-01                 0.00%    passed     97.11%
 540  H4N6.EPI_ISL_206811.Galliformes.china.NA.2010-03-03                  0.00%    passed     97.07%
 541  H2N8.EPI_ISL_229211.Anseriformes.china.NA.2013-12-14                 0.00%    passed     95.58%
 542  H10N8.EPI_ISL_177495.Anseriformes.china.NA.2009-09-24                0.00%    passed     94.31%
 543  H6N5.EPI_ISL_89350.NA.south_korea.NA.2009-11-01                      0.00%    passed     95.29%
 544  H4N8.EPI_ISL_237136.Anseriformes.japan.NA.2013-11-01                 0.04%    passed     87.14%
 545  H6N2.EPI_ISL_95914.NA.south_korea.NA.2009-11-01                      0.00%    passed     98.31%
 546  H10N8.EPI_ISL_149883.Anseriformes.mongolia.NA.2009-09-15             0.00%    passed     96.06%
 547  H7N7.EPI_ISL_146400.Anseriformes.china.NA.2010-01-01                 0.00%    passed     98.48%
 548  H7N3.EPI_ISL_146329.Anseriformes.china.NA.2010-01-01                 0.00%    passed     97.49%
 549  H6N2.EPI_ISL_205145.NA.china.NA.2015-01-01                           0.00%    passed     98.67%
 550  H5N1.EPI_ISL_13352703.Anseriformes.china.NA.2021-12-17               0.00%    passed     96.66%
 551  H5N1.EPI_ISL_13352726.Anseriformes.china.NA.2021-12-17               0.00%    passed     96.06%
 552  H5N8.EPI_ISL_17086228.environment.japan.NA.2020-11-25                0.00%    passed     95.95%
 553  H5N8.EPI_ISL_17086335.environment.japan.NA.2020-12-19                0.00%    passed     97.75%
 554  H5N8.EPI_ISL_17086221.Accipitriformes.japan.NA.2020-12-20            0.00%    passed     97.87%
 555  H5N8.EPI_ISL_17086340.Galliformes.japan.NA.2021-02-02                0.00%    passed     95.95%
 556  H3N6.EPI_ISL_17805885.environment.japan.NA.2020-12-14                0.00%    passed     95.95%
 557  H3N6.EPI_ISL_16390404.environment.japan.NA.2020-12-14                0.00%    passed     95.95%
 558  H4N6.EPI_ISL_13418524.environment.japan.NA.2019-12-23                0.00%    passed     96.12%
 559  H5N8.EPI_ISL_503360.Galliformes.slovakia.NA.2020-01-03               0.00%    passed     96.02%
 560  H5N8.EPI_ISL_525455.Anseriformes.poland.10.2020-02-24                0.00%    passed     98.09%
 561  H5N8.EPI_ISL_525442.Galliformes.poland.10.2020-01-09                 0.00%    passed     94.81%
 562  H5N8.EPI_ISL_525440.Galliformes.poland.10.2020-01-02                 0.00%    passed     98.09%
 563  H5N8.EPI_ISL_17086337.environment.japan.NA.2021-01-13                0.00%    passed     91.11%
 564  H5N8.EPI_ISL_17086229.environment.japan.NA.2020-12-02                0.00%    passed     88.74%
 565  H5N8.EPI_ISL_15613493.Anseriformes.japan.NA.2021-01-24               0.00%    passed     88.08%
 566  H5N8.EPI_ISL_17086343.Anseriformes.japan.NA.2020-12-03               0.00%    passed     88.08%
 567  H5N8.EPI_ISL_17086354.Anseriformes.japan.NA.2021-01-29               0.00%    passed     93.66%
 568  H5N8.EPI_ISL_17086339.Galliformes.japan.NA.2021-01-23                0.00%    passed     93.66%
 569  H5N8.EPI_ISL_17086333.environment.japan.NA.2020-12-12                0.00%    passed     90.00%
 570  H5N8.EPI_ISL_17086231.environment.japan.NA.2020-12-07                0.00%    passed     90.00%
 571  H5N8.EPI_ISL_17086334.Galliformes.japan.NA.2020-12-12                0.00%    passed     92.75%
 572  H5N8.EPI_ISL_17086230.environment.japan.NA.2020-12-06                0.00%    passed     91.50%
 573  H5N8.EPI_ISL_17086348.environment.japan.NA.2020-12-19                0.00%    passed     92.31%
 574  H5N8.EPI_ISL_17086353.environment.japan.NA.2021-03-13                0.00%    passed     93.11%
 575  H5N8.EPI_ISL_17086344.Falconiformes.japan.NA.2020-12-04              0.00%    passed     91.50%
 576  H5N8.EPI_ISL_17086220.Accipitriformes.japan.NA.2020-12-08            0.00%    passed     89.22%
 577  H5N8.EPI_ISL_17086303.environment.japan.NA.2020-12-10                0.00%    passed     92.06%
 578  H5N8.EPI_ISL_17086227.environment.japan.NA.2020-11-25                0.00%    passed     92.06%
 579  H4N6.EPI_ISL_299147.Anseriformes.japan.NA.2010-01-01                 0.00%    passed     93.22%
 580  H3N2.EPI_ISL_217488.Anseriformes.china.NA.2016-01-27                 0.00%    passed     98.48%
 581  H4N6.EPI_ISL_293995.Anseriformes.mongolia.NA.2009-09-01              0.00%    passed     97.44%
 582  H5N8.EPI_ISL_17086338.Anseriformes.japan.NA.2021-01-21               0.04%    passed     97.11%
 583  H5N8.EPI_ISL_17086349.Galliformes.japan.NA.2021-02-08                0.00%    passed     95.84%
 584  H5N8.EPI_ISL_14823405.Anseriformes.china.NA.2021-01-27               0.09%    passed     97.18%
 585  H5N8.EPI_ISL_14822451.Anseriformes.china.NA.2021-03-12               0.22%    passed     97.23%
 586  H5N8.EPI_ISL_14778363.NA.china.NA.2020-11-25                         0.00%    passed     97.66%
 587  H5N8.EPI_ISL_710508.Anseriformes.united_kingdom.1.2020-10-30         0.04%    passed     99.27%
 588  H5N8.EPI_ISL_18012465.Anseriformes.china.NA.2021-11-05               0.00%    passed     99.41%
 589  H5N8.EPI_ISL_8215653.Anseriformes.china.NA.2021-05-15                0.00%    passed     94.52%
 590  H5N8.EPI_ISL_668457.Anseriformes.sweden.1.2020-11-12                 0.00%    passed     98.91%
 591  H5N6.EPI_ISL_18058053.Anseriformes.china.NA.2021-03-12               0.00%    passed     96.44%
 592  H5N8.EPI_ISL_15433349.Anseriformes.china.NA.2021-01-21               0.00%    passed     99.35%
 593  H9N2.EPI_ISL_14223932.Galliformes.china.NA.2020-01-04                0.00%    passed     93.48%
 594  H5N8.EPI_ISL_8215657.Anseriformes.china.NA.2021-05-15                0.00%    passed     95.68%
 595  H5N8.EPI_ISL_8215660.Anseriformes.china.NA.2021-05-15                0.00%    passed     95.25%
 596  H5N8.EPI_ISL_8215661.Anseriformes.china.NA.2021-05-15                0.00%    passed     94.19%
 597  H5N8.EPI_ISL_8215687.Charadriiformes.china.NA.2021-05-17             0.00%    passed     94.19%
 598  H5N8.EPI_ISL_1114759.Galliformes.russia.1.2021-01-29                 0.00%    passed     98.77%
 599  H5N8.EPI_ISL_1114742.Galliformes.russia.1.2020-10-17                 0.00%    passed     98.42%
 600  H5N8.EPI_ISL_1080579.Anseriformes.czech_republic.1.2021-02-14        0.00%    passed     98.17%
 601  H5N8.EPI_ISL_1039232.Galliformes.russia.1.2020-12-12                 0.00%    passed     96.41%
 602  H5N8.EPI_ISL_1038924.NA.russia.1.2020-12-12                          0.00%    passed     96.41%
 603  H5N8.EPI_ISL_8215663.Charadriiformes.china.NA.2021-05-17             0.00%    passed     97.27%
 604  H5N8.EPI_ISL_8215686.Anseriformes.china.NA.2021-05-17                0.00%    passed     94.92%
 605  H5N1.EPI_ISL_18245816.Anseriformes.poland.NA.2022-04-07              0.04%    passed     90.11%
 606  H5N1.EPI_ISL_18373247.Gruiformes.south_korea.NA.2022-02-25           0.00%    passed     94.01%
 607  H5N1.EPI_ISL_18373235.Anseriformes.south_korea.NA.2022-01-28         0.00%    passed     94.01%
 608  H5N1.EPI_ISL_18373219.Anseriformes.south_korea.NA.2021-11-22         0.00%    passed     91.97%
 609  H5N1.EPI_ISL_18373257.Anseriformes.south_korea.NA.2022-03-14         0.00%    passed     95.58%
 610  H5N1.EPI_ISL_18284464.Galliformes.japan.NA.2022-11-04                0.00%    passed     96.01%
 611  H10N9.EPI_ISL_13985215.Pelecaniformes.china.NA.2020-09-27            0.00%    passed     99.41%
 612  H10N9.EPI_ISL_13985212.Charadriiformes.china.NA.2020-09-27           0.00%    passed     99.41%
 613  H10N9.EPI_ISL_13985217.Charadriiformes.china.NA.2020-09-27           0.00%    passed     99.92%
 614  H11N9.EPI_ISL_6795224.Anseriformes.south_korea.NA.2020-01-21         0.00%    passed     97.46%
 615  H7N4.EPI_ISL_445089.Charadriiformes.china.NA.2019-04-26              0.00%    passed     98.71%
 616  H7N4.EPI_ISL_445002.Charadriiformes.china.NA.2019-04-26              0.00%    passed     99.24%
 617  H7N4.EPI_ISL_445091.Charadriiformes.china.NA.2019-04-26              0.00%    passed     99.24%
 618  H7N4.EPI_ISL_445092.Charadriiformes.china.NA.2019-04-26              0.00%    passed     99.62%
 619  H3N8.EPI_ISL_400275.Anseriformes.russia.NA.2019-08-31                0.00%    passed     99.59%
****  TOTAL                                                                0.07%  0 sequences failed composition chi2 test (p-value<5%; df=3)
NOTE: H5N8.EPI_ISL_16405654.environment.japan.10.2020-11-09 is identical to H5N8.EPI_ISL_666687.Anseriformes.south_korea.10.2020-10-24 but kept for subsequent analysis
NOTE: H5N8.EPI_ISL_17086348.environment.japan.NA.2020-12-19 is identical to H5N8.EPI_ISL_738056.Galliformes.japan.16.2020-12-18 but kept for subsequent analysis
NOTE: H5N8.EPI_ISL_17086335.environment.japan.NA.2020-12-19 is identical to H5N8.EPI_ISL_738060.Galliformes.japan.10.2020-12-18 but kept for subsequent analysis
NOTE: H5N8.EPI_ISL_17086225.environment.japan.NA.2020-11-11 is identical to H5N8.EPI_ISL_681291.Galliformes.japan.10.2020-11-10 but kept for subsequent analysis
NOTE: H5N8.EPI_ISL_17086224.environment.japan.NA.2020-11-05 is identical to H5N8.EPI_ISL_681296.Galliformes.japan.10.2020-11-14 but kept for subsequent analysis
NOTE: H5N8.EPI_ISL_17086231.environment.japan.NA.2020-12-07 is identical to H5N8.EPI_ISL_710434.Galliformes.japan.16.2020-12-06 but kept for subsequent analysis
NOTE: H5N8.EPI_ISL_17086230.environment.japan.NA.2020-12-06 is identical to H5N8.EPI_ISL_710453.Galliformes.japan.16.2020-12-05 but kept for subsequent analysis
NOTE: H5N8.EPI_ISL_17086333.environment.japan.NA.2020-12-12 is identical to H5N8.EPI_ISL_732944.Galliformes.japan.16.2020-12-12 but kept for subsequent analysis
NOTE: H5N8.EPI_ISL_1041147.Anseriformes.japan.1.2021-01-23 is identical to H5N8.EPI_ISL_1041130.Galliformes.japan.1.2021-02-10 but kept for subsequent analysis
NOTE: H5N8.EPI_ISL_985221.Galliformes.japan.1.2021-02-06 is identical to H5N8.EPI_ISL_1081353.Anseriformes.japan.1.2021-02-14 but kept for subsequent analysis
NOTE: H5N8.EPI_ISL_17805905.Anseriformes.japan.1.2021-01-16 is identical to H5N8.EPI_ISL_1114725.Anseriformes.japan.1.2021-01-16 but kept for subsequent analysis
NOTE: H5N8.EPI_ISL_1760447.Anseriformes.china.1.2020-11-10 is identical to H5N8.EPI_ISL_1938309.Anseriformes.china.1.2020-11-10 but kept for subsequent analysis
NOTE: H5N8.EPI_ISL_1939617.Strigiformes.china.1.2020-11-11 is identical to H5N8.EPI_ISL_1938478.Anseriformes.china.1.2020-11-10 but kept for subsequent analysis
NOTE: H5N8.EPI_ISL_7380813.Anseriformes.china.1.2021-03 is identical to H5N8.EPI_ISL_5260446.Anseriformes.china.1.2021-05-11 but kept for subsequent analysis
NOTE: H5N8.EPI_ISL_14836080.Anseriformes.china.1.2020-11-16 is identical to H5N8.EPI_ISL_5260462.Anseriformes.china.1.2020-11-10 but kept for subsequent analysis
NOTE: H5N8.EPI_ISL_5260469.Anseriformes.china.1.2021-01-26 is identical to H5N8.EPI_ISL_5260465.Pelecaniformes.china.1.2021-01-26 but kept for subsequent analysis
NOTE: H5N3.EPI_ISL_5863749.Anseriformes.united_states.289.2020-10-20 is identical to H5N8.EPI_ISL_5865682.Anseriformes.united_states.1.2020-10-02 but kept for subsequent analysis
NOTE: H5N8.EPI_ISL_15063430.Galliformes.japan.NA.2021-11-15 is identical to H5N8.EPI_ISL_6829536.Galliformes.japan.1.2021-11-14 but kept for subsequent analysis
NOTE: H5N8.EPI_ISL_977595.Anseriformes.china.1.2020-12-31 is identical to H5N8.EPI_ISL_7192735.Anseriformes.china.1.2021-01 but kept for subsequent analysis
NOTE: H5N8.EPI_ISL_7458702.Anseriformes.china.1.2021-03 is identical to H5N8.EPI_ISL_7381115.Anseriformes.china.1.2021-06 but kept for subsequent analysis
NOTE: H5N6.EPI_ISL_8517996.environment.china.73.2021-12-23 is identical to H5N6.EPI_ISL_7983813.NA.china.73.2021-12-22 but kept for subsequent analysis
NOTE: H5N8.EPI_ISL_17086336.Galliformes.japan.NA.2021-01-02 is identical to H5N8.EPI_ISL_854601.Galliformes.japan.10.2021-01-01 but kept for subsequent analysis
NOTE: H5N8.EPI_ISL_17805822.NA.japan.16.2021-02-01 is identical to H5N8.EPI_ISL_854607.Galliformes.japan.16.2021-01-12 but kept for subsequent analysis
NOTE: H5N8.EPI_ISL_17086337.environment.japan.NA.2021-01-13 is identical to H5N8.EPI_ISL_854608.Galliformes.japan.16.2021-01-12 but kept for subsequent analysis
NOTE: H5N8.EPI_ISL_985203.Anseriformes.south_korea.16.2020-12-23 is identical to H5N8.EPI_ISL_985192.Galliformes.south_korea.16.2020-12-14 but kept for subsequent analysis
NOTE: H5N8.EPI_ISL_14770165.Gruiformes.china.1.2020-12-31 is identical to H5N8.EPI_ISL_985211.Anseriformes.south_korea.1.2020-12-28 but kept for subsequent analysis
NOTE: H5N8.EPI_ISL_17086349.Galliformes.japan.NA.2021-02-08 is identical to H5N8.EPI_ISL_985225.Galliformes.japan.1.2021-02-07 but kept for subsequent analysis
NOTE: H5N8.EPI_ISL_17086353.environment.japan.NA.2021-03-13 is identical to H5N8.EPI_ISL_1273438.Galliformes.japan.16.2021-03-13 but kept for subsequent analysis
NOTE: H5N8.EPI_ISL_2685848.Anseriformes.china.1.2020-11-16 is identical to H5N8.EPI_ISL_1760446.Anseriformes.china.1.2020-11-09 but kept for subsequent analysis
NOTE: H5N8.EPI_ISL_1939080.Anseriformes.china.1.2020-11-10 is identical to H5N8.EPI_ISL_1760448.Anseriformes.china.1.2020-11-10 but kept for subsequent analysis
NOTE: H5N8.EPI_ISL_2932608.Galliformes.kazakhstan.1.2020-09-01 is identical to H5N8.EPI_ISL_2932600.Anseriformes.kazakhstan.1.2020-09-01 but kept for subsequent analysis
NOTE: H5N8.EPI_ISL_2932616.Galliformes.kazakhstan.1.2020-09-19 is identical to H5N8.EPI_ISL_2555541.Anseriformes.china.1.2020-11-16 but kept for subsequent analysis
NOTE: H5N8.EPI_ISL_17086354.Anseriformes.japan.NA.2021-01-29 is identical to H5N8.EPI_ISL_978909.Galliformes.japan.16.2021-01-22 but kept for subsequent analysis
NOTE: H5N8.EPI_ISL_17086340.Galliformes.japan.NA.2021-02-02 is identical to H5N8.EPI_ISL_978901.Galliformes.japan.10.2021-02-01 but kept for subsequent analysis
NOTE: H5N1.EPI_ISL_14064697.Passeriformes.japan.2.2022-01-20 is identical to H5N1.EPI_ISL_14070455.Carnivora.japan.2.2022-04-01 but kept for subsequent analysis
NOTE: H5N8.EPI_ISL_14824095.Anseriformes.china.1.2020-11-10 is identical to H5N8.EPI_ISL_14819900.Anseriformes.china.1.2021-03-11 but kept for subsequent analysis
NOTE: H5N8.EPI_ISL_14822357.Anseriformes.china.1.2021-03-11 is identical to H5N8.EPI_ISL_14835976.Anseriformes.china.1.2020-11-13 but kept for subsequent analysis
NOTE: H5N1.EPI_ISL_12572663.Columbiformes.china.110.2021-12-08 is identical to H5N1.EPI_ISL_12572660.Anseriformes.china.110.2021-12-08 but kept for subsequent analysis
NOTE: H5N8.EPI_ISL_15433349.Anseriformes.china.NA.2021-01-21 is identical to H5N8.EPI_ISL_15435511.Anseriformes.china.1.2021-01-21 but kept for subsequent analysis
NOTE: H5N8.EPI_ISL_17805848.environment.japan.10.2020-11-09 is identical to H5N8.EPI_ISL_16405650.environment.japan.10.2020-11-09 but kept for subsequent analysis
NOTE: H5N8.EPI_ISL_17805910.environment.japan.10.2020-11-09 is identical to H5N8.EPI_ISL_16405651.environment.japan.10.2020-11-09 but kept for subsequent analysis
NOTE: H5N8.EPI_ISL_17805860.environment.japan.10.2020-11-16 is identical to H5N8.EPI_ISL_16405655.environment.japan.10.2020-11-16 but kept for subsequent analysis
NOTE: H5N8.EPI_ISL_17805866.environment.japan.10.2020-11-16 is identical to H5N8.EPI_ISL_16405657.environment.japan.10.2020-11-16 but kept for subsequent analysis
NOTE: H5N8.EPI_ISL_17805837.environment.japan.10.2020-11-16 is identical to H5N8.EPI_ISL_16405658.environment.japan.10.2020-11-16 but kept for subsequent analysis
NOTE: H5N8.EPI_ISL_17805898.environment.japan.10.2020-11-23 is identical to H5N8.EPI_ISL_16405660.environment.japan.10.2020-11-23 but kept for subsequent analysis
NOTE: H5N8.EPI_ISL_17805861.environment.japan.10.2020-11-23 is identical to H5N8.EPI_ISL_16405661.environment.japan.10.2020-11-23 but kept for subsequent analysis
NOTE: H5N8.EPI_ISL_17805868.environment.japan.10.2020-11-30 is identical to H5N8.EPI_ISL_16405664.environment.japan.10.2020-11-30 but kept for subsequent analysis
NOTE: H5N8.EPI_ISL_17805826.environment.japan.10.2020-11-30 is identical to H5N8.EPI_ISL_16405665.environment.japan.10.2020-11-30 but kept for subsequent analysis
NOTE: H5N8.EPI_ISL_17805870.environment.japan.10.2020-11-30 is identical to H5N8.EPI_ISL_16405666.environment.japan.10.2020-11-30 but kept for subsequent analysis
NOTE: H5N8.EPI_ISL_17805841.environment.japan.10.2020-11-30 is identical to H5N8.EPI_ISL_16405667.environment.japan.10.2020-11-30 but kept for subsequent analysis
NOTE: H5N8.EPI_ISL_17805849.environment.japan.10.2020-11-30 is identical to H5N8.EPI_ISL_16405668.environment.japan.10.2020-11-30 but kept for subsequent analysis
NOTE: H5N8.EPI_ISL_17805918.environment.japan.10.2020-11-30 is identical to H5N8.EPI_ISL_16405669.environment.japan.10.2020-11-30 but kept for subsequent analysis
NOTE: H5N8.EPI_ISL_17805828.environment.japan.10.2020-12-07 is identical to H5N8.EPI_ISL_16405670.environment.japan.10.2020-12-07 but kept for subsequent analysis
NOTE: H5N8.EPI_ISL_17805894.environment.japan.10.2020-12-07 is identical to H5N8.EPI_ISL_16405671.environment.japan.10.2020-12-07 but kept for subsequent analysis
NOTE: H5N8.EPI_ISL_17805874.environment.japan.10.2020-12-07 is identical to H5N8.EPI_ISL_16405672.environment.japan.10.2020-12-07 but kept for subsequent analysis
NOTE: H5N8.EPI_ISL_17805824.environment.japan.10.2020-12-07 is identical to H5N8.EPI_ISL_16405673.environment.japan.10.2020-12-07 but kept for subsequent analysis
NOTE: H5N8.EPI_ISL_17805816.environment.japan.10.2020-12-07 is identical to H5N8.EPI_ISL_16405674.environment.japan.10.2020-12-07 but kept for subsequent analysis
NOTE: H5N8.EPI_ISL_17805844.environment.japan.10.2020-12-21 is identical to H5N8.EPI_ISL_16405675.environment.japan.10.2020-12-21 but kept for subsequent analysis
NOTE: H5N8.EPI_ISL_17805914.environment.japan.10.2020-12-21 is identical to H5N8.EPI_ISL_16405676.environment.japan.10.2020-12-21 but kept for subsequent analysis
NOTE: H5N8.EPI_ISL_17805845.environment.japan.10.2020-12-21 is identical to H5N8.EPI_ISL_16405677.environment.japan.10.2020-12-21 but kept for subsequent analysis
NOTE: H5N8.EPI_ISL_17805814.environment.japan.10.2020-12-21 is identical to H5N8.EPI_ISL_16405678.environment.japan.10.2020-12-21 but kept for subsequent analysis
NOTE: H5N8.EPI_ISL_16718461.Gruiformes.japan.10.2021-02-03 is identical to H5N8.EPI_ISL_17805882.NA.japan.10.2021-02-03 but kept for subsequent analysis
NOTE: H5N8.EPI_ISL_16718466.Anseriformes.japan.10.2020-12-18 is identical to H5N8.EPI_ISL_17805901.NA.japan.10.2020-12-18 but kept for subsequent analysis
NOTE: H5N1.EPI_ISL_17766057.Carnivora.japan.15.2023-04-12 is identical to H5N1.EPI_ISL_17950254.Passeriformes.japan.15.2023-04-11 but kept for subsequent analysis
NOTE: H5N1.EPI_ISL_18284461.Galliformes.japan.NA.2022-10-28 is identical to H5N1.EPI_ISL_16698060.Galliformes.japan.15.2022-11-07 but kept for subsequent analysis
NOTE: H5N1.EPI_ISL_18007230.Passeriformes.japan.NA.2023-04-18 is identical to H5N1.EPI_ISL_17316489.Passeriformes.japan.15.2023-03-13 but kept for subsequent analysis
NOTE: H5N1.EPI_ISL_17857959.Carnivora.japan.NA.2023-02-20 is identical to H5N1.EPI_ISL_17317372.Passeriformes.japan.15.2022-12-18 but kept for subsequent analysis
NOTE: H5N1.EPI_ISL_18373231.Anseriformes.south_korea.NA.2022-01-25 is identical to H5N1.EPI_ISL_17606842.Galliformes.south_korea.22.2022-01-21 but kept for subsequent analysis
NOTE: H5N1.EPI_ISL_18373236.Anseriformes.south_korea.NA.2022-01-25 is identical to H5N1.EPI_ISL_17606853.Galliformes.south_korea.22.2022-02-07 but kept for subsequent analysis
NOTE: H5N1.EPI_ISL_china_44.Charadriiformes.china.19.2022-07-22 is identical to H5N1.EPI_ISL_china_40.Podicipediformes.china.19.2022-07-21 but kept for subsequent analysis
NOTE: H3N2.EPI_ISL_16390400.environment.japan.NA.2020-12-07 is identical to H3N2.EPI_ISL_17805831.environment.japan.NA.2020-12-07 but kept for subsequent analysis
NOTE: H5N8.EPI_ISL_14819898.Anseriformes.china.NA.2021-03-09 is identical to H5N8.EPI_ISL_14840034.Anseriformes.china.NA.2021-01-15 but kept for subsequent analysis
NOTE: H5N8.EPI_ISL_644132.Anseriformes.russia.1.2020-08-17 is identical to H5N8.EPI_ISL_644154.Galliformes.russia.1.2020-08-17 but kept for subsequent analysis
NOTE: H5N8.EPI_ISL_644127.Anseriformes.russia.1.2020-08-17 is identical to H5N8.EPI_ISL_644150.Galliformes.russia.1.2020-08-17 but kept for subsequent analysis
NOTE: H5N1.EPI_ISL_15542438.NA.spain.3.2022-09-23 is identical to H5N1.EPI_ISL_15878545.Galliformes.spain.3.2022-09-19 but kept for subsequent analysis
NOTE: H5N1.EPI_ISL_16243915.Anseriformes.united_states.9.2022-05-16 is identical to H5N1.EPI_ISL_18132418.Anseriformes.united_states.NA.2022-04-14 but kept for subsequent analysis
NOTE: H5N1.EPI_ISL_18132223.Anseriformes.united_states.NA.2022-03-23 is identical to H5N1.EPI_ISL_18133037.Passeriformes.united_states.NA.2022-04-07 but kept for subsequent analysis
NOTE: H5N1.EPI_ISL_17051343.Pelecaniformes.canada.NA.2022-06-02 is identical to H5N1.EPI_ISL_17051393.Pelecaniformes.canada.9.2022-08-12 but kept for subsequent analysis
NOTE: H5N1.EPI_ISL_16183656.Anseriformes.canada.9.2022-04-27 is identical to H5N1.EPI_ISL_16189912.Strigiformes.canada.9.2022-04-28 but kept for subsequent analysis
NOTE: H5N1.EPI_ISL_18133093.Passeriformes.united_states.NA.2022-04-25 is identical to H5N1.EPI_ISL_18133136.Passeriformes.united_states.NA.2022-04-21 but kept for subsequent analysis
NOTE: H5N1.EPI_ISL_13352703.Anseriformes.china.NA.2021-12-17 is identical to H5N1.EPI_ISL_13352725.Anseriformes.china.NA.2021-12-17 but kept for subsequent analysis
NOTE: H1N1.EPI_ISL_16390396.environment.japan.NA.2021-01-25 is identical to H1N1.EPI_ISL_17805833.environment.japan.NA.2021-01-25 but kept for subsequent analysis
NOTE: H5N8.EPI_ISL_1080579.Anseriformes.czech_republic.1.2021-02-14 is identical to H5N8.EPI_ISL_1399235.Galliformes.czech_republic.1.2021-03-06 but kept for subsequent analysis
NOTE: H5N6.EPI_ISL_18231286.Galliformes.laos.NA.2022-07-13 is identical to H5N6.EPI_ISL_18231288.environment.laos.NA.2022-07-26 but kept for subsequent analysis
NOTE: H7N9.EPI_ISL_269522.environment.china.NA.2017-06-02 is identical to H7N9.EPI_ISL_379667.Galliformes.china.NA.2017-05-01 but kept for subsequent analysis
NOTE: H7N4.EPI_ISL_445092.Charadriiformes.china.NA.2019-04-26 is identical to H7N4.EPI_ISL_445051.Charadriiformes.china.NA.2019-04-26 but kept for subsequent analysis
NOTE: H3N6.EPI_ISL_16390404.environment.japan.NA.2020-12-14 is identical to H3N6.EPI_ISL_17805885.environment.japan.NA.2020-12-14 but kept for subsequent analysis
NOTE: H5N8.EPI_ISL_525440.Galliformes.poland.10.2020-01-02 is identical to H5N8.EPI_ISL_525455.Anseriformes.poland.10.2020-02-24 but kept for subsequent analysis
NOTE: H5N8.EPI_ISL_8215687.Charadriiformes.china.NA.2021-05-17 is identical to H5N8.EPI_ISL_8215661.Anseriformes.china.NA.2021-05-15 but kept for subsequent analysis
NOTE: H5N8.EPI_ISL_1038924.NA.russia.1.2020-12-12 is identical to H5N8.EPI_ISL_1039232.Galliformes.russia.1.2020-12-12 but kept for subsequent analysis
NOTE: H5N1.EPI_ISL_18373235.Anseriformes.south_korea.NA.2022-01-28 is identical to H5N1.EPI_ISL_18373247.Gruiformes.south_korea.NA.2022-02-25 but kept for subsequent analysis
NOTE: H7N4.EPI_ISL_445091.Charadriiformes.china.NA.2019-04-26 is identical to H7N4.EPI_ISL_445002.Charadriiformes.china.NA.2019-04-26 but kept for subsequent analysis
NOTE: 18 identical sequences (see below) will be ignored for subsequent analysis
NOTE: H5N8.EPI_ISL_17805857.environment.japan.10.2020-11-09 (identical to H5N8.EPI_ISL_666687.Anseriformes.south_korea.10.2020-10-24) is ignored but added at the end
NOTE: H5N8.EPI_ISL_17086352.Galliformes.japan.NA.2021-02-15 (identical to H5N8.EPI_ISL_1041130.Galliformes.japan.1.2021-02-10) is ignored but added at the end
NOTE: H5N8.EPI_ISL_17086355.environment.japan.NA.2021-02-14 (identical to H5N8.EPI_ISL_1081353.Anseriformes.japan.1.2021-02-14) is ignored but added at the end
NOTE: H5N8.EPI_ISL_16718465.Gruiformes.japan.1.2021-01-16 (identical to H5N8.EPI_ISL_1114725.Anseriformes.japan.1.2021-01-16) is ignored but added at the end
NOTE: H5N8.EPI_ISL_2685842.Anseriformes.china.1.2020-11-04 (identical to H5N8.EPI_ISL_1938309.Anseriformes.china.1.2020-11-10) is ignored but added at the end
NOTE: H5N8.EPI_ISL_1822598.Anseriformes.china.1.2020-11-10 (identical to H5N8.EPI_ISL_1938309.Anseriformes.china.1.2020-11-10) is ignored but added at the end
NOTE: H5N8.EPI_ISL_14822426.Anseriformes.china.NA.2021-03-11 (identical to H5N8.EPI_ISL_1938478.Anseriformes.china.1.2020-11-10) is ignored but added at the end
NOTE: H5N6.EPI_ISL_8518268.Galliformes.china.73.2021-12-23 (identical to H5N6.EPI_ISL_7983813.NA.china.73.2021-12-22) is ignored but added at the end
NOTE: H5N8.EPI_ISL_16718460.Accipitriformes.japan.16.2021-02-01 (identical to H5N8.EPI_ISL_854607.Galliformes.japan.16.2021-01-12) is ignored but added at the end
NOTE: H5N8.EPI_ISL_17086346.Anseriformes.japan.NA.2021-01-24 (identical to H5N8.EPI_ISL_985211.Anseriformes.south_korea.1.2020-12-28) is ignored but added at the end
NOTE: H5N8.EPI_ISL_14836026.Anseriformes.china.1.2020-11-14 (identical to H5N8.EPI_ISL_2555541.Anseriformes.china.1.2020-11-16) is ignored but added at the end
NOTE: H5N8.EPI_ISL_14822356.Anseriformes.china.1.2021-03-11 (identical to H5N8.EPI_ISL_2555541.Anseriformes.china.1.2020-11-16) is ignored but added at the end
NOTE: H5N8.EPI_ISL_17086339.Galliformes.japan.NA.2021-01-23 (identical to H5N8.EPI_ISL_978909.Galliformes.japan.16.2021-01-22) is ignored but added at the end
NOTE: H4N6.EPI_ISL_13418524.environment.japan.NA.2019-12-23 (identical to H5N8.EPI_ISL_16405678.environment.japan.10.2020-12-21) is ignored but added at the end
NOTE: H5N1.EPI_ISL_18066453.Passeriformes.japan.NA.2023-02-17 (identical to H5N1.EPI_ISL_17950254.Passeriformes.japan.15.2023-04-11) is ignored but added at the end
NOTE: H5N1.EPI_ISL_18066451.Anseriformes.japan.NA.2023-02-09 (identical to H5N1.EPI_ISL_17950254.Passeriformes.japan.15.2023-04-11) is ignored but added at the end
NOTE: H5N1.EPI_ISL_16243202.Galliformes.united_states.9.2022-05-11 (identical to H5N1.EPI_ISL_18132418.Anseriformes.united_states.NA.2022-04-14) is ignored but added at the end
NOTE: H5N1.EPI_ISL_16023376.Carnivora.canada.9.2022-05-31 (identical to H5N1.EPI_ISL_18132418.Anseriformes.united_states.NA.2022-04-14) is ignored but added at the end

For your convenience alignment with unique sequences printed to clade2344b_asia_PB2_subsampled.fasta.uniqueseq.phy

Create initial parsimony tree by phylogenetic likelihood library (PLL)... 0.129 seconds
Generating 1000 samples for ultrafast bootstrap (seed: 806895)...

NOTE: 94 MB RAM (0 GB) is required!
Measuring multi-threading efficiency up to 6 CPU cores
Increase to 10 rounds for branch lengths
7 trees examined
Threads: 1 / Time: 6.758 sec / Speedup: 1.000 / Efficiency: 100% / LogL: -241549
Threads: 2 / Time: 3.964 sec / Speedup: 1.705 / Efficiency: 85% / LogL: -241549
Threads: 3 / Time: 3.246 sec / Speedup: 2.082 / Efficiency: 69% / LogL: -241549
Threads: 4 / Time: 2.899 sec / Speedup: 2.331 / Efficiency: 58% / LogL: -241549
Threads: 5 / Time: 2.760 sec / Speedup: 2.448 / Efficiency: 49% / LogL: -241549
BEST NUMBER OF THREADS: 4

Estimate model parameters (epsilon = 0.100)
1. Initial log-likelihood: -32634.135
2. Current log-likelihood: -29407.792
3. Current log-likelihood: -29384.116
4. Current log-likelihood: -29383.704
Optimal log-likelihood: -29383.678
Rate parameters:  A-C: 1.00000  A-G: 11.56283  A-T: 1.00000  C-G: 1.00000  C-T: 11.56283  G-T: 1.00000
Base frequencies:  A: 0.333  C: 0.185  G: 0.261  T: 0.221
Gamma shape alpha: 0.324
Parameters optimization took 4 rounds (1.266 sec)
Computing ML distances based on estimated model parameters... 5.372 sec
Computing BIONJ tree...
0.397 seconds
Log-likelihood of BIONJ tree: -29846.790
--------------------------------------------------------------------
|             INITIALIZING CANDIDATE TREE SET                      |
--------------------------------------------------------------------
Generating 98 parsimony trees... 12.889 second
Computing log-likelihood of 98 initial trees ... 10.547 seconds
Current best score: -29379.061

Do NNI search on 20 best initial trees
Estimate model parameters (epsilon = 0.100)
BETTER TREE FOUND at iteration 1: -29337.661
Iteration 10 / LogL: -29346.751 / Time: 0h:1m:22s
Iteration 20 / LogL: -29353.688 / Time: 0h:1m:55s
Finish initializing candidate tree set (20)
Current best tree score: -29337.661 / CPU time: 93.207
Number of iterations: 20
--------------------------------------------------------------------
|               OPTIMIZING CANDIDATE TREE SET                      |
--------------------------------------------------------------------
Estimate model parameters (epsilon = 0.100)
BETTER TREE FOUND at iteration 24: -29336.185
Iteration 30 / LogL: -29358.400 / Time: 0h:2m:17s (0h:7m:26s left)
Iteration 40 / LogL: -29339.617 / Time: 0h:2m:37s (0h:5m:38s left)
Estimate model parameters (epsilon = 0.100)
BETTER TREE FOUND at iteration 42: -29335.320
Estimate model parameters (epsilon = 0.100)
BETTER TREE FOUND at iteration 45: -29335.166
Iteration 50 / LogL: -29354.965 / Time: 0h:3m:1s (0h:5m:51s left)
Log-likelihood cutoff on original alignment: -29409.554
Iteration 60 / LogL: -29383.810 / Time: 0h:3m:23s (0h:4m:52s left)
Iteration 70 / LogL: -29788.476 / Time: 0h:3m:46s (0h:4m:5s left)
Estimate model parameters (epsilon = 0.100)
BETTER TREE FOUND at iteration 72: -29334.662
Estimate model parameters (epsilon = 0.100)
BETTER TREE FOUND at iteration 80: -29329.586
Iteration 80 / LogL: -29329.586 / Time: 0h:4m:8s (0h:5m:14s left)
Iteration 90 / LogL: -29338.216 / Time: 0h:4m:33s (0h:4m:36s left)
Iteration 100 / LogL: -29352.967 / Time: 0h:4m:58s (0h:4m:0s left)
Log-likelihood cutoff on original alignment: -29409.554
NOTE: Bootstrap correlation coefficient of split occurrence frequencies: 0.992
Iteration 110 / LogL: -29341.736 / Time: 0h:5m:21s (0h:4m:25s left)
Iteration 120 / LogL: -29333.779 / Time: 0h:5m:47s (0h:3m:53s left)
Iteration 130 / LogL: -29338.562 / Time: 0h:6m:9s (0h:3m:20s left)
Iteration 140 / LogL: -29338.293 / Time: 0h:6m:31s (0h:2m:49s left)
Iteration 150 / LogL: -29330.902 / Time: 0h:6m:57s (0h:2m:19s left)
Log-likelihood cutoff on original alignment: -29409.554
Estimate model parameters (epsilon = 0.100)
BETTER TREE FOUND at iteration 158: -29329.258
BETTER TREE FOUND at iteration 160: -29329.258
Iteration 160 / LogL: -29329.258 / Time: 0h:7m:27s (0h:4m:41s left)
Iteration 170 / LogL: -29346.627 / Time: 0h:7m:46s (0h:4m:8s left)
Iteration 180 / LogL: -29353.223 / Time: 0h:8m:9s (0h:3m:38s left)
Iteration 190 / LogL: -29336.762 / Time: 0h:8m:33s (0h:3m:9s left)
Iteration 200 / LogL: -29334.256 / Time: 0h:8m:57s (0h:2m:42s left)
Log-likelihood cutoff on original alignment: -29409.554
NOTE: Bootstrap correlation coefficient of split occurrence frequencies: 0.994
Iteration 210 / LogL: -29339.745 / Time: 0h:9m:26s (0h:4m:4s left)
Iteration 220 / LogL: -29416.347 / Time: 0h:9m:50s (0h:3m:35s left)
Iteration 230 / LogL: -29656.111 / Time: 0h:10m:13s (0h:3m:7s left)
Iteration 240 / LogL: -29330.072 / Time: 0h:10m:35s (0h:2m:39s left)
Iteration 250 / LogL: -29330.221 / Time: 0h:11m:3s (0h:2m:13s left)
Log-likelihood cutoff on original alignment: -29409.554
Iteration 260 / LogL: -29329.323 / Time: 0h:11m:32s (0h:1m:46s left)
TREE SEARCH COMPLETED AFTER 261 ITERATIONS / Time: 0h:11m:34s

--------------------------------------------------------------------
|                    FINALIZING TREE SEARCH                        |
--------------------------------------------------------------------
Performs final model parameters optimization
Estimate model parameters (epsilon = 0.010)
1. Initial log-likelihood: -29329.258
Optimal log-likelihood: -29329.257
Rate parameters:  A-C: 1.00000  A-G: 11.61175  A-T: 1.00000  C-G: 1.00000  C-T: 11.61175  G-T: 1.00000
Base frequencies:  A: 0.333  C: 0.185  G: 0.261  T: 0.221
Gamma shape alpha: 0.324
Parameters optimization took 1 rounds (0.132 sec)
BEST SCORE FOUND : -29329.257
Creating bootstrap support values...
Split supports printed to NEXUS file clade2344b_asia_PB2_subsampled.fasta.splits.nex
Total tree length: 2.140

Total number of iterations: 261
CPU time used for tree search: 2580.218 sec (0h:43m:0s)
Wall-clock time used for tree search: 671.278 sec (0h:11m:11s)
Total CPU time used: 2646.724 sec (0h:44m:6s)
Total wall-clock time used: 696.433 sec (0h:11m:36s)

Computing bootstrap consensus tree...
Reading input file clade2344b_asia_PB2_subsampled.fasta.splits.nex...
601 taxa and 9880 splits.
Consensus tree written to clade2344b_asia_PB2_subsampled.fasta.contree
Reading input trees file clade2344b_asia_PB2_subsampled.fasta.contree
Log-likelihood of consensus tree: -29329.126

Analysis results written to: 
  IQ-TREE report:                clade2344b_asia_PB2_subsampled.fasta.iqtree
  Maximum-likelihood tree:       clade2344b_asia_PB2_subsampled.fasta.treefile
  Likelihood distances:          clade2344b_asia_PB2_subsampled.fasta.mldist

Ultrafast bootstrap approximation results written to:
  Split support values:          clade2344b_asia_PB2_subsampled.fasta.splits.nex
  Consensus tree:                clade2344b_asia_PB2_subsampled.fasta.contree
  Screen log file:               clade2344b_asia_PB2_subsampled.fasta.log

Date and Time: Thu Jan 11 02:55:50 2024
